<?xml version="1.0" encoding="UTF-8"?>
<TestRun id="72dc5977-58bc-4f55-81f6-9be530d26e4e" name="Matthew@MATTHEW-PC 2011-02-12 14:23:50" runUser="Matthew-PC\Matthew" xmlns="http://microsoft.com/schemas/VisualStudio/TeamTest/2010">
  <TestSettings name="Default Test Settings" id="65cdff7f-1fe3-420e-908e-5ad1d8e0ce72">
    <Deployment runDeploymentRoot="Matthew_MATTHEW-PC 2011-02-12 14_23_50">
      <DeploymentItem filename="C:\codeplex\Munq\FluentTest\Munq.FluentTest2010\Munq.FluentTest\bin\Debug\Munq.FluentTest.dll" />
    </Deployment>
    <Execution>
      <TestTypeSpecific />
      <AgentRule name="Execution Agents">
      </AgentRule>
    </Execution>
  </TestSettings>
  <Times creation="2011-02-12T14:23:50.6923707-05:00" queuing="2011-02-12T14:23:52.6714839-05:00" start="2011-02-12T14:23:52.8844961-05:00" finish="2011-02-12T14:23:55.6036516-05:00" />
  <ResultSummary outcome="Completed">
    <Counters total="116" executed="116" passed="116" error="0" failed="0" timeout="0" aborted="0" inconclusive="0" passedButRunAborted="0" notRunnable="0" notExecuted="0" disconnected="0" warning="0" completed="0" inProgress="0" pending="0" />
  </ResultSummary>
  <TestDefinitions>
    <UnitTest name="IsTheSameObjectFailsForNonNullTestAndNullCompareObjects" storage="c:\codeplex\munq\fluenttest\munq.fluenttest2010\munq.fluenttest.unittests\bin\debug\munq.fluenttest.unittests.dll" id="47d5e35a-02b4-512a-4b28-8bdb730ec666">
      <Execution id="2fd3c175-2ae5-4d66-9bfa-b04aeac3dff4" />
      <TestMethod codeBase="C:/codeplex/Munq/FluentTest/Munq.FluentTest2010/Munq.FluentTest.UnitTests/bin/Debug/Munq.FluentTest.UnitTests.DLL" adapterTypeName="Microsoft.VisualStudio.TestTools.TestTypes.Unit.UnitTestAdapter, Microsoft.VisualStudio.QualityTools.Tips.UnitTest.Adapter, Version=10.0.0.0, Culture=neutral, PublicKeyToken=b03f5f7f11d50a3a" className="Munq.FluentTest.UnitTests.IFluentTestObjectIsSameAsTest, Munq.FluentTest.UnitTests, Version=1.0.0.0, Culture=neutral, PublicKeyToken=null" name="IsTheSameObjectFailsForNonNullTestAndNullCompareObjects" />
    </UnitTest>
    <UnitTest name="IsNullFailsForNonNullObject" storage="c:\codeplex\munq\fluenttest\munq.fluenttest2010\munq.fluenttest.unittests\bin\debug\munq.fluenttest.unittests.dll" id="bc63fd6f-4eb8-b691-cbd2-d08e26cc06b9">
      <Execution id="6eb97d4d-003a-4781-b1e9-98750ce089b1" />
      <TestMethod codeBase="C:/codeplex/Munq/FluentTest/Munq.FluentTest2010/Munq.FluentTest.UnitTests/bin/Debug/Munq.FluentTest.UnitTests.DLL" adapterTypeName="Microsoft.VisualStudio.TestTools.TestTypes.Unit.UnitTestAdapter, Microsoft.VisualStudio.QualityTools.Tips.UnitTest.Adapter, Version=10.0.0.0, Culture=neutral, PublicKeyToken=b03f5f7f11d50a3a" className="Munq.FluentTest.UnitTests.IFluentTestCommonTest, Munq.FluentTest.UnitTests, Version=1.0.0.0, Culture=neutral, PublicKeyToken=null" name="IsNullFailsForNonNullObject" />
    </UnitTest>
    <UnitTest name="IsTheSameObjectPassesForNullTestAndCompareObjects" storage="c:\codeplex\munq\fluenttest\munq.fluenttest2010\munq.fluenttest.unittests\bin\debug\munq.fluenttest.unittests.dll" id="0259f3a3-7a57-38b4-ff7d-81d9b3b3bfcd">
      <Execution id="15ceef9d-d7c4-4d02-9b1d-f6e2adaf5c19" />
      <TestMethod codeBase="C:/codeplex/Munq/FluentTest/Munq.FluentTest2010/Munq.FluentTest.UnitTests/bin/Debug/Munq.FluentTest.UnitTests.DLL" adapterTypeName="Microsoft.VisualStudio.TestTools.TestTypes.Unit.UnitTestAdapter, Microsoft.VisualStudio.QualityTools.Tips.UnitTest.Adapter, Version=10.0.0.0, Culture=neutral, PublicKeyToken=b03f5f7f11d50a3a" className="Munq.FluentTest.UnitTests.IFluentTestObjectIsSameAsTest, Munq.FluentTest.UnitTests, Version=1.0.0.0, Culture=neutral, PublicKeyToken=null" name="IsTheSameObjectPassesForNullTestAndCompareObjects" />
    </UnitTest>
    <UnitTest name="IsNotTheSameObjectPassesForNonNullTestAndNullCompareObjects" storage="c:\codeplex\munq\fluenttest\munq.fluenttest2010\munq.fluenttest.unittests\bin\debug\munq.fluenttest.unittests.dll" id="61c742e5-4374-3734-3185-d28c3ec066ea">
      <Execution id="a5ea4886-553f-45d2-9d41-5f912752f543" />
      <TestMethod codeBase="C:/codeplex/Munq/FluentTest/Munq.FluentTest2010/Munq.FluentTest.UnitTests/bin/Debug/Munq.FluentTest.UnitTests.DLL" adapterTypeName="Microsoft.VisualStudio.TestTools.TestTypes.Unit.UnitTestAdapter, Microsoft.VisualStudio.QualityTools.Tips.UnitTest.Adapter, Version=10.0.0.0, Culture=neutral, PublicKeyToken=b03f5f7f11d50a3a" className="Munq.FluentTest.UnitTests.IFluentTestObjectIsSameAsTest, Munq.FluentTest.UnitTests, Version=1.0.0.0, Culture=neutral, PublicKeyToken=null" name="IsNotTheSameObjectPassesForNonNullTestAndNullCompareObjects" />
    </UnitTest>
    <UnitTest name="IsTheSameObjectFailsForNullTestAndNonNullCompareObjects" storage="c:\codeplex\munq\fluenttest\munq.fluenttest2010\munq.fluenttest.unittests\bin\debug\munq.fluenttest.unittests.dll" id="80823a72-cb3f-896a-4440-dd0d1649bfdb">
      <Execution id="2fe96cc4-af51-42bd-83c0-cd801d7f2837" />
      <TestMethod codeBase="C:/codeplex/Munq/FluentTest/Munq.FluentTest2010/Munq.FluentTest.UnitTests/bin/Debug/Munq.FluentTest.UnitTests.DLL" adapterTypeName="Microsoft.VisualStudio.TestTools.TestTypes.Unit.UnitTestAdapter, Microsoft.VisualStudio.QualityTools.Tips.UnitTest.Adapter, Version=10.0.0.0, Culture=neutral, PublicKeyToken=b03f5f7f11d50a3a" className="Munq.FluentTest.UnitTests.IFluentTestObjectIsSameAsTest, Munq.FluentTest.UnitTests, Version=1.0.0.0, Culture=neutral, PublicKeyToken=null" name="IsTheSameObjectFailsForNullTestAndNonNullCompareObjects" />
    </UnitTest>
    <UnitTest name="StringIsEqualToFailsIfStringToCompareIsNull" storage="c:\codeplex\munq\fluenttest\munq.fluenttest2010\munq.fluenttest.unittests\bin\debug\munq.fluenttest.unittests.dll" id="58ea9c4f-8436-a256-f611-66eea71beb13">
      <Execution id="e660da65-6f72-4f73-811f-405d0ea2109d" />
      <TestMethod codeBase="C:/codeplex/Munq/FluentTest/Munq.FluentTest2010/Munq.FluentTest.UnitTests/bin/Debug/Munq.FluentTest.UnitTests.DLL" adapterTypeName="Microsoft.VisualStudio.TestTools.TestTypes.Unit.UnitTestAdapter, Microsoft.VisualStudio.QualityTools.Tips.UnitTest.Adapter, Version=10.0.0.0, Culture=neutral, PublicKeyToken=b03f5f7f11d50a3a" className="Munq.FluentTest.UnitTests.IFluentTestStringIsEqualToTest, Munq.FluentTest.UnitTests, Version=1.0.0.0, Culture=neutral, PublicKeyToken=null" name="StringIsEqualToFailsIfStringToCompareIsNull" />
    </UnitTest>
    <UnitTest name="IsNotTheSameObjectPassesForNullTestAndCompareObjects" storage="c:\codeplex\munq\fluenttest\munq.fluenttest2010\munq.fluenttest.unittests\bin\debug\munq.fluenttest.unittests.dll" id="aed3d282-683d-7540-9df1-7cddb79743f3">
      <Execution id="ee6c15f6-5e20-48e5-803d-d2959c53079f" />
      <TestMethod codeBase="C:/codeplex/Munq/FluentTest/Munq.FluentTest2010/Munq.FluentTest.UnitTests/bin/Debug/Munq.FluentTest.UnitTests.DLL" adapterTypeName="Microsoft.VisualStudio.TestTools.TestTypes.Unit.UnitTestAdapter, Microsoft.VisualStudio.QualityTools.Tips.UnitTest.Adapter, Version=10.0.0.0, Culture=neutral, PublicKeyToken=b03f5f7f11d50a3a" className="Munq.FluentTest.UnitTests.IFluentTestObjectIsSameAsTest, Munq.FluentTest.UnitTests, Version=1.0.0.0, Culture=neutral, PublicKeyToken=null" name="IsNotTheSameObjectPassesForNullTestAndCompareObjects" />
    </UnitTest>
    <UnitTest name="IsFalsePassesForFalse" storage="c:\codeplex\munq\fluenttest\munq.fluenttest2010\munq.fluenttest.unittests\bin\debug\munq.fluenttest.unittests.dll" id="94f34045-59d8-cc46-72c1-97dfc5551e87">
      <Execution id="fdade71b-1a3c-4615-ae28-d178a4088ee4" />
      <TestMethod codeBase="C:/codeplex/Munq/FluentTest/Munq.FluentTest2010/Munq.FluentTest.UnitTests/bin/Debug/Munq.FluentTest.UnitTests.DLL" adapterTypeName="Microsoft.VisualStudio.TestTools.TestTypes.Unit.UnitTestAdapter, Microsoft.VisualStudio.QualityTools.Tips.UnitTest.Adapter, Version=10.0.0.0, Culture=neutral, PublicKeyToken=b03f5f7f11d50a3a" className="Munq.FluentTest.UnitTests.IFluentTestObjectIsTrueOrFalseTest, Munq.FluentTest.UnitTests, Version=1.0.0.0, Culture=neutral, PublicKeyToken=null" name="IsFalsePassesForFalse" />
    </UnitTest>
    <UnitTest name="IsNotTheSameObjectFailsForSameNonNullTestAndCompareObjects" storage="c:\codeplex\munq\fluenttest\munq.fluenttest2010\munq.fluenttest.unittests\bin\debug\munq.fluenttest.unittests.dll" id="e96b542b-57bd-cdc2-c019-8042dad617ff">
      <Execution id="3863c841-651f-4fbe-97d3-7f1210313a7f" />
      <TestMethod codeBase="C:/codeplex/Munq/FluentTest/Munq.FluentTest2010/Munq.FluentTest.UnitTests/bin/Debug/Munq.FluentTest.UnitTests.DLL" adapterTypeName="Microsoft.VisualStudio.TestTools.TestTypes.Unit.UnitTestAdapter, Microsoft.VisualStudio.QualityTools.Tips.UnitTest.Adapter, Version=10.0.0.0, Culture=neutral, PublicKeyToken=b03f5f7f11d50a3a" className="Munq.FluentTest.UnitTests.IFluentTestObjectIsSameAsTest, Munq.FluentTest.UnitTests, Version=1.0.0.0, Culture=neutral, PublicKeyToken=null" name="IsNotTheSameObjectFailsForSameNonNullTestAndCompareObjects" />
    </UnitTest>
    <UnitTest name="MatchesFailsForNonMatchingRegEx" storage="c:\codeplex\munq\fluenttest\munq.fluenttest2010\munq.fluenttest.unittests\bin\debug\munq.fluenttest.unittests.dll" id="7bf2d5f4-cc98-0008-8cf9-0b9d9ea5a3e9">
      <Execution id="d037efc9-b2dc-490a-8c1b-d2ebcf122e7a" />
      <TestMethod codeBase="C:/codeplex/Munq/FluentTest/Munq.FluentTest2010/Munq.FluentTest.UnitTests/bin/Debug/Munq.FluentTest.UnitTests.DLL" adapterTypeName="Microsoft.VisualStudio.TestTools.TestTypes.Unit.UnitTestAdapter, Microsoft.VisualStudio.QualityTools.Tips.UnitTest.Adapter, Version=10.0.0.0, Culture=neutral, PublicKeyToken=b03f5f7f11d50a3a" className="Munq.FluentTest.UnitTests.IFluentTestStringMatchesTest, Munq.FluentTest.UnitTests, Version=1.0.0.0, Culture=neutral, PublicKeyToken=null" name="MatchesFailsForNonMatchingRegEx" />
    </UnitTest>
    <UnitTest name="StringIsEqualToFailsIfStringToCompareIsEmpty" storage="c:\codeplex\munq\fluenttest\munq.fluenttest2010\munq.fluenttest.unittests\bin\debug\munq.fluenttest.unittests.dll" id="6c0716d4-1a51-c796-f203-416a800f110a">
      <Execution id="ab99386a-1599-4396-84c3-ccea9476cbe3" />
      <TestMethod codeBase="C:/codeplex/Munq/FluentTest/Munq.FluentTest2010/Munq.FluentTest.UnitTests/bin/Debug/Munq.FluentTest.UnitTests.DLL" adapterTypeName="Microsoft.VisualStudio.TestTools.TestTypes.Unit.UnitTestAdapter, Microsoft.VisualStudio.QualityTools.Tips.UnitTest.Adapter, Version=10.0.0.0, Culture=neutral, PublicKeyToken=b03f5f7f11d50a3a" className="Munq.FluentTest.UnitTests.IFluentTestStringIsEqualToTest, Munq.FluentTest.UnitTests, Version=1.0.0.0, Culture=neutral, PublicKeyToken=null" name="StringIsEqualToFailsIfStringToCompareIsEmpty" />
    </UnitTest>
    <UnitTest name="StringIsNotEqualToFailsIfDoesIsEqualTotring" storage="c:\codeplex\munq\fluenttest\munq.fluenttest2010\munq.fluenttest.unittests\bin\debug\munq.fluenttest.unittests.dll" id="fc8de784-e2f9-ece1-ef5a-5655411d1e23">
      <Execution id="48b81730-091b-4b62-aaa0-9da7d96b7f5d" />
      <TestMethod codeBase="C:/codeplex/Munq/FluentTest/Munq.FluentTest2010/Munq.FluentTest.UnitTests/bin/Debug/Munq.FluentTest.UnitTests.DLL" adapterTypeName="Microsoft.VisualStudio.TestTools.TestTypes.Unit.UnitTestAdapter, Microsoft.VisualStudio.QualityTools.Tips.UnitTest.Adapter, Version=10.0.0.0, Culture=neutral, PublicKeyToken=b03f5f7f11d50a3a" className="Munq.FluentTest.UnitTests.IFluentTestStringIsEqualToTest, Munq.FluentTest.UnitTests, Version=1.0.0.0, Culture=neutral, PublicKeyToken=null" name="StringIsNotEqualToFailsIfDoesIsEqualTotring" />
    </UnitTest>
    <UnitTest name="IsNotEqualPFailsForNullTestAndCompareObjects" storage="c:\codeplex\munq\fluenttest\munq.fluenttest2010\munq.fluenttest.unittests\bin\debug\munq.fluenttest.unittests.dll" id="266ff85a-1406-420b-75d7-66aa93e93681">
      <Execution id="241cca68-48bf-43d2-8a22-90a966de2020" />
      <TestMethod codeBase="C:/codeplex/Munq/FluentTest/Munq.FluentTest2010/Munq.FluentTest.UnitTests/bin/Debug/Munq.FluentTest.UnitTests.DLL" adapterTypeName="Microsoft.VisualStudio.TestTools.TestTypes.Unit.UnitTestAdapter, Microsoft.VisualStudio.QualityTools.Tips.UnitTest.Adapter, Version=10.0.0.0, Culture=neutral, PublicKeyToken=b03f5f7f11d50a3a" className="Munq.FluentTest.UnitTests.IFluentTestObjectIsEqualTest, Munq.FluentTest.UnitTests, Version=1.0.0.0, Culture=neutral, PublicKeyToken=null" name="IsNotEqualPFailsForNullTestAndCompareObjects" />
    </UnitTest>
    <UnitTest name="AllItemsNotNullFailsIfAnyItemIsNull" storage="c:\codeplex\munq\fluenttest\munq.fluenttest2010\munq.fluenttest.unittests\bin\debug\munq.fluenttest.unittests.dll" id="e9c2e5dd-215c-edaf-9834-158d6b261ebf">
      <Execution id="fbab153f-7cc1-4f48-9b65-5dc829941e72" />
      <TestMethod codeBase="C:/codeplex/Munq/FluentTest/Munq.FluentTest2010/Munq.FluentTest.UnitTests/bin/Debug/Munq.FluentTest.UnitTests.DLL" adapterTypeName="Microsoft.VisualStudio.TestTools.TestTypes.Unit.UnitTestAdapter, Microsoft.VisualStudio.QualityTools.Tips.UnitTest.Adapter, Version=10.0.0.0, Culture=neutral, PublicKeyToken=b03f5f7f11d50a3a" className="Munq.FluentTest.UnitTests.IFluentTestCollectionAllItemsNotNullTest, Munq.FluentTest.UnitTests, Version=1.0.0.0, Culture=neutral, PublicKeyToken=null" name="AllItemsNotNullFailsIfAnyItemIsNull" />
    </UnitTest>
    <UnitTest name="IsNotAnInstanceOfTypePassesIfIsNotAnInstanceOf" storage="c:\codeplex\munq\fluenttest\munq.fluenttest2010\munq.fluenttest.unittests\bin\debug\munq.fluenttest.unittests.dll" id="78646dcc-2fe3-e0f5-4f0f-c69719fa53e5">
      <Execution id="6c5bcb3a-564e-432b-bd99-3d0c66e99ab2" />
      <TestMethod codeBase="C:/codeplex/Munq/FluentTest/Munq.FluentTest2010/Munq.FluentTest.UnitTests/bin/Debug/Munq.FluentTest.UnitTests.DLL" adapterTypeName="Microsoft.VisualStudio.TestTools.TestTypes.Unit.UnitTestAdapter, Microsoft.VisualStudio.QualityTools.Tips.UnitTest.Adapter, Version=10.0.0.0, Culture=neutral, PublicKeyToken=b03f5f7f11d50a3a" className="Munq.FluentTest.UnitTests.IFluentTestCollectionIsAnInstanceOfTypeTest, Munq.FluentTest.UnitTests, Version=1.0.0.0, Culture=neutral, PublicKeyToken=null" name="IsNotAnInstanceOfTypePassesIfIsNotAnInstanceOf" />
    </UnitTest>
    <UnitTest name="IsNotEqualToFailsIfCollectionToCompareIsNull" storage="c:\codeplex\munq\fluenttest\munq.fluenttest2010\munq.fluenttest.unittests\bin\debug\munq.fluenttest.unittests.dll" id="c030c84a-4186-0341-a56d-f1e475136445">
      <Execution id="21838d3c-189f-4853-9643-5b583ba86e7a" />
      <TestMethod codeBase="C:/codeplex/Munq/FluentTest/Munq.FluentTest2010/Munq.FluentTest.UnitTests/bin/Debug/Munq.FluentTest.UnitTests.DLL" adapterTypeName="Microsoft.VisualStudio.TestTools.TestTypes.Unit.UnitTestAdapter, Microsoft.VisualStudio.QualityTools.Tips.UnitTest.Adapter, Version=10.0.0.0, Culture=neutral, PublicKeyToken=b03f5f7f11d50a3a" className="Munq.FluentTest.UnitTests.IFluentTestCollectionIsEqualToTest, Munq.FluentTest.UnitTests, Version=1.0.0.0, Culture=neutral, PublicKeyToken=null" name="IsNotEqualToFailsIfCollectionToCompareIsNull" />
    </UnitTest>
    <UnitTest name="IsAStringFailsForNull" storage="c:\codeplex\munq\fluenttest\munq.fluenttest2010\munq.fluenttest.unittests\bin\debug\munq.fluenttest.unittests.dll" id="b3f389ae-9508-6883-4c4c-0ad45b9c928d">
      <Execution id="c50eac70-0128-4796-aa3d-c7f90d731c79" />
      <TestMethod codeBase="C:/codeplex/Munq/FluentTest/Munq.FluentTest2010/Munq.FluentTest.UnitTests/bin/Debug/Munq.FluentTest.UnitTests.DLL" adapterTypeName="Microsoft.VisualStudio.TestTools.TestTypes.Unit.UnitTestAdapter, Microsoft.VisualStudio.QualityTools.Tips.UnitTest.Adapter, Version=10.0.0.0, Culture=neutral, PublicKeyToken=b03f5f7f11d50a3a" className="Munq.FluentTest.UnitTests.IFluentTestObjectIsStringOrCollectionTest, Munq.FluentTest.UnitTests, Version=1.0.0.0, Culture=neutral, PublicKeyToken=null" name="IsAStringFailsForNull" />
    </UnitTest>
    <UnitTest name="IsAnInstanceOfTypeFailsForDifferentType" storage="c:\codeplex\munq\fluenttest\munq.fluenttest2010\munq.fluenttest.unittests\bin\debug\munq.fluenttest.unittests.dll" id="971d38c2-8a7d-518d-3cb3-e78b37dee55b">
      <Execution id="3b59933d-b1e0-4abd-ac77-407fa7d0823e" />
      <TestMethod codeBase="C:/codeplex/Munq/FluentTest/Munq.FluentTest2010/Munq.FluentTest.UnitTests/bin/Debug/Munq.FluentTest.UnitTests.DLL" adapterTypeName="Microsoft.VisualStudio.TestTools.TestTypes.Unit.UnitTestAdapter, Microsoft.VisualStudio.QualityTools.Tips.UnitTest.Adapter, Version=10.0.0.0, Culture=neutral, PublicKeyToken=b03f5f7f11d50a3a" className="Munq.FluentTest.UnitTests.IFluentTestObjectIsInstanceOfTest, Munq.FluentTest.UnitTests, Version=1.0.0.0, Culture=neutral, PublicKeyToken=null" name="IsAnInstanceOfTypeFailsForDifferentType" />
    </UnitTest>
    <UnitTest name="StringEndsWithFailsIfDifferentString" storage="c:\codeplex\munq\fluenttest\munq.fluenttest2010\munq.fluenttest.unittests\bin\debug\munq.fluenttest.unittests.dll" id="198ae1fe-547f-0089-0f59-5a8860b540b3">
      <Execution id="8d64907f-7e0e-48ee-bb83-99bbd4923d35" />
      <TestMethod codeBase="C:/codeplex/Munq/FluentTest/Munq.FluentTest2010/Munq.FluentTest.UnitTests/bin/Debug/Munq.FluentTest.UnitTests.DLL" adapterTypeName="Microsoft.VisualStudio.TestTools.TestTypes.Unit.UnitTestAdapter, Microsoft.VisualStudio.QualityTools.Tips.UnitTest.Adapter, Version=10.0.0.0, Culture=neutral, PublicKeyToken=b03f5f7f11d50a3a" className="Munq.FluentTest.UnitTests.IFluentTestStringEndsWithTest, Munq.FluentTest.UnitTests, Version=1.0.0.0, Culture=neutral, PublicKeyToken=null" name="StringEndsWithFailsIfDifferentString" />
    </UnitTest>
    <UnitTest name="StringIsEmptyPassesIfStringIsEmpty" storage="c:\codeplex\munq\fluenttest\munq.fluenttest2010\munq.fluenttest.unittests\bin\debug\munq.fluenttest.unittests.dll" id="0c174ecc-4fc9-8561-130b-4df8e7d37d2c">
      <Execution id="60985a6a-a4ce-40bc-9567-470accd390ab" />
      <TestMethod codeBase="C:/codeplex/Munq/FluentTest/Munq.FluentTest2010/Munq.FluentTest.UnitTests/bin/Debug/Munq.FluentTest.UnitTests.DLL" adapterTypeName="Microsoft.VisualStudio.TestTools.TestTypes.Unit.UnitTestAdapter, Microsoft.VisualStudio.QualityTools.Tips.UnitTest.Adapter, Version=10.0.0.0, Culture=neutral, PublicKeyToken=b03f5f7f11d50a3a" className="Munq.FluentTest.UnitTests.IFluentTestStringIsEmptyToTest, Munq.FluentTest.UnitTests, Version=1.0.0.0, Culture=neutral, PublicKeyToken=null" name="StringIsEmptyPassesIfStringIsEmpty" />
    </UnitTest>
    <UnitTest name="MatchesFailsForNullCompareRegEx" storage="c:\codeplex\munq\fluenttest\munq.fluenttest2010\munq.fluenttest.unittests\bin\debug\munq.fluenttest.unittests.dll" id="f4044646-c913-ce8c-3dbd-2659ae55010e">
      <Execution id="b916815a-96ea-435b-93b1-584ee97266fc" />
      <TestMethod codeBase="C:/codeplex/Munq/FluentTest/Munq.FluentTest2010/Munq.FluentTest.UnitTests/bin/Debug/Munq.FluentTest.UnitTests.DLL" adapterTypeName="Microsoft.VisualStudio.TestTools.TestTypes.Unit.UnitTestAdapter, Microsoft.VisualStudio.QualityTools.Tips.UnitTest.Adapter, Version=10.0.0.0, Culture=neutral, PublicKeyToken=b03f5f7f11d50a3a" className="Munq.FluentTest.UnitTests.IFluentTestStringMatchesTest, Munq.FluentTest.UnitTests, Version=1.0.0.0, Culture=neutral, PublicKeyToken=null" name="MatchesFailsForNullCompareRegEx" />
    </UnitTest>
    <UnitTest name="IsAnInstanceOfTypePassesIfIsAnInstanceOf" storage="c:\codeplex\munq\fluenttest\munq.fluenttest2010\munq.fluenttest.unittests\bin\debug\munq.fluenttest.unittests.dll" id="84a9bef3-40a2-df79-66c3-16a1e94f0208">
      <Execution id="30fb88ba-595e-4661-bce2-73eaa9dfd33d" />
      <TestMethod codeBase="C:/codeplex/Munq/FluentTest/Munq.FluentTest2010/Munq.FluentTest.UnitTests/bin/Debug/Munq.FluentTest.UnitTests.DLL" adapterTypeName="Microsoft.VisualStudio.TestTools.TestTypes.Unit.UnitTestAdapter, Microsoft.VisualStudio.QualityTools.Tips.UnitTest.Adapter, Version=10.0.0.0, Culture=neutral, PublicKeyToken=b03f5f7f11d50a3a" className="Munq.FluentTest.UnitTests.IFluentTestCollectionIsAnInstanceOfTypeTest, Munq.FluentTest.UnitTests, Version=1.0.0.0, Culture=neutral, PublicKeyToken=null" name="IsAnInstanceOfTypePassesIfIsAnInstanceOf" />
    </UnitTest>
    <UnitTest name="IsACollectionFailsForNull" storage="c:\codeplex\munq\fluenttest\munq.fluenttest2010\munq.fluenttest.unittests\bin\debug\munq.fluenttest.unittests.dll" id="f790f12a-1b52-8f6e-792e-c2fa29cd9750">
      <Execution id="9104beb5-95d0-4998-91e0-5e6f7c97949b" />
      <TestMethod codeBase="C:/codeplex/Munq/FluentTest/Munq.FluentTest2010/Munq.FluentTest.UnitTests/bin/Debug/Munq.FluentTest.UnitTests.DLL" adapterTypeName="Microsoft.VisualStudio.TestTools.TestTypes.Unit.UnitTestAdapter, Microsoft.VisualStudio.QualityTools.Tips.UnitTest.Adapter, Version=10.0.0.0, Culture=neutral, PublicKeyToken=b03f5f7f11d50a3a" className="Munq.FluentTest.UnitTests.IFluentTestObjectIsStringOrCollectionTest, Munq.FluentTest.UnitTests, Version=1.0.0.0, Culture=neutral, PublicKeyToken=null" name="IsACollectionFailsForNull" />
    </UnitTest>
    <UnitTest name="ContainsPassesIfStringUnderTestContainsStringToCompare" storage="c:\codeplex\munq\fluenttest\munq.fluenttest2010\munq.fluenttest.unittests\bin\debug\munq.fluenttest.unittests.dll" id="2c549a1f-f133-0354-8a67-e20431ecd10c">
      <Execution id="fc84186c-f0ee-4e88-a56f-76ea0b755ab8" />
      <TestMethod codeBase="C:/codeplex/Munq/FluentTest/Munq.FluentTest2010/Munq.FluentTest.UnitTests/bin/Debug/Munq.FluentTest.UnitTests.DLL" adapterTypeName="Microsoft.VisualStudio.TestTools.TestTypes.Unit.UnitTestAdapter, Microsoft.VisualStudio.QualityTools.Tips.UnitTest.Adapter, Version=10.0.0.0, Culture=neutral, PublicKeyToken=b03f5f7f11d50a3a" className="Munq.FluentTest.UnitTests.IFluentTestStringContainsTest, Munq.FluentTest.UnitTests, Version=1.0.0.0, Culture=neutral, PublicKeyToken=null" name="ContainsPassesIfStringUnderTestContainsStringToCompare" />
    </UnitTest>
    <UnitTest name="DoesNotContainFailsIfStringUnderTestContainsStringToCompare" storage="c:\codeplex\munq\fluenttest\munq.fluenttest2010\munq.fluenttest.unittests\bin\debug\munq.fluenttest.unittests.dll" id="dfe19b6b-e295-64e3-e2ca-9e860c624db3">
      <Execution id="44817aec-60ad-4752-a9b7-2d52ded2fb36" />
      <TestMethod codeBase="C:/codeplex/Munq/FluentTest/Munq.FluentTest2010/Munq.FluentTest.UnitTests/bin/Debug/Munq.FluentTest.UnitTests.DLL" adapterTypeName="Microsoft.VisualStudio.TestTools.TestTypes.Unit.UnitTestAdapter, Microsoft.VisualStudio.QualityTools.Tips.UnitTest.Adapter, Version=10.0.0.0, Culture=neutral, PublicKeyToken=b03f5f7f11d50a3a" className="Munq.FluentTest.UnitTests.IFluentTestStringContainsTest, Munq.FluentTest.UnitTests, Version=1.0.0.0, Culture=neutral, PublicKeyToken=null" name="DoesNotContainFailsIfStringUnderTestContainsStringToCompare" />
    </UnitTest>
    <UnitTest name="IsSameCollectionPassesIfSameCollection" storage="c:\codeplex\munq\fluenttest\munq.fluenttest2010\munq.fluenttest.unittests\bin\debug\munq.fluenttest.unittests.dll" id="6ac3788a-a309-e930-2e84-1b9d79af6182">
      <Execution id="f0928ea7-0f83-4c75-afd5-066702550d79" />
      <TestMethod codeBase="C:/codeplex/Munq/FluentTest/Munq.FluentTest2010/Munq.FluentTest.UnitTests/bin/Debug/Munq.FluentTest.UnitTests.DLL" adapterTypeName="Microsoft.VisualStudio.TestTools.TestTypes.Unit.UnitTestAdapter, Microsoft.VisualStudio.QualityTools.Tips.UnitTest.Adapter, Version=10.0.0.0, Culture=neutral, PublicKeyToken=b03f5f7f11d50a3a" className="Munq.FluentTest.UnitTests.IFluentTestCollectionIsTheSameCollectionAsTest, Munq.FluentTest.UnitTests, Version=1.0.0.0, Culture=neutral, PublicKeyToken=null" name="IsSameCollectionPassesIfSameCollection" />
    </UnitTest>
    <UnitTest name="IsACollectionPassesForCollection" storage="c:\codeplex\munq\fluenttest\munq.fluenttest2010\munq.fluenttest.unittests\bin\debug\munq.fluenttest.unittests.dll" id="5bb3c498-01e4-9662-2349-d713dd145b3b">
      <Execution id="45a2f384-b047-4614-b719-31216a1cfaf3" />
      <TestMethod codeBase="C:/codeplex/Munq/FluentTest/Munq.FluentTest2010/Munq.FluentTest.UnitTests/bin/Debug/Munq.FluentTest.UnitTests.DLL" adapterTypeName="Microsoft.VisualStudio.TestTools.TestTypes.Unit.UnitTestAdapter, Microsoft.VisualStudio.QualityTools.Tips.UnitTest.Adapter, Version=10.0.0.0, Culture=neutral, PublicKeyToken=b03f5f7f11d50a3a" className="Munq.FluentTest.UnitTests.IFluentTestObjectIsStringOrCollectionTest, Munq.FluentTest.UnitTests, Version=1.0.0.0, Culture=neutral, PublicKeyToken=null" name="IsACollectionPassesForCollection" />
    </UnitTest>
    <UnitTest name="IsAnInstanceOfTypeFailsIfNull" storage="c:\codeplex\munq\fluenttest\munq.fluenttest2010\munq.fluenttest.unittests\bin\debug\munq.fluenttest.unittests.dll" id="5d180797-014d-3885-9d0c-01d79c47c65a">
      <Execution id="e3ed2d84-174a-4767-a6fb-30642e76102b" />
      <TestMethod codeBase="C:/codeplex/Munq/FluentTest/Munq.FluentTest2010/Munq.FluentTest.UnitTests/bin/Debug/Munq.FluentTest.UnitTests.DLL" adapterTypeName="Microsoft.VisualStudio.TestTools.TestTypes.Unit.UnitTestAdapter, Microsoft.VisualStudio.QualityTools.Tips.UnitTest.Adapter, Version=10.0.0.0, Culture=neutral, PublicKeyToken=b03f5f7f11d50a3a" className="Munq.FluentTest.UnitTests.IFluentTestCollectionIsAnInstanceOfTypeTest, Munq.FluentTest.UnitTests, Version=1.0.0.0, Culture=neutral, PublicKeyToken=null" name="IsAnInstanceOfTypeFailsIfNull" />
    </UnitTest>
    <UnitTest name="StringEndsWithPassesIfStringToCompareIsEmpty" storage="c:\codeplex\munq\fluenttest\munq.fluenttest2010\munq.fluenttest.unittests\bin\debug\munq.fluenttest.unittests.dll" id="30e51f7e-f7e3-ed61-41c2-e96c0d534fa4">
      <Execution id="7197ea49-3c3a-412a-9211-619c3a6bf579" />
      <TestMethod codeBase="C:/codeplex/Munq/FluentTest/Munq.FluentTest2010/Munq.FluentTest.UnitTests/bin/Debug/Munq.FluentTest.UnitTests.DLL" adapterTypeName="Microsoft.VisualStudio.TestTools.TestTypes.Unit.UnitTestAdapter, Microsoft.VisualStudio.QualityTools.Tips.UnitTest.Adapter, Version=10.0.0.0, Culture=neutral, PublicKeyToken=b03f5f7f11d50a3a" className="Munq.FluentTest.UnitTests.IFluentTestStringEndsWithTest, Munq.FluentTest.UnitTests, Version=1.0.0.0, Culture=neutral, PublicKeyToken=null" name="StringEndsWithPassesIfStringToCompareIsEmpty" />
    </UnitTest>
    <UnitTest name="IsSameCollectionFailsIfNull" storage="c:\codeplex\munq\fluenttest\munq.fluenttest2010\munq.fluenttest.unittests\bin\debug\munq.fluenttest.unittests.dll" id="be4e646a-1b49-6046-1438-86ee72a455e8">
      <Execution id="cadc2942-6f8d-4f41-acec-cf8157c89429" />
      <TestMethod codeBase="C:/codeplex/Munq/FluentTest/Munq.FluentTest2010/Munq.FluentTest.UnitTests/bin/Debug/Munq.FluentTest.UnitTests.DLL" adapterTypeName="Microsoft.VisualStudio.TestTools.TestTypes.Unit.UnitTestAdapter, Microsoft.VisualStudio.QualityTools.Tips.UnitTest.Adapter, Version=10.0.0.0, Culture=neutral, PublicKeyToken=b03f5f7f11d50a3a" className="Munq.FluentTest.UnitTests.IFluentTestCollectionIsTheSameCollectionAsTest, Munq.FluentTest.UnitTests, Version=1.0.0.0, Culture=neutral, PublicKeyToken=null" name="IsSameCollectionFailsIfNull" />
    </UnitTest>
    <UnitTest name="IsAnInstanceOfTypePassesForSameType" storage="c:\codeplex\munq\fluenttest\munq.fluenttest2010\munq.fluenttest.unittests\bin\debug\munq.fluenttest.unittests.dll" id="e98d3e5f-cfd8-c1c9-3983-85c486c452ab">
      <Execution id="18c33d17-2fc9-4dc5-8130-2a7dcaa4cd70" />
      <TestMethod codeBase="C:/codeplex/Munq/FluentTest/Munq.FluentTest2010/Munq.FluentTest.UnitTests/bin/Debug/Munq.FluentTest.UnitTests.DLL" adapterTypeName="Microsoft.VisualStudio.TestTools.TestTypes.Unit.UnitTestAdapter, Microsoft.VisualStudio.QualityTools.Tips.UnitTest.Adapter, Version=10.0.0.0, Culture=neutral, PublicKeyToken=b03f5f7f11d50a3a" className="Munq.FluentTest.UnitTests.IFluentTestObjectIsInstanceOfTest, Munq.FluentTest.UnitTests, Version=1.0.0.0, Culture=neutral, PublicKeyToken=null" name="IsAnInstanceOfTypePassesForSameType" />
    </UnitTest>
    <UnitTest name="AllItemsAreInstancesOfTypeFailsIfSpecifiedTypeIsNullAndAllItemsNotNull" storage="c:\codeplex\munq\fluenttest\munq.fluenttest2010\munq.fluenttest.unittests\bin\debug\munq.fluenttest.unittests.dll" id="088b72a7-c4f5-7b28-9bc8-ffee502536c0">
      <Execution id="b301a353-442a-4f84-95b6-a4d6ee955dec" />
      <TestMethod codeBase="C:/codeplex/Munq/FluentTest/Munq.FluentTest2010/Munq.FluentTest.UnitTests/bin/Debug/Munq.FluentTest.UnitTests.DLL" adapterTypeName="Microsoft.VisualStudio.TestTools.TestTypes.Unit.UnitTestAdapter, Microsoft.VisualStudio.QualityTools.Tips.UnitTest.Adapter, Version=10.0.0.0, Culture=neutral, PublicKeyToken=b03f5f7f11d50a3a" className="Munq.FluentTest.UnitTests.IFluentTestCollectionAllItemsAreInstancesOfTypeTest, Munq.FluentTest.UnitTests, Version=1.0.0.0, Culture=neutral, PublicKeyToken=null" name="AllItemsAreInstancesOfTypeFailsIfSpecifiedTypeIsNullAndAllItemsNotNull" />
    </UnitTest>
    <UnitTest name="IsNotEqualToFailsIEqual" storage="c:\codeplex\munq\fluenttest\munq.fluenttest2010\munq.fluenttest.unittests\bin\debug\munq.fluenttest.unittests.dll" id="1dc68f76-790f-99f2-3a30-a1059fffe2fa">
      <Execution id="986f7349-da4e-42de-985c-823bf1b22dc1" />
      <TestMethod codeBase="C:/codeplex/Munq/FluentTest/Munq.FluentTest2010/Munq.FluentTest.UnitTests/bin/Debug/Munq.FluentTest.UnitTests.DLL" adapterTypeName="Microsoft.VisualStudio.TestTools.TestTypes.Unit.UnitTestAdapter, Microsoft.VisualStudio.QualityTools.Tips.UnitTest.Adapter, Version=10.0.0.0, Culture=neutral, PublicKeyToken=b03f5f7f11d50a3a" className="Munq.FluentTest.UnitTests.IFluentTestCollectionIsEqualToTest, Munq.FluentTest.UnitTests, Version=1.0.0.0, Culture=neutral, PublicKeyToken=null" name="IsNotEqualToFailsIEqual" />
    </UnitTest>
    <UnitTest name="AllItemsAreInstancesOfTypePassedIfAllItemAreOfSpecifiedType" storage="c:\codeplex\munq\fluenttest\munq.fluenttest2010\munq.fluenttest.unittests\bin\debug\munq.fluenttest.unittests.dll" id="e1c40e94-4a52-146f-4925-91a837076a72">
      <Execution id="6047ec76-05ac-4184-a8b9-0f74c2994ca9" />
      <TestMethod codeBase="C:/codeplex/Munq/FluentTest/Munq.FluentTest2010/Munq.FluentTest.UnitTests/bin/Debug/Munq.FluentTest.UnitTests.DLL" adapterTypeName="Microsoft.VisualStudio.TestTools.TestTypes.Unit.UnitTestAdapter, Microsoft.VisualStudio.QualityTools.Tips.UnitTest.Adapter, Version=10.0.0.0, Culture=neutral, PublicKeyToken=b03f5f7f11d50a3a" className="Munq.FluentTest.UnitTests.IFluentTestCollectionAllItemsAreInstancesOfTypeTest, Munq.FluentTest.UnitTests, Version=1.0.0.0, Culture=neutral, PublicKeyToken=null" name="AllItemsAreInstancesOfTypePassedIfAllItemAreOfSpecifiedType" />
    </UnitTest>
    <UnitTest name="IsNotTheSameObjectPassesForNullTestAndNonNullCompareObjects" storage="c:\codeplex\munq\fluenttest\munq.fluenttest2010\munq.fluenttest.unittests\bin\debug\munq.fluenttest.unittests.dll" id="36e46140-6f7e-f3b2-240a-511b19b03a92">
      <Execution id="c68cbea5-adbc-40f4-aaed-10bf1bdb86f3" />
      <TestMethod codeBase="C:/codeplex/Munq/FluentTest/Munq.FluentTest2010/Munq.FluentTest.UnitTests/bin/Debug/Munq.FluentTest.UnitTests.DLL" adapterTypeName="Microsoft.VisualStudio.TestTools.TestTypes.Unit.UnitTestAdapter, Microsoft.VisualStudio.QualityTools.Tips.UnitTest.Adapter, Version=10.0.0.0, Culture=neutral, PublicKeyToken=b03f5f7f11d50a3a" className="Munq.FluentTest.UnitTests.IFluentTestObjectIsSameAsTest, Munq.FluentTest.UnitTests, Version=1.0.0.0, Culture=neutral, PublicKeyToken=null" name="IsNotTheSameObjectPassesForNullTestAndNonNullCompareObjects" />
    </UnitTest>
    <UnitTest name="StringIsEmptyFailsIfIsNotEmpty" storage="c:\codeplex\munq\fluenttest\munq.fluenttest2010\munq.fluenttest.unittests\bin\debug\munq.fluenttest.unittests.dll" id="51a38580-dad2-b784-5c41-d8fb9569df94">
      <Execution id="e6146cb5-8dc8-46fc-98fa-d978484948c0" />
      <TestMethod codeBase="C:/codeplex/Munq/FluentTest/Munq.FluentTest2010/Munq.FluentTest.UnitTests/bin/Debug/Munq.FluentTest.UnitTests.DLL" adapterTypeName="Microsoft.VisualStudio.TestTools.TestTypes.Unit.UnitTestAdapter, Microsoft.VisualStudio.QualityTools.Tips.UnitTest.Adapter, Version=10.0.0.0, Culture=neutral, PublicKeyToken=b03f5f7f11d50a3a" className="Munq.FluentTest.UnitTests.IFluentTestStringIsEmptyToTest, Munq.FluentTest.UnitTests, Version=1.0.0.0, Culture=neutral, PublicKeyToken=null" name="StringIsEmptyFailsIfIsNotEmpty" />
    </UnitTest>
    <UnitTest name="IsSameCollectionFailsIfDifferent" storage="c:\codeplex\munq\fluenttest\munq.fluenttest2010\munq.fluenttest.unittests\bin\debug\munq.fluenttest.unittests.dll" id="6fe74ff2-ee3a-770a-2a7c-55fa41d17bfd">
      <Execution id="2bc8e6d3-6435-4acb-9c29-5e25d4323fb4" />
      <TestMethod codeBase="C:/codeplex/Munq/FluentTest/Munq.FluentTest2010/Munq.FluentTest.UnitTests/bin/Debug/Munq.FluentTest.UnitTests.DLL" adapterTypeName="Microsoft.VisualStudio.TestTools.TestTypes.Unit.UnitTestAdapter, Microsoft.VisualStudio.QualityTools.Tips.UnitTest.Adapter, Version=10.0.0.0, Culture=neutral, PublicKeyToken=b03f5f7f11d50a3a" className="Munq.FluentTest.UnitTests.IFluentTestCollectionIsTheSameCollectionAsTest, Munq.FluentTest.UnitTests, Version=1.0.0.0, Culture=neutral, PublicKeyToken=null" name="IsSameCollectionFailsIfDifferent" />
    </UnitTest>
    <UnitTest name="Inconclusive" storage="c:\codeplex\munq\fluenttest\munq.fluenttest2010\munq.fluenttest.unittests\bin\debug\munq.fluenttest.unittests.dll" id="ab582c0d-aebb-1664-247b-08a74ec3ee9c">
      <Execution id="f5ef2e5e-8d2e-49a3-9124-477ad82110ac" />
      <TestMethod codeBase="C:/codeplex/Munq/FluentTest/Munq.FluentTest2010/Munq.FluentTest.UnitTests/bin/Debug/Munq.FluentTest.UnitTests.DLL" adapterTypeName="Microsoft.VisualStudio.TestTools.TestTypes.Unit.UnitTestAdapter, Microsoft.VisualStudio.QualityTools.Tips.UnitTest.Adapter, Version=10.0.0.0, Culture=neutral, PublicKeyToken=b03f5f7f11d50a3a" className="Munq.FluentTest.UnitTests.IFluentTestCommonTest, Munq.FluentTest.UnitTests, Version=1.0.0.0, Culture=neutral, PublicKeyToken=null" name="Inconclusive" />
    </UnitTest>
    <UnitTest name="IsTruePassesForTrue" storage="c:\codeplex\munq\fluenttest\munq.fluenttest2010\munq.fluenttest.unittests\bin\debug\munq.fluenttest.unittests.dll" id="ff1cc429-afe5-6b8f-11b0-01895445ce43">
      <Execution id="7624e305-1c82-47d9-9971-33ba092dd3a8" />
      <TestMethod codeBase="C:/codeplex/Munq/FluentTest/Munq.FluentTest2010/Munq.FluentTest.UnitTests/bin/Debug/Munq.FluentTest.UnitTests.DLL" adapterTypeName="Microsoft.VisualStudio.TestTools.TestTypes.Unit.UnitTestAdapter, Microsoft.VisualStudio.QualityTools.Tips.UnitTest.Adapter, Version=10.0.0.0, Culture=neutral, PublicKeyToken=b03f5f7f11d50a3a" className="Munq.FluentTest.UnitTests.IFluentTestObjectIsTrueOrFalseTest, Munq.FluentTest.UnitTests, Version=1.0.0.0, Culture=neutral, PublicKeyToken=null" name="IsTruePassesForTrue" />
    </UnitTest>
    <UnitTest name="StringEndsWithFailsIfStringToCompareIsNull" storage="c:\codeplex\munq\fluenttest\munq.fluenttest2010\munq.fluenttest.unittests\bin\debug\munq.fluenttest.unittests.dll" id="1584e88c-e31b-f7b2-2619-3466efa67043">
      <Execution id="ee87c46f-3c9a-4821-8100-19318f06edff" />
      <TestMethod codeBase="C:/codeplex/Munq/FluentTest/Munq.FluentTest2010/Munq.FluentTest.UnitTests/bin/Debug/Munq.FluentTest.UnitTests.DLL" adapterTypeName="Microsoft.VisualStudio.TestTools.TestTypes.Unit.UnitTestAdapter, Microsoft.VisualStudio.QualityTools.Tips.UnitTest.Adapter, Version=10.0.0.0, Culture=neutral, PublicKeyToken=b03f5f7f11d50a3a" className="Munq.FluentTest.UnitTests.IFluentTestStringEndsWithTest, Munq.FluentTest.UnitTests, Version=1.0.0.0, Culture=neutral, PublicKeyToken=null" name="StringEndsWithFailsIfStringToCompareIsNull" />
    </UnitTest>
    <UnitTest name="IsFalseFailsForNonBool" storage="c:\codeplex\munq\fluenttest\munq.fluenttest2010\munq.fluenttest.unittests\bin\debug\munq.fluenttest.unittests.dll" id="6e8fbcbf-2ee3-7d18-502e-6e849b91dfed">
      <Execution id="e9f36733-02f6-4bd4-a21f-ea8e9c478dd4" />
      <TestMethod codeBase="C:/codeplex/Munq/FluentTest/Munq.FluentTest2010/Munq.FluentTest.UnitTests/bin/Debug/Munq.FluentTest.UnitTests.DLL" adapterTypeName="Microsoft.VisualStudio.TestTools.TestTypes.Unit.UnitTestAdapter, Microsoft.VisualStudio.QualityTools.Tips.UnitTest.Adapter, Version=10.0.0.0, Culture=neutral, PublicKeyToken=b03f5f7f11d50a3a" className="Munq.FluentTest.UnitTests.IFluentTestObjectIsTrueOrFalseTest, Munq.FluentTest.UnitTests, Version=1.0.0.0, Culture=neutral, PublicKeyToken=null" name="IsFalseFailsForNonBool" />
    </UnitTest>
    <UnitTest name="StringIsNotEmptyPassesIfStringIsNotEmpty" storage="c:\codeplex\munq\fluenttest\munq.fluenttest2010\munq.fluenttest.unittests\bin\debug\munq.fluenttest.unittests.dll" id="10787121-b239-c3f0-43ac-f58a69eb769c">
      <Execution id="7b19e29b-139d-47a2-9183-19a03fe54291" />
      <TestMethod codeBase="C:/codeplex/Munq/FluentTest/Munq.FluentTest2010/Munq.FluentTest.UnitTests/bin/Debug/Munq.FluentTest.UnitTests.DLL" adapterTypeName="Microsoft.VisualStudio.TestTools.TestTypes.Unit.UnitTestAdapter, Microsoft.VisualStudio.QualityTools.Tips.UnitTest.Adapter, Version=10.0.0.0, Culture=neutral, PublicKeyToken=b03f5f7f11d50a3a" className="Munq.FluentTest.UnitTests.IFluentTestStringIsEmptyToTest, Munq.FluentTest.UnitTests, Version=1.0.0.0, Culture=neutral, PublicKeyToken=null" name="StringIsNotEmptyPassesIfStringIsNotEmpty" />
    </UnitTest>
    <UnitTest name="ContainsFailsIfStringUnderTestDoesNotContainStringToCompare" storage="c:\codeplex\munq\fluenttest\munq.fluenttest2010\munq.fluenttest.unittests\bin\debug\munq.fluenttest.unittests.dll" id="de14c886-be14-4af1-2003-d534f6164232">
      <Execution id="71f30667-6d8d-488a-953e-74fcc6788ee4" />
      <TestMethod codeBase="C:/codeplex/Munq/FluentTest/Munq.FluentTest2010/Munq.FluentTest.UnitTests/bin/Debug/Munq.FluentTest.UnitTests.DLL" adapterTypeName="Microsoft.VisualStudio.TestTools.TestTypes.Unit.UnitTestAdapter, Microsoft.VisualStudio.QualityTools.Tips.UnitTest.Adapter, Version=10.0.0.0, Culture=neutral, PublicKeyToken=b03f5f7f11d50a3a" className="Munq.FluentTest.UnitTests.IFluentTestStringContainsTest, Munq.FluentTest.UnitTests, Version=1.0.0.0, Culture=neutral, PublicKeyToken=null" name="ContainsFailsIfStringUnderTestDoesNotContainStringToCompare" />
    </UnitTest>
    <UnitTest name="StringIsNotEqualToPassesIfStringToCompareIsEmpty" storage="c:\codeplex\munq\fluenttest\munq.fluenttest2010\munq.fluenttest.unittests\bin\debug\munq.fluenttest.unittests.dll" id="a36ab6b9-be2d-4c3b-41cc-46bb62d4c502">
      <Execution id="24cb718e-d262-4012-a384-b136262cd119" />
      <TestMethod codeBase="C:/codeplex/Munq/FluentTest/Munq.FluentTest2010/Munq.FluentTest.UnitTests/bin/Debug/Munq.FluentTest.UnitTests.DLL" adapterTypeName="Microsoft.VisualStudio.TestTools.TestTypes.Unit.UnitTestAdapter, Microsoft.VisualStudio.QualityTools.Tips.UnitTest.Adapter, Version=10.0.0.0, Culture=neutral, PublicKeyToken=b03f5f7f11d50a3a" className="Munq.FluentTest.UnitTests.IFluentTestStringIsEqualToTest, Munq.FluentTest.UnitTests, Version=1.0.0.0, Culture=neutral, PublicKeyToken=null" name="StringIsNotEqualToPassesIfStringToCompareIsEmpty" />
    </UnitTest>
    <UnitTest name="IsNotSameCollectionPassesIfDifferent" storage="c:\codeplex\munq\fluenttest\munq.fluenttest2010\munq.fluenttest.unittests\bin\debug\munq.fluenttest.unittests.dll" id="e6df5389-0dc8-f658-d9ee-093be56d3e89">
      <Execution id="68c2d03a-3770-49ff-8122-a5cc04398b53" />
      <TestMethod codeBase="C:/codeplex/Munq/FluentTest/Munq.FluentTest2010/Munq.FluentTest.UnitTests/bin/Debug/Munq.FluentTest.UnitTests.DLL" adapterTypeName="Microsoft.VisualStudio.TestTools.TestTypes.Unit.UnitTestAdapter, Microsoft.VisualStudio.QualityTools.Tips.UnitTest.Adapter, Version=10.0.0.0, Culture=neutral, PublicKeyToken=b03f5f7f11d50a3a" className="Munq.FluentTest.UnitTests.IFluentTestCollectionIsTheSameCollectionAsTest, Munq.FluentTest.UnitTests, Version=1.0.0.0, Culture=neutral, PublicKeyToken=null" name="IsNotSameCollectionPassesIfDifferent" />
    </UnitTest>
    <UnitTest name="Fail" storage="c:\codeplex\munq\fluenttest\munq.fluenttest2010\munq.fluenttest.unittests\bin\debug\munq.fluenttest.unittests.dll" id="f1a062e9-3b08-e3c0-952b-fc0407372d0e">
      <Execution id="43fa17d7-a72f-4801-8de4-38a8caffd479" />
      <TestMethod codeBase="C:/codeplex/Munq/FluentTest/Munq.FluentTest2010/Munq.FluentTest.UnitTests/bin/Debug/Munq.FluentTest.UnitTests.DLL" adapterTypeName="Microsoft.VisualStudio.TestTools.TestTypes.Unit.UnitTestAdapter, Microsoft.VisualStudio.QualityTools.Tips.UnitTest.Adapter, Version=10.0.0.0, Culture=neutral, PublicKeyToken=b03f5f7f11d50a3a" className="Munq.FluentTest.UnitTests.IFluentTestCommonTest, Munq.FluentTest.UnitTests, Version=1.0.0.0, Culture=neutral, PublicKeyToken=null" name="Fail" />
    </UnitTest>
    <UnitTest name="IsNotEqualPassessForNonNullTestAndNullCompareObjects" storage="c:\codeplex\munq\fluenttest\munq.fluenttest2010\munq.fluenttest.unittests\bin\debug\munq.fluenttest.unittests.dll" id="cfbeb8df-8299-eb0c-266f-42cf08fad8a7">
      <Execution id="374b2d91-2313-499c-9ef3-f90dfa0c5087" />
      <TestMethod codeBase="C:/codeplex/Munq/FluentTest/Munq.FluentTest2010/Munq.FluentTest.UnitTests/bin/Debug/Munq.FluentTest.UnitTests.DLL" adapterTypeName="Microsoft.VisualStudio.TestTools.TestTypes.Unit.UnitTestAdapter, Microsoft.VisualStudio.QualityTools.Tips.UnitTest.Adapter, Version=10.0.0.0, Culture=neutral, PublicKeyToken=b03f5f7f11d50a3a" className="Munq.FluentTest.UnitTests.IFluentTestObjectIsEqualTest, Munq.FluentTest.UnitTests, Version=1.0.0.0, Culture=neutral, PublicKeyToken=null" name="IsNotEqualPassessForNonNullTestAndNullCompareObjects" />
    </UnitTest>
    <UnitTest name="IsTheSameObjectPassessFroSameNonNullTestAndCompareObjects" storage="c:\codeplex\munq\fluenttest\munq.fluenttest2010\munq.fluenttest.unittests\bin\debug\munq.fluenttest.unittests.dll" id="8435e728-5e5c-5e9a-b303-a235194ffd1a">
      <Execution id="1752cb8a-768f-418a-94da-77d991a9cb89" />
      <TestMethod codeBase="C:/codeplex/Munq/FluentTest/Munq.FluentTest2010/Munq.FluentTest.UnitTests/bin/Debug/Munq.FluentTest.UnitTests.DLL" adapterTypeName="Microsoft.VisualStudio.TestTools.TestTypes.Unit.UnitTestAdapter, Microsoft.VisualStudio.QualityTools.Tips.UnitTest.Adapter, Version=10.0.0.0, Culture=neutral, PublicKeyToken=b03f5f7f11d50a3a" className="Munq.FluentTest.UnitTests.IFluentTestObjectIsSameAsTest, Munq.FluentTest.UnitTests, Version=1.0.0.0, Culture=neutral, PublicKeyToken=null" name="IsTheSameObjectPassessFroSameNonNullTestAndCompareObjects" />
    </UnitTest>
    <UnitTest name="IsEqualToFailsIfDifferentContents" storage="c:\codeplex\munq\fluenttest\munq.fluenttest2010\munq.fluenttest.unittests\bin\debug\munq.fluenttest.unittests.dll" id="39eb5e28-993c-1f1f-a7e8-0983f8dd9d13">
      <Execution id="3ebe47a0-6931-48ea-8ce7-f9db0ccf8c37" />
      <TestMethod codeBase="C:/codeplex/Munq/FluentTest/Munq.FluentTest2010/Munq.FluentTest.UnitTests/bin/Debug/Munq.FluentTest.UnitTests.DLL" adapterTypeName="Microsoft.VisualStudio.TestTools.TestTypes.Unit.UnitTestAdapter, Microsoft.VisualStudio.QualityTools.Tips.UnitTest.Adapter, Version=10.0.0.0, Culture=neutral, PublicKeyToken=b03f5f7f11d50a3a" className="Munq.FluentTest.UnitTests.IFluentTestCollectionIsEqualToTest, Munq.FluentTest.UnitTests, Version=1.0.0.0, Culture=neutral, PublicKeyToken=null" name="IsEqualToFailsIfDifferentContents" />
    </UnitTest>
    <UnitTest name="IsNotNullPassesFoNonNull" storage="c:\codeplex\munq\fluenttest\munq.fluenttest2010\munq.fluenttest.unittests\bin\debug\munq.fluenttest.unittests.dll" id="04f8edff-83a1-0231-821e-36a420c4dc3f">
      <Execution id="8cd34fa2-648e-4ec7-971f-f31720c9de99" />
      <TestMethod codeBase="C:/codeplex/Munq/FluentTest/Munq.FluentTest2010/Munq.FluentTest.UnitTests/bin/Debug/Munq.FluentTest.UnitTests.DLL" adapterTypeName="Microsoft.VisualStudio.TestTools.TestTypes.Unit.UnitTestAdapter, Microsoft.VisualStudio.QualityTools.Tips.UnitTest.Adapter, Version=10.0.0.0, Culture=neutral, PublicKeyToken=b03f5f7f11d50a3a" className="Munq.FluentTest.UnitTests.IFluentTestObjectIsNotNullTest, Munq.FluentTest.UnitTests, Version=1.0.0.0, Culture=neutral, PublicKeyToken=null" name="IsNotNullPassesFoNonNull" />
    </UnitTest>
    <UnitTest name="IsNotAnInstanceOfTypeFailsForSameType" storage="c:\codeplex\munq\fluenttest\munq.fluenttest2010\munq.fluenttest.unittests\bin\debug\munq.fluenttest.unittests.dll" id="7358bb32-b42a-73a1-a497-df13b2d899e2">
      <Execution id="3727b8b2-c5b9-4d87-ac51-4db17624f6bc" />
      <TestMethod codeBase="C:/codeplex/Munq/FluentTest/Munq.FluentTest2010/Munq.FluentTest.UnitTests/bin/Debug/Munq.FluentTest.UnitTests.DLL" adapterTypeName="Microsoft.VisualStudio.TestTools.TestTypes.Unit.UnitTestAdapter, Microsoft.VisualStudio.QualityTools.Tips.UnitTest.Adapter, Version=10.0.0.0, Culture=neutral, PublicKeyToken=b03f5f7f11d50a3a" className="Munq.FluentTest.UnitTests.IFluentTestObjectIsInstanceOfTest, Munq.FluentTest.UnitTests, Version=1.0.0.0, Culture=neutral, PublicKeyToken=null" name="IsNotAnInstanceOfTypeFailsForSameType" />
    </UnitTest>
    <UnitTest name="ContainsPassesIfStringStringToCompareIsEmpty" storage="c:\codeplex\munq\fluenttest\munq.fluenttest2010\munq.fluenttest.unittests\bin\debug\munq.fluenttest.unittests.dll" id="36403979-7aba-40a7-ad9f-0976853526dc">
      <Execution id="f7af874c-0c50-4fe7-b8c0-27a113f4f4a1" />
      <TestMethod codeBase="C:/codeplex/Munq/FluentTest/Munq.FluentTest2010/Munq.FluentTest.UnitTests/bin/Debug/Munq.FluentTest.UnitTests.DLL" adapterTypeName="Microsoft.VisualStudio.TestTools.TestTypes.Unit.UnitTestAdapter, Microsoft.VisualStudio.QualityTools.Tips.UnitTest.Adapter, Version=10.0.0.0, Culture=neutral, PublicKeyToken=b03f5f7f11d50a3a" className="Munq.FluentTest.UnitTests.IFluentTestStringContainsTest, Munq.FluentTest.UnitTests, Version=1.0.0.0, Culture=neutral, PublicKeyToken=null" name="ContainsPassesIfStringStringToCompareIsEmpty" />
    </UnitTest>
    <UnitTest name="IsFalseFailsForNull" storage="c:\codeplex\munq\fluenttest\munq.fluenttest2010\munq.fluenttest.unittests\bin\debug\munq.fluenttest.unittests.dll" id="699c4aab-7bd6-46b5-0c74-a35a2b109bea">
      <Execution id="0ae1146b-bd98-4e83-8c16-ae512668e525" />
      <TestMethod codeBase="C:/codeplex/Munq/FluentTest/Munq.FluentTest2010/Munq.FluentTest.UnitTests/bin/Debug/Munq.FluentTest.UnitTests.DLL" adapterTypeName="Microsoft.VisualStudio.TestTools.TestTypes.Unit.UnitTestAdapter, Microsoft.VisualStudio.QualityTools.Tips.UnitTest.Adapter, Version=10.0.0.0, Culture=neutral, PublicKeyToken=b03f5f7f11d50a3a" className="Munq.FluentTest.UnitTests.IFluentTestObjectIsTrueOrFalseTest, Munq.FluentTest.UnitTests, Version=1.0.0.0, Culture=neutral, PublicKeyToken=null" name="IsFalseFailsForNull" />
    </UnitTest>
    <UnitTest name="ContainsFailsIfStringToCompareIsNull" storage="c:\codeplex\munq\fluenttest\munq.fluenttest2010\munq.fluenttest.unittests\bin\debug\munq.fluenttest.unittests.dll" id="b080b34c-a604-2bc2-e4f6-b4fdae32e2f7">
      <Execution id="f21ab334-7c7f-46ea-a341-e6db4b7e311b" />
      <TestMethod codeBase="C:/codeplex/Munq/FluentTest/Munq.FluentTest2010/Munq.FluentTest.UnitTests/bin/Debug/Munq.FluentTest.UnitTests.DLL" adapterTypeName="Microsoft.VisualStudio.TestTools.TestTypes.Unit.UnitTestAdapter, Microsoft.VisualStudio.QualityTools.Tips.UnitTest.Adapter, Version=10.0.0.0, Culture=neutral, PublicKeyToken=b03f5f7f11d50a3a" className="Munq.FluentTest.UnitTests.IFluentTestStringContainsTest, Munq.FluentTest.UnitTests, Version=1.0.0.0, Culture=neutral, PublicKeyToken=null" name="ContainsFailsIfStringToCompareIsNull" />
    </UnitTest>
    <UnitTest name="IsEqualToFailsIfDifferentLengths" storage="c:\codeplex\munq\fluenttest\munq.fluenttest2010\munq.fluenttest.unittests\bin\debug\munq.fluenttest.unittests.dll" id="80579bac-3102-2836-4386-fa6811259258">
      <Execution id="8f169354-0b68-41d7-8086-5fe843b95a21" />
      <TestMethod codeBase="C:/codeplex/Munq/FluentTest/Munq.FluentTest2010/Munq.FluentTest.UnitTests/bin/Debug/Munq.FluentTest.UnitTests.DLL" adapterTypeName="Microsoft.VisualStudio.TestTools.TestTypes.Unit.UnitTestAdapter, Microsoft.VisualStudio.QualityTools.Tips.UnitTest.Adapter, Version=10.0.0.0, Culture=neutral, PublicKeyToken=b03f5f7f11d50a3a" className="Munq.FluentTest.UnitTests.IFluentTestCollectionIsEqualToTest, Munq.FluentTest.UnitTests, Version=1.0.0.0, Culture=neutral, PublicKeyToken=null" name="IsEqualToFailsIfDifferentLengths" />
    </UnitTest>
    <UnitTest name="IsNotAnInstanceOfTypeFailsIfNull" storage="c:\codeplex\munq\fluenttest\munq.fluenttest2010\munq.fluenttest.unittests\bin\debug\munq.fluenttest.unittests.dll" id="a4019a09-7f20-e2c6-ec89-545dce520c92">
      <Execution id="084bcfb8-d980-4c50-b841-bc38983294ca" />
      <TestMethod codeBase="C:/codeplex/Munq/FluentTest/Munq.FluentTest2010/Munq.FluentTest.UnitTests/bin/Debug/Munq.FluentTest.UnitTests.DLL" adapterTypeName="Microsoft.VisualStudio.TestTools.TestTypes.Unit.UnitTestAdapter, Microsoft.VisualStudio.QualityTools.Tips.UnitTest.Adapter, Version=10.0.0.0, Culture=neutral, PublicKeyToken=b03f5f7f11d50a3a" className="Munq.FluentTest.UnitTests.IFluentTestCollectionIsAnInstanceOfTypeTest, Munq.FluentTest.UnitTests, Version=1.0.0.0, Culture=neutral, PublicKeyToken=null" name="IsNotAnInstanceOfTypeFailsIfNull" />
    </UnitTest>
    <UnitTest name="IsAnInstanceOfTypeFailsForNull" storage="c:\codeplex\munq\fluenttest\munq.fluenttest2010\munq.fluenttest.unittests\bin\debug\munq.fluenttest.unittests.dll" id="b8c8a4a2-9cfb-eb95-e132-499d8e32c12e">
      <Execution id="cb2929b6-6169-44e2-b9d7-643be77237ba" />
      <TestMethod codeBase="C:/codeplex/Munq/FluentTest/Munq.FluentTest2010/Munq.FluentTest.UnitTests/bin/Debug/Munq.FluentTest.UnitTests.DLL" adapterTypeName="Microsoft.VisualStudio.TestTools.TestTypes.Unit.UnitTestAdapter, Microsoft.VisualStudio.QualityTools.Tips.UnitTest.Adapter, Version=10.0.0.0, Culture=neutral, PublicKeyToken=b03f5f7f11d50a3a" className="Munq.FluentTest.UnitTests.IFluentTestObjectIsInstanceOfTest, Munq.FluentTest.UnitTests, Version=1.0.0.0, Culture=neutral, PublicKeyToken=null" name="IsAnInstanceOfTypeFailsForNull" />
    </UnitTest>
    <UnitTest name="AllItemsAreInstancesOfTypeFailsIfAnyItemIsNotOfSpecifiedType" storage="c:\codeplex\munq\fluenttest\munq.fluenttest2010\munq.fluenttest.unittests\bin\debug\munq.fluenttest.unittests.dll" id="c5e9b16c-2a8b-9a6b-5901-f9639cb87528">
      <Execution id="e2f7d81c-2514-43c2-bc14-3563bda06808" />
      <TestMethod codeBase="C:/codeplex/Munq/FluentTest/Munq.FluentTest2010/Munq.FluentTest.UnitTests/bin/Debug/Munq.FluentTest.UnitTests.DLL" adapterTypeName="Microsoft.VisualStudio.TestTools.TestTypes.Unit.UnitTestAdapter, Microsoft.VisualStudio.QualityTools.Tips.UnitTest.Adapter, Version=10.0.0.0, Culture=neutral, PublicKeyToken=b03f5f7f11d50a3a" className="Munq.FluentTest.UnitTests.IFluentTestCollectionAllItemsAreInstancesOfTypeTest, Munq.FluentTest.UnitTests, Version=1.0.0.0, Culture=neutral, PublicKeyToken=null" name="AllItemsAreInstancesOfTypeFailsIfAnyItemIsNotOfSpecifiedType" />
    </UnitTest>
    <UnitTest name="IsEqualToPassesIfEqual" storage="c:\codeplex\munq\fluenttest\munq.fluenttest2010\munq.fluenttest.unittests\bin\debug\munq.fluenttest.unittests.dll" id="86068341-bdc9-d0f7-84ed-14179f58a418">
      <Execution id="602d9bd8-7e77-4b80-ae13-64d47fc6378e" />
      <TestMethod codeBase="C:/codeplex/Munq/FluentTest/Munq.FluentTest2010/Munq.FluentTest.UnitTests/bin/Debug/Munq.FluentTest.UnitTests.DLL" adapterTypeName="Microsoft.VisualStudio.TestTools.TestTypes.Unit.UnitTestAdapter, Microsoft.VisualStudio.QualityTools.Tips.UnitTest.Adapter, Version=10.0.0.0, Culture=neutral, PublicKeyToken=b03f5f7f11d50a3a" className="Munq.FluentTest.UnitTests.IFluentTestCollectionIsEqualToTest, Munq.FluentTest.UnitTests, Version=1.0.0.0, Culture=neutral, PublicKeyToken=null" name="IsEqualToPassesIfEqual" />
    </UnitTest>
    <UnitTest name="StringStartsWithPassesIfStringToCompareIsEmpty" storage="c:\codeplex\munq\fluenttest\munq.fluenttest2010\munq.fluenttest.unittests\bin\debug\munq.fluenttest.unittests.dll" id="d3482566-c651-53dd-37c6-1ff38a1db169">
      <Execution id="35c7d94b-fb8b-4abb-b05e-e73230ecdba1" />
      <TestMethod codeBase="C:/codeplex/Munq/FluentTest/Munq.FluentTest2010/Munq.FluentTest.UnitTests/bin/Debug/Munq.FluentTest.UnitTests.DLL" adapterTypeName="Microsoft.VisualStudio.TestTools.TestTypes.Unit.UnitTestAdapter, Microsoft.VisualStudio.QualityTools.Tips.UnitTest.Adapter, Version=10.0.0.0, Culture=neutral, PublicKeyToken=b03f5f7f11d50a3a" className="Munq.FluentTest.UnitTests.IFluentTestStringStartsWithTest, Munq.FluentTest.UnitTests, Version=1.0.0.0, Culture=neutral, PublicKeyToken=null" name="StringStartsWithPassesIfStringToCompareIsEmpty" />
    </UnitTest>
    <UnitTest name="StringStartsWithPassesIfStringStartsWithStringToCompare" storage="c:\codeplex\munq\fluenttest\munq.fluenttest2010\munq.fluenttest.unittests\bin\debug\munq.fluenttest.unittests.dll" id="34c5f54c-038c-10ae-4486-1e8606a0493e">
      <Execution id="0f271f11-0f1b-4c24-92a8-97905ca08af8" />
      <TestMethod codeBase="C:/codeplex/Munq/FluentTest/Munq.FluentTest2010/Munq.FluentTest.UnitTests/bin/Debug/Munq.FluentTest.UnitTests.DLL" adapterTypeName="Microsoft.VisualStudio.TestTools.TestTypes.Unit.UnitTestAdapter, Microsoft.VisualStudio.QualityTools.Tips.UnitTest.Adapter, Version=10.0.0.0, Culture=neutral, PublicKeyToken=b03f5f7f11d50a3a" className="Munq.FluentTest.UnitTests.IFluentTestStringStartsWithTest, Munq.FluentTest.UnitTests, Version=1.0.0.0, Culture=neutral, PublicKeyToken=null" name="StringStartsWithPassesIfStringStartsWithStringToCompare" />
    </UnitTest>
    <UnitTest name="IsNotSameCollectionFailsIfSame" storage="c:\codeplex\munq\fluenttest\munq.fluenttest2010\munq.fluenttest.unittests\bin\debug\munq.fluenttest.unittests.dll" id="79df3fcd-6813-d3cc-f65a-38973659582e">
      <Execution id="65990cb4-bf5a-414d-8fc9-51596d200fd1" />
      <TestMethod codeBase="C:/codeplex/Munq/FluentTest/Munq.FluentTest2010/Munq.FluentTest.UnitTests/bin/Debug/Munq.FluentTest.UnitTests.DLL" adapterTypeName="Microsoft.VisualStudio.TestTools.TestTypes.Unit.UnitTestAdapter, Microsoft.VisualStudio.QualityTools.Tips.UnitTest.Adapter, Version=10.0.0.0, Culture=neutral, PublicKeyToken=b03f5f7f11d50a3a" className="Munq.FluentTest.UnitTests.IFluentTestCollectionIsTheSameCollectionAsTest, Munq.FluentTest.UnitTests, Version=1.0.0.0, Culture=neutral, PublicKeyToken=null" name="IsNotSameCollectionFailsIfSame" />
    </UnitTest>
    <UnitTest name="IsFalseFailsForTrue" storage="c:\codeplex\munq\fluenttest\munq.fluenttest2010\munq.fluenttest.unittests\bin\debug\munq.fluenttest.unittests.dll" id="faa97d79-4094-68cb-f184-01091f585a97">
      <Execution id="72b0b0c2-3a31-4c74-bdb5-24ea1da615d0" />
      <TestMethod codeBase="C:/codeplex/Munq/FluentTest/Munq.FluentTest2010/Munq.FluentTest.UnitTests/bin/Debug/Munq.FluentTest.UnitTests.DLL" adapterTypeName="Microsoft.VisualStudio.TestTools.TestTypes.Unit.UnitTestAdapter, Microsoft.VisualStudio.QualityTools.Tips.UnitTest.Adapter, Version=10.0.0.0, Culture=neutral, PublicKeyToken=b03f5f7f11d50a3a" className="Munq.FluentTest.UnitTests.IFluentTestObjectIsTrueOrFalseTest, Munq.FluentTest.UnitTests, Version=1.0.0.0, Culture=neutral, PublicKeyToken=null" name="IsFalseFailsForTrue" />
    </UnitTest>
    <UnitTest name="IsNotAnInstanceOfTypeFailsIfDifferentType" storage="c:\codeplex\munq\fluenttest\munq.fluenttest2010\munq.fluenttest.unittests\bin\debug\munq.fluenttest.unittests.dll" id="75666f70-5b6f-954c-65d9-fdd85204cec3">
      <Execution id="e93b48e3-33d5-4201-beb5-e74230f0ff81" />
      <TestMethod codeBase="C:/codeplex/Munq/FluentTest/Munq.FluentTest2010/Munq.FluentTest.UnitTests/bin/Debug/Munq.FluentTest.UnitTests.DLL" adapterTypeName="Microsoft.VisualStudio.TestTools.TestTypes.Unit.UnitTestAdapter, Microsoft.VisualStudio.QualityTools.Tips.UnitTest.Adapter, Version=10.0.0.0, Culture=neutral, PublicKeyToken=b03f5f7f11d50a3a" className="Munq.FluentTest.UnitTests.IFluentTestCollectionIsAnInstanceOfTypeTest, Munq.FluentTest.UnitTests, Version=1.0.0.0, Culture=neutral, PublicKeyToken=null" name="IsNotAnInstanceOfTypeFailsIfDifferentType" />
    </UnitTest>
    <UnitTest name="StringIsNotEqualToPassesIfStringIsNotEqualToStringToCompare" storage="c:\codeplex\munq\fluenttest\munq.fluenttest2010\munq.fluenttest.unittests\bin\debug\munq.fluenttest.unittests.dll" id="3a7cf35f-84bf-614a-98ac-b53d9a1e7d31">
      <Execution id="f06298b9-f4ec-4460-b6af-3d617ca1f2df" />
      <TestMethod codeBase="C:/codeplex/Munq/FluentTest/Munq.FluentTest2010/Munq.FluentTest.UnitTests/bin/Debug/Munq.FluentTest.UnitTests.DLL" adapterTypeName="Microsoft.VisualStudio.TestTools.TestTypes.Unit.UnitTestAdapter, Microsoft.VisualStudio.QualityTools.Tips.UnitTest.Adapter, Version=10.0.0.0, Culture=neutral, PublicKeyToken=b03f5f7f11d50a3a" className="Munq.FluentTest.UnitTests.IFluentTestStringIsEqualToTest, Munq.FluentTest.UnitTests, Version=1.0.0.0, Culture=neutral, PublicKeyToken=null" name="StringIsNotEqualToPassesIfStringIsNotEqualToStringToCompare" />
    </UnitTest>
    <UnitTest name="DoesNotContainPassesIfStringUnderTestDoesNotContainStringToCompare" storage="c:\codeplex\munq\fluenttest\munq.fluenttest2010\munq.fluenttest.unittests\bin\debug\munq.fluenttest.unittests.dll" id="66391062-df35-3367-6dc7-c5e4175c63a5">
      <Execution id="2a6d6cef-7b37-4f0d-99b2-7879e030047c" />
      <TestMethod codeBase="C:/codeplex/Munq/FluentTest/Munq.FluentTest2010/Munq.FluentTest.UnitTests/bin/Debug/Munq.FluentTest.UnitTests.DLL" adapterTypeName="Microsoft.VisualStudio.TestTools.TestTypes.Unit.UnitTestAdapter, Microsoft.VisualStudio.QualityTools.Tips.UnitTest.Adapter, Version=10.0.0.0, Culture=neutral, PublicKeyToken=b03f5f7f11d50a3a" className="Munq.FluentTest.UnitTests.IFluentTestStringContainsTest, Munq.FluentTest.UnitTests, Version=1.0.0.0, Culture=neutral, PublicKeyToken=null" name="DoesNotContainPassesIfStringUnderTestDoesNotContainStringToCompare" />
    </UnitTest>
    <UnitTest name="IsNotEqualPassesForDifferentTestAndCompareObjects" storage="c:\codeplex\munq\fluenttest\munq.fluenttest2010\munq.fluenttest.unittests\bin\debug\munq.fluenttest.unittests.dll" id="25f6ef46-737a-af76-471a-edd19a5497f5">
      <Execution id="80136bb7-e06f-40a3-a2b4-fadc095cd5f3" />
      <TestMethod codeBase="C:/codeplex/Munq/FluentTest/Munq.FluentTest2010/Munq.FluentTest.UnitTests/bin/Debug/Munq.FluentTest.UnitTests.DLL" adapterTypeName="Microsoft.VisualStudio.TestTools.TestTypes.Unit.UnitTestAdapter, Microsoft.VisualStudio.QualityTools.Tips.UnitTest.Adapter, Version=10.0.0.0, Culture=neutral, PublicKeyToken=b03f5f7f11d50a3a" className="Munq.FluentTest.UnitTests.IFluentTestObjectIsEqualTest, Munq.FluentTest.UnitTests, Version=1.0.0.0, Culture=neutral, PublicKeyToken=null" name="IsNotEqualPassesForDifferentTestAndCompareObjects" />
    </UnitTest>
    <UnitTest name="IsNotEqualPassesForNullTestAndNonNullCompareObjects" storage="c:\codeplex\munq\fluenttest\munq.fluenttest2010\munq.fluenttest.unittests\bin\debug\munq.fluenttest.unittests.dll" id="979ced33-f10e-ed40-5f63-644b2293fabc">
      <Execution id="9c0e0176-aa4d-4a67-9ea2-4ad0437bfcad" />
      <TestMethod codeBase="C:/codeplex/Munq/FluentTest/Munq.FluentTest2010/Munq.FluentTest.UnitTests/bin/Debug/Munq.FluentTest.UnitTests.DLL" adapterTypeName="Microsoft.VisualStudio.TestTools.TestTypes.Unit.UnitTestAdapter, Microsoft.VisualStudio.QualityTools.Tips.UnitTest.Adapter, Version=10.0.0.0, Culture=neutral, PublicKeyToken=b03f5f7f11d50a3a" className="Munq.FluentTest.UnitTests.IFluentTestObjectIsEqualTest, Munq.FluentTest.UnitTests, Version=1.0.0.0, Culture=neutral, PublicKeyToken=null" name="IsNotEqualPassesForNullTestAndNonNullCompareObjects" />
    </UnitTest>
    <UnitTest name="IsACollectionFailsForNotCollection" storage="c:\codeplex\munq\fluenttest\munq.fluenttest2010\munq.fluenttest.unittests\bin\debug\munq.fluenttest.unittests.dll" id="f166dd81-399c-e9a0-153f-69bff11a3964">
      <Execution id="bb64bf60-610c-47b2-9ab0-7c4bf83aa291" />
      <TestMethod codeBase="C:/codeplex/Munq/FluentTest/Munq.FluentTest2010/Munq.FluentTest.UnitTests/bin/Debug/Munq.FluentTest.UnitTests.DLL" adapterTypeName="Microsoft.VisualStudio.TestTools.TestTypes.Unit.UnitTestAdapter, Microsoft.VisualStudio.QualityTools.Tips.UnitTest.Adapter, Version=10.0.0.0, Culture=neutral, PublicKeyToken=b03f5f7f11d50a3a" className="Munq.FluentTest.UnitTests.IFluentTestObjectIsStringOrCollectionTest, Munq.FluentTest.UnitTests, Version=1.0.0.0, Culture=neutral, PublicKeyToken=null" name="IsACollectionFailsForNotCollection" />
    </UnitTest>
    <UnitTest name="StringDoesNotStartWithPassesIfStringDoesNotStartWithStringToCompare" storage="c:\codeplex\munq\fluenttest\munq.fluenttest2010\munq.fluenttest.unittests\bin\debug\munq.fluenttest.unittests.dll" id="41975a43-3305-c850-d98d-6bc4ffa50f77">
      <Execution id="c5af4261-1a1e-457d-bf34-a8578a8de79e" />
      <TestMethod codeBase="C:/codeplex/Munq/FluentTest/Munq.FluentTest2010/Munq.FluentTest.UnitTests/bin/Debug/Munq.FluentTest.UnitTests.DLL" adapterTypeName="Microsoft.VisualStudio.TestTools.TestTypes.Unit.UnitTestAdapter, Microsoft.VisualStudio.QualityTools.Tips.UnitTest.Adapter, Version=10.0.0.0, Culture=neutral, PublicKeyToken=b03f5f7f11d50a3a" className="Munq.FluentTest.UnitTests.IFluentTestStringStartsWithTest, Munq.FluentTest.UnitTests, Version=1.0.0.0, Culture=neutral, PublicKeyToken=null" name="StringDoesNotStartWithPassesIfStringDoesNotStartWithStringToCompare" />
    </UnitTest>
    <UnitTest name="IsNullPassesForNullObject" storage="c:\codeplex\munq\fluenttest\munq.fluenttest2010\munq.fluenttest.unittests\bin\debug\munq.fluenttest.unittests.dll" id="6c72e054-8c42-1f7b-1774-1d0d86994a03">
      <Execution id="e7616a0d-898c-4658-a122-6540f79b4ef6" />
      <TestMethod codeBase="C:/codeplex/Munq/FluentTest/Munq.FluentTest2010/Munq.FluentTest.UnitTests/bin/Debug/Munq.FluentTest.UnitTests.DLL" adapterTypeName="Microsoft.VisualStudio.TestTools.TestTypes.Unit.UnitTestAdapter, Microsoft.VisualStudio.QualityTools.Tips.UnitTest.Adapter, Version=10.0.0.0, Culture=neutral, PublicKeyToken=b03f5f7f11d50a3a" className="Munq.FluentTest.UnitTests.IFluentTestCommonTest, Munq.FluentTest.UnitTests, Version=1.0.0.0, Culture=neutral, PublicKeyToken=null" name="IsNullPassesForNullObject" />
    </UnitTest>
    <UnitTest name="StringStartsWithFailsIfStringToCompareIsNull" storage="c:\codeplex\munq\fluenttest\munq.fluenttest2010\munq.fluenttest.unittests\bin\debug\munq.fluenttest.unittests.dll" id="ad89ec0d-bed2-98c0-585f-441531448ccf">
      <Execution id="99f764c6-f8b7-4ac2-919c-92cb47421abd" />
      <TestMethod codeBase="C:/codeplex/Munq/FluentTest/Munq.FluentTest2010/Munq.FluentTest.UnitTests/bin/Debug/Munq.FluentTest.UnitTests.DLL" adapterTypeName="Microsoft.VisualStudio.TestTools.TestTypes.Unit.UnitTestAdapter, Microsoft.VisualStudio.QualityTools.Tips.UnitTest.Adapter, Version=10.0.0.0, Culture=neutral, PublicKeyToken=b03f5f7f11d50a3a" className="Munq.FluentTest.UnitTests.IFluentTestStringStartsWithTest, Munq.FluentTest.UnitTests, Version=1.0.0.0, Culture=neutral, PublicKeyToken=null" name="StringStartsWithFailsIfStringToCompareIsNull" />
    </UnitTest>
    <UnitTest name="IsNotAnInstanceOfTypePassessForDifferentType" storage="c:\codeplex\munq\fluenttest\munq.fluenttest2010\munq.fluenttest.unittests\bin\debug\munq.fluenttest.unittests.dll" id="e38d70e6-3d9f-a774-6903-f4d916e97af7">
      <Execution id="cfce07a9-92cb-474d-8ea3-b0aba3265c97" />
      <TestMethod codeBase="C:/codeplex/Munq/FluentTest/Munq.FluentTest2010/Munq.FluentTest.UnitTests/bin/Debug/Munq.FluentTest.UnitTests.DLL" adapterTypeName="Microsoft.VisualStudio.TestTools.TestTypes.Unit.UnitTestAdapter, Microsoft.VisualStudio.QualityTools.Tips.UnitTest.Adapter, Version=10.0.0.0, Culture=neutral, PublicKeyToken=b03f5f7f11d50a3a" className="Munq.FluentTest.UnitTests.IFluentTestObjectIsInstanceOfTest, Munq.FluentTest.UnitTests, Version=1.0.0.0, Culture=neutral, PublicKeyToken=null" name="IsNotAnInstanceOfTypePassessForDifferentType" />
    </UnitTest>
    <UnitTest name="StringDoesNotStartWithFailsIfStringToCompareIsNull" storage="c:\codeplex\munq\fluenttest\munq.fluenttest2010\munq.fluenttest.unittests\bin\debug\munq.fluenttest.unittests.dll" id="509b077d-a6a7-fc02-5bff-7b9cebbbd2b2">
      <Execution id="21591451-b272-42a9-9774-512c245b6bfe" />
      <TestMethod codeBase="C:/codeplex/Munq/FluentTest/Munq.FluentTest2010/Munq.FluentTest.UnitTests/bin/Debug/Munq.FluentTest.UnitTests.DLL" adapterTypeName="Microsoft.VisualStudio.TestTools.TestTypes.Unit.UnitTestAdapter, Microsoft.VisualStudio.QualityTools.Tips.UnitTest.Adapter, Version=10.0.0.0, Culture=neutral, PublicKeyToken=b03f5f7f11d50a3a" className="Munq.FluentTest.UnitTests.IFluentTestStringStartsWithTest, Munq.FluentTest.UnitTests, Version=1.0.0.0, Culture=neutral, PublicKeyToken=null" name="StringDoesNotStartWithFailsIfStringToCompareIsNull" />
    </UnitTest>
    <UnitTest name="StringStartsWithFailsIfDoesNotStartWithString" storage="c:\codeplex\munq\fluenttest\munq.fluenttest2010\munq.fluenttest.unittests\bin\debug\munq.fluenttest.unittests.dll" id="c89ed292-1699-5f98-80c0-cb764471e327">
      <Execution id="464416ad-3fd6-424e-a788-2e91e084906c" />
      <TestMethod codeBase="C:/codeplex/Munq/FluentTest/Munq.FluentTest2010/Munq.FluentTest.UnitTests/bin/Debug/Munq.FluentTest.UnitTests.DLL" adapterTypeName="Microsoft.VisualStudio.TestTools.TestTypes.Unit.UnitTestAdapter, Microsoft.VisualStudio.QualityTools.Tips.UnitTest.Adapter, Version=10.0.0.0, Culture=neutral, PublicKeyToken=b03f5f7f11d50a3a" className="Munq.FluentTest.UnitTests.IFluentTestStringStartsWithTest, Munq.FluentTest.UnitTests, Version=1.0.0.0, Culture=neutral, PublicKeyToken=null" name="StringStartsWithFailsIfDoesNotStartWithString" />
    </UnitTest>
    <UnitTest name="StringIsNotEmptyFailsIfIsEmpty" storage="c:\codeplex\munq\fluenttest\munq.fluenttest2010\munq.fluenttest.unittests\bin\debug\munq.fluenttest.unittests.dll" id="4efdda0e-b511-fc18-a55f-1ab289a65a0e">
      <Execution id="e2912e59-1da2-470a-b36a-b9b21135c20b" />
      <TestMethod codeBase="C:/codeplex/Munq/FluentTest/Munq.FluentTest2010/Munq.FluentTest.UnitTests/bin/Debug/Munq.FluentTest.UnitTests.DLL" adapterTypeName="Microsoft.VisualStudio.TestTools.TestTypes.Unit.UnitTestAdapter, Microsoft.VisualStudio.QualityTools.Tips.UnitTest.Adapter, Version=10.0.0.0, Culture=neutral, PublicKeyToken=b03f5f7f11d50a3a" className="Munq.FluentTest.UnitTests.IFluentTestStringIsEmptyToTest, Munq.FluentTest.UnitTests, Version=1.0.0.0, Culture=neutral, PublicKeyToken=null" name="StringIsNotEmptyFailsIfIsEmpty" />
    </UnitTest>
    <UnitTest name="IsEqualToFailsIfCollectionToCompareIsNull" storage="c:\codeplex\munq\fluenttest\munq.fluenttest2010\munq.fluenttest.unittests\bin\debug\munq.fluenttest.unittests.dll" id="c0b8758a-00f8-2e71-22e1-a54c0e34c3eb">
      <Execution id="1bb0fa03-35e9-45eb-a5b8-d4512eb1ed63" />
      <TestMethod codeBase="C:/codeplex/Munq/FluentTest/Munq.FluentTest2010/Munq.FluentTest.UnitTests/bin/Debug/Munq.FluentTest.UnitTests.DLL" adapterTypeName="Microsoft.VisualStudio.TestTools.TestTypes.Unit.UnitTestAdapter, Microsoft.VisualStudio.QualityTools.Tips.UnitTest.Adapter, Version=10.0.0.0, Culture=neutral, PublicKeyToken=b03f5f7f11d50a3a" className="Munq.FluentTest.UnitTests.IFluentTestCollectionIsEqualToTest, Munq.FluentTest.UnitTests, Version=1.0.0.0, Culture=neutral, PublicKeyToken=null" name="IsEqualToFailsIfCollectionToCompareIsNull" />
    </UnitTest>
    <UnitTest name="StringDoesNotStartWithFailsIfStringToCompareIsEmpty" storage="c:\codeplex\munq\fluenttest\munq.fluenttest2010\munq.fluenttest.unittests\bin\debug\munq.fluenttest.unittests.dll" id="f2618cd2-1cbb-1d7b-65e5-4b947b9fe0c0">
      <Execution id="8fa106cb-37a1-4501-bb33-d215a44c2c37" />
      <TestMethod codeBase="C:/codeplex/Munq/FluentTest/Munq.FluentTest2010/Munq.FluentTest.UnitTests/bin/Debug/Munq.FluentTest.UnitTests.DLL" adapterTypeName="Microsoft.VisualStudio.TestTools.TestTypes.Unit.UnitTestAdapter, Microsoft.VisualStudio.QualityTools.Tips.UnitTest.Adapter, Version=10.0.0.0, Culture=neutral, PublicKeyToken=b03f5f7f11d50a3a" className="Munq.FluentTest.UnitTests.IFluentTestStringStartsWithTest, Munq.FluentTest.UnitTests, Version=1.0.0.0, Culture=neutral, PublicKeyToken=null" name="StringDoesNotStartWithFailsIfStringToCompareIsEmpty" />
    </UnitTest>
    <UnitTest name="IsEqualFailsForDifferentTestAndCompareObjects" storage="c:\codeplex\munq\fluenttest\munq.fluenttest2010\munq.fluenttest.unittests\bin\debug\munq.fluenttest.unittests.dll" id="dad984f6-5d2b-46bd-affa-d3af8dc65db1">
      <Execution id="f1795514-4772-4829-9109-c9e395f2b0e8" />
      <TestMethod codeBase="C:/codeplex/Munq/FluentTest/Munq.FluentTest2010/Munq.FluentTest.UnitTests/bin/Debug/Munq.FluentTest.UnitTests.DLL" adapterTypeName="Microsoft.VisualStudio.TestTools.TestTypes.Unit.UnitTestAdapter, Microsoft.VisualStudio.QualityTools.Tips.UnitTest.Adapter, Version=10.0.0.0, Culture=neutral, PublicKeyToken=b03f5f7f11d50a3a" className="Munq.FluentTest.UnitTests.IFluentTestObjectIsEqualTest, Munq.FluentTest.UnitTests, Version=1.0.0.0, Culture=neutral, PublicKeyToken=null" name="IsEqualFailsForDifferentTestAndCompareObjects" />
    </UnitTest>
    <UnitTest name="IsTrueFailsForNonBool" storage="c:\codeplex\munq\fluenttest\munq.fluenttest2010\munq.fluenttest.unittests\bin\debug\munq.fluenttest.unittests.dll" id="98037ae4-2d1f-600a-b77b-1d5665246705">
      <Execution id="2c4c4464-ed40-4ed2-8d58-289e364306f0" />
      <TestMethod codeBase="C:/codeplex/Munq/FluentTest/Munq.FluentTest2010/Munq.FluentTest.UnitTests/bin/Debug/Munq.FluentTest.UnitTests.DLL" adapterTypeName="Microsoft.VisualStudio.TestTools.TestTypes.Unit.UnitTestAdapter, Microsoft.VisualStudio.QualityTools.Tips.UnitTest.Adapter, Version=10.0.0.0, Culture=neutral, PublicKeyToken=b03f5f7f11d50a3a" className="Munq.FluentTest.UnitTests.IFluentTestObjectIsTrueOrFalseTest, Munq.FluentTest.UnitTests, Version=1.0.0.0, Culture=neutral, PublicKeyToken=null" name="IsTrueFailsForNonBool" />
    </UnitTest>
    <UnitTest name="IsEqualFailsForNullTestAndNonNullCompareObjects" storage="c:\codeplex\munq\fluenttest\munq.fluenttest2010\munq.fluenttest.unittests\bin\debug\munq.fluenttest.unittests.dll" id="80b8d91d-ea96-12f1-5c16-49583da9652b">
      <Execution id="43dcb649-39f4-4cbe-ab3e-64520adbf8b6" />
      <TestMethod codeBase="C:/codeplex/Munq/FluentTest/Munq.FluentTest2010/Munq.FluentTest.UnitTests/bin/Debug/Munq.FluentTest.UnitTests.DLL" adapterTypeName="Microsoft.VisualStudio.TestTools.TestTypes.Unit.UnitTestAdapter, Microsoft.VisualStudio.QualityTools.Tips.UnitTest.Adapter, Version=10.0.0.0, Culture=neutral, PublicKeyToken=b03f5f7f11d50a3a" className="Munq.FluentTest.UnitTests.IFluentTestObjectIsEqualTest, Munq.FluentTest.UnitTests, Version=1.0.0.0, Culture=neutral, PublicKeyToken=null" name="IsEqualFailsForNullTestAndNonNullCompareObjects" />
    </UnitTest>
    <UnitTest name="DoesNotContainPassesIfStringToCompareIsNull" storage="c:\codeplex\munq\fluenttest\munq.fluenttest2010\munq.fluenttest.unittests\bin\debug\munq.fluenttest.unittests.dll" id="fc0063b0-a0fd-143a-60e0-e44267fa1e66">
      <Execution id="8034cb2b-7a8a-4d5c-b481-d124ea60f4cb" />
      <TestMethod codeBase="C:/codeplex/Munq/FluentTest/Munq.FluentTest2010/Munq.FluentTest.UnitTests/bin/Debug/Munq.FluentTest.UnitTests.DLL" adapterTypeName="Microsoft.VisualStudio.TestTools.TestTypes.Unit.UnitTestAdapter, Microsoft.VisualStudio.QualityTools.Tips.UnitTest.Adapter, Version=10.0.0.0, Culture=neutral, PublicKeyToken=b03f5f7f11d50a3a" className="Munq.FluentTest.UnitTests.IFluentTestStringContainsTest, Munq.FluentTest.UnitTests, Version=1.0.0.0, Culture=neutral, PublicKeyToken=null" name="DoesNotContainPassesIfStringToCompareIsNull" />
    </UnitTest>
    <UnitTest name="IsAnInstanceOfTypeFailsIfDifferentType" storage="c:\codeplex\munq\fluenttest\munq.fluenttest2010\munq.fluenttest.unittests\bin\debug\munq.fluenttest.unittests.dll" id="afdd0ba6-859e-a16c-00d2-0357839e21d8">
      <Execution id="4aa89c08-2ae7-41cf-860e-169e0eced89b" />
      <TestMethod codeBase="C:/codeplex/Munq/FluentTest/Munq.FluentTest2010/Munq.FluentTest.UnitTests/bin/Debug/Munq.FluentTest.UnitTests.DLL" adapterTypeName="Microsoft.VisualStudio.TestTools.TestTypes.Unit.UnitTestAdapter, Microsoft.VisualStudio.QualityTools.Tips.UnitTest.Adapter, Version=10.0.0.0, Culture=neutral, PublicKeyToken=b03f5f7f11d50a3a" className="Munq.FluentTest.UnitTests.IFluentTestCollectionIsAnInstanceOfTypeTest, Munq.FluentTest.UnitTests, Version=1.0.0.0, Culture=neutral, PublicKeyToken=null" name="IsAnInstanceOfTypeFailsIfDifferentType" />
    </UnitTest>
    <UnitTest name="IsEqualFailsForNonNullTestAndNullCompareObjects" storage="c:\codeplex\munq\fluenttest\munq.fluenttest2010\munq.fluenttest.unittests\bin\debug\munq.fluenttest.unittests.dll" id="86438a59-a53b-6da8-3b59-69e204b0e6dc">
      <Execution id="ac8e7f60-b03b-4a6a-b856-73a27a8cfff6" />
      <TestMethod codeBase="C:/codeplex/Munq/FluentTest/Munq.FluentTest2010/Munq.FluentTest.UnitTests/bin/Debug/Munq.FluentTest.UnitTests.DLL" adapterTypeName="Microsoft.VisualStudio.TestTools.TestTypes.Unit.UnitTestAdapter, Microsoft.VisualStudio.QualityTools.Tips.UnitTest.Adapter, Version=10.0.0.0, Culture=neutral, PublicKeyToken=b03f5f7f11d50a3a" className="Munq.FluentTest.UnitTests.IFluentTestObjectIsEqualTest, Munq.FluentTest.UnitTests, Version=1.0.0.0, Culture=neutral, PublicKeyToken=null" name="IsEqualFailsForNonNullTestAndNullCompareObjects" />
    </UnitTest>
    <UnitTest name="DoesNotMatchPassesForNonMatchingRegEx" storage="c:\codeplex\munq\fluenttest\munq.fluenttest2010\munq.fluenttest.unittests\bin\debug\munq.fluenttest.unittests.dll" id="146430f2-3a9b-1a16-46bb-60dc08488dc9">
      <Execution id="5600f5c7-cf2b-4675-8c9b-242a332f0acd" />
      <TestMethod codeBase="C:/codeplex/Munq/FluentTest/Munq.FluentTest2010/Munq.FluentTest.UnitTests/bin/Debug/Munq.FluentTest.UnitTests.DLL" adapterTypeName="Microsoft.VisualStudio.TestTools.TestTypes.Unit.UnitTestAdapter, Microsoft.VisualStudio.QualityTools.Tips.UnitTest.Adapter, Version=10.0.0.0, Culture=neutral, PublicKeyToken=b03f5f7f11d50a3a" className="Munq.FluentTest.UnitTests.IFluentTestStringMatchesTest, Munq.FluentTest.UnitTests, Version=1.0.0.0, Culture=neutral, PublicKeyToken=null" name="DoesNotMatchPassesForNonMatchingRegEx" />
    </UnitTest>
    <UnitTest name="StringIsNotEqualToFailsIfStringToCompareIsNull" storage="c:\codeplex\munq\fluenttest\munq.fluenttest2010\munq.fluenttest.unittests\bin\debug\munq.fluenttest.unittests.dll" id="32522b3b-dabd-3ffa-38db-1066765c70dc">
      <Execution id="103091f0-ca90-4a37-b829-01bf1b28d070" />
      <TestMethod codeBase="C:/codeplex/Munq/FluentTest/Munq.FluentTest2010/Munq.FluentTest.UnitTests/bin/Debug/Munq.FluentTest.UnitTests.DLL" adapterTypeName="Microsoft.VisualStudio.TestTools.TestTypes.Unit.UnitTestAdapter, Microsoft.VisualStudio.QualityTools.Tips.UnitTest.Adapter, Version=10.0.0.0, Culture=neutral, PublicKeyToken=b03f5f7f11d50a3a" className="Munq.FluentTest.UnitTests.IFluentTestStringIsEqualToTest, Munq.FluentTest.UnitTests, Version=1.0.0.0, Culture=neutral, PublicKeyToken=null" name="StringIsNotEqualToFailsIfStringToCompareIsNull" />
    </UnitTest>
    <UnitTest name="IsNotNullFailsForNull" storage="c:\codeplex\munq\fluenttest\munq.fluenttest2010\munq.fluenttest.unittests\bin\debug\munq.fluenttest.unittests.dll" id="39e86774-8a09-ec76-0dac-30a35463ae8b">
      <Execution id="e3c0663d-c2e8-4a5c-906b-ac96f6ba4ef4" />
      <TestMethod codeBase="C:/codeplex/Munq/FluentTest/Munq.FluentTest2010/Munq.FluentTest.UnitTests/bin/Debug/Munq.FluentTest.UnitTests.DLL" adapterTypeName="Microsoft.VisualStudio.TestTools.TestTypes.Unit.UnitTestAdapter, Microsoft.VisualStudio.QualityTools.Tips.UnitTest.Adapter, Version=10.0.0.0, Culture=neutral, PublicKeyToken=b03f5f7f11d50a3a" className="Munq.FluentTest.UnitTests.IFluentTestObjectIsNotNullTest, Munq.FluentTest.UnitTests, Version=1.0.0.0, Culture=neutral, PublicKeyToken=null" name="IsNotNullFailsForNull" />
    </UnitTest>
    <UnitTest name="IsEqualPassesForEqualTestAndCompareObjects" storage="c:\codeplex\munq\fluenttest\munq.fluenttest2010\munq.fluenttest.unittests\bin\debug\munq.fluenttest.unittests.dll" id="dc0697b7-5c55-b411-f8b9-f13821119ab3">
      <Execution id="9780748c-1a63-4939-b1c5-0fc76f454acc" />
      <TestMethod codeBase="C:/codeplex/Munq/FluentTest/Munq.FluentTest2010/Munq.FluentTest.UnitTests/bin/Debug/Munq.FluentTest.UnitTests.DLL" adapterTypeName="Microsoft.VisualStudio.TestTools.TestTypes.Unit.UnitTestAdapter, Microsoft.VisualStudio.QualityTools.Tips.UnitTest.Adapter, Version=10.0.0.0, Culture=neutral, PublicKeyToken=b03f5f7f11d50a3a" className="Munq.FluentTest.UnitTests.IFluentTestObjectIsEqualTest, Munq.FluentTest.UnitTests, Version=1.0.0.0, Culture=neutral, PublicKeyToken=null" name="IsEqualPassesForEqualTestAndCompareObjects" />
    </UnitTest>
    <UnitTest name="DoesNotMatchFailsForNullCompareRegEx" storage="c:\codeplex\munq\fluenttest\munq.fluenttest2010\munq.fluenttest.unittests\bin\debug\munq.fluenttest.unittests.dll" id="34da5364-8457-c63c-7e0e-0f53335a9130">
      <Execution id="c7c906d0-4d47-4bce-82b8-af5c612aa50d" />
      <TestMethod codeBase="C:/codeplex/Munq/FluentTest/Munq.FluentTest2010/Munq.FluentTest.UnitTests/bin/Debug/Munq.FluentTest.UnitTests.DLL" adapterTypeName="Microsoft.VisualStudio.TestTools.TestTypes.Unit.UnitTestAdapter, Microsoft.VisualStudio.QualityTools.Tips.UnitTest.Adapter, Version=10.0.0.0, Culture=neutral, PublicKeyToken=b03f5f7f11d50a3a" className="Munq.FluentTest.UnitTests.IFluentTestStringMatchesTest, Munq.FluentTest.UnitTests, Version=1.0.0.0, Culture=neutral, PublicKeyToken=null" name="DoesNotMatchFailsForNullCompareRegEx" />
    </UnitTest>
    <UnitTest name="IsAStringPassesForString" storage="c:\codeplex\munq\fluenttest\munq.fluenttest2010\munq.fluenttest.unittests\bin\debug\munq.fluenttest.unittests.dll" id="1015d8ee-752d-8ce9-4292-9cf12b1a37cc">
      <Execution id="b2ea3356-e2e0-42e3-aab7-32e5061263be" />
      <TestMethod codeBase="C:/codeplex/Munq/FluentTest/Munq.FluentTest2010/Munq.FluentTest.UnitTests/bin/Debug/Munq.FluentTest.UnitTests.DLL" adapterTypeName="Microsoft.VisualStudio.TestTools.TestTypes.Unit.UnitTestAdapter, Microsoft.VisualStudio.QualityTools.Tips.UnitTest.Adapter, Version=10.0.0.0, Culture=neutral, PublicKeyToken=b03f5f7f11d50a3a" className="Munq.FluentTest.UnitTests.IFluentTestObjectIsStringOrCollectionTest, Munq.FluentTest.UnitTests, Version=1.0.0.0, Culture=neutral, PublicKeyToken=null" name="IsAStringPassesForString" />
    </UnitTest>
    <UnitTest name="IsAStringFailsForNonString" storage="c:\codeplex\munq\fluenttest\munq.fluenttest2010\munq.fluenttest.unittests\bin\debug\munq.fluenttest.unittests.dll" id="d166c49e-029f-4514-4269-24ad6e5f3074">
      <Execution id="83e54848-b9cb-402a-9e10-1d5f4cb50519" />
      <TestMethod codeBase="C:/codeplex/Munq/FluentTest/Munq.FluentTest2010/Munq.FluentTest.UnitTests/bin/Debug/Munq.FluentTest.UnitTests.DLL" adapterTypeName="Microsoft.VisualStudio.TestTools.TestTypes.Unit.UnitTestAdapter, Microsoft.VisualStudio.QualityTools.Tips.UnitTest.Adapter, Version=10.0.0.0, Culture=neutral, PublicKeyToken=b03f5f7f11d50a3a" className="Munq.FluentTest.UnitTests.IFluentTestObjectIsStringOrCollectionTest, Munq.FluentTest.UnitTests, Version=1.0.0.0, Culture=neutral, PublicKeyToken=null" name="IsAStringFailsForNonString" />
    </UnitTest>
    <UnitTest name="IsNotTheSameObjectPassesForDifferentTestAndCompareObjects" storage="c:\codeplex\munq\fluenttest\munq.fluenttest2010\munq.fluenttest.unittests\bin\debug\munq.fluenttest.unittests.dll" id="c0be272d-cd43-650e-86e0-d84d50bd7643">
      <Execution id="ab4eff28-3fbe-4c0c-8404-bf98b5ffdc06" />
      <TestMethod codeBase="C:/codeplex/Munq/FluentTest/Munq.FluentTest2010/Munq.FluentTest.UnitTests/bin/Debug/Munq.FluentTest.UnitTests.DLL" adapterTypeName="Microsoft.VisualStudio.TestTools.TestTypes.Unit.UnitTestAdapter, Microsoft.VisualStudio.QualityTools.Tips.UnitTest.Adapter, Version=10.0.0.0, Culture=neutral, PublicKeyToken=b03f5f7f11d50a3a" className="Munq.FluentTest.UnitTests.IFluentTestObjectIsSameAsTest, Munq.FluentTest.UnitTests, Version=1.0.0.0, Culture=neutral, PublicKeyToken=null" name="IsNotTheSameObjectPassesForDifferentTestAndCompareObjects" />
    </UnitTest>
    <UnitTest name="MatchesPassesForMatchingRegEx" storage="c:\codeplex\munq\fluenttest\munq.fluenttest2010\munq.fluenttest.unittests\bin\debug\munq.fluenttest.unittests.dll" id="50295921-0fee-4c6c-ec72-7ada0611b4e9">
      <Execution id="da077afe-30a4-4051-96d7-ba53efb725b5" />
      <TestMethod codeBase="C:/codeplex/Munq/FluentTest/Munq.FluentTest2010/Munq.FluentTest.UnitTests/bin/Debug/Munq.FluentTest.UnitTests.DLL" adapterTypeName="Microsoft.VisualStudio.TestTools.TestTypes.Unit.UnitTestAdapter, Microsoft.VisualStudio.QualityTools.Tips.UnitTest.Adapter, Version=10.0.0.0, Culture=neutral, PublicKeyToken=b03f5f7f11d50a3a" className="Munq.FluentTest.UnitTests.IFluentTestStringMatchesTest, Munq.FluentTest.UnitTests, Version=1.0.0.0, Culture=neutral, PublicKeyToken=null" name="MatchesPassesForMatchingRegEx" />
    </UnitTest>
    <UnitTest name="DoesNotMatchFailsForMatchingRegEx" storage="c:\codeplex\munq\fluenttest\munq.fluenttest2010\munq.fluenttest.unittests\bin\debug\munq.fluenttest.unittests.dll" id="d1714117-6982-985c-9a68-a45e0baf80a8">
      <Execution id="b747de8b-30d2-4514-9bb5-e5ccb471352b" />
      <TestMethod codeBase="C:/codeplex/Munq/FluentTest/Munq.FluentTest2010/Munq.FluentTest.UnitTests/bin/Debug/Munq.FluentTest.UnitTests.DLL" adapterTypeName="Microsoft.VisualStudio.TestTools.TestTypes.Unit.UnitTestAdapter, Microsoft.VisualStudio.QualityTools.Tips.UnitTest.Adapter, Version=10.0.0.0, Culture=neutral, PublicKeyToken=b03f5f7f11d50a3a" className="Munq.FluentTest.UnitTests.IFluentTestStringMatchesTest, Munq.FluentTest.UnitTests, Version=1.0.0.0, Culture=neutral, PublicKeyToken=null" name="DoesNotMatchFailsForMatchingRegEx" />
    </UnitTest>
    <UnitTest name="IsTrueFailsForFalse" storage="c:\codeplex\munq\fluenttest\munq.fluenttest2010\munq.fluenttest.unittests\bin\debug\munq.fluenttest.unittests.dll" id="c7f7effa-dc69-0582-2389-c73c9f90c392">
      <Execution id="eb7601fa-c81b-4f8a-a4e2-3b3909d03450" />
      <TestMethod codeBase="C:/codeplex/Munq/FluentTest/Munq.FluentTest2010/Munq.FluentTest.UnitTests/bin/Debug/Munq.FluentTest.UnitTests.DLL" adapterTypeName="Microsoft.VisualStudio.TestTools.TestTypes.Unit.UnitTestAdapter, Microsoft.VisualStudio.QualityTools.Tips.UnitTest.Adapter, Version=10.0.0.0, Culture=neutral, PublicKeyToken=b03f5f7f11d50a3a" className="Munq.FluentTest.UnitTests.IFluentTestObjectIsTrueOrFalseTest, Munq.FluentTest.UnitTests, Version=1.0.0.0, Culture=neutral, PublicKeyToken=null" name="IsTrueFailsForFalse" />
    </UnitTest>
    <UnitTest name="IsNotEqualFailsForEqualTestAndCompareObjects" storage="c:\codeplex\munq\fluenttest\munq.fluenttest2010\munq.fluenttest.unittests\bin\debug\munq.fluenttest.unittests.dll" id="7fa9ff12-44e1-c2a8-7561-37439b89b14d">
      <Execution id="8105234d-2e03-465d-bc98-fa998bd74640" />
      <TestMethod codeBase="C:/codeplex/Munq/FluentTest/Munq.FluentTest2010/Munq.FluentTest.UnitTests/bin/Debug/Munq.FluentTest.UnitTests.DLL" adapterTypeName="Microsoft.VisualStudio.TestTools.TestTypes.Unit.UnitTestAdapter, Microsoft.VisualStudio.QualityTools.Tips.UnitTest.Adapter, Version=10.0.0.0, Culture=neutral, PublicKeyToken=b03f5f7f11d50a3a" className="Munq.FluentTest.UnitTests.IFluentTestObjectIsEqualTest, Munq.FluentTest.UnitTests, Version=1.0.0.0, Culture=neutral, PublicKeyToken=null" name="IsNotEqualFailsForEqualTestAndCompareObjects" />
    </UnitTest>
    <UnitTest name="DoesNotContainFailsIfStringToCompareIsEmpty" storage="c:\codeplex\munq\fluenttest\munq.fluenttest2010\munq.fluenttest.unittests\bin\debug\munq.fluenttest.unittests.dll" id="ab3ce79d-13c7-0f7e-ef8a-be8254d3191c">
      <Execution id="1682edd3-dde4-4f73-86c9-e78a9c56f08f" />
      <TestMethod codeBase="C:/codeplex/Munq/FluentTest/Munq.FluentTest2010/Munq.FluentTest.UnitTests/bin/Debug/Munq.FluentTest.UnitTests.DLL" adapterTypeName="Microsoft.VisualStudio.TestTools.TestTypes.Unit.UnitTestAdapter, Microsoft.VisualStudio.QualityTools.Tips.UnitTest.Adapter, Version=10.0.0.0, Culture=neutral, PublicKeyToken=b03f5f7f11d50a3a" className="Munq.FluentTest.UnitTests.IFluentTestStringContainsTest, Munq.FluentTest.UnitTests, Version=1.0.0.0, Culture=neutral, PublicKeyToken=null" name="DoesNotContainFailsIfStringToCompareIsEmpty" />
    </UnitTest>
    <UnitTest name="StringDoesNotEndWithFailsIfStringToCompareIsEmpty" storage="c:\codeplex\munq\fluenttest\munq.fluenttest2010\munq.fluenttest.unittests\bin\debug\munq.fluenttest.unittests.dll" id="9e631207-9eac-6a3b-506b-34e5bacd4ce6">
      <Execution id="16e6e1ef-ec90-44d7-aefb-c51207f71c3d" />
      <TestMethod codeBase="C:/codeplex/Munq/FluentTest/Munq.FluentTest2010/Munq.FluentTest.UnitTests/bin/Debug/Munq.FluentTest.UnitTests.DLL" adapterTypeName="Microsoft.VisualStudio.TestTools.TestTypes.Unit.UnitTestAdapter, Microsoft.VisualStudio.QualityTools.Tips.UnitTest.Adapter, Version=10.0.0.0, Culture=neutral, PublicKeyToken=b03f5f7f11d50a3a" className="Munq.FluentTest.UnitTests.IFluentTestStringEndsWithTest, Munq.FluentTest.UnitTests, Version=1.0.0.0, Culture=neutral, PublicKeyToken=null" name="StringDoesNotEndWithFailsIfStringToCompareIsEmpty" />
    </UnitTest>
    <UnitTest name="StringEndsWithPassesIfStringEndsWithStringToCompare" storage="c:\codeplex\munq\fluenttest\munq.fluenttest2010\munq.fluenttest.unittests\bin\debug\munq.fluenttest.unittests.dll" id="f2a82eb7-150d-156d-d938-599bb438c83a">
      <Execution id="9d4c8e23-99b0-40ae-bcf1-ba2c8e7612d5" />
      <TestMethod codeBase="C:/codeplex/Munq/FluentTest/Munq.FluentTest2010/Munq.FluentTest.UnitTests/bin/Debug/Munq.FluentTest.UnitTests.DLL" adapterTypeName="Microsoft.VisualStudio.TestTools.TestTypes.Unit.UnitTestAdapter, Microsoft.VisualStudio.QualityTools.Tips.UnitTest.Adapter, Version=10.0.0.0, Culture=neutral, PublicKeyToken=b03f5f7f11d50a3a" className="Munq.FluentTest.UnitTests.IFluentTestStringEndsWithTest, Munq.FluentTest.UnitTests, Version=1.0.0.0, Culture=neutral, PublicKeyToken=null" name="StringEndsWithPassesIfStringEndsWithStringToCompare" />
    </UnitTest>
    <UnitTest name="StringDoesNotStartWithFailsIfStartsWithString" storage="c:\codeplex\munq\fluenttest\munq.fluenttest2010\munq.fluenttest.unittests\bin\debug\munq.fluenttest.unittests.dll" id="b166461a-58ca-2c71-35b2-b7200b7a7044">
      <Execution id="368520e2-f2d5-4029-80d5-2586f679275f" />
      <TestMethod codeBase="C:/codeplex/Munq/FluentTest/Munq.FluentTest2010/Munq.FluentTest.UnitTests/bin/Debug/Munq.FluentTest.UnitTests.DLL" adapterTypeName="Microsoft.VisualStudio.TestTools.TestTypes.Unit.UnitTestAdapter, Microsoft.VisualStudio.QualityTools.Tips.UnitTest.Adapter, Version=10.0.0.0, Culture=neutral, PublicKeyToken=b03f5f7f11d50a3a" className="Munq.FluentTest.UnitTests.IFluentTestStringStartsWithTest, Munq.FluentTest.UnitTests, Version=1.0.0.0, Culture=neutral, PublicKeyToken=null" name="StringDoesNotStartWithFailsIfStartsWithString" />
    </UnitTest>
    <UnitTest name="AllItemsAreInstancesOfTypePassesIfSpecifiedTypeIsNullAndAllItemsNull" storage="c:\codeplex\munq\fluenttest\munq.fluenttest2010\munq.fluenttest.unittests\bin\debug\munq.fluenttest.unittests.dll" id="26a024c9-5062-21c5-c134-7bfcea781980">
      <Execution id="58d79f2d-fd58-44ed-aa6a-afb1735fb107" />
      <TestMethod codeBase="C:/codeplex/Munq/FluentTest/Munq.FluentTest2010/Munq.FluentTest.UnitTests/bin/Debug/Munq.FluentTest.UnitTests.DLL" adapterTypeName="Microsoft.VisualStudio.TestTools.TestTypes.Unit.UnitTestAdapter, Microsoft.VisualStudio.QualityTools.Tips.UnitTest.Adapter, Version=10.0.0.0, Culture=neutral, PublicKeyToken=b03f5f7f11d50a3a" className="Munq.FluentTest.UnitTests.IFluentTestCollectionAllItemsAreInstancesOfTypeTest, Munq.FluentTest.UnitTests, Version=1.0.0.0, Culture=neutral, PublicKeyToken=null" name="AllItemsAreInstancesOfTypePassesIfSpecifiedTypeIsNullAndAllItemsNull" />
    </UnitTest>
    <UnitTest name="StringIsEqualToFailsIfDoesIsEqualTotring" storage="c:\codeplex\munq\fluenttest\munq.fluenttest2010\munq.fluenttest.unittests\bin\debug\munq.fluenttest.unittests.dll" id="27dfb1e9-3d4b-6c0b-54c8-884ead110ac0">
      <Execution id="07642410-cb3f-4158-a31b-c4b5c293df79" />
      <TestMethod codeBase="C:/codeplex/Munq/FluentTest/Munq.FluentTest2010/Munq.FluentTest.UnitTests/bin/Debug/Munq.FluentTest.UnitTests.DLL" adapterTypeName="Microsoft.VisualStudio.TestTools.TestTypes.Unit.UnitTestAdapter, Microsoft.VisualStudio.QualityTools.Tips.UnitTest.Adapter, Version=10.0.0.0, Culture=neutral, PublicKeyToken=b03f5f7f11d50a3a" className="Munq.FluentTest.UnitTests.IFluentTestStringIsEqualToTest, Munq.FluentTest.UnitTests, Version=1.0.0.0, Culture=neutral, PublicKeyToken=null" name="StringIsEqualToFailsIfDoesIsEqualTotring" />
    </UnitTest>
    <UnitTest name="StringIsEqualToPassesIfStringIsEqualToStringToCompare" storage="c:\codeplex\munq\fluenttest\munq.fluenttest2010\munq.fluenttest.unittests\bin\debug\munq.fluenttest.unittests.dll" id="02121f87-9e25-cd5a-bb4a-14ac090616c8">
      <Execution id="963f84a4-91db-4867-b3ff-c19f00ea8c8c" />
      <TestMethod codeBase="C:/codeplex/Munq/FluentTest/Munq.FluentTest2010/Munq.FluentTest.UnitTests/bin/Debug/Munq.FluentTest.UnitTests.DLL" adapterTypeName="Microsoft.VisualStudio.TestTools.TestTypes.Unit.UnitTestAdapter, Microsoft.VisualStudio.QualityTools.Tips.UnitTest.Adapter, Version=10.0.0.0, Culture=neutral, PublicKeyToken=b03f5f7f11d50a3a" className="Munq.FluentTest.UnitTests.IFluentTestStringIsEqualToTest, Munq.FluentTest.UnitTests, Version=1.0.0.0, Culture=neutral, PublicKeyToken=null" name="StringIsEqualToPassesIfStringIsEqualToStringToCompare" />
    </UnitTest>
    <UnitTest name="StringDoesNotEndWithPassesIfStringDoesNotEndWithStringToCompare" storage="c:\codeplex\munq\fluenttest\munq.fluenttest2010\munq.fluenttest.unittests\bin\debug\munq.fluenttest.unittests.dll" id="20ac32ed-f6a0-9c56-1418-80e41c4b5266">
      <Execution id="f1efa507-4270-4ceb-8236-ff1de0a76926" />
      <TestMethod codeBase="C:/codeplex/Munq/FluentTest/Munq.FluentTest2010/Munq.FluentTest.UnitTests/bin/Debug/Munq.FluentTest.UnitTests.DLL" adapterTypeName="Microsoft.VisualStudio.TestTools.TestTypes.Unit.UnitTestAdapter, Microsoft.VisualStudio.QualityTools.Tips.UnitTest.Adapter, Version=10.0.0.0, Culture=neutral, PublicKeyToken=b03f5f7f11d50a3a" className="Munq.FluentTest.UnitTests.IFluentTestStringEndsWithTest, Munq.FluentTest.UnitTests, Version=1.0.0.0, Culture=neutral, PublicKeyToken=null" name="StringDoesNotEndWithPassesIfStringDoesNotEndWithStringToCompare" />
    </UnitTest>
    <UnitTest name="IsTrueFailsForNull" storage="c:\codeplex\munq\fluenttest\munq.fluenttest2010\munq.fluenttest.unittests\bin\debug\munq.fluenttest.unittests.dll" id="bb66cc73-998c-9993-1784-eafa6ea54bbf">
      <Execution id="b1dda326-becb-4711-8d2f-2601017c583a" />
      <TestMethod codeBase="C:/codeplex/Munq/FluentTest/Munq.FluentTest2010/Munq.FluentTest.UnitTests/bin/Debug/Munq.FluentTest.UnitTests.DLL" adapterTypeName="Microsoft.VisualStudio.TestTools.TestTypes.Unit.UnitTestAdapter, Microsoft.VisualStudio.QualityTools.Tips.UnitTest.Adapter, Version=10.0.0.0, Culture=neutral, PublicKeyToken=b03f5f7f11d50a3a" className="Munq.FluentTest.UnitTests.IFluentTestObjectIsTrueOrFalseTest, Munq.FluentTest.UnitTests, Version=1.0.0.0, Culture=neutral, PublicKeyToken=null" name="IsTrueFailsForNull" />
    </UnitTest>
    <UnitTest name="AllItemsNotNullPassedIfAllItemAreNotNull" storage="c:\codeplex\munq\fluenttest\munq.fluenttest2010\munq.fluenttest.unittests\bin\debug\munq.fluenttest.unittests.dll" id="31684495-68d4-298a-7f1f-7bd5ea26ff58">
      <Execution id="145ca50c-8ded-416e-890a-990999334a2b" />
      <TestMethod codeBase="C:/codeplex/Munq/FluentTest/Munq.FluentTest2010/Munq.FluentTest.UnitTests/bin/Debug/Munq.FluentTest.UnitTests.DLL" adapterTypeName="Microsoft.VisualStudio.TestTools.TestTypes.Unit.UnitTestAdapter, Microsoft.VisualStudio.QualityTools.Tips.UnitTest.Adapter, Version=10.0.0.0, Culture=neutral, PublicKeyToken=b03f5f7f11d50a3a" className="Munq.FluentTest.UnitTests.IFluentTestCollectionAllItemsNotNullTest, Munq.FluentTest.UnitTests, Version=1.0.0.0, Culture=neutral, PublicKeyToken=null" name="AllItemsNotNullPassedIfAllItemAreNotNull" />
    </UnitTest>
    <UnitTest name="IsTheSameObjectFailsForDifferentTestAndCompareObjects" storage="c:\codeplex\munq\fluenttest\munq.fluenttest2010\munq.fluenttest.unittests\bin\debug\munq.fluenttest.unittests.dll" id="2181b46c-c2cf-0c6d-62d7-7d05d01d0305">
      <Execution id="2e21f5f8-5da1-4095-b5ec-67fc93ac734d" />
      <TestMethod codeBase="C:/codeplex/Munq/FluentTest/Munq.FluentTest2010/Munq.FluentTest.UnitTests/bin/Debug/Munq.FluentTest.UnitTests.DLL" adapterTypeName="Microsoft.VisualStudio.TestTools.TestTypes.Unit.UnitTestAdapter, Microsoft.VisualStudio.QualityTools.Tips.UnitTest.Adapter, Version=10.0.0.0, Culture=neutral, PublicKeyToken=b03f5f7f11d50a3a" className="Munq.FluentTest.UnitTests.IFluentTestObjectIsSameAsTest, Munq.FluentTest.UnitTests, Version=1.0.0.0, Culture=neutral, PublicKeyToken=null" name="IsTheSameObjectFailsForDifferentTestAndCompareObjects" />
    </UnitTest>
    <UnitTest name="IsNotSameCollectionFailsIfNull" storage="c:\codeplex\munq\fluenttest\munq.fluenttest2010\munq.fluenttest.unittests\bin\debug\munq.fluenttest.unittests.dll" id="a2917aab-4dda-3106-6a96-58654a69e063">
      <Execution id="52554b1c-dc52-4c27-8ab2-e51878e9a2ca" />
      <TestMethod codeBase="C:/codeplex/Munq/FluentTest/Munq.FluentTest2010/Munq.FluentTest.UnitTests/bin/Debug/Munq.FluentTest.UnitTests.DLL" adapterTypeName="Microsoft.VisualStudio.TestTools.TestTypes.Unit.UnitTestAdapter, Microsoft.VisualStudio.QualityTools.Tips.UnitTest.Adapter, Version=10.0.0.0, Culture=neutral, PublicKeyToken=b03f5f7f11d50a3a" className="Munq.FluentTest.UnitTests.IFluentTestCollectionIsTheSameCollectionAsTest, Munq.FluentTest.UnitTests, Version=1.0.0.0, Culture=neutral, PublicKeyToken=null" name="IsNotSameCollectionFailsIfNull" />
    </UnitTest>
    <UnitTest name="AllItemsAreUniqueFailsIfAnyIsDuplicated" storage="c:\codeplex\munq\fluenttest\munq.fluenttest2010\munq.fluenttest.unittests\bin\debug\munq.fluenttest.unittests.dll" id="31155152-104d-c45e-6a0c-5205f3c571e4">
      <Execution id="d3f124e1-c7c7-4d45-982c-893fb6cacf83" />
      <TestMethod codeBase="C:/codeplex/Munq/FluentTest/Munq.FluentTest2010/Munq.FluentTest.UnitTests/bin/Debug/Munq.FluentTest.UnitTests.DLL" adapterTypeName="Microsoft.VisualStudio.TestTools.TestTypes.Unit.UnitTestAdapter, Microsoft.VisualStudio.QualityTools.Tips.UnitTest.Adapter, Version=10.0.0.0, Culture=neutral, PublicKeyToken=b03f5f7f11d50a3a" className="Munq.FluentTest.UnitTests.IFluentTestCollectionAllItemsAreUniqueTest, Munq.FluentTest.UnitTests, Version=1.0.0.0, Culture=neutral, PublicKeyToken=null" name="AllItemsAreUniqueFailsIfAnyIsDuplicated" />
    </UnitTest>
    <UnitTest name="IsEqualPassesForNullTestAndCompareObjects" storage="c:\codeplex\munq\fluenttest\munq.fluenttest2010\munq.fluenttest.unittests\bin\debug\munq.fluenttest.unittests.dll" id="2abf670b-254e-fa75-be66-a5f72d25015f">
      <Execution id="9699f991-1638-473b-ad54-f8fec5d77575" />
      <TestMethod codeBase="C:/codeplex/Munq/FluentTest/Munq.FluentTest2010/Munq.FluentTest.UnitTests/bin/Debug/Munq.FluentTest.UnitTests.DLL" adapterTypeName="Microsoft.VisualStudio.TestTools.TestTypes.Unit.UnitTestAdapter, Microsoft.VisualStudio.QualityTools.Tips.UnitTest.Adapter, Version=10.0.0.0, Culture=neutral, PublicKeyToken=b03f5f7f11d50a3a" className="Munq.FluentTest.UnitTests.IFluentTestObjectIsEqualTest, Munq.FluentTest.UnitTests, Version=1.0.0.0, Culture=neutral, PublicKeyToken=null" name="IsEqualPassesForNullTestAndCompareObjects" />
    </UnitTest>
    <UnitTest name="AllItemsAreUniquePassesIfAllItemsAreUnique" storage="c:\codeplex\munq\fluenttest\munq.fluenttest2010\munq.fluenttest.unittests\bin\debug\munq.fluenttest.unittests.dll" id="9591658b-83a4-8373-1a89-a3c1268223a8">
      <Execution id="5a2a8df0-6d91-4901-8c41-2e0a2872bce5" />
      <TestMethod codeBase="C:/codeplex/Munq/FluentTest/Munq.FluentTest2010/Munq.FluentTest.UnitTests/bin/Debug/Munq.FluentTest.UnitTests.DLL" adapterTypeName="Microsoft.VisualStudio.TestTools.TestTypes.Unit.UnitTestAdapter, Microsoft.VisualStudio.QualityTools.Tips.UnitTest.Adapter, Version=10.0.0.0, Culture=neutral, PublicKeyToken=b03f5f7f11d50a3a" className="Munq.FluentTest.UnitTests.IFluentTestCollectionAllItemsAreUniqueTest, Munq.FluentTest.UnitTests, Version=1.0.0.0, Culture=neutral, PublicKeyToken=null" name="AllItemsAreUniquePassesIfAllItemsAreUnique" />
    </UnitTest>
    <UnitTest name="StringDoesNotEndWithFailsIfStringEndWithStringToCompare" storage="c:\codeplex\munq\fluenttest\munq.fluenttest2010\munq.fluenttest.unittests\bin\debug\munq.fluenttest.unittests.dll" id="dc92c4ff-bdc4-d68a-dbd9-3be00efad87e">
      <Execution id="367b2697-94a8-497e-92ac-95676e9a0865" />
      <TestMethod codeBase="C:/codeplex/Munq/FluentTest/Munq.FluentTest2010/Munq.FluentTest.UnitTests/bin/Debug/Munq.FluentTest.UnitTests.DLL" adapterTypeName="Microsoft.VisualStudio.TestTools.TestTypes.Unit.UnitTestAdapter, Microsoft.VisualStudio.QualityTools.Tips.UnitTest.Adapter, Version=10.0.0.0, Culture=neutral, PublicKeyToken=b03f5f7f11d50a3a" className="Munq.FluentTest.UnitTests.IFluentTestStringEndsWithTest, Munq.FluentTest.UnitTests, Version=1.0.0.0, Culture=neutral, PublicKeyToken=null" name="StringDoesNotEndWithFailsIfStringEndWithStringToCompare" />
    </UnitTest>
    <UnitTest name="IsNotEqualToPassesIfDifferentLengths" storage="c:\codeplex\munq\fluenttest\munq.fluenttest2010\munq.fluenttest.unittests\bin\debug\munq.fluenttest.unittests.dll" id="28809476-1dc8-f55f-cb7e-e89fd9fb3f08">
      <Execution id="3df3ecd9-4f75-47cd-87cd-ed373b4184a4" />
      <TestMethod codeBase="C:/codeplex/Munq/FluentTest/Munq.FluentTest2010/Munq.FluentTest.UnitTests/bin/Debug/Munq.FluentTest.UnitTests.DLL" adapterTypeName="Microsoft.VisualStudio.TestTools.TestTypes.Unit.UnitTestAdapter, Microsoft.VisualStudio.QualityTools.Tips.UnitTest.Adapter, Version=10.0.0.0, Culture=neutral, PublicKeyToken=b03f5f7f11d50a3a" className="Munq.FluentTest.UnitTests.IFluentTestCollectionIsEqualToTest, Munq.FluentTest.UnitTests, Version=1.0.0.0, Culture=neutral, PublicKeyToken=null" name="IsNotEqualToPassesIfDifferentLengths" />
    </UnitTest>
    <UnitTest name="StringDoesNotEndWithFailsIfStringToCompareIsNull" storage="c:\codeplex\munq\fluenttest\munq.fluenttest2010\munq.fluenttest.unittests\bin\debug\munq.fluenttest.unittests.dll" id="e0b3eaa1-8679-d784-0a29-5f15327642db">
      <Execution id="0f28351c-8a65-40cc-8e2a-9aff08a05b0d" />
      <TestMethod codeBase="C:/codeplex/Munq/FluentTest/Munq.FluentTest2010/Munq.FluentTest.UnitTests/bin/Debug/Munq.FluentTest.UnitTests.DLL" adapterTypeName="Microsoft.VisualStudio.TestTools.TestTypes.Unit.UnitTestAdapter, Microsoft.VisualStudio.QualityTools.Tips.UnitTest.Adapter, Version=10.0.0.0, Culture=neutral, PublicKeyToken=b03f5f7f11d50a3a" className="Munq.FluentTest.UnitTests.IFluentTestStringEndsWithTest, Munq.FluentTest.UnitTests, Version=1.0.0.0, Culture=neutral, PublicKeyToken=null" name="StringDoesNotEndWithFailsIfStringToCompareIsNull" />
    </UnitTest>
    <UnitTest name="IsNotEqualToPassesIfNotEqual" storage="c:\codeplex\munq\fluenttest\munq.fluenttest2010\munq.fluenttest.unittests\bin\debug\munq.fluenttest.unittests.dll" id="465731e9-efd1-185a-3cbc-3fdce5f76c41">
      <Execution id="f46a483b-0102-47ba-abcc-2a752f5bb8b5" />
      <TestMethod codeBase="C:/codeplex/Munq/FluentTest/Munq.FluentTest2010/Munq.FluentTest.UnitTests/bin/Debug/Munq.FluentTest.UnitTests.DLL" adapterTypeName="Microsoft.VisualStudio.TestTools.TestTypes.Unit.UnitTestAdapter, Microsoft.VisualStudio.QualityTools.Tips.UnitTest.Adapter, Version=10.0.0.0, Culture=neutral, PublicKeyToken=b03f5f7f11d50a3a" className="Munq.FluentTest.UnitTests.IFluentTestCollectionIsEqualToTest, Munq.FluentTest.UnitTests, Version=1.0.0.0, Culture=neutral, PublicKeyToken=null" name="IsNotEqualToPassesIfNotEqual" />
    </UnitTest>
    <UnitTest name="IsNotAnInstanceOfTypeFailsForNull" storage="c:\codeplex\munq\fluenttest\munq.fluenttest2010\munq.fluenttest.unittests\bin\debug\munq.fluenttest.unittests.dll" id="196f25e1-40bf-7579-1360-45cb6bcf580d">
      <Execution id="47f31ace-757e-4024-b1a1-b08319795f12" />
      <TestMethod codeBase="C:/codeplex/Munq/FluentTest/Munq.FluentTest2010/Munq.FluentTest.UnitTests/bin/Debug/Munq.FluentTest.UnitTests.DLL" adapterTypeName="Microsoft.VisualStudio.TestTools.TestTypes.Unit.UnitTestAdapter, Microsoft.VisualStudio.QualityTools.Tips.UnitTest.Adapter, Version=10.0.0.0, Culture=neutral, PublicKeyToken=b03f5f7f11d50a3a" className="Munq.FluentTest.UnitTests.IFluentTestObjectIsInstanceOfTest, Munq.FluentTest.UnitTests, Version=1.0.0.0, Culture=neutral, PublicKeyToken=null" name="IsNotAnInstanceOfTypeFailsForNull" />
    </UnitTest>
  </TestDefinitions>
  <TestLists>
    <TestList name="Results Not in a List" id="8c84fa94-04c1-424b-9868-57a2d4851a1d" />
    <TestList name="All Loaded Results" id="19431567-8539-422a-85d7-44ee4e166bda" />
  </TestLists>
  <TestEntries>
    <TestEntry testId="02121f87-9e25-cd5a-bb4a-14ac090616c8" executionId="963f84a4-91db-4867-b3ff-c19f00ea8c8c" testListId="8c84fa94-04c1-424b-9868-57a2d4851a1d" />
    <TestEntry testId="0259f3a3-7a57-38b4-ff7d-81d9b3b3bfcd" executionId="15ceef9d-d7c4-4d02-9b1d-f6e2adaf5c19" testListId="8c84fa94-04c1-424b-9868-57a2d4851a1d" />
    <TestEntry testId="04f8edff-83a1-0231-821e-36a420c4dc3f" executionId="8cd34fa2-648e-4ec7-971f-f31720c9de99" testListId="8c84fa94-04c1-424b-9868-57a2d4851a1d" />
    <TestEntry testId="088b72a7-c4f5-7b28-9bc8-ffee502536c0" executionId="b301a353-442a-4f84-95b6-a4d6ee955dec" testListId="8c84fa94-04c1-424b-9868-57a2d4851a1d" />
    <TestEntry testId="0c174ecc-4fc9-8561-130b-4df8e7d37d2c" executionId="60985a6a-a4ce-40bc-9567-470accd390ab" testListId="8c84fa94-04c1-424b-9868-57a2d4851a1d" />
    <TestEntry testId="1015d8ee-752d-8ce9-4292-9cf12b1a37cc" executionId="b2ea3356-e2e0-42e3-aab7-32e5061263be" testListId="8c84fa94-04c1-424b-9868-57a2d4851a1d" />
    <TestEntry testId="10787121-b239-c3f0-43ac-f58a69eb769c" executionId="7b19e29b-139d-47a2-9183-19a03fe54291" testListId="8c84fa94-04c1-424b-9868-57a2d4851a1d" />
    <TestEntry testId="146430f2-3a9b-1a16-46bb-60dc08488dc9" executionId="5600f5c7-cf2b-4675-8c9b-242a332f0acd" testListId="8c84fa94-04c1-424b-9868-57a2d4851a1d" />
    <TestEntry testId="1584e88c-e31b-f7b2-2619-3466efa67043" executionId="ee87c46f-3c9a-4821-8100-19318f06edff" testListId="8c84fa94-04c1-424b-9868-57a2d4851a1d" />
    <TestEntry testId="196f25e1-40bf-7579-1360-45cb6bcf580d" executionId="47f31ace-757e-4024-b1a1-b08319795f12" testListId="8c84fa94-04c1-424b-9868-57a2d4851a1d" />
    <TestEntry testId="198ae1fe-547f-0089-0f59-5a8860b540b3" executionId="8d64907f-7e0e-48ee-bb83-99bbd4923d35" testListId="8c84fa94-04c1-424b-9868-57a2d4851a1d" />
    <TestEntry testId="1dc68f76-790f-99f2-3a30-a1059fffe2fa" executionId="986f7349-da4e-42de-985c-823bf1b22dc1" testListId="8c84fa94-04c1-424b-9868-57a2d4851a1d" />
    <TestEntry testId="20ac32ed-f6a0-9c56-1418-80e41c4b5266" executionId="f1efa507-4270-4ceb-8236-ff1de0a76926" testListId="8c84fa94-04c1-424b-9868-57a2d4851a1d" />
    <TestEntry testId="2181b46c-c2cf-0c6d-62d7-7d05d01d0305" executionId="2e21f5f8-5da1-4095-b5ec-67fc93ac734d" testListId="8c84fa94-04c1-424b-9868-57a2d4851a1d" />
    <TestEntry testId="25f6ef46-737a-af76-471a-edd19a5497f5" executionId="80136bb7-e06f-40a3-a2b4-fadc095cd5f3" testListId="8c84fa94-04c1-424b-9868-57a2d4851a1d" />
    <TestEntry testId="266ff85a-1406-420b-75d7-66aa93e93681" executionId="241cca68-48bf-43d2-8a22-90a966de2020" testListId="8c84fa94-04c1-424b-9868-57a2d4851a1d" />
    <TestEntry testId="26a024c9-5062-21c5-c134-7bfcea781980" executionId="58d79f2d-fd58-44ed-aa6a-afb1735fb107" testListId="8c84fa94-04c1-424b-9868-57a2d4851a1d" />
    <TestEntry testId="27dfb1e9-3d4b-6c0b-54c8-884ead110ac0" executionId="07642410-cb3f-4158-a31b-c4b5c293df79" testListId="8c84fa94-04c1-424b-9868-57a2d4851a1d" />
    <TestEntry testId="28809476-1dc8-f55f-cb7e-e89fd9fb3f08" executionId="3df3ecd9-4f75-47cd-87cd-ed373b4184a4" testListId="8c84fa94-04c1-424b-9868-57a2d4851a1d" />
    <TestEntry testId="2abf670b-254e-fa75-be66-a5f72d25015f" executionId="9699f991-1638-473b-ad54-f8fec5d77575" testListId="8c84fa94-04c1-424b-9868-57a2d4851a1d" />
    <TestEntry testId="2c549a1f-f133-0354-8a67-e20431ecd10c" executionId="fc84186c-f0ee-4e88-a56f-76ea0b755ab8" testListId="8c84fa94-04c1-424b-9868-57a2d4851a1d" />
    <TestEntry testId="30e51f7e-f7e3-ed61-41c2-e96c0d534fa4" executionId="7197ea49-3c3a-412a-9211-619c3a6bf579" testListId="8c84fa94-04c1-424b-9868-57a2d4851a1d" />
    <TestEntry testId="31155152-104d-c45e-6a0c-5205f3c571e4" executionId="d3f124e1-c7c7-4d45-982c-893fb6cacf83" testListId="8c84fa94-04c1-424b-9868-57a2d4851a1d" />
    <TestEntry testId="31684495-68d4-298a-7f1f-7bd5ea26ff58" executionId="145ca50c-8ded-416e-890a-990999334a2b" testListId="8c84fa94-04c1-424b-9868-57a2d4851a1d" />
    <TestEntry testId="32522b3b-dabd-3ffa-38db-1066765c70dc" executionId="103091f0-ca90-4a37-b829-01bf1b28d070" testListId="8c84fa94-04c1-424b-9868-57a2d4851a1d" />
    <TestEntry testId="34c5f54c-038c-10ae-4486-1e8606a0493e" executionId="0f271f11-0f1b-4c24-92a8-97905ca08af8" testListId="8c84fa94-04c1-424b-9868-57a2d4851a1d" />
    <TestEntry testId="34da5364-8457-c63c-7e0e-0f53335a9130" executionId="c7c906d0-4d47-4bce-82b8-af5c612aa50d" testListId="8c84fa94-04c1-424b-9868-57a2d4851a1d" />
    <TestEntry testId="36403979-7aba-40a7-ad9f-0976853526dc" executionId="f7af874c-0c50-4fe7-b8c0-27a113f4f4a1" testListId="8c84fa94-04c1-424b-9868-57a2d4851a1d" />
    <TestEntry testId="36e46140-6f7e-f3b2-240a-511b19b03a92" executionId="c68cbea5-adbc-40f4-aaed-10bf1bdb86f3" testListId="8c84fa94-04c1-424b-9868-57a2d4851a1d" />
    <TestEntry testId="39e86774-8a09-ec76-0dac-30a35463ae8b" executionId="e3c0663d-c2e8-4a5c-906b-ac96f6ba4ef4" testListId="8c84fa94-04c1-424b-9868-57a2d4851a1d" />
    <TestEntry testId="39eb5e28-993c-1f1f-a7e8-0983f8dd9d13" executionId="3ebe47a0-6931-48ea-8ce7-f9db0ccf8c37" testListId="8c84fa94-04c1-424b-9868-57a2d4851a1d" />
    <TestEntry testId="3a7cf35f-84bf-614a-98ac-b53d9a1e7d31" executionId="f06298b9-f4ec-4460-b6af-3d617ca1f2df" testListId="8c84fa94-04c1-424b-9868-57a2d4851a1d" />
    <TestEntry testId="41975a43-3305-c850-d98d-6bc4ffa50f77" executionId="c5af4261-1a1e-457d-bf34-a8578a8de79e" testListId="8c84fa94-04c1-424b-9868-57a2d4851a1d" />
    <TestEntry testId="465731e9-efd1-185a-3cbc-3fdce5f76c41" executionId="f46a483b-0102-47ba-abcc-2a752f5bb8b5" testListId="8c84fa94-04c1-424b-9868-57a2d4851a1d" />
    <TestEntry testId="47d5e35a-02b4-512a-4b28-8bdb730ec666" executionId="2fd3c175-2ae5-4d66-9bfa-b04aeac3dff4" testListId="8c84fa94-04c1-424b-9868-57a2d4851a1d" />
    <TestEntry testId="4efdda0e-b511-fc18-a55f-1ab289a65a0e" executionId="e2912e59-1da2-470a-b36a-b9b21135c20b" testListId="8c84fa94-04c1-424b-9868-57a2d4851a1d" />
    <TestEntry testId="50295921-0fee-4c6c-ec72-7ada0611b4e9" executionId="da077afe-30a4-4051-96d7-ba53efb725b5" testListId="8c84fa94-04c1-424b-9868-57a2d4851a1d" />
    <TestEntry testId="509b077d-a6a7-fc02-5bff-7b9cebbbd2b2" executionId="21591451-b272-42a9-9774-512c245b6bfe" testListId="8c84fa94-04c1-424b-9868-57a2d4851a1d" />
    <TestEntry testId="51a38580-dad2-b784-5c41-d8fb9569df94" executionId="e6146cb5-8dc8-46fc-98fa-d978484948c0" testListId="8c84fa94-04c1-424b-9868-57a2d4851a1d" />
    <TestEntry testId="58ea9c4f-8436-a256-f611-66eea71beb13" executionId="e660da65-6f72-4f73-811f-405d0ea2109d" testListId="8c84fa94-04c1-424b-9868-57a2d4851a1d" />
    <TestEntry testId="5bb3c498-01e4-9662-2349-d713dd145b3b" executionId="45a2f384-b047-4614-b719-31216a1cfaf3" testListId="8c84fa94-04c1-424b-9868-57a2d4851a1d" />
    <TestEntry testId="5d180797-014d-3885-9d0c-01d79c47c65a" executionId="e3ed2d84-174a-4767-a6fb-30642e76102b" testListId="8c84fa94-04c1-424b-9868-57a2d4851a1d" />
    <TestEntry testId="61c742e5-4374-3734-3185-d28c3ec066ea" executionId="a5ea4886-553f-45d2-9d41-5f912752f543" testListId="8c84fa94-04c1-424b-9868-57a2d4851a1d" />
    <TestEntry testId="66391062-df35-3367-6dc7-c5e4175c63a5" executionId="2a6d6cef-7b37-4f0d-99b2-7879e030047c" testListId="8c84fa94-04c1-424b-9868-57a2d4851a1d" />
    <TestEntry testId="699c4aab-7bd6-46b5-0c74-a35a2b109bea" executionId="0ae1146b-bd98-4e83-8c16-ae512668e525" testListId="8c84fa94-04c1-424b-9868-57a2d4851a1d" />
    <TestEntry testId="6ac3788a-a309-e930-2e84-1b9d79af6182" executionId="f0928ea7-0f83-4c75-afd5-066702550d79" testListId="8c84fa94-04c1-424b-9868-57a2d4851a1d" />
    <TestEntry testId="6c0716d4-1a51-c796-f203-416a800f110a" executionId="ab99386a-1599-4396-84c3-ccea9476cbe3" testListId="8c84fa94-04c1-424b-9868-57a2d4851a1d" />
    <TestEntry testId="6c72e054-8c42-1f7b-1774-1d0d86994a03" executionId="e7616a0d-898c-4658-a122-6540f79b4ef6" testListId="8c84fa94-04c1-424b-9868-57a2d4851a1d" />
    <TestEntry testId="6e8fbcbf-2ee3-7d18-502e-6e849b91dfed" executionId="e9f36733-02f6-4bd4-a21f-ea8e9c478dd4" testListId="8c84fa94-04c1-424b-9868-57a2d4851a1d" />
    <TestEntry testId="6fe74ff2-ee3a-770a-2a7c-55fa41d17bfd" executionId="2bc8e6d3-6435-4acb-9c29-5e25d4323fb4" testListId="8c84fa94-04c1-424b-9868-57a2d4851a1d" />
    <TestEntry testId="7358bb32-b42a-73a1-a497-df13b2d899e2" executionId="3727b8b2-c5b9-4d87-ac51-4db17624f6bc" testListId="8c84fa94-04c1-424b-9868-57a2d4851a1d" />
    <TestEntry testId="75666f70-5b6f-954c-65d9-fdd85204cec3" executionId="e93b48e3-33d5-4201-beb5-e74230f0ff81" testListId="8c84fa94-04c1-424b-9868-57a2d4851a1d" />
    <TestEntry testId="78646dcc-2fe3-e0f5-4f0f-c69719fa53e5" executionId="6c5bcb3a-564e-432b-bd99-3d0c66e99ab2" testListId="8c84fa94-04c1-424b-9868-57a2d4851a1d" />
    <TestEntry testId="79df3fcd-6813-d3cc-f65a-38973659582e" executionId="65990cb4-bf5a-414d-8fc9-51596d200fd1" testListId="8c84fa94-04c1-424b-9868-57a2d4851a1d" />
    <TestEntry testId="7bf2d5f4-cc98-0008-8cf9-0b9d9ea5a3e9" executionId="d037efc9-b2dc-490a-8c1b-d2ebcf122e7a" testListId="8c84fa94-04c1-424b-9868-57a2d4851a1d" />
    <TestEntry testId="7fa9ff12-44e1-c2a8-7561-37439b89b14d" executionId="8105234d-2e03-465d-bc98-fa998bd74640" testListId="8c84fa94-04c1-424b-9868-57a2d4851a1d" />
    <TestEntry testId="80579bac-3102-2836-4386-fa6811259258" executionId="8f169354-0b68-41d7-8086-5fe843b95a21" testListId="8c84fa94-04c1-424b-9868-57a2d4851a1d" />
    <TestEntry testId="80823a72-cb3f-896a-4440-dd0d1649bfdb" executionId="2fe96cc4-af51-42bd-83c0-cd801d7f2837" testListId="8c84fa94-04c1-424b-9868-57a2d4851a1d" />
    <TestEntry testId="80b8d91d-ea96-12f1-5c16-49583da9652b" executionId="43dcb649-39f4-4cbe-ab3e-64520adbf8b6" testListId="8c84fa94-04c1-424b-9868-57a2d4851a1d" />
    <TestEntry testId="8435e728-5e5c-5e9a-b303-a235194ffd1a" executionId="1752cb8a-768f-418a-94da-77d991a9cb89" testListId="8c84fa94-04c1-424b-9868-57a2d4851a1d" />
    <TestEntry testId="84a9bef3-40a2-df79-66c3-16a1e94f0208" executionId="30fb88ba-595e-4661-bce2-73eaa9dfd33d" testListId="8c84fa94-04c1-424b-9868-57a2d4851a1d" />
    <TestEntry testId="86068341-bdc9-d0f7-84ed-14179f58a418" executionId="602d9bd8-7e77-4b80-ae13-64d47fc6378e" testListId="8c84fa94-04c1-424b-9868-57a2d4851a1d" />
    <TestEntry testId="86438a59-a53b-6da8-3b59-69e204b0e6dc" executionId="ac8e7f60-b03b-4a6a-b856-73a27a8cfff6" testListId="8c84fa94-04c1-424b-9868-57a2d4851a1d" />
    <TestEntry testId="94f34045-59d8-cc46-72c1-97dfc5551e87" executionId="fdade71b-1a3c-4615-ae28-d178a4088ee4" testListId="8c84fa94-04c1-424b-9868-57a2d4851a1d" />
    <TestEntry testId="9591658b-83a4-8373-1a89-a3c1268223a8" executionId="5a2a8df0-6d91-4901-8c41-2e0a2872bce5" testListId="8c84fa94-04c1-424b-9868-57a2d4851a1d" />
    <TestEntry testId="971d38c2-8a7d-518d-3cb3-e78b37dee55b" executionId="3b59933d-b1e0-4abd-ac77-407fa7d0823e" testListId="8c84fa94-04c1-424b-9868-57a2d4851a1d" />
    <TestEntry testId="979ced33-f10e-ed40-5f63-644b2293fabc" executionId="9c0e0176-aa4d-4a67-9ea2-4ad0437bfcad" testListId="8c84fa94-04c1-424b-9868-57a2d4851a1d" />
    <TestEntry testId="98037ae4-2d1f-600a-b77b-1d5665246705" executionId="2c4c4464-ed40-4ed2-8d58-289e364306f0" testListId="8c84fa94-04c1-424b-9868-57a2d4851a1d" />
    <TestEntry testId="9e631207-9eac-6a3b-506b-34e5bacd4ce6" executionId="16e6e1ef-ec90-44d7-aefb-c51207f71c3d" testListId="8c84fa94-04c1-424b-9868-57a2d4851a1d" />
    <TestEntry testId="a2917aab-4dda-3106-6a96-58654a69e063" executionId="52554b1c-dc52-4c27-8ab2-e51878e9a2ca" testListId="8c84fa94-04c1-424b-9868-57a2d4851a1d" />
    <TestEntry testId="a36ab6b9-be2d-4c3b-41cc-46bb62d4c502" executionId="24cb718e-d262-4012-a384-b136262cd119" testListId="8c84fa94-04c1-424b-9868-57a2d4851a1d" />
    <TestEntry testId="a4019a09-7f20-e2c6-ec89-545dce520c92" executionId="084bcfb8-d980-4c50-b841-bc38983294ca" testListId="8c84fa94-04c1-424b-9868-57a2d4851a1d" />
    <TestEntry testId="ab3ce79d-13c7-0f7e-ef8a-be8254d3191c" executionId="1682edd3-dde4-4f73-86c9-e78a9c56f08f" testListId="8c84fa94-04c1-424b-9868-57a2d4851a1d" />
    <TestEntry testId="ab582c0d-aebb-1664-247b-08a74ec3ee9c" executionId="f5ef2e5e-8d2e-49a3-9124-477ad82110ac" testListId="8c84fa94-04c1-424b-9868-57a2d4851a1d" />
    <TestEntry testId="ad89ec0d-bed2-98c0-585f-441531448ccf" executionId="99f764c6-f8b7-4ac2-919c-92cb47421abd" testListId="8c84fa94-04c1-424b-9868-57a2d4851a1d" />
    <TestEntry testId="aed3d282-683d-7540-9df1-7cddb79743f3" executionId="ee6c15f6-5e20-48e5-803d-d2959c53079f" testListId="8c84fa94-04c1-424b-9868-57a2d4851a1d" />
    <TestEntry testId="afdd0ba6-859e-a16c-00d2-0357839e21d8" executionId="4aa89c08-2ae7-41cf-860e-169e0eced89b" testListId="8c84fa94-04c1-424b-9868-57a2d4851a1d" />
    <TestEntry testId="b080b34c-a604-2bc2-e4f6-b4fdae32e2f7" executionId="f21ab334-7c7f-46ea-a341-e6db4b7e311b" testListId="8c84fa94-04c1-424b-9868-57a2d4851a1d" />
    <TestEntry testId="b166461a-58ca-2c71-35b2-b7200b7a7044" executionId="368520e2-f2d5-4029-80d5-2586f679275f" testListId="8c84fa94-04c1-424b-9868-57a2d4851a1d" />
    <TestEntry testId="b3f389ae-9508-6883-4c4c-0ad45b9c928d" executionId="c50eac70-0128-4796-aa3d-c7f90d731c79" testListId="8c84fa94-04c1-424b-9868-57a2d4851a1d" />
    <TestEntry testId="b8c8a4a2-9cfb-eb95-e132-499d8e32c12e" executionId="cb2929b6-6169-44e2-b9d7-643be77237ba" testListId="8c84fa94-04c1-424b-9868-57a2d4851a1d" />
    <TestEntry testId="bb66cc73-998c-9993-1784-eafa6ea54bbf" executionId="b1dda326-becb-4711-8d2f-2601017c583a" testListId="8c84fa94-04c1-424b-9868-57a2d4851a1d" />
    <TestEntry testId="bc63fd6f-4eb8-b691-cbd2-d08e26cc06b9" executionId="6eb97d4d-003a-4781-b1e9-98750ce089b1" testListId="8c84fa94-04c1-424b-9868-57a2d4851a1d" />
    <TestEntry testId="be4e646a-1b49-6046-1438-86ee72a455e8" executionId="cadc2942-6f8d-4f41-acec-cf8157c89429" testListId="8c84fa94-04c1-424b-9868-57a2d4851a1d" />
    <TestEntry testId="c030c84a-4186-0341-a56d-f1e475136445" executionId="21838d3c-189f-4853-9643-5b583ba86e7a" testListId="8c84fa94-04c1-424b-9868-57a2d4851a1d" />
    <TestEntry testId="c0b8758a-00f8-2e71-22e1-a54c0e34c3eb" executionId="1bb0fa03-35e9-45eb-a5b8-d4512eb1ed63" testListId="8c84fa94-04c1-424b-9868-57a2d4851a1d" />
    <TestEntry testId="c0be272d-cd43-650e-86e0-d84d50bd7643" executionId="ab4eff28-3fbe-4c0c-8404-bf98b5ffdc06" testListId="8c84fa94-04c1-424b-9868-57a2d4851a1d" />
    <TestEntry testId="c5e9b16c-2a8b-9a6b-5901-f9639cb87528" executionId="e2f7d81c-2514-43c2-bc14-3563bda06808" testListId="8c84fa94-04c1-424b-9868-57a2d4851a1d" />
    <TestEntry testId="c7f7effa-dc69-0582-2389-c73c9f90c392" executionId="eb7601fa-c81b-4f8a-a4e2-3b3909d03450" testListId="8c84fa94-04c1-424b-9868-57a2d4851a1d" />
    <TestEntry testId="c89ed292-1699-5f98-80c0-cb764471e327" executionId="464416ad-3fd6-424e-a788-2e91e084906c" testListId="8c84fa94-04c1-424b-9868-57a2d4851a1d" />
    <TestEntry testId="cfbeb8df-8299-eb0c-266f-42cf08fad8a7" executionId="374b2d91-2313-499c-9ef3-f90dfa0c5087" testListId="8c84fa94-04c1-424b-9868-57a2d4851a1d" />
    <TestEntry testId="d166c49e-029f-4514-4269-24ad6e5f3074" executionId="83e54848-b9cb-402a-9e10-1d5f4cb50519" testListId="8c84fa94-04c1-424b-9868-57a2d4851a1d" />
    <TestEntry testId="d1714117-6982-985c-9a68-a45e0baf80a8" executionId="b747de8b-30d2-4514-9bb5-e5ccb471352b" testListId="8c84fa94-04c1-424b-9868-57a2d4851a1d" />
    <TestEntry testId="d3482566-c651-53dd-37c6-1ff38a1db169" executionId="35c7d94b-fb8b-4abb-b05e-e73230ecdba1" testListId="8c84fa94-04c1-424b-9868-57a2d4851a1d" />
    <TestEntry testId="dad984f6-5d2b-46bd-affa-d3af8dc65db1" executionId="f1795514-4772-4829-9109-c9e395f2b0e8" testListId="8c84fa94-04c1-424b-9868-57a2d4851a1d" />
    <TestEntry testId="dc0697b7-5c55-b411-f8b9-f13821119ab3" executionId="9780748c-1a63-4939-b1c5-0fc76f454acc" testListId="8c84fa94-04c1-424b-9868-57a2d4851a1d" />
    <TestEntry testId="dc92c4ff-bdc4-d68a-dbd9-3be00efad87e" executionId="367b2697-94a8-497e-92ac-95676e9a0865" testListId="8c84fa94-04c1-424b-9868-57a2d4851a1d" />
    <TestEntry testId="de14c886-be14-4af1-2003-d534f6164232" executionId="71f30667-6d8d-488a-953e-74fcc6788ee4" testListId="8c84fa94-04c1-424b-9868-57a2d4851a1d" />
    <TestEntry testId="dfe19b6b-e295-64e3-e2ca-9e860c624db3" executionId="44817aec-60ad-4752-a9b7-2d52ded2fb36" testListId="8c84fa94-04c1-424b-9868-57a2d4851a1d" />
    <TestEntry testId="e0b3eaa1-8679-d784-0a29-5f15327642db" executionId="0f28351c-8a65-40cc-8e2a-9aff08a05b0d" testListId="8c84fa94-04c1-424b-9868-57a2d4851a1d" />
    <TestEntry testId="e1c40e94-4a52-146f-4925-91a837076a72" executionId="6047ec76-05ac-4184-a8b9-0f74c2994ca9" testListId="8c84fa94-04c1-424b-9868-57a2d4851a1d" />
    <TestEntry testId="e38d70e6-3d9f-a774-6903-f4d916e97af7" executionId="cfce07a9-92cb-474d-8ea3-b0aba3265c97" testListId="8c84fa94-04c1-424b-9868-57a2d4851a1d" />
    <TestEntry testId="e6df5389-0dc8-f658-d9ee-093be56d3e89" executionId="68c2d03a-3770-49ff-8122-a5cc04398b53" testListId="8c84fa94-04c1-424b-9868-57a2d4851a1d" />
    <TestEntry testId="e96b542b-57bd-cdc2-c019-8042dad617ff" executionId="3863c841-651f-4fbe-97d3-7f1210313a7f" testListId="8c84fa94-04c1-424b-9868-57a2d4851a1d" />
    <TestEntry testId="e98d3e5f-cfd8-c1c9-3983-85c486c452ab" executionId="18c33d17-2fc9-4dc5-8130-2a7dcaa4cd70" testListId="8c84fa94-04c1-424b-9868-57a2d4851a1d" />
    <TestEntry testId="e9c2e5dd-215c-edaf-9834-158d6b261ebf" executionId="fbab153f-7cc1-4f48-9b65-5dc829941e72" testListId="8c84fa94-04c1-424b-9868-57a2d4851a1d" />
    <TestEntry testId="f166dd81-399c-e9a0-153f-69bff11a3964" executionId="bb64bf60-610c-47b2-9ab0-7c4bf83aa291" testListId="8c84fa94-04c1-424b-9868-57a2d4851a1d" />
    <TestEntry testId="f1a062e9-3b08-e3c0-952b-fc0407372d0e" executionId="43fa17d7-a72f-4801-8de4-38a8caffd479" testListId="8c84fa94-04c1-424b-9868-57a2d4851a1d" />
    <TestEntry testId="f2618cd2-1cbb-1d7b-65e5-4b947b9fe0c0" executionId="8fa106cb-37a1-4501-bb33-d215a44c2c37" testListId="8c84fa94-04c1-424b-9868-57a2d4851a1d" />
    <TestEntry testId="f2a82eb7-150d-156d-d938-599bb438c83a" executionId="9d4c8e23-99b0-40ae-bcf1-ba2c8e7612d5" testListId="8c84fa94-04c1-424b-9868-57a2d4851a1d" />
    <TestEntry testId="f4044646-c913-ce8c-3dbd-2659ae55010e" executionId="b916815a-96ea-435b-93b1-584ee97266fc" testListId="8c84fa94-04c1-424b-9868-57a2d4851a1d" />
    <TestEntry testId="f790f12a-1b52-8f6e-792e-c2fa29cd9750" executionId="9104beb5-95d0-4998-91e0-5e6f7c97949b" testListId="8c84fa94-04c1-424b-9868-57a2d4851a1d" />
    <TestEntry testId="faa97d79-4094-68cb-f184-01091f585a97" executionId="72b0b0c2-3a31-4c74-bdb5-24ea1da615d0" testListId="8c84fa94-04c1-424b-9868-57a2d4851a1d" />
    <TestEntry testId="fc0063b0-a0fd-143a-60e0-e44267fa1e66" executionId="8034cb2b-7a8a-4d5c-b481-d124ea60f4cb" testListId="8c84fa94-04c1-424b-9868-57a2d4851a1d" />
    <TestEntry testId="fc8de784-e2f9-ece1-ef5a-5655411d1e23" executionId="48b81730-091b-4b62-aaa0-9da7d96b7f5d" testListId="8c84fa94-04c1-424b-9868-57a2d4851a1d" />
    <TestEntry testId="ff1cc429-afe5-6b8f-11b0-01895445ce43" executionId="7624e305-1c82-47d9-9971-33ba092dd3a8" testListId="8c84fa94-04c1-424b-9868-57a2d4851a1d" />
  </TestEntries>
  <Results>
    <UnitTestResult executionId="963f84a4-91db-4867-b3ff-c19f00ea8c8c" testId="02121f87-9e25-cd5a-bb4a-14ac090616c8" testName="StringIsEqualToPassesIfStringIsEqualToStringToCompare" computerName="MATTHEW-PC" duration="00:00:00.0398563" startTime="2011-02-12T14:23:52.9284986-05:00" endTime="2011-02-12T14:23:53.8005485-05:00" testType="13cdc9d9-ddb5-4fa4-a97d-d965ccfc6d4b" outcome="Passed" testListId="8c84fa94-04c1-424b-9868-57a2d4851a1d" relativeResultsDirectory="963f84a4-91db-4867-b3ff-c19f00ea8c8c">
    </UnitTestResult>
    <UnitTestResult executionId="15ceef9d-d7c4-4d02-9b1d-f6e2adaf5c19" testId="0259f3a3-7a57-38b4-ff7d-81d9b3b3bfcd" testName="IsTheSameObjectPassesForNullTestAndCompareObjects" computerName="MATTHEW-PC" duration="00:00:00.0005957" startTime="2011-02-12T14:23:53.8245499-05:00" endTime="2011-02-12T14:23:53.8405508-05:00" testType="13cdc9d9-ddb5-4fa4-a97d-d965ccfc6d4b" outcome="Passed" testListId="8c84fa94-04c1-424b-9868-57a2d4851a1d" relativeResultsDirectory="15ceef9d-d7c4-4d02-9b1d-f6e2adaf5c19">
    </UnitTestResult>
    <UnitTestResult executionId="8cd34fa2-648e-4ec7-971f-f31720c9de99" testId="04f8edff-83a1-0231-821e-36a420c4dc3f" testName="IsNotNullPassesFoNonNull" computerName="MATTHEW-PC" duration="00:00:00.0005313" startTime="2011-02-12T14:23:53.8465511-05:00" endTime="2011-02-12T14:23:53.8555516-05:00" testType="13cdc9d9-ddb5-4fa4-a97d-d965ccfc6d4b" outcome="Passed" testListId="8c84fa94-04c1-424b-9868-57a2d4851a1d" relativeResultsDirectory="8cd34fa2-648e-4ec7-971f-f31720c9de99">
    </UnitTestResult>
    <UnitTestResult executionId="b301a353-442a-4f84-95b6-a4d6ee955dec" testId="088b72a7-c4f5-7b28-9bc8-ffee502536c0" testName="AllItemsAreInstancesOfTypeFailsIfSpecifiedTypeIsNullAndAllItemsNotNull" computerName="MATTHEW-PC" duration="00:00:00.0121448" startTime="2011-02-12T14:23:53.8625520-05:00" endTime="2011-02-12T14:23:53.8845533-05:00" testType="13cdc9d9-ddb5-4fa4-a97d-d965ccfc6d4b" outcome="Passed" testListId="8c84fa94-04c1-424b-9868-57a2d4851a1d" relativeResultsDirectory="b301a353-442a-4f84-95b6-a4d6ee955dec">
    </UnitTestResult>
    <UnitTestResult executionId="60985a6a-a4ce-40bc-9567-470accd390ab" testId="0c174ecc-4fc9-8561-130b-4df8e7d37d2c" testName="StringIsEmptyPassesIfStringIsEmpty" computerName="MATTHEW-PC" duration="00:00:00.0005257" startTime="2011-02-12T14:23:53.9005542-05:00" endTime="2011-02-12T14:23:53.9125549-05:00" testType="13cdc9d9-ddb5-4fa4-a97d-d965ccfc6d4b" outcome="Passed" testListId="8c84fa94-04c1-424b-9868-57a2d4851a1d" relativeResultsDirectory="60985a6a-a4ce-40bc-9567-470accd390ab">
    </UnitTestResult>
    <UnitTestResult executionId="b2ea3356-e2e0-42e3-aab7-32e5061263be" testId="1015d8ee-752d-8ce9-4292-9cf12b1a37cc" testName="IsAStringPassesForString" computerName="MATTHEW-PC" duration="00:00:00.0003023" startTime="2011-02-12T14:23:53.9165551-05:00" endTime="2011-02-12T14:23:53.9235555-05:00" testType="13cdc9d9-ddb5-4fa4-a97d-d965ccfc6d4b" outcome="Passed" testListId="8c84fa94-04c1-424b-9868-57a2d4851a1d" relativeResultsDirectory="b2ea3356-e2e0-42e3-aab7-32e5061263be">
    </UnitTestResult>
    <UnitTestResult executionId="7b19e29b-139d-47a2-9183-19a03fe54291" testId="10787121-b239-c3f0-43ac-f58a69eb769c" testName="StringIsNotEmptyPassesIfStringIsNotEmpty" computerName="MATTHEW-PC" duration="00:00:00.0004356" startTime="2011-02-12T14:23:53.9275557-05:00" endTime="2011-02-12T14:23:53.9345561-05:00" testType="13cdc9d9-ddb5-4fa4-a97d-d965ccfc6d4b" outcome="Passed" testListId="8c84fa94-04c1-424b-9868-57a2d4851a1d" relativeResultsDirectory="7b19e29b-139d-47a2-9183-19a03fe54291">
    </UnitTestResult>
    <UnitTestResult executionId="5600f5c7-cf2b-4675-8c9b-242a332f0acd" testId="146430f2-3a9b-1a16-46bb-60dc08488dc9" testName="DoesNotMatchPassesForNonMatchingRegEx" computerName="MATTHEW-PC" duration="00:00:00.0007867" startTime="2011-02-12T14:23:53.9375563-05:00" endTime="2011-02-12T14:23:53.9455568-05:00" testType="13cdc9d9-ddb5-4fa4-a97d-d965ccfc6d4b" outcome="Passed" testListId="8c84fa94-04c1-424b-9868-57a2d4851a1d" relativeResultsDirectory="5600f5c7-cf2b-4675-8c9b-242a332f0acd">
    </UnitTestResult>
    <UnitTestResult executionId="ee87c46f-3c9a-4821-8100-19318f06edff" testId="1584e88c-e31b-f7b2-2619-3466efa67043" testName="StringEndsWithFailsIfStringToCompareIsNull" computerName="MATTHEW-PC" duration="00:00:00.0019043" startTime="2011-02-12T14:23:53.9505571-05:00" endTime="2011-02-12T14:23:53.9685581-05:00" testType="13cdc9d9-ddb5-4fa4-a97d-d965ccfc6d4b" outcome="Passed" testListId="8c84fa94-04c1-424b-9868-57a2d4851a1d" relativeResultsDirectory="ee87c46f-3c9a-4821-8100-19318f06edff">
    </UnitTestResult>
    <UnitTestResult executionId="47f31ace-757e-4024-b1a1-b08319795f12" testId="196f25e1-40bf-7579-1360-45cb6bcf580d" testName="IsNotAnInstanceOfTypeFailsForNull" computerName="MATTHEW-PC" duration="00:00:00.0099359" startTime="2011-02-12T14:23:53.9755585-05:00" endTime="2011-02-12T14:23:54.0215611-05:00" testType="13cdc9d9-ddb5-4fa4-a97d-d965ccfc6d4b" outcome="Passed" testListId="8c84fa94-04c1-424b-9868-57a2d4851a1d" relativeResultsDirectory="47f31ace-757e-4024-b1a1-b08319795f12">
    </UnitTestResult>
    <UnitTestResult executionId="8d64907f-7e0e-48ee-bb83-99bbd4923d35" testId="198ae1fe-547f-0089-0f59-5a8860b540b3" testName="StringEndsWithFailsIfDifferentString" computerName="MATTHEW-PC" duration="00:00:00.0008146" startTime="2011-02-12T14:23:54.0255614-05:00" endTime="2011-02-12T14:23:54.0335618-05:00" testType="13cdc9d9-ddb5-4fa4-a97d-d965ccfc6d4b" outcome="Passed" testListId="8c84fa94-04c1-424b-9868-57a2d4851a1d" relativeResultsDirectory="8d64907f-7e0e-48ee-bb83-99bbd4923d35">
    </UnitTestResult>
    <UnitTestResult executionId="986f7349-da4e-42de-985c-823bf1b22dc1" testId="1dc68f76-790f-99f2-3a30-a1059fffe2fa" testName="IsNotEqualToFailsIEqual" computerName="MATTHEW-PC" duration="00:00:00.0018046" startTime="2011-02-12T14:23:54.0385621-05:00" endTime="2011-02-12T14:23:54.0475626-05:00" testType="13cdc9d9-ddb5-4fa4-a97d-d965ccfc6d4b" outcome="Passed" testListId="8c84fa94-04c1-424b-9868-57a2d4851a1d" relativeResultsDirectory="986f7349-da4e-42de-985c-823bf1b22dc1">
    </UnitTestResult>
    <UnitTestResult executionId="f1efa507-4270-4ceb-8236-ff1de0a76926" testId="20ac32ed-f6a0-9c56-1418-80e41c4b5266" testName="StringDoesNotEndWithPassesIfStringDoesNotEndWithStringToCompare" computerName="MATTHEW-PC" duration="00:00:00.0004557" startTime="2011-02-12T14:23:54.0525629-05:00" endTime="2011-02-12T14:23:54.0605634-05:00" testType="13cdc9d9-ddb5-4fa4-a97d-d965ccfc6d4b" outcome="Passed" testListId="8c84fa94-04c1-424b-9868-57a2d4851a1d" relativeResultsDirectory="f1efa507-4270-4ceb-8236-ff1de0a76926">
    </UnitTestResult>
    <UnitTestResult executionId="2e21f5f8-5da1-4095-b5ec-67fc93ac734d" testId="2181b46c-c2cf-0c6d-62d7-7d05d01d0305" testName="IsTheSameObjectFailsForDifferentTestAndCompareObjects" computerName="MATTHEW-PC" duration="00:00:00.0006629" startTime="2011-02-12T14:23:54.0645636-05:00" endTime="2011-02-12T14:23:54.0755642-05:00" testType="13cdc9d9-ddb5-4fa4-a97d-d965ccfc6d4b" outcome="Passed" testListId="8c84fa94-04c1-424b-9868-57a2d4851a1d" relativeResultsDirectory="2e21f5f8-5da1-4095-b5ec-67fc93ac734d">
    </UnitTestResult>
    <UnitTestResult executionId="80136bb7-e06f-40a3-a2b4-fadc095cd5f3" testId="25f6ef46-737a-af76-471a-edd19a5497f5" testName="IsNotEqualPassesForDifferentTestAndCompareObjects" computerName="MATTHEW-PC" duration="00:00:00.0017206" startTime="2011-02-12T14:23:54.0825646-05:00" endTime="2011-02-12T14:23:54.1025658-05:00" testType="13cdc9d9-ddb5-4fa4-a97d-d965ccfc6d4b" outcome="Passed" testListId="8c84fa94-04c1-424b-9868-57a2d4851a1d" relativeResultsDirectory="80136bb7-e06f-40a3-a2b4-fadc095cd5f3">
    </UnitTestResult>
    <UnitTestResult executionId="241cca68-48bf-43d2-8a22-90a966de2020" testId="266ff85a-1406-420b-75d7-66aa93e93681" testName="IsNotEqualPFailsForNullTestAndCompareObjects" computerName="MATTHEW-PC" duration="00:00:00.0006926" startTime="2011-02-12T14:23:54.1085661-05:00" endTime="2011-02-12T14:23:54.1225669-05:00" testType="13cdc9d9-ddb5-4fa4-a97d-d965ccfc6d4b" outcome="Passed" testListId="8c84fa94-04c1-424b-9868-57a2d4851a1d" relativeResultsDirectory="241cca68-48bf-43d2-8a22-90a966de2020">
    </UnitTestResult>
    <UnitTestResult executionId="58d79f2d-fd58-44ed-aa6a-afb1735fb107" testId="26a024c9-5062-21c5-c134-7bfcea781980" testName="AllItemsAreInstancesOfTypePassesIfSpecifiedTypeIsNullAndAllItemsNull" computerName="MATTHEW-PC" duration="00:00:00.0003359" startTime="2011-02-12T14:23:54.1255671-05:00" endTime="2011-02-12T14:23:54.1325675-05:00" testType="13cdc9d9-ddb5-4fa4-a97d-d965ccfc6d4b" outcome="Passed" testListId="8c84fa94-04c1-424b-9868-57a2d4851a1d" relativeResultsDirectory="58d79f2d-fd58-44ed-aa6a-afb1735fb107">
    </UnitTestResult>
    <UnitTestResult executionId="07642410-cb3f-4158-a31b-c4b5c293df79" testId="27dfb1e9-3d4b-6c0b-54c8-884ead110ac0" testName="StringIsEqualToFailsIfDoesIsEqualTotring" computerName="MATTHEW-PC" duration="00:00:00.0005683" startTime="2011-02-12T14:23:54.1375678-05:00" endTime="2011-02-12T14:23:54.1455682-05:00" testType="13cdc9d9-ddb5-4fa4-a97d-d965ccfc6d4b" outcome="Passed" testListId="8c84fa94-04c1-424b-9868-57a2d4851a1d" relativeResultsDirectory="07642410-cb3f-4158-a31b-c4b5c293df79">
    </UnitTestResult>
    <UnitTestResult executionId="3df3ecd9-4f75-47cd-87cd-ed373b4184a4" testId="28809476-1dc8-f55f-cb7e-e89fd9fb3f08" testName="IsNotEqualToPassesIfDifferentLengths" computerName="MATTHEW-PC" duration="00:00:00.0006114" startTime="2011-02-12T14:23:54.1485684-05:00" endTime="2011-02-12T14:23:54.1575689-05:00" testType="13cdc9d9-ddb5-4fa4-a97d-d965ccfc6d4b" outcome="Passed" testListId="8c84fa94-04c1-424b-9868-57a2d4851a1d" relativeResultsDirectory="3df3ecd9-4f75-47cd-87cd-ed373b4184a4">
    </UnitTestResult>
    <UnitTestResult executionId="9699f991-1638-473b-ad54-f8fec5d77575" testId="2abf670b-254e-fa75-be66-a5f72d25015f" testName="IsEqualPassesForNullTestAndCompareObjects" computerName="MATTHEW-PC" duration="00:00:00.0003757" startTime="2011-02-12T14:23:54.1605691-05:00" endTime="2011-02-12T14:23:54.1685695-05:00" testType="13cdc9d9-ddb5-4fa4-a97d-d965ccfc6d4b" outcome="Passed" testListId="8c84fa94-04c1-424b-9868-57a2d4851a1d" relativeResultsDirectory="9699f991-1638-473b-ad54-f8fec5d77575">
    </UnitTestResult>
    <UnitTestResult executionId="fc84186c-f0ee-4e88-a56f-76ea0b755ab8" testId="2c549a1f-f133-0354-8a67-e20431ecd10c" testName="ContainsPassesIfStringUnderTestContainsStringToCompare" computerName="MATTHEW-PC" duration="00:00:00.0003269" startTime="2011-02-12T14:23:54.1715697-05:00" endTime="2011-02-12T14:23:54.1795702-05:00" testType="13cdc9d9-ddb5-4fa4-a97d-d965ccfc6d4b" outcome="Passed" testListId="8c84fa94-04c1-424b-9868-57a2d4851a1d" relativeResultsDirectory="fc84186c-f0ee-4e88-a56f-76ea0b755ab8">
    </UnitTestResult>
    <UnitTestResult executionId="7197ea49-3c3a-412a-9211-619c3a6bf579" testId="30e51f7e-f7e3-ed61-41c2-e96c0d534fa4" testName="StringEndsWithPassesIfStringToCompareIsEmpty" computerName="MATTHEW-PC" duration="00:00:00.0002614" startTime="2011-02-12T14:23:54.1825703-05:00" endTime="2011-02-12T14:23:54.1905708-05:00" testType="13cdc9d9-ddb5-4fa4-a97d-d965ccfc6d4b" outcome="Passed" testListId="8c84fa94-04c1-424b-9868-57a2d4851a1d" relativeResultsDirectory="7197ea49-3c3a-412a-9211-619c3a6bf579">
    </UnitTestResult>
    <UnitTestResult executionId="d3f124e1-c7c7-4d45-982c-893fb6cacf83" testId="31155152-104d-c45e-6a0c-5205f3c571e4" testName="AllItemsAreUniqueFailsIfAnyIsDuplicated" computerName="MATTHEW-PC" duration="00:00:00.0017380" startTime="2011-02-12T14:23:54.1945710-05:00" endTime="2011-02-12T14:23:54.2035715-05:00" testType="13cdc9d9-ddb5-4fa4-a97d-d965ccfc6d4b" outcome="Passed" testListId="8c84fa94-04c1-424b-9868-57a2d4851a1d" relativeResultsDirectory="d3f124e1-c7c7-4d45-982c-893fb6cacf83">
    </UnitTestResult>
    <UnitTestResult executionId="145ca50c-8ded-416e-890a-990999334a2b" testId="31684495-68d4-298a-7f1f-7bd5ea26ff58" testName="AllItemsNotNullPassedIfAllItemAreNotNull" computerName="MATTHEW-PC" duration="00:00:00.0008471" startTime="2011-02-12T14:23:54.2095719-05:00" endTime="2011-02-12T14:23:54.2185724-05:00" testType="13cdc9d9-ddb5-4fa4-a97d-d965ccfc6d4b" outcome="Passed" testListId="8c84fa94-04c1-424b-9868-57a2d4851a1d" relativeResultsDirectory="145ca50c-8ded-416e-890a-990999334a2b">
    </UnitTestResult>
    <UnitTestResult executionId="103091f0-ca90-4a37-b829-01bf1b28d070" testId="32522b3b-dabd-3ffa-38db-1066765c70dc" testName="StringIsNotEqualToFailsIfStringToCompareIsNull" computerName="MATTHEW-PC" duration="00:00:00.0007755" startTime="2011-02-12T14:23:54.2225726-05:00" endTime="2011-02-12T14:23:54.2295730-05:00" testType="13cdc9d9-ddb5-4fa4-a97d-d965ccfc6d4b" outcome="Passed" testListId="8c84fa94-04c1-424b-9868-57a2d4851a1d" relativeResultsDirectory="103091f0-ca90-4a37-b829-01bf1b28d070">
    </UnitTestResult>
    <UnitTestResult executionId="0f271f11-0f1b-4c24-92a8-97905ca08af8" testId="34c5f54c-038c-10ae-4486-1e8606a0493e" testName="StringStartsWithPassesIfStringStartsWithStringToCompare" computerName="MATTHEW-PC" duration="00:00:00.0005812" startTime="2011-02-12T14:23:54.2345733-05:00" endTime="2011-02-12T14:23:54.2425738-05:00" testType="13cdc9d9-ddb5-4fa4-a97d-d965ccfc6d4b" outcome="Passed" testListId="8c84fa94-04c1-424b-9868-57a2d4851a1d" relativeResultsDirectory="0f271f11-0f1b-4c24-92a8-97905ca08af8">
    </UnitTestResult>
    <UnitTestResult executionId="c7c906d0-4d47-4bce-82b8-af5c612aa50d" testId="34da5364-8457-c63c-7e0e-0f53335a9130" testName="DoesNotMatchFailsForNullCompareRegEx" computerName="MATTHEW-PC" duration="00:00:00.0006517" startTime="2011-02-12T14:23:54.2455739-05:00" endTime="2011-02-12T14:23:54.2535744-05:00" testType="13cdc9d9-ddb5-4fa4-a97d-d965ccfc6d4b" outcome="Passed" testListId="8c84fa94-04c1-424b-9868-57a2d4851a1d" relativeResultsDirectory="c7c906d0-4d47-4bce-82b8-af5c612aa50d">
    </UnitTestResult>
    <UnitTestResult executionId="f7af874c-0c50-4fe7-b8c0-27a113f4f4a1" testId="36403979-7aba-40a7-ad9f-0976853526dc" testName="ContainsPassesIfStringStringToCompareIsEmpty" computerName="MATTHEW-PC" duration="00:00:00.0002654" startTime="2011-02-12T14:23:54.2575746-05:00" endTime="2011-02-12T14:23:54.2645750-05:00" testType="13cdc9d9-ddb5-4fa4-a97d-d965ccfc6d4b" outcome="Passed" testListId="8c84fa94-04c1-424b-9868-57a2d4851a1d" relativeResultsDirectory="f7af874c-0c50-4fe7-b8c0-27a113f4f4a1">
    </UnitTestResult>
    <UnitTestResult executionId="c68cbea5-adbc-40f4-aaed-10bf1bdb86f3" testId="36e46140-6f7e-f3b2-240a-511b19b03a92" testName="IsNotTheSameObjectPassesForNullTestAndNonNullCompareObjects" computerName="MATTHEW-PC" duration="00:00:00.0004143" startTime="2011-02-12T14:23:54.2695753-05:00" endTime="2011-02-12T14:23:54.2765757-05:00" testType="13cdc9d9-ddb5-4fa4-a97d-d965ccfc6d4b" outcome="Passed" testListId="8c84fa94-04c1-424b-9868-57a2d4851a1d" relativeResultsDirectory="c68cbea5-adbc-40f4-aaed-10bf1bdb86f3">
    </UnitTestResult>
    <UnitTestResult executionId="e3c0663d-c2e8-4a5c-906b-ac96f6ba4ef4" testId="39e86774-8a09-ec76-0dac-30a35463ae8b" testName="IsNotNullFailsForNull" computerName="MATTHEW-PC" duration="00:00:00.0006797" startTime="2011-02-12T14:23:54.2805759-05:00" endTime="2011-02-12T14:23:54.2875763-05:00" testType="13cdc9d9-ddb5-4fa4-a97d-d965ccfc6d4b" outcome="Passed" testListId="8c84fa94-04c1-424b-9868-57a2d4851a1d" relativeResultsDirectory="e3c0663d-c2e8-4a5c-906b-ac96f6ba4ef4">
    </UnitTestResult>
    <UnitTestResult executionId="3ebe47a0-6931-48ea-8ce7-f9db0ccf8c37" testId="39eb5e28-993c-1f1f-a7e8-0983f8dd9d13" testName="IsEqualToFailsIfDifferentContents" computerName="MATTHEW-PC" duration="00:00:00.0015022" startTime="2011-02-12T14:23:54.2915766-05:00" endTime="2011-02-12T14:23:54.2995770-05:00" testType="13cdc9d9-ddb5-4fa4-a97d-d965ccfc6d4b" outcome="Passed" testListId="8c84fa94-04c1-424b-9868-57a2d4851a1d" relativeResultsDirectory="3ebe47a0-6931-48ea-8ce7-f9db0ccf8c37">
    </UnitTestResult>
    <UnitTestResult executionId="f06298b9-f4ec-4460-b6af-3d617ca1f2df" testId="3a7cf35f-84bf-614a-98ac-b53d9a1e7d31" testName="StringIsNotEqualToPassesIfStringIsNotEqualToStringToCompare" computerName="MATTHEW-PC" duration="00:00:00.0002553" startTime="2011-02-12T14:23:54.3025772-05:00" endTime="2011-02-12T14:23:54.3105777-05:00" testType="13cdc9d9-ddb5-4fa4-a97d-d965ccfc6d4b" outcome="Passed" testListId="8c84fa94-04c1-424b-9868-57a2d4851a1d" relativeResultsDirectory="f06298b9-f4ec-4460-b6af-3d617ca1f2df">
    </UnitTestResult>
    <UnitTestResult executionId="c5af4261-1a1e-457d-bf34-a8578a8de79e" testId="41975a43-3305-c850-d98d-6bc4ffa50f77" testName="StringDoesNotStartWithPassesIfStringDoesNotStartWithStringToCompare" computerName="MATTHEW-PC" duration="00:00:00.0004457" startTime="2011-02-12T14:23:54.3135778-05:00" endTime="2011-02-12T14:23:54.3215783-05:00" testType="13cdc9d9-ddb5-4fa4-a97d-d965ccfc6d4b" outcome="Passed" testListId="8c84fa94-04c1-424b-9868-57a2d4851a1d" relativeResultsDirectory="c5af4261-1a1e-457d-bf34-a8578a8de79e">
    </UnitTestResult>
    <UnitTestResult executionId="f46a483b-0102-47ba-abcc-2a752f5bb8b5" testId="465731e9-efd1-185a-3cbc-3fdce5f76c41" testName="IsNotEqualToPassesIfNotEqual" computerName="MATTHEW-PC" duration="00:00:00.0006069" startTime="2011-02-12T14:23:54.3255785-05:00" endTime="2011-02-12T14:23:54.3325789-05:00" testType="13cdc9d9-ddb5-4fa4-a97d-d965ccfc6d4b" outcome="Passed" testListId="8c84fa94-04c1-424b-9868-57a2d4851a1d" relativeResultsDirectory="f46a483b-0102-47ba-abcc-2a752f5bb8b5">
    </UnitTestResult>
    <UnitTestResult executionId="2fd3c175-2ae5-4d66-9bfa-b04aeac3dff4" testId="47d5e35a-02b4-512a-4b28-8bdb730ec666" testName="IsTheSameObjectFailsForNonNullTestAndNullCompareObjects" computerName="MATTHEW-PC" duration="00:00:00.0005347" startTime="2011-02-12T14:23:54.3365791-05:00" endTime="2011-02-12T14:23:54.3445796-05:00" testType="13cdc9d9-ddb5-4fa4-a97d-d965ccfc6d4b" outcome="Passed" testListId="8c84fa94-04c1-424b-9868-57a2d4851a1d" relativeResultsDirectory="2fd3c175-2ae5-4d66-9bfa-b04aeac3dff4">
    </UnitTestResult>
    <UnitTestResult executionId="e2912e59-1da2-470a-b36a-b9b21135c20b" testId="4efdda0e-b511-fc18-a55f-1ab289a65a0e" testName="StringIsNotEmptyFailsIfIsEmpty" computerName="MATTHEW-PC" duration="00:00:00.0006635" startTime="2011-02-12T14:23:54.3485798-05:00" endTime="2011-02-12T14:23:54.3575803-05:00" testType="13cdc9d9-ddb5-4fa4-a97d-d965ccfc6d4b" outcome="Passed" testListId="8c84fa94-04c1-424b-9868-57a2d4851a1d" relativeResultsDirectory="e2912e59-1da2-470a-b36a-b9b21135c20b">
    </UnitTestResult>
    <UnitTestResult executionId="da077afe-30a4-4051-96d7-ba53efb725b5" testId="50295921-0fee-4c6c-ec72-7ada0611b4e9" testName="MatchesPassesForMatchingRegEx" computerName="MATTHEW-PC" duration="00:00:00.0016249" startTime="2011-02-12T14:23:54.3665809-05:00" endTime="2011-02-12T14:23:54.3875821-05:00" testType="13cdc9d9-ddb5-4fa4-a97d-d965ccfc6d4b" outcome="Passed" testListId="8c84fa94-04c1-424b-9868-57a2d4851a1d" relativeResultsDirectory="da077afe-30a4-4051-96d7-ba53efb725b5">
    </UnitTestResult>
    <UnitTestResult executionId="21591451-b272-42a9-9774-512c245b6bfe" testId="509b077d-a6a7-fc02-5bff-7b9cebbbd2b2" testName="StringDoesNotStartWithFailsIfStringToCompareIsNull" computerName="MATTHEW-PC" duration="00:00:00.0005537" startTime="2011-02-12T14:23:54.3985827-05:00" endTime="2011-02-12T14:23:54.4065831-05:00" testType="13cdc9d9-ddb5-4fa4-a97d-d965ccfc6d4b" outcome="Passed" testListId="8c84fa94-04c1-424b-9868-57a2d4851a1d" relativeResultsDirectory="21591451-b272-42a9-9774-512c245b6bfe">
    </UnitTestResult>
    <UnitTestResult executionId="e6146cb5-8dc8-46fc-98fa-d978484948c0" testId="51a38580-dad2-b784-5c41-d8fb9569df94" testName="StringIsEmptyFailsIfIsNotEmpty" computerName="MATTHEW-PC" duration="00:00:00.0005548" startTime="2011-02-12T14:23:54.4115834-05:00" endTime="2011-02-12T14:23:54.4185838-05:00" testType="13cdc9d9-ddb5-4fa4-a97d-d965ccfc6d4b" outcome="Passed" testListId="8c84fa94-04c1-424b-9868-57a2d4851a1d" relativeResultsDirectory="e6146cb5-8dc8-46fc-98fa-d978484948c0">
    </UnitTestResult>
    <UnitTestResult executionId="e660da65-6f72-4f73-811f-405d0ea2109d" testId="58ea9c4f-8436-a256-f611-66eea71beb13" testName="StringIsEqualToFailsIfStringToCompareIsNull" computerName="MATTHEW-PC" duration="00:00:00.0005543" startTime="2011-02-12T14:23:54.4225841-05:00" endTime="2011-02-12T14:23:54.4305845-05:00" testType="13cdc9d9-ddb5-4fa4-a97d-d965ccfc6d4b" outcome="Passed" testListId="8c84fa94-04c1-424b-9868-57a2d4851a1d" relativeResultsDirectory="e660da65-6f72-4f73-811f-405d0ea2109d">
    </UnitTestResult>
    <UnitTestResult executionId="45a2f384-b047-4614-b719-31216a1cfaf3" testId="5bb3c498-01e4-9662-2349-d713dd145b3b" testName="IsACollectionPassesForCollection" computerName="MATTHEW-PC" duration="00:00:00.0002642" startTime="2011-02-12T14:23:54.4345847-05:00" endTime="2011-02-12T14:23:54.4415851-05:00" testType="13cdc9d9-ddb5-4fa4-a97d-d965ccfc6d4b" outcome="Passed" testListId="8c84fa94-04c1-424b-9868-57a2d4851a1d" relativeResultsDirectory="45a2f384-b047-4614-b719-31216a1cfaf3">
    </UnitTestResult>
    <UnitTestResult executionId="e3ed2d84-174a-4767-a6fb-30642e76102b" testId="5d180797-014d-3885-9d0c-01d79c47c65a" testName="IsAnInstanceOfTypeFailsIfNull" computerName="MATTHEW-PC" duration="00:00:00.0010095" startTime="2011-02-12T14:23:54.4455854-05:00" endTime="2011-02-12T14:23:54.4575861-05:00" testType="13cdc9d9-ddb5-4fa4-a97d-d965ccfc6d4b" outcome="Passed" testListId="8c84fa94-04c1-424b-9868-57a2d4851a1d" relativeResultsDirectory="e3ed2d84-174a-4767-a6fb-30642e76102b">
    </UnitTestResult>
    <UnitTestResult executionId="a5ea4886-553f-45d2-9d41-5f912752f543" testId="61c742e5-4374-3734-3185-d28c3ec066ea" testName="IsNotTheSameObjectPassesForNonNullTestAndNullCompareObjects" computerName="MATTHEW-PC" duration="00:00:00.0002766" startTime="2011-02-12T14:23:54.4605862-05:00" endTime="2011-02-12T14:23:54.4685867-05:00" testType="13cdc9d9-ddb5-4fa4-a97d-d965ccfc6d4b" outcome="Passed" testListId="8c84fa94-04c1-424b-9868-57a2d4851a1d" relativeResultsDirectory="a5ea4886-553f-45d2-9d41-5f912752f543">
    </UnitTestResult>
    <UnitTestResult executionId="2a6d6cef-7b37-4f0d-99b2-7879e030047c" testId="66391062-df35-3367-6dc7-c5e4175c63a5" testName="DoesNotContainPassesIfStringUnderTestDoesNotContainStringToCompare" computerName="MATTHEW-PC" duration="00:00:00.0004468" startTime="2011-02-12T14:23:54.4725869-05:00" endTime="2011-02-12T14:23:54.4795873-05:00" testType="13cdc9d9-ddb5-4fa4-a97d-d965ccfc6d4b" outcome="Passed" testListId="8c84fa94-04c1-424b-9868-57a2d4851a1d" relativeResultsDirectory="2a6d6cef-7b37-4f0d-99b2-7879e030047c">
    </UnitTestResult>
    <UnitTestResult executionId="0ae1146b-bd98-4e83-8c16-ae512668e525" testId="699c4aab-7bd6-46b5-0c74-a35a2b109bea" testName="IsFalseFailsForNull" computerName="MATTHEW-PC" duration="00:00:00.0009345" startTime="2011-02-12T14:23:54.4835875-05:00" endTime="2011-02-12T14:23:54.4915880-05:00" testType="13cdc9d9-ddb5-4fa4-a97d-d965ccfc6d4b" outcome="Passed" testListId="8c84fa94-04c1-424b-9868-57a2d4851a1d" relativeResultsDirectory="0ae1146b-bd98-4e83-8c16-ae512668e525">
    </UnitTestResult>
    <UnitTestResult executionId="f0928ea7-0f83-4c75-afd5-066702550d79" testId="6ac3788a-a309-e930-2e84-1b9d79af6182" testName="IsSameCollectionPassesIfSameCollection" computerName="MATTHEW-PC" duration="00:00:00.0005716" startTime="2011-02-12T14:23:54.4965883-05:00" endTime="2011-02-12T14:23:54.5035887-05:00" testType="13cdc9d9-ddb5-4fa4-a97d-d965ccfc6d4b" outcome="Passed" testListId="8c84fa94-04c1-424b-9868-57a2d4851a1d" relativeResultsDirectory="f0928ea7-0f83-4c75-afd5-066702550d79">
    </UnitTestResult>
    <UnitTestResult executionId="ab99386a-1599-4396-84c3-ccea9476cbe3" testId="6c0716d4-1a51-c796-f203-416a800f110a" testName="StringIsEqualToFailsIfStringToCompareIsEmpty" computerName="MATTHEW-PC" duration="00:00:00.0005610" startTime="2011-02-12T14:23:54.5075889-05:00" endTime="2011-02-12T14:23:54.5155894-05:00" testType="13cdc9d9-ddb5-4fa4-a97d-d965ccfc6d4b" outcome="Passed" testListId="8c84fa94-04c1-424b-9868-57a2d4851a1d" relativeResultsDirectory="ab99386a-1599-4396-84c3-ccea9476cbe3">
    </UnitTestResult>
    <UnitTestResult executionId="e7616a0d-898c-4658-a122-6540f79b4ef6" testId="6c72e054-8c42-1f7b-1774-1d0d86994a03" testName="IsNullPassesForNullObject" computerName="MATTHEW-PC" duration="00:00:00.0004300" startTime="2011-02-12T14:23:54.5195896-05:00" endTime="2011-02-12T14:23:54.5265900-05:00" testType="13cdc9d9-ddb5-4fa4-a97d-d965ccfc6d4b" outcome="Passed" testListId="8c84fa94-04c1-424b-9868-57a2d4851a1d" relativeResultsDirectory="e7616a0d-898c-4658-a122-6540f79b4ef6">
    </UnitTestResult>
    <UnitTestResult executionId="e9f36733-02f6-4bd4-a21f-ea8e9c478dd4" testId="6e8fbcbf-2ee3-7d18-502e-6e849b91dfed" testName="IsFalseFailsForNonBool" computerName="MATTHEW-PC" duration="00:00:00.0031664" startTime="2011-02-12T14:23:54.5305902-05:00" endTime="2011-02-12T14:23:54.5415909-05:00" testType="13cdc9d9-ddb5-4fa4-a97d-d965ccfc6d4b" outcome="Passed" testListId="8c84fa94-04c1-424b-9868-57a2d4851a1d" relativeResultsDirectory="e9f36733-02f6-4bd4-a21f-ea8e9c478dd4">
    </UnitTestResult>
    <UnitTestResult executionId="2bc8e6d3-6435-4acb-9c29-5e25d4323fb4" testId="6fe74ff2-ee3a-770a-2a7c-55fa41d17bfd" testName="IsSameCollectionFailsIfDifferent" computerName="MATTHEW-PC" duration="00:00:00.0007458" startTime="2011-02-12T14:23:54.5895936-05:00" endTime="2011-02-12T14:23:54.5965940-05:00" testType="13cdc9d9-ddb5-4fa4-a97d-d965ccfc6d4b" outcome="Passed" testListId="8c84fa94-04c1-424b-9868-57a2d4851a1d" relativeResultsDirectory="2bc8e6d3-6435-4acb-9c29-5e25d4323fb4">
    </UnitTestResult>
    <UnitTestResult executionId="3727b8b2-c5b9-4d87-ac51-4db17624f6bc" testId="7358bb32-b42a-73a1-a497-df13b2d899e2" testName="IsNotAnInstanceOfTypeFailsForSameType" computerName="MATTHEW-PC" duration="00:00:00.0006220" startTime="2011-02-12T14:23:54.6015943-05:00" endTime="2011-02-12T14:23:54.6125949-05:00" testType="13cdc9d9-ddb5-4fa4-a97d-d965ccfc6d4b" outcome="Passed" testListId="8c84fa94-04c1-424b-9868-57a2d4851a1d" relativeResultsDirectory="3727b8b2-c5b9-4d87-ac51-4db17624f6bc">
    </UnitTestResult>
    <UnitTestResult executionId="e93b48e3-33d5-4201-beb5-e74230f0ff81" testId="75666f70-5b6f-954c-65d9-fdd85204cec3" testName="IsNotAnInstanceOfTypeFailsIfDifferentType" computerName="MATTHEW-PC" duration="00:00:00.0054027" startTime="2011-02-12T14:23:54.6205954-05:00" endTime="2011-02-12T14:23:54.6425966-05:00" testType="13cdc9d9-ddb5-4fa4-a97d-d965ccfc6d4b" outcome="Passed" testListId="8c84fa94-04c1-424b-9868-57a2d4851a1d" relativeResultsDirectory="e93b48e3-33d5-4201-beb5-e74230f0ff81">
    </UnitTestResult>
    <UnitTestResult executionId="6c5bcb3a-564e-432b-bd99-3d0c66e99ab2" testId="78646dcc-2fe3-e0f5-4f0f-c69719fa53e5" testName="IsNotAnInstanceOfTypePassesIfIsNotAnInstanceOf" computerName="MATTHEW-PC" duration="00:00:00.0004009" startTime="2011-02-12T14:23:54.6565974-05:00" endTime="2011-02-12T14:23:54.6705982-05:00" testType="13cdc9d9-ddb5-4fa4-a97d-d965ccfc6d4b" outcome="Passed" testListId="8c84fa94-04c1-424b-9868-57a2d4851a1d" relativeResultsDirectory="6c5bcb3a-564e-432b-bd99-3d0c66e99ab2">
    </UnitTestResult>
    <UnitTestResult executionId="65990cb4-bf5a-414d-8fc9-51596d200fd1" testId="79df3fcd-6813-d3cc-f65a-38973659582e" testName="IsNotSameCollectionFailsIfSame" computerName="MATTHEW-PC" duration="00:00:00.0009350" startTime="2011-02-12T14:23:54.6745985-05:00" endTime="2011-02-12T14:23:54.6825989-05:00" testType="13cdc9d9-ddb5-4fa4-a97d-d965ccfc6d4b" outcome="Passed" testListId="8c84fa94-04c1-424b-9868-57a2d4851a1d" relativeResultsDirectory="65990cb4-bf5a-414d-8fc9-51596d200fd1">
    </UnitTestResult>
    <UnitTestResult executionId="d037efc9-b2dc-490a-8c1b-d2ebcf122e7a" testId="7bf2d5f4-cc98-0008-8cf9-0b9d9ea5a3e9" testName="MatchesFailsForNonMatchingRegEx" computerName="MATTHEW-PC" duration="00:00:00.0007167" startTime="2011-02-12T14:23:54.6865992-05:00" endTime="2011-02-12T14:23:54.6945996-05:00" testType="13cdc9d9-ddb5-4fa4-a97d-d965ccfc6d4b" outcome="Passed" testListId="8c84fa94-04c1-424b-9868-57a2d4851a1d" relativeResultsDirectory="d037efc9-b2dc-490a-8c1b-d2ebcf122e7a">
    </UnitTestResult>
    <UnitTestResult executionId="8105234d-2e03-465d-bc98-fa998bd74640" testId="7fa9ff12-44e1-c2a8-7561-37439b89b14d" testName="IsNotEqualFailsForEqualTestAndCompareObjects" computerName="MATTHEW-PC" duration="00:00:00.0005834" startTime="2011-02-12T14:23:54.6985998-05:00" endTime="2011-02-12T14:23:54.7066003-05:00" testType="13cdc9d9-ddb5-4fa4-a97d-d965ccfc6d4b" outcome="Passed" testListId="8c84fa94-04c1-424b-9868-57a2d4851a1d" relativeResultsDirectory="8105234d-2e03-465d-bc98-fa998bd74640">
    </UnitTestResult>
    <UnitTestResult executionId="8f169354-0b68-41d7-8086-5fe843b95a21" testId="80579bac-3102-2836-4386-fa6811259258" testName="IsEqualToFailsIfDifferentLengths" computerName="MATTHEW-PC" duration="00:00:00.0010621" startTime="2011-02-12T14:23:54.7106005-05:00" endTime="2011-02-12T14:23:54.7186010-05:00" testType="13cdc9d9-ddb5-4fa4-a97d-d965ccfc6d4b" outcome="Passed" testListId="8c84fa94-04c1-424b-9868-57a2d4851a1d" relativeResultsDirectory="8f169354-0b68-41d7-8086-5fe843b95a21">
    </UnitTestResult>
    <UnitTestResult executionId="2fe96cc4-af51-42bd-83c0-cd801d7f2837" testId="80823a72-cb3f-896a-4440-dd0d1649bfdb" testName="IsTheSameObjectFailsForNullTestAndNonNullCompareObjects" computerName="MATTHEW-PC" duration="00:00:00.0005509" startTime="2011-02-12T14:23:54.7226012-05:00" endTime="2011-02-12T14:23:54.7306017-05:00" testType="13cdc9d9-ddb5-4fa4-a97d-d965ccfc6d4b" outcome="Passed" testListId="8c84fa94-04c1-424b-9868-57a2d4851a1d" relativeResultsDirectory="2fe96cc4-af51-42bd-83c0-cd801d7f2837">
    </UnitTestResult>
    <UnitTestResult executionId="43dcb649-39f4-4cbe-ab3e-64520adbf8b6" testId="80b8d91d-ea96-12f1-5c16-49583da9652b" testName="IsEqualFailsForNullTestAndNonNullCompareObjects" computerName="MATTHEW-PC" duration="00:00:00.0005627" startTime="2011-02-12T14:23:54.7346019-05:00" endTime="2011-02-12T14:23:54.7426024-05:00" testType="13cdc9d9-ddb5-4fa4-a97d-d965ccfc6d4b" outcome="Passed" testListId="8c84fa94-04c1-424b-9868-57a2d4851a1d" relativeResultsDirectory="43dcb649-39f4-4cbe-ab3e-64520adbf8b6">
    </UnitTestResult>
    <UnitTestResult executionId="1752cb8a-768f-418a-94da-77d991a9cb89" testId="8435e728-5e5c-5e9a-b303-a235194ffd1a" testName="IsTheSameObjectPassessFroSameNonNullTestAndCompareObjects" computerName="MATTHEW-PC" duration="00:00:00.0003611" startTime="2011-02-12T14:23:54.7466026-05:00" endTime="2011-02-12T14:23:54.7536030-05:00" testType="13cdc9d9-ddb5-4fa4-a97d-d965ccfc6d4b" outcome="Passed" testListId="8c84fa94-04c1-424b-9868-57a2d4851a1d" relativeResultsDirectory="1752cb8a-768f-418a-94da-77d991a9cb89">
    </UnitTestResult>
    <UnitTestResult executionId="30fb88ba-595e-4661-bce2-73eaa9dfd33d" testId="84a9bef3-40a2-df79-66c3-16a1e94f0208" testName="IsAnInstanceOfTypePassesIfIsAnInstanceOf" computerName="MATTHEW-PC" duration="00:00:00.0003841" startTime="2011-02-12T14:23:54.7586033-05:00" endTime="2011-02-12T14:23:54.7656037-05:00" testType="13cdc9d9-ddb5-4fa4-a97d-d965ccfc6d4b" outcome="Passed" testListId="8c84fa94-04c1-424b-9868-57a2d4851a1d" relativeResultsDirectory="30fb88ba-595e-4661-bce2-73eaa9dfd33d">
    </UnitTestResult>
    <UnitTestResult executionId="602d9bd8-7e77-4b80-ae13-64d47fc6378e" testId="86068341-bdc9-d0f7-84ed-14179f58a418" testName="IsEqualToPassesIfEqual" computerName="MATTHEW-PC" duration="00:00:00.0006019" startTime="2011-02-12T14:23:54.7956054-05:00" endTime="2011-02-12T14:23:54.8026058-05:00" testType="13cdc9d9-ddb5-4fa4-a97d-d965ccfc6d4b" outcome="Passed" testListId="8c84fa94-04c1-424b-9868-57a2d4851a1d" relativeResultsDirectory="602d9bd8-7e77-4b80-ae13-64d47fc6378e">
    </UnitTestResult>
    <UnitTestResult executionId="ac8e7f60-b03b-4a6a-b856-73a27a8cfff6" testId="86438a59-a53b-6da8-3b59-69e204b0e6dc" testName="IsEqualFailsForNonNullTestAndNullCompareObjects" computerName="MATTHEW-PC" duration="00:00:00.0005481" startTime="2011-02-12T14:23:54.8066060-05:00" endTime="2011-02-12T14:23:54.8136064-05:00" testType="13cdc9d9-ddb5-4fa4-a97d-d965ccfc6d4b" outcome="Passed" testListId="8c84fa94-04c1-424b-9868-57a2d4851a1d" relativeResultsDirectory="ac8e7f60-b03b-4a6a-b856-73a27a8cfff6">
    </UnitTestResult>
    <UnitTestResult executionId="fdade71b-1a3c-4615-ae28-d178a4088ee4" testId="94f34045-59d8-cc46-72c1-97dfc5551e87" testName="IsFalsePassesForFalse" computerName="MATTHEW-PC" duration="00:00:00.0002542" startTime="2011-02-12T14:23:54.8226069-05:00" endTime="2011-02-12T14:23:54.8296073-05:00" testType="13cdc9d9-ddb5-4fa4-a97d-d965ccfc6d4b" outcome="Passed" testListId="8c84fa94-04c1-424b-9868-57a2d4851a1d" relativeResultsDirectory="fdade71b-1a3c-4615-ae28-d178a4088ee4">
    </UnitTestResult>
    <UnitTestResult executionId="5a2a8df0-6d91-4901-8c41-2e0a2872bce5" testId="9591658b-83a4-8373-1a89-a3c1268223a8" testName="AllItemsAreUniquePassesIfAllItemsAreUnique" computerName="MATTHEW-PC" duration="00:00:00.0004557" startTime="2011-02-12T14:23:54.8336076-05:00" endTime="2011-02-12T14:23:54.8406080-05:00" testType="13cdc9d9-ddb5-4fa4-a97d-d965ccfc6d4b" outcome="Passed" testListId="8c84fa94-04c1-424b-9868-57a2d4851a1d" relativeResultsDirectory="5a2a8df0-6d91-4901-8c41-2e0a2872bce5">
    </UnitTestResult>
    <UnitTestResult executionId="3b59933d-b1e0-4abd-ac77-407fa7d0823e" testId="971d38c2-8a7d-518d-3cb3-e78b37dee55b" testName="IsAnInstanceOfTypeFailsForDifferentType" computerName="MATTHEW-PC" duration="00:00:00.0006349" startTime="2011-02-12T14:23:54.8456083-05:00" endTime="2011-02-12T14:23:54.8526087-05:00" testType="13cdc9d9-ddb5-4fa4-a97d-d965ccfc6d4b" outcome="Passed" testListId="8c84fa94-04c1-424b-9868-57a2d4851a1d" relativeResultsDirectory="3b59933d-b1e0-4abd-ac77-407fa7d0823e">
    </UnitTestResult>
    <UnitTestResult executionId="9c0e0176-aa4d-4a67-9ea2-4ad0437bfcad" testId="979ced33-f10e-ed40-5f63-644b2293fabc" testName="IsNotEqualPassesForNullTestAndNonNullCompareObjects" computerName="MATTHEW-PC" duration="00:00:00.0002435" startTime="2011-02-12T14:23:54.8566089-05:00" endTime="2011-02-12T14:23:54.8636093-05:00" testType="13cdc9d9-ddb5-4fa4-a97d-d965ccfc6d4b" outcome="Passed" testListId="8c84fa94-04c1-424b-9868-57a2d4851a1d" relativeResultsDirectory="9c0e0176-aa4d-4a67-9ea2-4ad0437bfcad">
    </UnitTestResult>
    <UnitTestResult executionId="2c4c4464-ed40-4ed2-8d58-289e364306f0" testId="98037ae4-2d1f-600a-b77b-1d5665246705" testName="IsTrueFailsForNonBool" computerName="MATTHEW-PC" duration="00:00:00.0009328" startTime="2011-02-12T14:23:54.8686096-05:00" endTime="2011-02-12T14:23:54.8766100-05:00" testType="13cdc9d9-ddb5-4fa4-a97d-d965ccfc6d4b" outcome="Passed" testListId="8c84fa94-04c1-424b-9868-57a2d4851a1d" relativeResultsDirectory="2c4c4464-ed40-4ed2-8d58-289e364306f0">
    </UnitTestResult>
    <UnitTestResult executionId="16e6e1ef-ec90-44d7-aefb-c51207f71c3d" testId="9e631207-9eac-6a3b-506b-34e5bacd4ce6" testName="StringDoesNotEndWithFailsIfStringToCompareIsEmpty" computerName="MATTHEW-PC" duration="00:00:00.0005756" startTime="2011-02-12T14:23:54.8806103-05:00" endTime="2011-02-12T14:23:54.8876107-05:00" testType="13cdc9d9-ddb5-4fa4-a97d-d965ccfc6d4b" outcome="Passed" testListId="8c84fa94-04c1-424b-9868-57a2d4851a1d" relativeResultsDirectory="16e6e1ef-ec90-44d7-aefb-c51207f71c3d">
    </UnitTestResult>
    <UnitTestResult executionId="52554b1c-dc52-4c27-8ab2-e51878e9a2ca" testId="a2917aab-4dda-3106-6a96-58654a69e063" testName="IsNotSameCollectionFailsIfNull" computerName="MATTHEW-PC" duration="00:00:00.0007105" startTime="2011-02-12T14:23:54.8916109-05:00" endTime="2011-02-12T14:23:54.8996113-05:00" testType="13cdc9d9-ddb5-4fa4-a97d-d965ccfc6d4b" outcome="Passed" testListId="8c84fa94-04c1-424b-9868-57a2d4851a1d" relativeResultsDirectory="52554b1c-dc52-4c27-8ab2-e51878e9a2ca">
    </UnitTestResult>
    <UnitTestResult executionId="24cb718e-d262-4012-a384-b136262cd119" testId="a36ab6b9-be2d-4c3b-41cc-46bb62d4c502" testName="StringIsNotEqualToPassesIfStringToCompareIsEmpty" computerName="MATTHEW-PC" duration="00:00:00.0003353" startTime="2011-02-12T14:23:54.9036116-05:00" endTime="2011-02-12T14:23:54.9116120-05:00" testType="13cdc9d9-ddb5-4fa4-a97d-d965ccfc6d4b" outcome="Passed" testListId="8c84fa94-04c1-424b-9868-57a2d4851a1d" relativeResultsDirectory="24cb718e-d262-4012-a384-b136262cd119">
    </UnitTestResult>
    <UnitTestResult executionId="084bcfb8-d980-4c50-b841-bc38983294ca" testId="a4019a09-7f20-e2c6-ec89-545dce520c92" testName="IsNotAnInstanceOfTypeFailsIfNull" computerName="MATTHEW-PC" duration="00:00:00.0014362" startTime="2011-02-12T14:23:54.9266129-05:00" endTime="2011-02-12T14:23:54.9406137-05:00" testType="13cdc9d9-ddb5-4fa4-a97d-d965ccfc6d4b" outcome="Passed" testListId="8c84fa94-04c1-424b-9868-57a2d4851a1d" relativeResultsDirectory="084bcfb8-d980-4c50-b841-bc38983294ca">
    </UnitTestResult>
    <UnitTestResult executionId="1682edd3-dde4-4f73-86c9-e78a9c56f08f" testId="ab3ce79d-13c7-0f7e-ef8a-be8254d3191c" testName="DoesNotContainFailsIfStringToCompareIsEmpty" computerName="MATTHEW-PC" duration="00:00:00.0005722" startTime="2011-02-12T14:23:54.9526144-05:00" endTime="2011-02-12T14:23:54.9606148-05:00" testType="13cdc9d9-ddb5-4fa4-a97d-d965ccfc6d4b" outcome="Passed" testListId="8c84fa94-04c1-424b-9868-57a2d4851a1d" relativeResultsDirectory="1682edd3-dde4-4f73-86c9-e78a9c56f08f">
    </UnitTestResult>
    <UnitTestResult executionId="f5ef2e5e-8d2e-49a3-9124-477ad82110ac" testId="ab582c0d-aebb-1664-247b-08a74ec3ee9c" testName="Inconclusive" computerName="MATTHEW-PC" duration="00:00:00.0016719" startTime="2011-02-12T14:23:54.9656151-05:00" endTime="2011-02-12T14:23:54.9736156-05:00" testType="13cdc9d9-ddb5-4fa4-a97d-d965ccfc6d4b" outcome="Passed" testListId="8c84fa94-04c1-424b-9868-57a2d4851a1d" relativeResultsDirectory="f5ef2e5e-8d2e-49a3-9124-477ad82110ac">
    </UnitTestResult>
    <UnitTestResult executionId="99f764c6-f8b7-4ac2-919c-92cb47421abd" testId="ad89ec0d-bed2-98c0-585f-441531448ccf" testName="StringStartsWithFailsIfStringToCompareIsNull" computerName="MATTHEW-PC" duration="00:00:00.0005834" startTime="2011-02-12T14:23:54.9786159-05:00" endTime="2011-02-12T14:23:54.9896165-05:00" testType="13cdc9d9-ddb5-4fa4-a97d-d965ccfc6d4b" outcome="Passed" testListId="8c84fa94-04c1-424b-9868-57a2d4851a1d" relativeResultsDirectory="99f764c6-f8b7-4ac2-919c-92cb47421abd">
    </UnitTestResult>
    <UnitTestResult executionId="ee6c15f6-5e20-48e5-803d-d2959c53079f" testId="aed3d282-683d-7540-9df1-7cddb79743f3" testName="IsNotTheSameObjectPassesForNullTestAndCompareObjects" computerName="MATTHEW-PC" duration="00:00:00.0002463" startTime="2011-02-12T14:23:54.9936167-05:00" endTime="2011-02-12T14:23:55.0026172-05:00" testType="13cdc9d9-ddb5-4fa4-a97d-d965ccfc6d4b" outcome="Passed" testListId="8c84fa94-04c1-424b-9868-57a2d4851a1d" relativeResultsDirectory="ee6c15f6-5e20-48e5-803d-d2959c53079f">
    </UnitTestResult>
    <UnitTestResult executionId="4aa89c08-2ae7-41cf-860e-169e0eced89b" testId="afdd0ba6-859e-a16c-00d2-0357839e21d8" testName="IsAnInstanceOfTypeFailsIfDifferentType" computerName="MATTHEW-PC" duration="00:00:00.0007721" startTime="2011-02-12T14:23:55.0056174-05:00" endTime="2011-02-12T14:23:55.0246185-05:00" testType="13cdc9d9-ddb5-4fa4-a97d-d965ccfc6d4b" outcome="Passed" testListId="8c84fa94-04c1-424b-9868-57a2d4851a1d" relativeResultsDirectory="4aa89c08-2ae7-41cf-860e-169e0eced89b">
    </UnitTestResult>
    <UnitTestResult executionId="f21ab334-7c7f-46ea-a341-e6db4b7e311b" testId="b080b34c-a604-2bc2-e4f6-b4fdae32e2f7" testName="ContainsFailsIfStringToCompareIsNull" computerName="MATTHEW-PC" duration="00:00:00.0005543" startTime="2011-02-12T14:23:55.0286187-05:00" endTime="2011-02-12T14:23:55.0366192-05:00" testType="13cdc9d9-ddb5-4fa4-a97d-d965ccfc6d4b" outcome="Passed" testListId="8c84fa94-04c1-424b-9868-57a2d4851a1d" relativeResultsDirectory="f21ab334-7c7f-46ea-a341-e6db4b7e311b">
    </UnitTestResult>
    <UnitTestResult executionId="368520e2-f2d5-4029-80d5-2586f679275f" testId="b166461a-58ca-2c71-35b2-b7200b7a7044" testName="StringDoesNotStartWithFailsIfStartsWithString" computerName="MATTHEW-PC" duration="00:00:00.0005672" startTime="2011-02-12T14:23:55.0406194-05:00" endTime="2011-02-12T14:23:55.0476198-05:00" testType="13cdc9d9-ddb5-4fa4-a97d-d965ccfc6d4b" outcome="Passed" testListId="8c84fa94-04c1-424b-9868-57a2d4851a1d" relativeResultsDirectory="368520e2-f2d5-4029-80d5-2586f679275f">
    </UnitTestResult>
    <UnitTestResult executionId="c50eac70-0128-4796-aa3d-c7f90d731c79" testId="b3f389ae-9508-6883-4c4c-0ad45b9c928d" testName="IsAStringFailsForNull" computerName="MATTHEW-PC" duration="00:00:00.0005330" startTime="2011-02-12T14:23:55.0516200-05:00" endTime="2011-02-12T14:23:55.0596205-05:00" testType="13cdc9d9-ddb5-4fa4-a97d-d965ccfc6d4b" outcome="Passed" testListId="8c84fa94-04c1-424b-9868-57a2d4851a1d" relativeResultsDirectory="c50eac70-0128-4796-aa3d-c7f90d731c79">
    </UnitTestResult>
    <UnitTestResult executionId="cb2929b6-6169-44e2-b9d7-643be77237ba" testId="b8c8a4a2-9cfb-eb95-e132-499d8e32c12e" testName="IsAnInstanceOfTypeFailsForNull" computerName="MATTHEW-PC" duration="00:00:00.0005918" startTime="2011-02-12T14:23:55.0636207-05:00" endTime="2011-02-12T14:23:55.0716212-05:00" testType="13cdc9d9-ddb5-4fa4-a97d-d965ccfc6d4b" outcome="Passed" testListId="8c84fa94-04c1-424b-9868-57a2d4851a1d" relativeResultsDirectory="cb2929b6-6169-44e2-b9d7-643be77237ba">
    </UnitTestResult>
    <UnitTestResult executionId="b1dda326-becb-4711-8d2f-2601017c583a" testId="bb66cc73-998c-9993-1784-eafa6ea54bbf" testName="IsTrueFailsForNull" computerName="MATTHEW-PC" duration="00:00:00.0005420" startTime="2011-02-12T14:23:55.0756214-05:00" endTime="2011-02-12T14:23:55.0836219-05:00" testType="13cdc9d9-ddb5-4fa4-a97d-d965ccfc6d4b" outcome="Passed" testListId="8c84fa94-04c1-424b-9868-57a2d4851a1d" relativeResultsDirectory="b1dda326-becb-4711-8d2f-2601017c583a">
    </UnitTestResult>
    <UnitTestResult executionId="6eb97d4d-003a-4781-b1e9-98750ce089b1" testId="bc63fd6f-4eb8-b691-cbd2-d08e26cc06b9" testName="IsNullFailsForNonNullObject" computerName="MATTHEW-PC" duration="00:00:00.0005425" startTime="2011-02-12T14:23:55.0876221-05:00" endTime="2011-02-12T14:23:55.0946225-05:00" testType="13cdc9d9-ddb5-4fa4-a97d-d965ccfc6d4b" outcome="Passed" testListId="8c84fa94-04c1-424b-9868-57a2d4851a1d" relativeResultsDirectory="6eb97d4d-003a-4781-b1e9-98750ce089b1">
    </UnitTestResult>
    <UnitTestResult executionId="cadc2942-6f8d-4f41-acec-cf8157c89429" testId="be4e646a-1b49-6046-1438-86ee72a455e8" testName="IsSameCollectionFailsIfNull" computerName="MATTHEW-PC" duration="00:00:00.0006915" startTime="2011-02-12T14:23:55.1026230-05:00" endTime="2011-02-12T14:23:55.1146236-05:00" testType="13cdc9d9-ddb5-4fa4-a97d-d965ccfc6d4b" outcome="Passed" testListId="8c84fa94-04c1-424b-9868-57a2d4851a1d" relativeResultsDirectory="cadc2942-6f8d-4f41-acec-cf8157c89429">
    </UnitTestResult>
    <UnitTestResult executionId="21838d3c-189f-4853-9643-5b583ba86e7a" testId="c030c84a-4186-0341-a56d-f1e475136445" testName="IsNotEqualToFailsIfCollectionToCompareIsNull" computerName="MATTHEW-PC" duration="00:00:00.0008830" startTime="2011-02-12T14:23:55.1196239-05:00" endTime="2011-02-12T14:23:55.1266243-05:00" testType="13cdc9d9-ddb5-4fa4-a97d-d965ccfc6d4b" outcome="Passed" testListId="8c84fa94-04c1-424b-9868-57a2d4851a1d" relativeResultsDirectory="21838d3c-189f-4853-9643-5b583ba86e7a">
    </UnitTestResult>
    <UnitTestResult executionId="1bb0fa03-35e9-45eb-a5b8-d4512eb1ed63" testId="c0b8758a-00f8-2e71-22e1-a54c0e34c3eb" testName="IsEqualToFailsIfCollectionToCompareIsNull" computerName="MATTHEW-PC" duration="00:00:00.0008678" startTime="2011-02-12T14:23:55.1316246-05:00" endTime="2011-02-12T14:23:55.1396251-05:00" testType="13cdc9d9-ddb5-4fa4-a97d-d965ccfc6d4b" outcome="Passed" testListId="8c84fa94-04c1-424b-9868-57a2d4851a1d" relativeResultsDirectory="1bb0fa03-35e9-45eb-a5b8-d4512eb1ed63">
    </UnitTestResult>
    <UnitTestResult executionId="ab4eff28-3fbe-4c0c-8404-bf98b5ffdc06" testId="c0be272d-cd43-650e-86e0-d84d50bd7643" testName="IsNotTheSameObjectPassesForDifferentTestAndCompareObjects" computerName="MATTHEW-PC" duration="00:00:00.0002480" startTime="2011-02-12T14:23:55.1436253-05:00" endTime="2011-02-12T14:23:55.1506257-05:00" testType="13cdc9d9-ddb5-4fa4-a97d-d965ccfc6d4b" outcome="Passed" testListId="8c84fa94-04c1-424b-9868-57a2d4851a1d" relativeResultsDirectory="ab4eff28-3fbe-4c0c-8404-bf98b5ffdc06">
    </UnitTestResult>
    <UnitTestResult executionId="e2f7d81c-2514-43c2-bc14-3563bda06808" testId="c5e9b16c-2a8b-9a6b-5901-f9639cb87528" testName="AllItemsAreInstancesOfTypeFailsIfAnyItemIsNotOfSpecifiedType" computerName="MATTHEW-PC" duration="00:00:00.0203842" startTime="2011-02-12T14:23:55.1546259-05:00" endTime="2011-02-12T14:23:55.1846276-05:00" testType="13cdc9d9-ddb5-4fa4-a97d-d965ccfc6d4b" outcome="Passed" testListId="8c84fa94-04c1-424b-9868-57a2d4851a1d" relativeResultsDirectory="e2f7d81c-2514-43c2-bc14-3563bda06808">
    </UnitTestResult>
    <UnitTestResult executionId="eb7601fa-c81b-4f8a-a4e2-3b3909d03450" testId="c7f7effa-dc69-0582-2389-c73c9f90c392" testName="IsTrueFailsForFalse" computerName="MATTHEW-PC" duration="00:00:00.0006842" startTime="2011-02-12T14:23:55.1986284-05:00" endTime="2011-02-12T14:23:55.2106291-05:00" testType="13cdc9d9-ddb5-4fa4-a97d-d965ccfc6d4b" outcome="Passed" testListId="8c84fa94-04c1-424b-9868-57a2d4851a1d" relativeResultsDirectory="eb7601fa-c81b-4f8a-a4e2-3b3909d03450">
    </UnitTestResult>
    <UnitTestResult executionId="464416ad-3fd6-424e-a788-2e91e084906c" testId="c89ed292-1699-5f98-80c0-cb764471e327" testName="StringStartsWithFailsIfDoesNotStartWithString" computerName="MATTHEW-PC" duration="00:00:00.0006187" startTime="2011-02-12T14:23:55.2146294-05:00" endTime="2011-02-12T14:23:55.2216298-05:00" testType="13cdc9d9-ddb5-4fa4-a97d-d965ccfc6d4b" outcome="Passed" testListId="8c84fa94-04c1-424b-9868-57a2d4851a1d" relativeResultsDirectory="464416ad-3fd6-424e-a788-2e91e084906c">
    </UnitTestResult>
    <UnitTestResult executionId="374b2d91-2313-499c-9ef3-f90dfa0c5087" testId="cfbeb8df-8299-eb0c-266f-42cf08fad8a7" testName="IsNotEqualPassessForNonNullTestAndNullCompareObjects" computerName="MATTHEW-PC" duration="00:00:00.0002463" startTime="2011-02-12T14:23:55.2256300-05:00" endTime="2011-02-12T14:23:55.2326304-05:00" testType="13cdc9d9-ddb5-4fa4-a97d-d965ccfc6d4b" outcome="Passed" testListId="8c84fa94-04c1-424b-9868-57a2d4851a1d" relativeResultsDirectory="374b2d91-2313-499c-9ef3-f90dfa0c5087">
    </UnitTestResult>
    <UnitTestResult executionId="83e54848-b9cb-402a-9e10-1d5f4cb50519" testId="d166c49e-029f-4514-4269-24ad6e5f3074" testName="IsAStringFailsForNonString" computerName="MATTHEW-PC" duration="00:00:00.0005873" startTime="2011-02-12T14:23:55.2366306-05:00" endTime="2011-02-12T14:23:55.2446311-05:00" testType="13cdc9d9-ddb5-4fa4-a97d-d965ccfc6d4b" outcome="Passed" testListId="8c84fa94-04c1-424b-9868-57a2d4851a1d" relativeResultsDirectory="83e54848-b9cb-402a-9e10-1d5f4cb50519">
    </UnitTestResult>
    <UnitTestResult executionId="b747de8b-30d2-4514-9bb5-e5ccb471352b" testId="d1714117-6982-985c-9a68-a45e0baf80a8" testName="DoesNotMatchFailsForMatchingRegEx" computerName="MATTHEW-PC" duration="00:00:00.0006276" startTime="2011-02-12T14:23:55.2486313-05:00" endTime="2011-02-12T14:23:55.2586319-05:00" testType="13cdc9d9-ddb5-4fa4-a97d-d965ccfc6d4b" outcome="Passed" testListId="8c84fa94-04c1-424b-9868-57a2d4851a1d" relativeResultsDirectory="b747de8b-30d2-4514-9bb5-e5ccb471352b">
    </UnitTestResult>
    <UnitTestResult executionId="35c7d94b-fb8b-4abb-b05e-e73230ecdba1" testId="d3482566-c651-53dd-37c6-1ff38a1db169" testName="StringStartsWithPassesIfStringToCompareIsEmpty" computerName="MATTHEW-PC" duration="00:00:00.0002530" startTime="2011-02-12T14:23:55.2626321-05:00" endTime="2011-02-12T14:23:55.2696325-05:00" testType="13cdc9d9-ddb5-4fa4-a97d-d965ccfc6d4b" outcome="Passed" testListId="8c84fa94-04c1-424b-9868-57a2d4851a1d" relativeResultsDirectory="35c7d94b-fb8b-4abb-b05e-e73230ecdba1">
    </UnitTestResult>
    <UnitTestResult executionId="f1795514-4772-4829-9109-c9e395f2b0e8" testId="dad984f6-5d2b-46bd-affa-d3af8dc65db1" testName="IsEqualFailsForDifferentTestAndCompareObjects" computerName="MATTHEW-PC" duration="00:00:00.0005627" startTime="2011-02-12T14:23:55.2736327-05:00" endTime="2011-02-12T14:23:55.2806331-05:00" testType="13cdc9d9-ddb5-4fa4-a97d-d965ccfc6d4b" outcome="Passed" testListId="8c84fa94-04c1-424b-9868-57a2d4851a1d" relativeResultsDirectory="f1795514-4772-4829-9109-c9e395f2b0e8">
    </UnitTestResult>
    <UnitTestResult executionId="9780748c-1a63-4939-b1c5-0fc76f454acc" testId="dc0697b7-5c55-b411-f8b9-f13821119ab3" testName="IsEqualPassesForEqualTestAndCompareObjects" computerName="MATTHEW-PC" duration="00:00:00.0002648" startTime="2011-02-12T14:23:55.2856334-05:00" endTime="2011-02-12T14:23:55.2926338-05:00" testType="13cdc9d9-ddb5-4fa4-a97d-d965ccfc6d4b" outcome="Passed" testListId="8c84fa94-04c1-424b-9868-57a2d4851a1d" relativeResultsDirectory="9780748c-1a63-4939-b1c5-0fc76f454acc">
    </UnitTestResult>
    <UnitTestResult executionId="367b2697-94a8-497e-92ac-95676e9a0865" testId="dc92c4ff-bdc4-d68a-dbd9-3be00efad87e" testName="StringDoesNotEndWithFailsIfStringEndWithStringToCompare" computerName="MATTHEW-PC" duration="00:00:00.0005526" startTime="2011-02-12T14:23:55.2966341-05:00" endTime="2011-02-12T14:23:55.3036345-05:00" testType="13cdc9d9-ddb5-4fa4-a97d-d965ccfc6d4b" outcome="Passed" testListId="8c84fa94-04c1-424b-9868-57a2d4851a1d" relativeResultsDirectory="367b2697-94a8-497e-92ac-95676e9a0865">
    </UnitTestResult>
    <UnitTestResult executionId="71f30667-6d8d-488a-953e-74fcc6788ee4" testId="de14c886-be14-4af1-2003-d534f6164232" testName="ContainsFailsIfStringUnderTestDoesNotContainStringToCompare" computerName="MATTHEW-PC" duration="00:00:00.0005492" startTime="2011-02-12T14:23:55.3086347-05:00" endTime="2011-02-12T14:23:55.3156351-05:00" testType="13cdc9d9-ddb5-4fa4-a97d-d965ccfc6d4b" outcome="Passed" testListId="8c84fa94-04c1-424b-9868-57a2d4851a1d" relativeResultsDirectory="71f30667-6d8d-488a-953e-74fcc6788ee4">
    </UnitTestResult>
    <UnitTestResult executionId="44817aec-60ad-4752-a9b7-2d52ded2fb36" testId="dfe19b6b-e295-64e3-e2ca-9e860c624db3" testName="DoesNotContainFailsIfStringUnderTestContainsStringToCompare" computerName="MATTHEW-PC" duration="00:00:00.0005526" startTime="2011-02-12T14:23:55.3196354-05:00" endTime="2011-02-12T14:23:55.3276358-05:00" testType="13cdc9d9-ddb5-4fa4-a97d-d965ccfc6d4b" outcome="Passed" testListId="8c84fa94-04c1-424b-9868-57a2d4851a1d" relativeResultsDirectory="44817aec-60ad-4752-a9b7-2d52ded2fb36">
    </UnitTestResult>
    <UnitTestResult executionId="0f28351c-8a65-40cc-8e2a-9aff08a05b0d" testId="e0b3eaa1-8679-d784-0a29-5f15327642db" testName="StringDoesNotEndWithFailsIfStringToCompareIsNull" computerName="MATTHEW-PC" duration="00:00:00.0006052" startTime="2011-02-12T14:23:55.3316361-05:00" endTime="2011-02-12T14:23:55.3386365-05:00" testType="13cdc9d9-ddb5-4fa4-a97d-d965ccfc6d4b" outcome="Passed" testListId="8c84fa94-04c1-424b-9868-57a2d4851a1d" relativeResultsDirectory="0f28351c-8a65-40cc-8e2a-9aff08a05b0d">
    </UnitTestResult>
    <UnitTestResult executionId="6047ec76-05ac-4184-a8b9-0f74c2994ca9" testId="e1c40e94-4a52-146f-4925-91a837076a72" testName="AllItemsAreInstancesOfTypePassedIfAllItemAreOfSpecifiedType" computerName="MATTHEW-PC" duration="00:00:00.0003869" startTime="2011-02-12T14:23:55.3436367-05:00" endTime="2011-02-12T14:23:55.3516372-05:00" testType="13cdc9d9-ddb5-4fa4-a97d-d965ccfc6d4b" outcome="Passed" testListId="8c84fa94-04c1-424b-9868-57a2d4851a1d" relativeResultsDirectory="6047ec76-05ac-4184-a8b9-0f74c2994ca9">
    </UnitTestResult>
    <UnitTestResult executionId="cfce07a9-92cb-474d-8ea3-b0aba3265c97" testId="e38d70e6-3d9f-a774-6903-f4d916e97af7" testName="IsNotAnInstanceOfTypePassessForDifferentType" computerName="MATTHEW-PC" duration="00:00:00.0002743" startTime="2011-02-12T14:23:55.3556374-05:00" endTime="2011-02-12T14:23:55.3626378-05:00" testType="13cdc9d9-ddb5-4fa4-a97d-d965ccfc6d4b" outcome="Passed" testListId="8c84fa94-04c1-424b-9868-57a2d4851a1d" relativeResultsDirectory="cfce07a9-92cb-474d-8ea3-b0aba3265c97">
    </UnitTestResult>
    <UnitTestResult executionId="68c2d03a-3770-49ff-8122-a5cc04398b53" testId="e6df5389-0dc8-f658-d9ee-093be56d3e89" testName="IsNotSameCollectionPassesIfDifferent" computerName="MATTHEW-PC" duration="00:00:00.0003398" startTime="2011-02-12T14:23:55.3666381-05:00" endTime="2011-02-12T14:23:55.3746385-05:00" testType="13cdc9d9-ddb5-4fa4-a97d-d965ccfc6d4b" outcome="Passed" testListId="8c84fa94-04c1-424b-9868-57a2d4851a1d" relativeResultsDirectory="68c2d03a-3770-49ff-8122-a5cc04398b53">
    </UnitTestResult>
    <UnitTestResult executionId="3863c841-651f-4fbe-97d3-7f1210313a7f" testId="e96b542b-57bd-cdc2-c019-8042dad617ff" testName="IsNotTheSameObjectFailsForSameNonNullTestAndCompareObjects" computerName="MATTHEW-PC" duration="00:00:00.0006691" startTime="2011-02-12T14:23:55.3796388-05:00" endTime="2011-02-12T14:23:55.3886393-05:00" testType="13cdc9d9-ddb5-4fa4-a97d-d965ccfc6d4b" outcome="Passed" testListId="8c84fa94-04c1-424b-9868-57a2d4851a1d" relativeResultsDirectory="3863c841-651f-4fbe-97d3-7f1210313a7f">
    </UnitTestResult>
    <UnitTestResult executionId="18c33d17-2fc9-4dc5-8130-2a7dcaa4cd70" testId="e98d3e5f-cfd8-c1c9-3983-85c486c452ab" testName="IsAnInstanceOfTypePassesForSameType" computerName="MATTHEW-PC" duration="00:00:00.0002738" startTime="2011-02-12T14:23:55.3926395-05:00" endTime="2011-02-12T14:23:55.4006400-05:00" testType="13cdc9d9-ddb5-4fa4-a97d-d965ccfc6d4b" outcome="Passed" testListId="8c84fa94-04c1-424b-9868-57a2d4851a1d" relativeResultsDirectory="18c33d17-2fc9-4dc5-8130-2a7dcaa4cd70">
    </UnitTestResult>
    <UnitTestResult executionId="fbab153f-7cc1-4f48-9b65-5dc829941e72" testId="e9c2e5dd-215c-edaf-9834-158d6b261ebf" testName="AllItemsNotNullFailsIfAnyItemIsNull" computerName="MATTHEW-PC" duration="00:00:00.0007592" startTime="2011-02-12T14:23:55.4046402-05:00" endTime="2011-02-12T14:23:55.4126407-05:00" testType="13cdc9d9-ddb5-4fa4-a97d-d965ccfc6d4b" outcome="Passed" testListId="8c84fa94-04c1-424b-9868-57a2d4851a1d" relativeResultsDirectory="fbab153f-7cc1-4f48-9b65-5dc829941e72">
    </UnitTestResult>
    <UnitTestResult executionId="bb64bf60-610c-47b2-9ab0-7c4bf83aa291" testId="f166dd81-399c-e9a0-153f-69bff11a3964" testName="IsACollectionFailsForNotCollection" computerName="MATTHEW-PC" duration="00:00:00.0005464" startTime="2011-02-12T14:23:55.4156409-05:00" endTime="2011-02-12T14:23:55.4236413-05:00" testType="13cdc9d9-ddb5-4fa4-a97d-d965ccfc6d4b" outcome="Passed" testListId="8c84fa94-04c1-424b-9868-57a2d4851a1d" relativeResultsDirectory="bb64bf60-610c-47b2-9ab0-7c4bf83aa291">
    </UnitTestResult>
    <UnitTestResult executionId="43fa17d7-a72f-4801-8de4-38a8caffd479" testId="f1a062e9-3b08-e3c0-952b-fc0407372d0e" testName="Fail" computerName="MATTHEW-PC" duration="00:00:00.0008029" startTime="2011-02-12T14:23:55.4276415-05:00" endTime="2011-02-12T14:23:55.4356420-05:00" testType="13cdc9d9-ddb5-4fa4-a97d-d965ccfc6d4b" outcome="Passed" testListId="8c84fa94-04c1-424b-9868-57a2d4851a1d" relativeResultsDirectory="43fa17d7-a72f-4801-8de4-38a8caffd479">
    </UnitTestResult>
    <UnitTestResult executionId="8fa106cb-37a1-4501-bb33-d215a44c2c37" testId="f2618cd2-1cbb-1d7b-65e5-4b947b9fe0c0" testName="StringDoesNotStartWithFailsIfStringToCompareIsEmpty" computerName="MATTHEW-PC" duration="00:00:00.0005677" startTime="2011-02-12T14:23:55.4396422-05:00" endTime="2011-02-12T14:23:55.4476427-05:00" testType="13cdc9d9-ddb5-4fa4-a97d-d965ccfc6d4b" outcome="Passed" testListId="8c84fa94-04c1-424b-9868-57a2d4851a1d" relativeResultsDirectory="8fa106cb-37a1-4501-bb33-d215a44c2c37">
    </UnitTestResult>
    <UnitTestResult executionId="9d4c8e23-99b0-40ae-bcf1-ba2c8e7612d5" testId="f2a82eb7-150d-156d-d938-599bb438c83a" testName="StringEndsWithPassesIfStringEndsWithStringToCompare" computerName="MATTHEW-PC" duration="00:00:00.0013667" startTime="2011-02-12T14:23:55.4546431-05:00" endTime="2011-02-12T14:23:55.4766443-05:00" testType="13cdc9d9-ddb5-4fa4-a97d-d965ccfc6d4b" outcome="Passed" testListId="8c84fa94-04c1-424b-9868-57a2d4851a1d" relativeResultsDirectory="9d4c8e23-99b0-40ae-bcf1-ba2c8e7612d5">
    </UnitTestResult>
    <UnitTestResult executionId="b916815a-96ea-435b-93b1-584ee97266fc" testId="f4044646-c913-ce8c-3dbd-2659ae55010e" testName="MatchesFailsForNullCompareRegEx" computerName="MATTHEW-PC" duration="00:00:00.0005470" startTime="2011-02-12T14:23:55.4876450-05:00" endTime="2011-02-12T14:23:55.4966455-05:00" testType="13cdc9d9-ddb5-4fa4-a97d-d965ccfc6d4b" outcome="Passed" testListId="8c84fa94-04c1-424b-9868-57a2d4851a1d" relativeResultsDirectory="b916815a-96ea-435b-93b1-584ee97266fc">
    </UnitTestResult>
    <UnitTestResult executionId="9104beb5-95d0-4998-91e0-5e6f7c97949b" testId="f790f12a-1b52-8f6e-792e-c2fa29cd9750" testName="IsACollectionFailsForNull" computerName="MATTHEW-PC" duration="00:00:00.0005352" startTime="2011-02-12T14:23:55.5006457-05:00" endTime="2011-02-12T14:23:55.5076461-05:00" testType="13cdc9d9-ddb5-4fa4-a97d-d965ccfc6d4b" outcome="Passed" testListId="8c84fa94-04c1-424b-9868-57a2d4851a1d" relativeResultsDirectory="9104beb5-95d0-4998-91e0-5e6f7c97949b">
    </UnitTestResult>
    <UnitTestResult executionId="72b0b0c2-3a31-4c74-bdb5-24ea1da615d0" testId="faa97d79-4094-68cb-f184-01091f585a97" testName="IsFalseFailsForTrue" computerName="MATTHEW-PC" duration="00:00:00.0005504" startTime="2011-02-12T14:23:55.5116463-05:00" endTime="2011-02-12T14:23:55.5196468-05:00" testType="13cdc9d9-ddb5-4fa4-a97d-d965ccfc6d4b" outcome="Passed" testListId="8c84fa94-04c1-424b-9868-57a2d4851a1d" relativeResultsDirectory="72b0b0c2-3a31-4c74-bdb5-24ea1da615d0">
    </UnitTestResult>
    <UnitTestResult executionId="8034cb2b-7a8a-4d5c-b481-d124ea60f4cb" testId="fc0063b0-a0fd-143a-60e0-e44267fa1e66" testName="DoesNotContainPassesIfStringToCompareIsNull" computerName="MATTHEW-PC" duration="00:00:00.0005470" startTime="2011-02-12T14:23:55.5216469-05:00" endTime="2011-02-12T14:23:55.5276473-05:00" testType="13cdc9d9-ddb5-4fa4-a97d-d965ccfc6d4b" outcome="Passed" testListId="8c84fa94-04c1-424b-9868-57a2d4851a1d" relativeResultsDirectory="8034cb2b-7a8a-4d5c-b481-d124ea60f4cb">
    </UnitTestResult>
    <UnitTestResult executionId="48b81730-091b-4b62-aaa0-9da7d96b7f5d" testId="fc8de784-e2f9-ece1-ef5a-5655411d1e23" testName="StringIsNotEqualToFailsIfDoesIsEqualTotring" computerName="MATTHEW-PC" duration="00:00:00.0005560" startTime="2011-02-12T14:23:55.5296474-05:00" endTime="2011-02-12T14:23:55.5356477-05:00" testType="13cdc9d9-ddb5-4fa4-a97d-d965ccfc6d4b" outcome="Passed" testListId="8c84fa94-04c1-424b-9868-57a2d4851a1d" relativeResultsDirectory="48b81730-091b-4b62-aaa0-9da7d96b7f5d">
    </UnitTestResult>
    <UnitTestResult executionId="7624e305-1c82-47d9-9971-33ba092dd3a8" testId="ff1cc429-afe5-6b8f-11b0-01895445ce43" testName="IsTruePassesForTrue" computerName="MATTHEW-PC" duration="00:00:00.0002441" startTime="2011-02-12T14:23:55.5386479-05:00" endTime="2011-02-12T14:23:55.5446482-05:00" testType="13cdc9d9-ddb5-4fa4-a97d-d965ccfc6d4b" outcome="Passed" testListId="8c84fa94-04c1-424b-9868-57a2d4851a1d" relativeResultsDirectory="7624e305-1c82-47d9-9971-33ba092dd3a8">
    </UnitTestResult>
  </Results>
</TestRun>