<?xml version="1.0" encoding="UTF-8"?>
<TestRun id="ead27a07-a654-4626-a1e2-d41c2910f0fe" name="Matthew@MATTHEW-PC 2011-02-12 14:30:52" runUser="Matthew-PC\Matthew" xmlns="http://microsoft.com/schemas/VisualStudio/TeamTest/2010">
  <TestSettings name="Local Test Run" id="6d34a913-6ccc-4024-a704-366400d58fc2">
    <Description>This is a default test run configuration for a local test run.</Description>
    <Deployment runDeploymentRoot="Matthew_MATTHEW-PC 2011-02-12 14_30_52">
      <DeploymentItem filename="C:\codeplex\Munq\FluentTest\Munq.FluentTest2010\Munq.FluentTest\bin\Debug\Munq.FluentTest.dll" />
    </Deployment>
    <Execution>
      <TestTypeSpecific />
      <AgentRule name="Execution Agents">
      </AgentRule>
    </Execution>
  </TestSettings>
  <Times creation="2011-02-12T14:30:52.9195207-05:00" queuing="2011-02-12T14:30:53.1225323-05:00" start="2011-02-12T14:30:53.1975366-05:00" finish="2011-02-12T14:30:55.4116633-05:00" />
  <ResultSummary outcome="Completed">
    <Counters total="116" executed="116" passed="116" error="0" failed="0" timeout="0" aborted="0" inconclusive="0" passedButRunAborted="0" notRunnable="0" notExecuted="0" disconnected="0" warning="0" completed="0" inProgress="0" pending="0" />
  </ResultSummary>
  <TestDefinitions>
    <UnitTest name="IsTheSameObjectFailsForNonNullTestAndNullCompareObjects" storage="c:\codeplex\munq\fluenttest\munq.fluenttest2010\munq.fluenttest.unittests\bin\debug\munq.fluenttest.unittests.dll" id="47d5e35a-02b4-512a-4b28-8bdb730ec666">
      <Execution id="7b91ad49-31d5-455c-942f-f282ba0dd85f" />
      <TestMethod codeBase="C:/codeplex/Munq/FluentTest/Munq.FluentTest2010/Munq.FluentTest.UnitTests/bin/Debug/Munq.FluentTest.UnitTests.DLL" adapterTypeName="Microsoft.VisualStudio.TestTools.TestTypes.Unit.UnitTestAdapter, Microsoft.VisualStudio.QualityTools.Tips.UnitTest.Adapter, Version=10.0.0.0, Culture=neutral, PublicKeyToken=b03f5f7f11d50a3a" className="Munq.FluentTest.UnitTests.IFluentTestObjectIsSameAsTest, Munq.FluentTest.UnitTests, Version=1.0.0.0, Culture=neutral, PublicKeyToken=null" name="IsTheSameObjectFailsForNonNullTestAndNullCompareObjects" />
    </UnitTest>
    <UnitTest name="IsNullFailsForNonNullObject" storage="c:\codeplex\munq\fluenttest\munq.fluenttest2010\munq.fluenttest.unittests\bin\debug\munq.fluenttest.unittests.dll" id="bc63fd6f-4eb8-b691-cbd2-d08e26cc06b9">
      <Execution id="93893ce2-4a0a-4427-ac60-e6e90b2ce56f" />
      <TestMethod codeBase="C:/codeplex/Munq/FluentTest/Munq.FluentTest2010/Munq.FluentTest.UnitTests/bin/Debug/Munq.FluentTest.UnitTests.DLL" adapterTypeName="Microsoft.VisualStudio.TestTools.TestTypes.Unit.UnitTestAdapter, Microsoft.VisualStudio.QualityTools.Tips.UnitTest.Adapter, Version=10.0.0.0, Culture=neutral, PublicKeyToken=b03f5f7f11d50a3a" className="Munq.FluentTest.UnitTests.IFluentTestCommonTest, Munq.FluentTest.UnitTests, Version=1.0.0.0, Culture=neutral, PublicKeyToken=null" name="IsNullFailsForNonNullObject" />
    </UnitTest>
    <UnitTest name="IsTheSameObjectPassesForNullTestAndCompareObjects" storage="c:\codeplex\munq\fluenttest\munq.fluenttest2010\munq.fluenttest.unittests\bin\debug\munq.fluenttest.unittests.dll" id="0259f3a3-7a57-38b4-ff7d-81d9b3b3bfcd">
      <Execution id="6bbf4303-df50-446a-be14-e9d30b9faf5b" />
      <TestMethod codeBase="C:/codeplex/Munq/FluentTest/Munq.FluentTest2010/Munq.FluentTest.UnitTests/bin/Debug/Munq.FluentTest.UnitTests.DLL" adapterTypeName="Microsoft.VisualStudio.TestTools.TestTypes.Unit.UnitTestAdapter, Microsoft.VisualStudio.QualityTools.Tips.UnitTest.Adapter, Version=10.0.0.0, Culture=neutral, PublicKeyToken=b03f5f7f11d50a3a" className="Munq.FluentTest.UnitTests.IFluentTestObjectIsSameAsTest, Munq.FluentTest.UnitTests, Version=1.0.0.0, Culture=neutral, PublicKeyToken=null" name="IsTheSameObjectPassesForNullTestAndCompareObjects" />
    </UnitTest>
    <UnitTest name="IsNotTheSameObjectPassesForNonNullTestAndNullCompareObjects" storage="c:\codeplex\munq\fluenttest\munq.fluenttest2010\munq.fluenttest.unittests\bin\debug\munq.fluenttest.unittests.dll" id="61c742e5-4374-3734-3185-d28c3ec066ea">
      <Execution id="14149962-44d2-4b55-b677-d692bda4f981" />
      <TestMethod codeBase="C:/codeplex/Munq/FluentTest/Munq.FluentTest2010/Munq.FluentTest.UnitTests/bin/Debug/Munq.FluentTest.UnitTests.DLL" adapterTypeName="Microsoft.VisualStudio.TestTools.TestTypes.Unit.UnitTestAdapter, Microsoft.VisualStudio.QualityTools.Tips.UnitTest.Adapter, Version=10.0.0.0, Culture=neutral, PublicKeyToken=b03f5f7f11d50a3a" className="Munq.FluentTest.UnitTests.IFluentTestObjectIsSameAsTest, Munq.FluentTest.UnitTests, Version=1.0.0.0, Culture=neutral, PublicKeyToken=null" name="IsNotTheSameObjectPassesForNonNullTestAndNullCompareObjects" />
    </UnitTest>
    <UnitTest name="IsTheSameObjectFailsForNullTestAndNonNullCompareObjects" storage="c:\codeplex\munq\fluenttest\munq.fluenttest2010\munq.fluenttest.unittests\bin\debug\munq.fluenttest.unittests.dll" id="80823a72-cb3f-896a-4440-dd0d1649bfdb">
      <Execution id="cc051a74-a9de-4dc2-9795-81ce949c6ede" />
      <TestMethod codeBase="C:/codeplex/Munq/FluentTest/Munq.FluentTest2010/Munq.FluentTest.UnitTests/bin/Debug/Munq.FluentTest.UnitTests.DLL" adapterTypeName="Microsoft.VisualStudio.TestTools.TestTypes.Unit.UnitTestAdapter, Microsoft.VisualStudio.QualityTools.Tips.UnitTest.Adapter, Version=10.0.0.0, Culture=neutral, PublicKeyToken=b03f5f7f11d50a3a" className="Munq.FluentTest.UnitTests.IFluentTestObjectIsSameAsTest, Munq.FluentTest.UnitTests, Version=1.0.0.0, Culture=neutral, PublicKeyToken=null" name="IsTheSameObjectFailsForNullTestAndNonNullCompareObjects" />
    </UnitTest>
    <UnitTest name="StringIsEqualToFailsIfStringToCompareIsNull" storage="c:\codeplex\munq\fluenttest\munq.fluenttest2010\munq.fluenttest.unittests\bin\debug\munq.fluenttest.unittests.dll" id="58ea9c4f-8436-a256-f611-66eea71beb13">
      <Execution id="a937d587-311b-40b6-8dd7-77de991a21c2" />
      <TestMethod codeBase="C:/codeplex/Munq/FluentTest/Munq.FluentTest2010/Munq.FluentTest.UnitTests/bin/Debug/Munq.FluentTest.UnitTests.DLL" adapterTypeName="Microsoft.VisualStudio.TestTools.TestTypes.Unit.UnitTestAdapter, Microsoft.VisualStudio.QualityTools.Tips.UnitTest.Adapter, Version=10.0.0.0, Culture=neutral, PublicKeyToken=b03f5f7f11d50a3a" className="Munq.FluentTest.UnitTests.IFluentTestStringIsEqualToTest, Munq.FluentTest.UnitTests, Version=1.0.0.0, Culture=neutral, PublicKeyToken=null" name="StringIsEqualToFailsIfStringToCompareIsNull" />
    </UnitTest>
    <UnitTest name="IsNotTheSameObjectPassesForNullTestAndCompareObjects" storage="c:\codeplex\munq\fluenttest\munq.fluenttest2010\munq.fluenttest.unittests\bin\debug\munq.fluenttest.unittests.dll" id="aed3d282-683d-7540-9df1-7cddb79743f3">
      <Execution id="053d3be8-ae5a-4e2b-9168-f98532486c96" />
      <TestMethod codeBase="C:/codeplex/Munq/FluentTest/Munq.FluentTest2010/Munq.FluentTest.UnitTests/bin/Debug/Munq.FluentTest.UnitTests.DLL" adapterTypeName="Microsoft.VisualStudio.TestTools.TestTypes.Unit.UnitTestAdapter, Microsoft.VisualStudio.QualityTools.Tips.UnitTest.Adapter, Version=10.0.0.0, Culture=neutral, PublicKeyToken=b03f5f7f11d50a3a" className="Munq.FluentTest.UnitTests.IFluentTestObjectIsSameAsTest, Munq.FluentTest.UnitTests, Version=1.0.0.0, Culture=neutral, PublicKeyToken=null" name="IsNotTheSameObjectPassesForNullTestAndCompareObjects" />
    </UnitTest>
    <UnitTest name="IsFalsePassesForFalse" storage="c:\codeplex\munq\fluenttest\munq.fluenttest2010\munq.fluenttest.unittests\bin\debug\munq.fluenttest.unittests.dll" id="94f34045-59d8-cc46-72c1-97dfc5551e87">
      <Execution id="d385a404-50fe-4cf5-ba1e-7ad7309fdce2" />
      <TestMethod codeBase="C:/codeplex/Munq/FluentTest/Munq.FluentTest2010/Munq.FluentTest.UnitTests/bin/Debug/Munq.FluentTest.UnitTests.DLL" adapterTypeName="Microsoft.VisualStudio.TestTools.TestTypes.Unit.UnitTestAdapter, Microsoft.VisualStudio.QualityTools.Tips.UnitTest.Adapter, Version=10.0.0.0, Culture=neutral, PublicKeyToken=b03f5f7f11d50a3a" className="Munq.FluentTest.UnitTests.IFluentTestObjectIsTrueOrFalseTest, Munq.FluentTest.UnitTests, Version=1.0.0.0, Culture=neutral, PublicKeyToken=null" name="IsFalsePassesForFalse" />
    </UnitTest>
    <UnitTest name="IsNotTheSameObjectFailsForSameNonNullTestAndCompareObjects" storage="c:\codeplex\munq\fluenttest\munq.fluenttest2010\munq.fluenttest.unittests\bin\debug\munq.fluenttest.unittests.dll" id="e96b542b-57bd-cdc2-c019-8042dad617ff">
      <Execution id="178ee40e-805b-4d8e-98f3-83c3a16cfa9e" />
      <TestMethod codeBase="C:/codeplex/Munq/FluentTest/Munq.FluentTest2010/Munq.FluentTest.UnitTests/bin/Debug/Munq.FluentTest.UnitTests.DLL" adapterTypeName="Microsoft.VisualStudio.TestTools.TestTypes.Unit.UnitTestAdapter, Microsoft.VisualStudio.QualityTools.Tips.UnitTest.Adapter, Version=10.0.0.0, Culture=neutral, PublicKeyToken=b03f5f7f11d50a3a" className="Munq.FluentTest.UnitTests.IFluentTestObjectIsSameAsTest, Munq.FluentTest.UnitTests, Version=1.0.0.0, Culture=neutral, PublicKeyToken=null" name="IsNotTheSameObjectFailsForSameNonNullTestAndCompareObjects" />
    </UnitTest>
    <UnitTest name="MatchesFailsForNonMatchingRegEx" storage="c:\codeplex\munq\fluenttest\munq.fluenttest2010\munq.fluenttest.unittests\bin\debug\munq.fluenttest.unittests.dll" id="7bf2d5f4-cc98-0008-8cf9-0b9d9ea5a3e9">
      <Execution id="57e85dad-7df1-40e2-9f42-d7846be56314" />
      <TestMethod codeBase="C:/codeplex/Munq/FluentTest/Munq.FluentTest2010/Munq.FluentTest.UnitTests/bin/Debug/Munq.FluentTest.UnitTests.DLL" adapterTypeName="Microsoft.VisualStudio.TestTools.TestTypes.Unit.UnitTestAdapter, Microsoft.VisualStudio.QualityTools.Tips.UnitTest.Adapter, Version=10.0.0.0, Culture=neutral, PublicKeyToken=b03f5f7f11d50a3a" className="Munq.FluentTest.UnitTests.IFluentTestStringMatchesTest, Munq.FluentTest.UnitTests, Version=1.0.0.0, Culture=neutral, PublicKeyToken=null" name="MatchesFailsForNonMatchingRegEx" />
    </UnitTest>
    <UnitTest name="StringIsEqualToFailsIfStringToCompareIsEmpty" storage="c:\codeplex\munq\fluenttest\munq.fluenttest2010\munq.fluenttest.unittests\bin\debug\munq.fluenttest.unittests.dll" id="6c0716d4-1a51-c796-f203-416a800f110a">
      <Execution id="5eb0237a-20a9-4243-a44e-568556448549" />
      <TestMethod codeBase="C:/codeplex/Munq/FluentTest/Munq.FluentTest2010/Munq.FluentTest.UnitTests/bin/Debug/Munq.FluentTest.UnitTests.DLL" adapterTypeName="Microsoft.VisualStudio.TestTools.TestTypes.Unit.UnitTestAdapter, Microsoft.VisualStudio.QualityTools.Tips.UnitTest.Adapter, Version=10.0.0.0, Culture=neutral, PublicKeyToken=b03f5f7f11d50a3a" className="Munq.FluentTest.UnitTests.IFluentTestStringIsEqualToTest, Munq.FluentTest.UnitTests, Version=1.0.0.0, Culture=neutral, PublicKeyToken=null" name="StringIsEqualToFailsIfStringToCompareIsEmpty" />
    </UnitTest>
    <UnitTest name="StringIsNotEqualToFailsIfDoesIsEqualTotring" storage="c:\codeplex\munq\fluenttest\munq.fluenttest2010\munq.fluenttest.unittests\bin\debug\munq.fluenttest.unittests.dll" id="fc8de784-e2f9-ece1-ef5a-5655411d1e23">
      <Execution id="67f11428-ba58-4a8f-812c-2a89a536cf78" />
      <TestMethod codeBase="C:/codeplex/Munq/FluentTest/Munq.FluentTest2010/Munq.FluentTest.UnitTests/bin/Debug/Munq.FluentTest.UnitTests.DLL" adapterTypeName="Microsoft.VisualStudio.TestTools.TestTypes.Unit.UnitTestAdapter, Microsoft.VisualStudio.QualityTools.Tips.UnitTest.Adapter, Version=10.0.0.0, Culture=neutral, PublicKeyToken=b03f5f7f11d50a3a" className="Munq.FluentTest.UnitTests.IFluentTestStringIsEqualToTest, Munq.FluentTest.UnitTests, Version=1.0.0.0, Culture=neutral, PublicKeyToken=null" name="StringIsNotEqualToFailsIfDoesIsEqualTotring" />
    </UnitTest>
    <UnitTest name="IsNotEqualPFailsForNullTestAndCompareObjects" storage="c:\codeplex\munq\fluenttest\munq.fluenttest2010\munq.fluenttest.unittests\bin\debug\munq.fluenttest.unittests.dll" id="266ff85a-1406-420b-75d7-66aa93e93681">
      <Execution id="0c283e51-7bdc-4023-9a3e-4a0351d29c8b" />
      <TestMethod codeBase="C:/codeplex/Munq/FluentTest/Munq.FluentTest2010/Munq.FluentTest.UnitTests/bin/Debug/Munq.FluentTest.UnitTests.DLL" adapterTypeName="Microsoft.VisualStudio.TestTools.TestTypes.Unit.UnitTestAdapter, Microsoft.VisualStudio.QualityTools.Tips.UnitTest.Adapter, Version=10.0.0.0, Culture=neutral, PublicKeyToken=b03f5f7f11d50a3a" className="Munq.FluentTest.UnitTests.IFluentTestObjectIsEqualTest, Munq.FluentTest.UnitTests, Version=1.0.0.0, Culture=neutral, PublicKeyToken=null" name="IsNotEqualPFailsForNullTestAndCompareObjects" />
    </UnitTest>
    <UnitTest name="AllItemsNotNullFailsIfAnyItemIsNull" storage="c:\codeplex\munq\fluenttest\munq.fluenttest2010\munq.fluenttest.unittests\bin\debug\munq.fluenttest.unittests.dll" id="e9c2e5dd-215c-edaf-9834-158d6b261ebf">
      <Execution id="3ba0e2f9-57a9-4cd3-be0d-f2029fa9bb11" />
      <TestMethod codeBase="C:/codeplex/Munq/FluentTest/Munq.FluentTest2010/Munq.FluentTest.UnitTests/bin/Debug/Munq.FluentTest.UnitTests.DLL" adapterTypeName="Microsoft.VisualStudio.TestTools.TestTypes.Unit.UnitTestAdapter, Microsoft.VisualStudio.QualityTools.Tips.UnitTest.Adapter, Version=10.0.0.0, Culture=neutral, PublicKeyToken=b03f5f7f11d50a3a" className="Munq.FluentTest.UnitTests.IFluentTestCollectionAllItemsNotNullTest, Munq.FluentTest.UnitTests, Version=1.0.0.0, Culture=neutral, PublicKeyToken=null" name="AllItemsNotNullFailsIfAnyItemIsNull" />
    </UnitTest>
    <UnitTest name="IsNotAnInstanceOfTypePassesIfIsNotAnInstanceOf" storage="c:\codeplex\munq\fluenttest\munq.fluenttest2010\munq.fluenttest.unittests\bin\debug\munq.fluenttest.unittests.dll" id="78646dcc-2fe3-e0f5-4f0f-c69719fa53e5">
      <Execution id="1ca7569c-240a-47b6-b9c6-6a667b1bbfc2" />
      <TestMethod codeBase="C:/codeplex/Munq/FluentTest/Munq.FluentTest2010/Munq.FluentTest.UnitTests/bin/Debug/Munq.FluentTest.UnitTests.DLL" adapterTypeName="Microsoft.VisualStudio.TestTools.TestTypes.Unit.UnitTestAdapter, Microsoft.VisualStudio.QualityTools.Tips.UnitTest.Adapter, Version=10.0.0.0, Culture=neutral, PublicKeyToken=b03f5f7f11d50a3a" className="Munq.FluentTest.UnitTests.IFluentTestCollectionIsAnInstanceOfTypeTest, Munq.FluentTest.UnitTests, Version=1.0.0.0, Culture=neutral, PublicKeyToken=null" name="IsNotAnInstanceOfTypePassesIfIsNotAnInstanceOf" />
    </UnitTest>
    <UnitTest name="IsNotEqualToFailsIfCollectionToCompareIsNull" storage="c:\codeplex\munq\fluenttest\munq.fluenttest2010\munq.fluenttest.unittests\bin\debug\munq.fluenttest.unittests.dll" id="c030c84a-4186-0341-a56d-f1e475136445">
      <Execution id="72d9cb2b-0cda-432f-983d-b4fbc4dda8f6" />
      <TestMethod codeBase="C:/codeplex/Munq/FluentTest/Munq.FluentTest2010/Munq.FluentTest.UnitTests/bin/Debug/Munq.FluentTest.UnitTests.DLL" adapterTypeName="Microsoft.VisualStudio.TestTools.TestTypes.Unit.UnitTestAdapter, Microsoft.VisualStudio.QualityTools.Tips.UnitTest.Adapter, Version=10.0.0.0, Culture=neutral, PublicKeyToken=b03f5f7f11d50a3a" className="Munq.FluentTest.UnitTests.IFluentTestCollectionIsEqualToTest, Munq.FluentTest.UnitTests, Version=1.0.0.0, Culture=neutral, PublicKeyToken=null" name="IsNotEqualToFailsIfCollectionToCompareIsNull" />
    </UnitTest>
    <UnitTest name="IsAStringFailsForNull" storage="c:\codeplex\munq\fluenttest\munq.fluenttest2010\munq.fluenttest.unittests\bin\debug\munq.fluenttest.unittests.dll" id="b3f389ae-9508-6883-4c4c-0ad45b9c928d">
      <Execution id="f4fc77b3-6fe1-4948-b079-fb9780d7eb14" />
      <TestMethod codeBase="C:/codeplex/Munq/FluentTest/Munq.FluentTest2010/Munq.FluentTest.UnitTests/bin/Debug/Munq.FluentTest.UnitTests.DLL" adapterTypeName="Microsoft.VisualStudio.TestTools.TestTypes.Unit.UnitTestAdapter, Microsoft.VisualStudio.QualityTools.Tips.UnitTest.Adapter, Version=10.0.0.0, Culture=neutral, PublicKeyToken=b03f5f7f11d50a3a" className="Munq.FluentTest.UnitTests.IFluentTestObjectIsStringOrCollectionTest, Munq.FluentTest.UnitTests, Version=1.0.0.0, Culture=neutral, PublicKeyToken=null" name="IsAStringFailsForNull" />
    </UnitTest>
    <UnitTest name="IsAnInstanceOfTypeFailsForDifferentType" storage="c:\codeplex\munq\fluenttest\munq.fluenttest2010\munq.fluenttest.unittests\bin\debug\munq.fluenttest.unittests.dll" id="971d38c2-8a7d-518d-3cb3-e78b37dee55b">
      <Execution id="807d4663-aa1f-47e6-9a61-c63524b1697f" />
      <TestMethod codeBase="C:/codeplex/Munq/FluentTest/Munq.FluentTest2010/Munq.FluentTest.UnitTests/bin/Debug/Munq.FluentTest.UnitTests.DLL" adapterTypeName="Microsoft.VisualStudio.TestTools.TestTypes.Unit.UnitTestAdapter, Microsoft.VisualStudio.QualityTools.Tips.UnitTest.Adapter, Version=10.0.0.0, Culture=neutral, PublicKeyToken=b03f5f7f11d50a3a" className="Munq.FluentTest.UnitTests.IFluentTestObjectIsInstanceOfTest, Munq.FluentTest.UnitTests, Version=1.0.0.0, Culture=neutral, PublicKeyToken=null" name="IsAnInstanceOfTypeFailsForDifferentType" />
    </UnitTest>
    <UnitTest name="StringEndsWithFailsIfDifferentString" storage="c:\codeplex\munq\fluenttest\munq.fluenttest2010\munq.fluenttest.unittests\bin\debug\munq.fluenttest.unittests.dll" id="198ae1fe-547f-0089-0f59-5a8860b540b3">
      <Execution id="9c8794d6-6fac-4169-b707-eb150d39a1d6" />
      <TestMethod codeBase="C:/codeplex/Munq/FluentTest/Munq.FluentTest2010/Munq.FluentTest.UnitTests/bin/Debug/Munq.FluentTest.UnitTests.DLL" adapterTypeName="Microsoft.VisualStudio.TestTools.TestTypes.Unit.UnitTestAdapter, Microsoft.VisualStudio.QualityTools.Tips.UnitTest.Adapter, Version=10.0.0.0, Culture=neutral, PublicKeyToken=b03f5f7f11d50a3a" className="Munq.FluentTest.UnitTests.IFluentTestStringEndsWithTest, Munq.FluentTest.UnitTests, Version=1.0.0.0, Culture=neutral, PublicKeyToken=null" name="StringEndsWithFailsIfDifferentString" />
    </UnitTest>
    <UnitTest name="StringIsEmptyPassesIfStringIsEmpty" storage="c:\codeplex\munq\fluenttest\munq.fluenttest2010\munq.fluenttest.unittests\bin\debug\munq.fluenttest.unittests.dll" id="0c174ecc-4fc9-8561-130b-4df8e7d37d2c">
      <Execution id="3808ffb9-631d-43d4-93c2-8193de64f5f4" />
      <TestMethod codeBase="C:/codeplex/Munq/FluentTest/Munq.FluentTest2010/Munq.FluentTest.UnitTests/bin/Debug/Munq.FluentTest.UnitTests.DLL" adapterTypeName="Microsoft.VisualStudio.TestTools.TestTypes.Unit.UnitTestAdapter, Microsoft.VisualStudio.QualityTools.Tips.UnitTest.Adapter, Version=10.0.0.0, Culture=neutral, PublicKeyToken=b03f5f7f11d50a3a" className="Munq.FluentTest.UnitTests.IFluentTestStringIsEmptyToTest, Munq.FluentTest.UnitTests, Version=1.0.0.0, Culture=neutral, PublicKeyToken=null" name="StringIsEmptyPassesIfStringIsEmpty" />
    </UnitTest>
    <UnitTest name="MatchesFailsForNullCompareRegEx" storage="c:\codeplex\munq\fluenttest\munq.fluenttest2010\munq.fluenttest.unittests\bin\debug\munq.fluenttest.unittests.dll" id="f4044646-c913-ce8c-3dbd-2659ae55010e">
      <Execution id="c4a26c08-2982-4806-84a6-b8169ade8295" />
      <TestMethod codeBase="C:/codeplex/Munq/FluentTest/Munq.FluentTest2010/Munq.FluentTest.UnitTests/bin/Debug/Munq.FluentTest.UnitTests.DLL" adapterTypeName="Microsoft.VisualStudio.TestTools.TestTypes.Unit.UnitTestAdapter, Microsoft.VisualStudio.QualityTools.Tips.UnitTest.Adapter, Version=10.0.0.0, Culture=neutral, PublicKeyToken=b03f5f7f11d50a3a" className="Munq.FluentTest.UnitTests.IFluentTestStringMatchesTest, Munq.FluentTest.UnitTests, Version=1.0.0.0, Culture=neutral, PublicKeyToken=null" name="MatchesFailsForNullCompareRegEx" />
    </UnitTest>
    <UnitTest name="IsAnInstanceOfTypePassesIfIsAnInstanceOf" storage="c:\codeplex\munq\fluenttest\munq.fluenttest2010\munq.fluenttest.unittests\bin\debug\munq.fluenttest.unittests.dll" id="84a9bef3-40a2-df79-66c3-16a1e94f0208">
      <Execution id="d7b65b56-864b-4943-9f92-f6759f0e0986" />
      <TestMethod codeBase="C:/codeplex/Munq/FluentTest/Munq.FluentTest2010/Munq.FluentTest.UnitTests/bin/Debug/Munq.FluentTest.UnitTests.DLL" adapterTypeName="Microsoft.VisualStudio.TestTools.TestTypes.Unit.UnitTestAdapter, Microsoft.VisualStudio.QualityTools.Tips.UnitTest.Adapter, Version=10.0.0.0, Culture=neutral, PublicKeyToken=b03f5f7f11d50a3a" className="Munq.FluentTest.UnitTests.IFluentTestCollectionIsAnInstanceOfTypeTest, Munq.FluentTest.UnitTests, Version=1.0.0.0, Culture=neutral, PublicKeyToken=null" name="IsAnInstanceOfTypePassesIfIsAnInstanceOf" />
    </UnitTest>
    <UnitTest name="IsACollectionFailsForNull" storage="c:\codeplex\munq\fluenttest\munq.fluenttest2010\munq.fluenttest.unittests\bin\debug\munq.fluenttest.unittests.dll" id="f790f12a-1b52-8f6e-792e-c2fa29cd9750">
      <Execution id="cea43e50-1d76-4eff-9127-e412bc662bef" />
      <TestMethod codeBase="C:/codeplex/Munq/FluentTest/Munq.FluentTest2010/Munq.FluentTest.UnitTests/bin/Debug/Munq.FluentTest.UnitTests.DLL" adapterTypeName="Microsoft.VisualStudio.TestTools.TestTypes.Unit.UnitTestAdapter, Microsoft.VisualStudio.QualityTools.Tips.UnitTest.Adapter, Version=10.0.0.0, Culture=neutral, PublicKeyToken=b03f5f7f11d50a3a" className="Munq.FluentTest.UnitTests.IFluentTestObjectIsStringOrCollectionTest, Munq.FluentTest.UnitTests, Version=1.0.0.0, Culture=neutral, PublicKeyToken=null" name="IsACollectionFailsForNull" />
    </UnitTest>
    <UnitTest name="ContainsPassesIfStringUnderTestContainsStringToCompare" storage="c:\codeplex\munq\fluenttest\munq.fluenttest2010\munq.fluenttest.unittests\bin\debug\munq.fluenttest.unittests.dll" id="2c549a1f-f133-0354-8a67-e20431ecd10c">
      <Execution id="c196d462-8a8a-4b72-abcc-3a0874bd206a" />
      <TestMethod codeBase="C:/codeplex/Munq/FluentTest/Munq.FluentTest2010/Munq.FluentTest.UnitTests/bin/Debug/Munq.FluentTest.UnitTests.DLL" adapterTypeName="Microsoft.VisualStudio.TestTools.TestTypes.Unit.UnitTestAdapter, Microsoft.VisualStudio.QualityTools.Tips.UnitTest.Adapter, Version=10.0.0.0, Culture=neutral, PublicKeyToken=b03f5f7f11d50a3a" className="Munq.FluentTest.UnitTests.IFluentTestStringContainsTest, Munq.FluentTest.UnitTests, Version=1.0.0.0, Culture=neutral, PublicKeyToken=null" name="ContainsPassesIfStringUnderTestContainsStringToCompare" />
    </UnitTest>
    <UnitTest name="DoesNotContainFailsIfStringUnderTestContainsStringToCompare" storage="c:\codeplex\munq\fluenttest\munq.fluenttest2010\munq.fluenttest.unittests\bin\debug\munq.fluenttest.unittests.dll" id="dfe19b6b-e295-64e3-e2ca-9e860c624db3">
      <Execution id="ec636f7e-a0ca-4518-9d18-88adc8b26042" />
      <TestMethod codeBase="C:/codeplex/Munq/FluentTest/Munq.FluentTest2010/Munq.FluentTest.UnitTests/bin/Debug/Munq.FluentTest.UnitTests.DLL" adapterTypeName="Microsoft.VisualStudio.TestTools.TestTypes.Unit.UnitTestAdapter, Microsoft.VisualStudio.QualityTools.Tips.UnitTest.Adapter, Version=10.0.0.0, Culture=neutral, PublicKeyToken=b03f5f7f11d50a3a" className="Munq.FluentTest.UnitTests.IFluentTestStringContainsTest, Munq.FluentTest.UnitTests, Version=1.0.0.0, Culture=neutral, PublicKeyToken=null" name="DoesNotContainFailsIfStringUnderTestContainsStringToCompare" />
    </UnitTest>
    <UnitTest name="IsSameCollectionPassesIfSameCollection" storage="c:\codeplex\munq\fluenttest\munq.fluenttest2010\munq.fluenttest.unittests\bin\debug\munq.fluenttest.unittests.dll" id="6ac3788a-a309-e930-2e84-1b9d79af6182">
      <Execution id="d20fcdcb-7418-4c94-bb00-1928641f65e1" />
      <TestMethod codeBase="C:/codeplex/Munq/FluentTest/Munq.FluentTest2010/Munq.FluentTest.UnitTests/bin/Debug/Munq.FluentTest.UnitTests.DLL" adapterTypeName="Microsoft.VisualStudio.TestTools.TestTypes.Unit.UnitTestAdapter, Microsoft.VisualStudio.QualityTools.Tips.UnitTest.Adapter, Version=10.0.0.0, Culture=neutral, PublicKeyToken=b03f5f7f11d50a3a" className="Munq.FluentTest.UnitTests.IFluentTestCollectionIsTheSameCollectionAsTest, Munq.FluentTest.UnitTests, Version=1.0.0.0, Culture=neutral, PublicKeyToken=null" name="IsSameCollectionPassesIfSameCollection" />
    </UnitTest>
    <UnitTest name="IsACollectionPassesForCollection" storage="c:\codeplex\munq\fluenttest\munq.fluenttest2010\munq.fluenttest.unittests\bin\debug\munq.fluenttest.unittests.dll" id="5bb3c498-01e4-9662-2349-d713dd145b3b">
      <Execution id="86adccbd-a358-4b27-886d-cde9a66ac5f7" />
      <TestMethod codeBase="C:/codeplex/Munq/FluentTest/Munq.FluentTest2010/Munq.FluentTest.UnitTests/bin/Debug/Munq.FluentTest.UnitTests.DLL" adapterTypeName="Microsoft.VisualStudio.TestTools.TestTypes.Unit.UnitTestAdapter, Microsoft.VisualStudio.QualityTools.Tips.UnitTest.Adapter, Version=10.0.0.0, Culture=neutral, PublicKeyToken=b03f5f7f11d50a3a" className="Munq.FluentTest.UnitTests.IFluentTestObjectIsStringOrCollectionTest, Munq.FluentTest.UnitTests, Version=1.0.0.0, Culture=neutral, PublicKeyToken=null" name="IsACollectionPassesForCollection" />
    </UnitTest>
    <UnitTest name="IsAnInstanceOfTypeFailsIfNull" storage="c:\codeplex\munq\fluenttest\munq.fluenttest2010\munq.fluenttest.unittests\bin\debug\munq.fluenttest.unittests.dll" id="5d180797-014d-3885-9d0c-01d79c47c65a">
      <Execution id="98bd2cd7-7436-4456-8965-c19b4309b075" />
      <TestMethod codeBase="C:/codeplex/Munq/FluentTest/Munq.FluentTest2010/Munq.FluentTest.UnitTests/bin/Debug/Munq.FluentTest.UnitTests.DLL" adapterTypeName="Microsoft.VisualStudio.TestTools.TestTypes.Unit.UnitTestAdapter, Microsoft.VisualStudio.QualityTools.Tips.UnitTest.Adapter, Version=10.0.0.0, Culture=neutral, PublicKeyToken=b03f5f7f11d50a3a" className="Munq.FluentTest.UnitTests.IFluentTestCollectionIsAnInstanceOfTypeTest, Munq.FluentTest.UnitTests, Version=1.0.0.0, Culture=neutral, PublicKeyToken=null" name="IsAnInstanceOfTypeFailsIfNull" />
    </UnitTest>
    <UnitTest name="StringEndsWithPassesIfStringToCompareIsEmpty" storage="c:\codeplex\munq\fluenttest\munq.fluenttest2010\munq.fluenttest.unittests\bin\debug\munq.fluenttest.unittests.dll" id="30e51f7e-f7e3-ed61-41c2-e96c0d534fa4">
      <Execution id="cd83e559-e740-4e50-91bb-88c23b0c2485" />
      <TestMethod codeBase="C:/codeplex/Munq/FluentTest/Munq.FluentTest2010/Munq.FluentTest.UnitTests/bin/Debug/Munq.FluentTest.UnitTests.DLL" adapterTypeName="Microsoft.VisualStudio.TestTools.TestTypes.Unit.UnitTestAdapter, Microsoft.VisualStudio.QualityTools.Tips.UnitTest.Adapter, Version=10.0.0.0, Culture=neutral, PublicKeyToken=b03f5f7f11d50a3a" className="Munq.FluentTest.UnitTests.IFluentTestStringEndsWithTest, Munq.FluentTest.UnitTests, Version=1.0.0.0, Culture=neutral, PublicKeyToken=null" name="StringEndsWithPassesIfStringToCompareIsEmpty" />
    </UnitTest>
    <UnitTest name="IsSameCollectionFailsIfNull" storage="c:\codeplex\munq\fluenttest\munq.fluenttest2010\munq.fluenttest.unittests\bin\debug\munq.fluenttest.unittests.dll" id="be4e646a-1b49-6046-1438-86ee72a455e8">
      <Execution id="94ff4233-e1ec-4428-947a-f8df600fa578" />
      <TestMethod codeBase="C:/codeplex/Munq/FluentTest/Munq.FluentTest2010/Munq.FluentTest.UnitTests/bin/Debug/Munq.FluentTest.UnitTests.DLL" adapterTypeName="Microsoft.VisualStudio.TestTools.TestTypes.Unit.UnitTestAdapter, Microsoft.VisualStudio.QualityTools.Tips.UnitTest.Adapter, Version=10.0.0.0, Culture=neutral, PublicKeyToken=b03f5f7f11d50a3a" className="Munq.FluentTest.UnitTests.IFluentTestCollectionIsTheSameCollectionAsTest, Munq.FluentTest.UnitTests, Version=1.0.0.0, Culture=neutral, PublicKeyToken=null" name="IsSameCollectionFailsIfNull" />
    </UnitTest>
    <UnitTest name="IsAnInstanceOfTypePassesForSameType" storage="c:\codeplex\munq\fluenttest\munq.fluenttest2010\munq.fluenttest.unittests\bin\debug\munq.fluenttest.unittests.dll" id="e98d3e5f-cfd8-c1c9-3983-85c486c452ab">
      <Execution id="d019dd25-16c8-4d62-abfa-3c5681bc4929" />
      <TestMethod codeBase="C:/codeplex/Munq/FluentTest/Munq.FluentTest2010/Munq.FluentTest.UnitTests/bin/Debug/Munq.FluentTest.UnitTests.DLL" adapterTypeName="Microsoft.VisualStudio.TestTools.TestTypes.Unit.UnitTestAdapter, Microsoft.VisualStudio.QualityTools.Tips.UnitTest.Adapter, Version=10.0.0.0, Culture=neutral, PublicKeyToken=b03f5f7f11d50a3a" className="Munq.FluentTest.UnitTests.IFluentTestObjectIsInstanceOfTest, Munq.FluentTest.UnitTests, Version=1.0.0.0, Culture=neutral, PublicKeyToken=null" name="IsAnInstanceOfTypePassesForSameType" />
    </UnitTest>
    <UnitTest name="AllItemsAreInstancesOfTypeFailsIfSpecifiedTypeIsNullAndAllItemsNotNull" storage="c:\codeplex\munq\fluenttest\munq.fluenttest2010\munq.fluenttest.unittests\bin\debug\munq.fluenttest.unittests.dll" id="088b72a7-c4f5-7b28-9bc8-ffee502536c0">
      <Execution id="eee58e96-f5b2-40e0-a3e8-85f7aed8243b" />
      <TestMethod codeBase="C:/codeplex/Munq/FluentTest/Munq.FluentTest2010/Munq.FluentTest.UnitTests/bin/Debug/Munq.FluentTest.UnitTests.DLL" adapterTypeName="Microsoft.VisualStudio.TestTools.TestTypes.Unit.UnitTestAdapter, Microsoft.VisualStudio.QualityTools.Tips.UnitTest.Adapter, Version=10.0.0.0, Culture=neutral, PublicKeyToken=b03f5f7f11d50a3a" className="Munq.FluentTest.UnitTests.IFluentTestCollectionAllItemsAreInstancesOfTypeTest, Munq.FluentTest.UnitTests, Version=1.0.0.0, Culture=neutral, PublicKeyToken=null" name="AllItemsAreInstancesOfTypeFailsIfSpecifiedTypeIsNullAndAllItemsNotNull" />
    </UnitTest>
    <UnitTest name="IsNotEqualToFailsIEqual" storage="c:\codeplex\munq\fluenttest\munq.fluenttest2010\munq.fluenttest.unittests\bin\debug\munq.fluenttest.unittests.dll" id="1dc68f76-790f-99f2-3a30-a1059fffe2fa">
      <Execution id="e7862d85-30ea-4e79-b357-4881f3fe6161" />
      <TestMethod codeBase="C:/codeplex/Munq/FluentTest/Munq.FluentTest2010/Munq.FluentTest.UnitTests/bin/Debug/Munq.FluentTest.UnitTests.DLL" adapterTypeName="Microsoft.VisualStudio.TestTools.TestTypes.Unit.UnitTestAdapter, Microsoft.VisualStudio.QualityTools.Tips.UnitTest.Adapter, Version=10.0.0.0, Culture=neutral, PublicKeyToken=b03f5f7f11d50a3a" className="Munq.FluentTest.UnitTests.IFluentTestCollectionIsEqualToTest, Munq.FluentTest.UnitTests, Version=1.0.0.0, Culture=neutral, PublicKeyToken=null" name="IsNotEqualToFailsIEqual" />
    </UnitTest>
    <UnitTest name="AllItemsAreInstancesOfTypePassedIfAllItemAreOfSpecifiedType" storage="c:\codeplex\munq\fluenttest\munq.fluenttest2010\munq.fluenttest.unittests\bin\debug\munq.fluenttest.unittests.dll" id="e1c40e94-4a52-146f-4925-91a837076a72">
      <Execution id="c4a964b5-b914-417b-aada-03ca6d896ec9" />
      <TestMethod codeBase="C:/codeplex/Munq/FluentTest/Munq.FluentTest2010/Munq.FluentTest.UnitTests/bin/Debug/Munq.FluentTest.UnitTests.DLL" adapterTypeName="Microsoft.VisualStudio.TestTools.TestTypes.Unit.UnitTestAdapter, Microsoft.VisualStudio.QualityTools.Tips.UnitTest.Adapter, Version=10.0.0.0, Culture=neutral, PublicKeyToken=b03f5f7f11d50a3a" className="Munq.FluentTest.UnitTests.IFluentTestCollectionAllItemsAreInstancesOfTypeTest, Munq.FluentTest.UnitTests, Version=1.0.0.0, Culture=neutral, PublicKeyToken=null" name="AllItemsAreInstancesOfTypePassedIfAllItemAreOfSpecifiedType" />
    </UnitTest>
    <UnitTest name="IsNotTheSameObjectPassesForNullTestAndNonNullCompareObjects" storage="c:\codeplex\munq\fluenttest\munq.fluenttest2010\munq.fluenttest.unittests\bin\debug\munq.fluenttest.unittests.dll" id="36e46140-6f7e-f3b2-240a-511b19b03a92">
      <Execution id="5515027a-a960-4590-a38e-8508335d1213" />
      <TestMethod codeBase="C:/codeplex/Munq/FluentTest/Munq.FluentTest2010/Munq.FluentTest.UnitTests/bin/Debug/Munq.FluentTest.UnitTests.DLL" adapterTypeName="Microsoft.VisualStudio.TestTools.TestTypes.Unit.UnitTestAdapter, Microsoft.VisualStudio.QualityTools.Tips.UnitTest.Adapter, Version=10.0.0.0, Culture=neutral, PublicKeyToken=b03f5f7f11d50a3a" className="Munq.FluentTest.UnitTests.IFluentTestObjectIsSameAsTest, Munq.FluentTest.UnitTests, Version=1.0.0.0, Culture=neutral, PublicKeyToken=null" name="IsNotTheSameObjectPassesForNullTestAndNonNullCompareObjects" />
    </UnitTest>
    <UnitTest name="StringIsEmptyFailsIfIsNotEmpty" storage="c:\codeplex\munq\fluenttest\munq.fluenttest2010\munq.fluenttest.unittests\bin\debug\munq.fluenttest.unittests.dll" id="51a38580-dad2-b784-5c41-d8fb9569df94">
      <Execution id="e85e35ab-4f7f-4d7a-9f06-e97e53ebddb4" />
      <TestMethod codeBase="C:/codeplex/Munq/FluentTest/Munq.FluentTest2010/Munq.FluentTest.UnitTests/bin/Debug/Munq.FluentTest.UnitTests.DLL" adapterTypeName="Microsoft.VisualStudio.TestTools.TestTypes.Unit.UnitTestAdapter, Microsoft.VisualStudio.QualityTools.Tips.UnitTest.Adapter, Version=10.0.0.0, Culture=neutral, PublicKeyToken=b03f5f7f11d50a3a" className="Munq.FluentTest.UnitTests.IFluentTestStringIsEmptyToTest, Munq.FluentTest.UnitTests, Version=1.0.0.0, Culture=neutral, PublicKeyToken=null" name="StringIsEmptyFailsIfIsNotEmpty" />
    </UnitTest>
    <UnitTest name="IsSameCollectionFailsIfDifferent" storage="c:\codeplex\munq\fluenttest\munq.fluenttest2010\munq.fluenttest.unittests\bin\debug\munq.fluenttest.unittests.dll" id="6fe74ff2-ee3a-770a-2a7c-55fa41d17bfd">
      <Execution id="85194876-8ae2-4b5e-8d43-1d81b43d6dbb" />
      <TestMethod codeBase="C:/codeplex/Munq/FluentTest/Munq.FluentTest2010/Munq.FluentTest.UnitTests/bin/Debug/Munq.FluentTest.UnitTests.DLL" adapterTypeName="Microsoft.VisualStudio.TestTools.TestTypes.Unit.UnitTestAdapter, Microsoft.VisualStudio.QualityTools.Tips.UnitTest.Adapter, Version=10.0.0.0, Culture=neutral, PublicKeyToken=b03f5f7f11d50a3a" className="Munq.FluentTest.UnitTests.IFluentTestCollectionIsTheSameCollectionAsTest, Munq.FluentTest.UnitTests, Version=1.0.0.0, Culture=neutral, PublicKeyToken=null" name="IsSameCollectionFailsIfDifferent" />
    </UnitTest>
    <UnitTest name="Inconclusive" storage="c:\codeplex\munq\fluenttest\munq.fluenttest2010\munq.fluenttest.unittests\bin\debug\munq.fluenttest.unittests.dll" id="ab582c0d-aebb-1664-247b-08a74ec3ee9c">
      <Execution id="a80f3e2c-227b-4048-bc89-0e95b91d6185" />
      <TestMethod codeBase="C:/codeplex/Munq/FluentTest/Munq.FluentTest2010/Munq.FluentTest.UnitTests/bin/Debug/Munq.FluentTest.UnitTests.DLL" adapterTypeName="Microsoft.VisualStudio.TestTools.TestTypes.Unit.UnitTestAdapter, Microsoft.VisualStudio.QualityTools.Tips.UnitTest.Adapter, Version=10.0.0.0, Culture=neutral, PublicKeyToken=b03f5f7f11d50a3a" className="Munq.FluentTest.UnitTests.IFluentTestCommonTest, Munq.FluentTest.UnitTests, Version=1.0.0.0, Culture=neutral, PublicKeyToken=null" name="Inconclusive" />
    </UnitTest>
    <UnitTest name="IsTruePassesForTrue" storage="c:\codeplex\munq\fluenttest\munq.fluenttest2010\munq.fluenttest.unittests\bin\debug\munq.fluenttest.unittests.dll" id="ff1cc429-afe5-6b8f-11b0-01895445ce43">
      <Execution id="ec0862b0-2297-4113-bfad-b1b170e33f9f" />
      <TestMethod codeBase="C:/codeplex/Munq/FluentTest/Munq.FluentTest2010/Munq.FluentTest.UnitTests/bin/Debug/Munq.FluentTest.UnitTests.DLL" adapterTypeName="Microsoft.VisualStudio.TestTools.TestTypes.Unit.UnitTestAdapter, Microsoft.VisualStudio.QualityTools.Tips.UnitTest.Adapter, Version=10.0.0.0, Culture=neutral, PublicKeyToken=b03f5f7f11d50a3a" className="Munq.FluentTest.UnitTests.IFluentTestObjectIsTrueOrFalseTest, Munq.FluentTest.UnitTests, Version=1.0.0.0, Culture=neutral, PublicKeyToken=null" name="IsTruePassesForTrue" />
    </UnitTest>
    <UnitTest name="StringEndsWithFailsIfStringToCompareIsNull" storage="c:\codeplex\munq\fluenttest\munq.fluenttest2010\munq.fluenttest.unittests\bin\debug\munq.fluenttest.unittests.dll" id="1584e88c-e31b-f7b2-2619-3466efa67043">
      <Execution id="93ffdd23-9050-4771-8145-b7b816c49979" />
      <TestMethod codeBase="C:/codeplex/Munq/FluentTest/Munq.FluentTest2010/Munq.FluentTest.UnitTests/bin/Debug/Munq.FluentTest.UnitTests.DLL" adapterTypeName="Microsoft.VisualStudio.TestTools.TestTypes.Unit.UnitTestAdapter, Microsoft.VisualStudio.QualityTools.Tips.UnitTest.Adapter, Version=10.0.0.0, Culture=neutral, PublicKeyToken=b03f5f7f11d50a3a" className="Munq.FluentTest.UnitTests.IFluentTestStringEndsWithTest, Munq.FluentTest.UnitTests, Version=1.0.0.0, Culture=neutral, PublicKeyToken=null" name="StringEndsWithFailsIfStringToCompareIsNull" />
    </UnitTest>
    <UnitTest name="IsFalseFailsForNonBool" storage="c:\codeplex\munq\fluenttest\munq.fluenttest2010\munq.fluenttest.unittests\bin\debug\munq.fluenttest.unittests.dll" id="6e8fbcbf-2ee3-7d18-502e-6e849b91dfed">
      <Execution id="8055086f-7b70-4668-836e-070e78c20518" />
      <TestMethod codeBase="C:/codeplex/Munq/FluentTest/Munq.FluentTest2010/Munq.FluentTest.UnitTests/bin/Debug/Munq.FluentTest.UnitTests.DLL" adapterTypeName="Microsoft.VisualStudio.TestTools.TestTypes.Unit.UnitTestAdapter, Microsoft.VisualStudio.QualityTools.Tips.UnitTest.Adapter, Version=10.0.0.0, Culture=neutral, PublicKeyToken=b03f5f7f11d50a3a" className="Munq.FluentTest.UnitTests.IFluentTestObjectIsTrueOrFalseTest, Munq.FluentTest.UnitTests, Version=1.0.0.0, Culture=neutral, PublicKeyToken=null" name="IsFalseFailsForNonBool" />
    </UnitTest>
    <UnitTest name="StringIsNotEmptyPassesIfStringIsNotEmpty" storage="c:\codeplex\munq\fluenttest\munq.fluenttest2010\munq.fluenttest.unittests\bin\debug\munq.fluenttest.unittests.dll" id="10787121-b239-c3f0-43ac-f58a69eb769c">
      <Execution id="95d8775a-3d00-4712-99a5-3ddd81454a41" />
      <TestMethod codeBase="C:/codeplex/Munq/FluentTest/Munq.FluentTest2010/Munq.FluentTest.UnitTests/bin/Debug/Munq.FluentTest.UnitTests.DLL" adapterTypeName="Microsoft.VisualStudio.TestTools.TestTypes.Unit.UnitTestAdapter, Microsoft.VisualStudio.QualityTools.Tips.UnitTest.Adapter, Version=10.0.0.0, Culture=neutral, PublicKeyToken=b03f5f7f11d50a3a" className="Munq.FluentTest.UnitTests.IFluentTestStringIsEmptyToTest, Munq.FluentTest.UnitTests, Version=1.0.0.0, Culture=neutral, PublicKeyToken=null" name="StringIsNotEmptyPassesIfStringIsNotEmpty" />
    </UnitTest>
    <UnitTest name="ContainsFailsIfStringUnderTestDoesNotContainStringToCompare" storage="c:\codeplex\munq\fluenttest\munq.fluenttest2010\munq.fluenttest.unittests\bin\debug\munq.fluenttest.unittests.dll" id="de14c886-be14-4af1-2003-d534f6164232">
      <Execution id="d9043c40-c559-43f7-851d-200b99496ac6" />
      <TestMethod codeBase="C:/codeplex/Munq/FluentTest/Munq.FluentTest2010/Munq.FluentTest.UnitTests/bin/Debug/Munq.FluentTest.UnitTests.DLL" adapterTypeName="Microsoft.VisualStudio.TestTools.TestTypes.Unit.UnitTestAdapter, Microsoft.VisualStudio.QualityTools.Tips.UnitTest.Adapter, Version=10.0.0.0, Culture=neutral, PublicKeyToken=b03f5f7f11d50a3a" className="Munq.FluentTest.UnitTests.IFluentTestStringContainsTest, Munq.FluentTest.UnitTests, Version=1.0.0.0, Culture=neutral, PublicKeyToken=null" name="ContainsFailsIfStringUnderTestDoesNotContainStringToCompare" />
    </UnitTest>
    <UnitTest name="StringIsNotEqualToPassesIfStringToCompareIsEmpty" storage="c:\codeplex\munq\fluenttest\munq.fluenttest2010\munq.fluenttest.unittests\bin\debug\munq.fluenttest.unittests.dll" id="a36ab6b9-be2d-4c3b-41cc-46bb62d4c502">
      <Execution id="2605b617-27cc-4a6b-9af5-69ec2da5c92b" />
      <TestMethod codeBase="C:/codeplex/Munq/FluentTest/Munq.FluentTest2010/Munq.FluentTest.UnitTests/bin/Debug/Munq.FluentTest.UnitTests.DLL" adapterTypeName="Microsoft.VisualStudio.TestTools.TestTypes.Unit.UnitTestAdapter, Microsoft.VisualStudio.QualityTools.Tips.UnitTest.Adapter, Version=10.0.0.0, Culture=neutral, PublicKeyToken=b03f5f7f11d50a3a" className="Munq.FluentTest.UnitTests.IFluentTestStringIsEqualToTest, Munq.FluentTest.UnitTests, Version=1.0.0.0, Culture=neutral, PublicKeyToken=null" name="StringIsNotEqualToPassesIfStringToCompareIsEmpty" />
    </UnitTest>
    <UnitTest name="IsNotSameCollectionPassesIfDifferent" storage="c:\codeplex\munq\fluenttest\munq.fluenttest2010\munq.fluenttest.unittests\bin\debug\munq.fluenttest.unittests.dll" id="e6df5389-0dc8-f658-d9ee-093be56d3e89">
      <Execution id="982c7571-0eba-49ef-b236-ed630d441f0f" />
      <TestMethod codeBase="C:/codeplex/Munq/FluentTest/Munq.FluentTest2010/Munq.FluentTest.UnitTests/bin/Debug/Munq.FluentTest.UnitTests.DLL" adapterTypeName="Microsoft.VisualStudio.TestTools.TestTypes.Unit.UnitTestAdapter, Microsoft.VisualStudio.QualityTools.Tips.UnitTest.Adapter, Version=10.0.0.0, Culture=neutral, PublicKeyToken=b03f5f7f11d50a3a" className="Munq.FluentTest.UnitTests.IFluentTestCollectionIsTheSameCollectionAsTest, Munq.FluentTest.UnitTests, Version=1.0.0.0, Culture=neutral, PublicKeyToken=null" name="IsNotSameCollectionPassesIfDifferent" />
    </UnitTest>
    <UnitTest name="Fail" storage="c:\codeplex\munq\fluenttest\munq.fluenttest2010\munq.fluenttest.unittests\bin\debug\munq.fluenttest.unittests.dll" id="f1a062e9-3b08-e3c0-952b-fc0407372d0e">
      <Execution id="9a6b0080-db6e-4ee0-a9cc-347d156d9181" />
      <TestMethod codeBase="C:/codeplex/Munq/FluentTest/Munq.FluentTest2010/Munq.FluentTest.UnitTests/bin/Debug/Munq.FluentTest.UnitTests.DLL" adapterTypeName="Microsoft.VisualStudio.TestTools.TestTypes.Unit.UnitTestAdapter, Microsoft.VisualStudio.QualityTools.Tips.UnitTest.Adapter, Version=10.0.0.0, Culture=neutral, PublicKeyToken=b03f5f7f11d50a3a" className="Munq.FluentTest.UnitTests.IFluentTestCommonTest, Munq.FluentTest.UnitTests, Version=1.0.0.0, Culture=neutral, PublicKeyToken=null" name="Fail" />
    </UnitTest>
    <UnitTest name="IsNotEqualPassessForNonNullTestAndNullCompareObjects" storage="c:\codeplex\munq\fluenttest\munq.fluenttest2010\munq.fluenttest.unittests\bin\debug\munq.fluenttest.unittests.dll" id="cfbeb8df-8299-eb0c-266f-42cf08fad8a7">
      <Execution id="7e95ed8c-3cb9-4c77-88d6-3dd6c50f94d9" />
      <TestMethod codeBase="C:/codeplex/Munq/FluentTest/Munq.FluentTest2010/Munq.FluentTest.UnitTests/bin/Debug/Munq.FluentTest.UnitTests.DLL" adapterTypeName="Microsoft.VisualStudio.TestTools.TestTypes.Unit.UnitTestAdapter, Microsoft.VisualStudio.QualityTools.Tips.UnitTest.Adapter, Version=10.0.0.0, Culture=neutral, PublicKeyToken=b03f5f7f11d50a3a" className="Munq.FluentTest.UnitTests.IFluentTestObjectIsEqualTest, Munq.FluentTest.UnitTests, Version=1.0.0.0, Culture=neutral, PublicKeyToken=null" name="IsNotEqualPassessForNonNullTestAndNullCompareObjects" />
    </UnitTest>
    <UnitTest name="IsTheSameObjectPassessFroSameNonNullTestAndCompareObjects" storage="c:\codeplex\munq\fluenttest\munq.fluenttest2010\munq.fluenttest.unittests\bin\debug\munq.fluenttest.unittests.dll" id="8435e728-5e5c-5e9a-b303-a235194ffd1a">
      <Execution id="aebf32b3-eea5-4a70-bbca-d203116f8e84" />
      <TestMethod codeBase="C:/codeplex/Munq/FluentTest/Munq.FluentTest2010/Munq.FluentTest.UnitTests/bin/Debug/Munq.FluentTest.UnitTests.DLL" adapterTypeName="Microsoft.VisualStudio.TestTools.TestTypes.Unit.UnitTestAdapter, Microsoft.VisualStudio.QualityTools.Tips.UnitTest.Adapter, Version=10.0.0.0, Culture=neutral, PublicKeyToken=b03f5f7f11d50a3a" className="Munq.FluentTest.UnitTests.IFluentTestObjectIsSameAsTest, Munq.FluentTest.UnitTests, Version=1.0.0.0, Culture=neutral, PublicKeyToken=null" name="IsTheSameObjectPassessFroSameNonNullTestAndCompareObjects" />
    </UnitTest>
    <UnitTest name="IsEqualToFailsIfDifferentContents" storage="c:\codeplex\munq\fluenttest\munq.fluenttest2010\munq.fluenttest.unittests\bin\debug\munq.fluenttest.unittests.dll" id="39eb5e28-993c-1f1f-a7e8-0983f8dd9d13">
      <Execution id="ecec003c-f344-4a49-a09a-3add32f1e9bf" />
      <TestMethod codeBase="C:/codeplex/Munq/FluentTest/Munq.FluentTest2010/Munq.FluentTest.UnitTests/bin/Debug/Munq.FluentTest.UnitTests.DLL" adapterTypeName="Microsoft.VisualStudio.TestTools.TestTypes.Unit.UnitTestAdapter, Microsoft.VisualStudio.QualityTools.Tips.UnitTest.Adapter, Version=10.0.0.0, Culture=neutral, PublicKeyToken=b03f5f7f11d50a3a" className="Munq.FluentTest.UnitTests.IFluentTestCollectionIsEqualToTest, Munq.FluentTest.UnitTests, Version=1.0.0.0, Culture=neutral, PublicKeyToken=null" name="IsEqualToFailsIfDifferentContents" />
    </UnitTest>
    <UnitTest name="IsNotNullPassesFoNonNull" storage="c:\codeplex\munq\fluenttest\munq.fluenttest2010\munq.fluenttest.unittests\bin\debug\munq.fluenttest.unittests.dll" id="04f8edff-83a1-0231-821e-36a420c4dc3f">
      <Execution id="b3a1a094-ea50-4ac2-b3e8-30d278bc42ba" />
      <TestMethod codeBase="C:/codeplex/Munq/FluentTest/Munq.FluentTest2010/Munq.FluentTest.UnitTests/bin/Debug/Munq.FluentTest.UnitTests.DLL" adapterTypeName="Microsoft.VisualStudio.TestTools.TestTypes.Unit.UnitTestAdapter, Microsoft.VisualStudio.QualityTools.Tips.UnitTest.Adapter, Version=10.0.0.0, Culture=neutral, PublicKeyToken=b03f5f7f11d50a3a" className="Munq.FluentTest.UnitTests.IFluentTestObjectIsNotNullTest, Munq.FluentTest.UnitTests, Version=1.0.0.0, Culture=neutral, PublicKeyToken=null" name="IsNotNullPassesFoNonNull" />
    </UnitTest>
    <UnitTest name="IsNotAnInstanceOfTypeFailsForSameType" storage="c:\codeplex\munq\fluenttest\munq.fluenttest2010\munq.fluenttest.unittests\bin\debug\munq.fluenttest.unittests.dll" id="7358bb32-b42a-73a1-a497-df13b2d899e2">
      <Execution id="37340a11-5115-483f-8559-50dcfdd9d8f4" />
      <TestMethod codeBase="C:/codeplex/Munq/FluentTest/Munq.FluentTest2010/Munq.FluentTest.UnitTests/bin/Debug/Munq.FluentTest.UnitTests.DLL" adapterTypeName="Microsoft.VisualStudio.TestTools.TestTypes.Unit.UnitTestAdapter, Microsoft.VisualStudio.QualityTools.Tips.UnitTest.Adapter, Version=10.0.0.0, Culture=neutral, PublicKeyToken=b03f5f7f11d50a3a" className="Munq.FluentTest.UnitTests.IFluentTestObjectIsInstanceOfTest, Munq.FluentTest.UnitTests, Version=1.0.0.0, Culture=neutral, PublicKeyToken=null" name="IsNotAnInstanceOfTypeFailsForSameType" />
    </UnitTest>
    <UnitTest name="ContainsPassesIfStringStringToCompareIsEmpty" storage="c:\codeplex\munq\fluenttest\munq.fluenttest2010\munq.fluenttest.unittests\bin\debug\munq.fluenttest.unittests.dll" id="36403979-7aba-40a7-ad9f-0976853526dc">
      <Execution id="de5bb95e-cc77-4acb-a338-464b549990ca" />
      <TestMethod codeBase="C:/codeplex/Munq/FluentTest/Munq.FluentTest2010/Munq.FluentTest.UnitTests/bin/Debug/Munq.FluentTest.UnitTests.DLL" adapterTypeName="Microsoft.VisualStudio.TestTools.TestTypes.Unit.UnitTestAdapter, Microsoft.VisualStudio.QualityTools.Tips.UnitTest.Adapter, Version=10.0.0.0, Culture=neutral, PublicKeyToken=b03f5f7f11d50a3a" className="Munq.FluentTest.UnitTests.IFluentTestStringContainsTest, Munq.FluentTest.UnitTests, Version=1.0.0.0, Culture=neutral, PublicKeyToken=null" name="ContainsPassesIfStringStringToCompareIsEmpty" />
    </UnitTest>
    <UnitTest name="IsFalseFailsForNull" storage="c:\codeplex\munq\fluenttest\munq.fluenttest2010\munq.fluenttest.unittests\bin\debug\munq.fluenttest.unittests.dll" id="699c4aab-7bd6-46b5-0c74-a35a2b109bea">
      <Execution id="3ac2e18a-2c45-42a6-9296-93b07347fa9a" />
      <TestMethod codeBase="C:/codeplex/Munq/FluentTest/Munq.FluentTest2010/Munq.FluentTest.UnitTests/bin/Debug/Munq.FluentTest.UnitTests.DLL" adapterTypeName="Microsoft.VisualStudio.TestTools.TestTypes.Unit.UnitTestAdapter, Microsoft.VisualStudio.QualityTools.Tips.UnitTest.Adapter, Version=10.0.0.0, Culture=neutral, PublicKeyToken=b03f5f7f11d50a3a" className="Munq.FluentTest.UnitTests.IFluentTestObjectIsTrueOrFalseTest, Munq.FluentTest.UnitTests, Version=1.0.0.0, Culture=neutral, PublicKeyToken=null" name="IsFalseFailsForNull" />
    </UnitTest>
    <UnitTest name="ContainsFailsIfStringToCompareIsNull" storage="c:\codeplex\munq\fluenttest\munq.fluenttest2010\munq.fluenttest.unittests\bin\debug\munq.fluenttest.unittests.dll" id="b080b34c-a604-2bc2-e4f6-b4fdae32e2f7">
      <Execution id="18757ce2-f1ae-43c7-9349-c54faacafc9d" />
      <TestMethod codeBase="C:/codeplex/Munq/FluentTest/Munq.FluentTest2010/Munq.FluentTest.UnitTests/bin/Debug/Munq.FluentTest.UnitTests.DLL" adapterTypeName="Microsoft.VisualStudio.TestTools.TestTypes.Unit.UnitTestAdapter, Microsoft.VisualStudio.QualityTools.Tips.UnitTest.Adapter, Version=10.0.0.0, Culture=neutral, PublicKeyToken=b03f5f7f11d50a3a" className="Munq.FluentTest.UnitTests.IFluentTestStringContainsTest, Munq.FluentTest.UnitTests, Version=1.0.0.0, Culture=neutral, PublicKeyToken=null" name="ContainsFailsIfStringToCompareIsNull" />
    </UnitTest>
    <UnitTest name="IsEqualToFailsIfDifferentLengths" storage="c:\codeplex\munq\fluenttest\munq.fluenttest2010\munq.fluenttest.unittests\bin\debug\munq.fluenttest.unittests.dll" id="80579bac-3102-2836-4386-fa6811259258">
      <Execution id="2e82a72b-fc24-43bd-a653-b305b1d31a3a" />
      <TestMethod codeBase="C:/codeplex/Munq/FluentTest/Munq.FluentTest2010/Munq.FluentTest.UnitTests/bin/Debug/Munq.FluentTest.UnitTests.DLL" adapterTypeName="Microsoft.VisualStudio.TestTools.TestTypes.Unit.UnitTestAdapter, Microsoft.VisualStudio.QualityTools.Tips.UnitTest.Adapter, Version=10.0.0.0, Culture=neutral, PublicKeyToken=b03f5f7f11d50a3a" className="Munq.FluentTest.UnitTests.IFluentTestCollectionIsEqualToTest, Munq.FluentTest.UnitTests, Version=1.0.0.0, Culture=neutral, PublicKeyToken=null" name="IsEqualToFailsIfDifferentLengths" />
    </UnitTest>
    <UnitTest name="IsNotAnInstanceOfTypeFailsIfNull" storage="c:\codeplex\munq\fluenttest\munq.fluenttest2010\munq.fluenttest.unittests\bin\debug\munq.fluenttest.unittests.dll" id="a4019a09-7f20-e2c6-ec89-545dce520c92">
      <Execution id="1aac0bb6-9f47-468c-9b5f-86a4868b7808" />
      <TestMethod codeBase="C:/codeplex/Munq/FluentTest/Munq.FluentTest2010/Munq.FluentTest.UnitTests/bin/Debug/Munq.FluentTest.UnitTests.DLL" adapterTypeName="Microsoft.VisualStudio.TestTools.TestTypes.Unit.UnitTestAdapter, Microsoft.VisualStudio.QualityTools.Tips.UnitTest.Adapter, Version=10.0.0.0, Culture=neutral, PublicKeyToken=b03f5f7f11d50a3a" className="Munq.FluentTest.UnitTests.IFluentTestCollectionIsAnInstanceOfTypeTest, Munq.FluentTest.UnitTests, Version=1.0.0.0, Culture=neutral, PublicKeyToken=null" name="IsNotAnInstanceOfTypeFailsIfNull" />
    </UnitTest>
    <UnitTest name="IsAnInstanceOfTypeFailsForNull" storage="c:\codeplex\munq\fluenttest\munq.fluenttest2010\munq.fluenttest.unittests\bin\debug\munq.fluenttest.unittests.dll" id="b8c8a4a2-9cfb-eb95-e132-499d8e32c12e">
      <Execution id="19f44232-03c9-4c84-aa47-b2c055beb57d" />
      <TestMethod codeBase="C:/codeplex/Munq/FluentTest/Munq.FluentTest2010/Munq.FluentTest.UnitTests/bin/Debug/Munq.FluentTest.UnitTests.DLL" adapterTypeName="Microsoft.VisualStudio.TestTools.TestTypes.Unit.UnitTestAdapter, Microsoft.VisualStudio.QualityTools.Tips.UnitTest.Adapter, Version=10.0.0.0, Culture=neutral, PublicKeyToken=b03f5f7f11d50a3a" className="Munq.FluentTest.UnitTests.IFluentTestObjectIsInstanceOfTest, Munq.FluentTest.UnitTests, Version=1.0.0.0, Culture=neutral, PublicKeyToken=null" name="IsAnInstanceOfTypeFailsForNull" />
    </UnitTest>
    <UnitTest name="AllItemsAreInstancesOfTypeFailsIfAnyItemIsNotOfSpecifiedType" storage="c:\codeplex\munq\fluenttest\munq.fluenttest2010\munq.fluenttest.unittests\bin\debug\munq.fluenttest.unittests.dll" id="c5e9b16c-2a8b-9a6b-5901-f9639cb87528">
      <Execution id="d7010e37-89f2-4c29-814f-29761e3d8452" />
      <TestMethod codeBase="C:/codeplex/Munq/FluentTest/Munq.FluentTest2010/Munq.FluentTest.UnitTests/bin/Debug/Munq.FluentTest.UnitTests.DLL" adapterTypeName="Microsoft.VisualStudio.TestTools.TestTypes.Unit.UnitTestAdapter, Microsoft.VisualStudio.QualityTools.Tips.UnitTest.Adapter, Version=10.0.0.0, Culture=neutral, PublicKeyToken=b03f5f7f11d50a3a" className="Munq.FluentTest.UnitTests.IFluentTestCollectionAllItemsAreInstancesOfTypeTest, Munq.FluentTest.UnitTests, Version=1.0.0.0, Culture=neutral, PublicKeyToken=null" name="AllItemsAreInstancesOfTypeFailsIfAnyItemIsNotOfSpecifiedType" />
    </UnitTest>
    <UnitTest name="IsEqualToPassesIfEqual" storage="c:\codeplex\munq\fluenttest\munq.fluenttest2010\munq.fluenttest.unittests\bin\debug\munq.fluenttest.unittests.dll" id="86068341-bdc9-d0f7-84ed-14179f58a418">
      <Execution id="913e5efb-a88b-44c9-9690-67b1ac958606" />
      <TestMethod codeBase="C:/codeplex/Munq/FluentTest/Munq.FluentTest2010/Munq.FluentTest.UnitTests/bin/Debug/Munq.FluentTest.UnitTests.DLL" adapterTypeName="Microsoft.VisualStudio.TestTools.TestTypes.Unit.UnitTestAdapter, Microsoft.VisualStudio.QualityTools.Tips.UnitTest.Adapter, Version=10.0.0.0, Culture=neutral, PublicKeyToken=b03f5f7f11d50a3a" className="Munq.FluentTest.UnitTests.IFluentTestCollectionIsEqualToTest, Munq.FluentTest.UnitTests, Version=1.0.0.0, Culture=neutral, PublicKeyToken=null" name="IsEqualToPassesIfEqual" />
    </UnitTest>
    <UnitTest name="StringStartsWithPassesIfStringToCompareIsEmpty" storage="c:\codeplex\munq\fluenttest\munq.fluenttest2010\munq.fluenttest.unittests\bin\debug\munq.fluenttest.unittests.dll" id="d3482566-c651-53dd-37c6-1ff38a1db169">
      <Execution id="90a202e7-3680-42f2-8b60-5d683cf9a609" />
      <TestMethod codeBase="C:/codeplex/Munq/FluentTest/Munq.FluentTest2010/Munq.FluentTest.UnitTests/bin/Debug/Munq.FluentTest.UnitTests.DLL" adapterTypeName="Microsoft.VisualStudio.TestTools.TestTypes.Unit.UnitTestAdapter, Microsoft.VisualStudio.QualityTools.Tips.UnitTest.Adapter, Version=10.0.0.0, Culture=neutral, PublicKeyToken=b03f5f7f11d50a3a" className="Munq.FluentTest.UnitTests.IFluentTestStringStartsWithTest, Munq.FluentTest.UnitTests, Version=1.0.0.0, Culture=neutral, PublicKeyToken=null" name="StringStartsWithPassesIfStringToCompareIsEmpty" />
    </UnitTest>
    <UnitTest name="StringStartsWithPassesIfStringStartsWithStringToCompare" storage="c:\codeplex\munq\fluenttest\munq.fluenttest2010\munq.fluenttest.unittests\bin\debug\munq.fluenttest.unittests.dll" id="34c5f54c-038c-10ae-4486-1e8606a0493e">
      <Execution id="5068f861-dfdb-4a95-96ec-12e4922098ac" />
      <TestMethod codeBase="C:/codeplex/Munq/FluentTest/Munq.FluentTest2010/Munq.FluentTest.UnitTests/bin/Debug/Munq.FluentTest.UnitTests.DLL" adapterTypeName="Microsoft.VisualStudio.TestTools.TestTypes.Unit.UnitTestAdapter, Microsoft.VisualStudio.QualityTools.Tips.UnitTest.Adapter, Version=10.0.0.0, Culture=neutral, PublicKeyToken=b03f5f7f11d50a3a" className="Munq.FluentTest.UnitTests.IFluentTestStringStartsWithTest, Munq.FluentTest.UnitTests, Version=1.0.0.0, Culture=neutral, PublicKeyToken=null" name="StringStartsWithPassesIfStringStartsWithStringToCompare" />
    </UnitTest>
    <UnitTest name="IsNotSameCollectionFailsIfSame" storage="c:\codeplex\munq\fluenttest\munq.fluenttest2010\munq.fluenttest.unittests\bin\debug\munq.fluenttest.unittests.dll" id="79df3fcd-6813-d3cc-f65a-38973659582e">
      <Execution id="980e9fb6-1b86-4363-8159-c9b4e8fdae82" />
      <TestMethod codeBase="C:/codeplex/Munq/FluentTest/Munq.FluentTest2010/Munq.FluentTest.UnitTests/bin/Debug/Munq.FluentTest.UnitTests.DLL" adapterTypeName="Microsoft.VisualStudio.TestTools.TestTypes.Unit.UnitTestAdapter, Microsoft.VisualStudio.QualityTools.Tips.UnitTest.Adapter, Version=10.0.0.0, Culture=neutral, PublicKeyToken=b03f5f7f11d50a3a" className="Munq.FluentTest.UnitTests.IFluentTestCollectionIsTheSameCollectionAsTest, Munq.FluentTest.UnitTests, Version=1.0.0.0, Culture=neutral, PublicKeyToken=null" name="IsNotSameCollectionFailsIfSame" />
    </UnitTest>
    <UnitTest name="IsFalseFailsForTrue" storage="c:\codeplex\munq\fluenttest\munq.fluenttest2010\munq.fluenttest.unittests\bin\debug\munq.fluenttest.unittests.dll" id="faa97d79-4094-68cb-f184-01091f585a97">
      <Execution id="01bf85eb-ea65-4828-a837-af49c9b839a8" />
      <TestMethod codeBase="C:/codeplex/Munq/FluentTest/Munq.FluentTest2010/Munq.FluentTest.UnitTests/bin/Debug/Munq.FluentTest.UnitTests.DLL" adapterTypeName="Microsoft.VisualStudio.TestTools.TestTypes.Unit.UnitTestAdapter, Microsoft.VisualStudio.QualityTools.Tips.UnitTest.Adapter, Version=10.0.0.0, Culture=neutral, PublicKeyToken=b03f5f7f11d50a3a" className="Munq.FluentTest.UnitTests.IFluentTestObjectIsTrueOrFalseTest, Munq.FluentTest.UnitTests, Version=1.0.0.0, Culture=neutral, PublicKeyToken=null" name="IsFalseFailsForTrue" />
    </UnitTest>
    <UnitTest name="IsNotAnInstanceOfTypeFailsIfDifferentType" storage="c:\codeplex\munq\fluenttest\munq.fluenttest2010\munq.fluenttest.unittests\bin\debug\munq.fluenttest.unittests.dll" id="75666f70-5b6f-954c-65d9-fdd85204cec3">
      <Execution id="e5fb6f88-5489-435a-b229-2d6bba39849e" />
      <TestMethod codeBase="C:/codeplex/Munq/FluentTest/Munq.FluentTest2010/Munq.FluentTest.UnitTests/bin/Debug/Munq.FluentTest.UnitTests.DLL" adapterTypeName="Microsoft.VisualStudio.TestTools.TestTypes.Unit.UnitTestAdapter, Microsoft.VisualStudio.QualityTools.Tips.UnitTest.Adapter, Version=10.0.0.0, Culture=neutral, PublicKeyToken=b03f5f7f11d50a3a" className="Munq.FluentTest.UnitTests.IFluentTestCollectionIsAnInstanceOfTypeTest, Munq.FluentTest.UnitTests, Version=1.0.0.0, Culture=neutral, PublicKeyToken=null" name="IsNotAnInstanceOfTypeFailsIfDifferentType" />
    </UnitTest>
    <UnitTest name="StringIsNotEqualToPassesIfStringIsNotEqualToStringToCompare" storage="c:\codeplex\munq\fluenttest\munq.fluenttest2010\munq.fluenttest.unittests\bin\debug\munq.fluenttest.unittests.dll" id="3a7cf35f-84bf-614a-98ac-b53d9a1e7d31">
      <Execution id="7234efea-5f2f-40f6-bfb5-bbdae1e21762" />
      <TestMethod codeBase="C:/codeplex/Munq/FluentTest/Munq.FluentTest2010/Munq.FluentTest.UnitTests/bin/Debug/Munq.FluentTest.UnitTests.DLL" adapterTypeName="Microsoft.VisualStudio.TestTools.TestTypes.Unit.UnitTestAdapter, Microsoft.VisualStudio.QualityTools.Tips.UnitTest.Adapter, Version=10.0.0.0, Culture=neutral, PublicKeyToken=b03f5f7f11d50a3a" className="Munq.FluentTest.UnitTests.IFluentTestStringIsEqualToTest, Munq.FluentTest.UnitTests, Version=1.0.0.0, Culture=neutral, PublicKeyToken=null" name="StringIsNotEqualToPassesIfStringIsNotEqualToStringToCompare" />
    </UnitTest>
    <UnitTest name="DoesNotContainPassesIfStringUnderTestDoesNotContainStringToCompare" storage="c:\codeplex\munq\fluenttest\munq.fluenttest2010\munq.fluenttest.unittests\bin\debug\munq.fluenttest.unittests.dll" id="66391062-df35-3367-6dc7-c5e4175c63a5">
      <Execution id="dd785943-dc40-4ccf-a425-cb4c8449b05b" />
      <TestMethod codeBase="C:/codeplex/Munq/FluentTest/Munq.FluentTest2010/Munq.FluentTest.UnitTests/bin/Debug/Munq.FluentTest.UnitTests.DLL" adapterTypeName="Microsoft.VisualStudio.TestTools.TestTypes.Unit.UnitTestAdapter, Microsoft.VisualStudio.QualityTools.Tips.UnitTest.Adapter, Version=10.0.0.0, Culture=neutral, PublicKeyToken=b03f5f7f11d50a3a" className="Munq.FluentTest.UnitTests.IFluentTestStringContainsTest, Munq.FluentTest.UnitTests, Version=1.0.0.0, Culture=neutral, PublicKeyToken=null" name="DoesNotContainPassesIfStringUnderTestDoesNotContainStringToCompare" />
    </UnitTest>
    <UnitTest name="IsNotEqualPassesForDifferentTestAndCompareObjects" storage="c:\codeplex\munq\fluenttest\munq.fluenttest2010\munq.fluenttest.unittests\bin\debug\munq.fluenttest.unittests.dll" id="25f6ef46-737a-af76-471a-edd19a5497f5">
      <Execution id="5c2b0299-f62a-4b3a-af2d-2c7ae125878d" />
      <TestMethod codeBase="C:/codeplex/Munq/FluentTest/Munq.FluentTest2010/Munq.FluentTest.UnitTests/bin/Debug/Munq.FluentTest.UnitTests.DLL" adapterTypeName="Microsoft.VisualStudio.TestTools.TestTypes.Unit.UnitTestAdapter, Microsoft.VisualStudio.QualityTools.Tips.UnitTest.Adapter, Version=10.0.0.0, Culture=neutral, PublicKeyToken=b03f5f7f11d50a3a" className="Munq.FluentTest.UnitTests.IFluentTestObjectIsEqualTest, Munq.FluentTest.UnitTests, Version=1.0.0.0, Culture=neutral, PublicKeyToken=null" name="IsNotEqualPassesForDifferentTestAndCompareObjects" />
    </UnitTest>
    <UnitTest name="IsNotEqualPassesForNullTestAndNonNullCompareObjects" storage="c:\codeplex\munq\fluenttest\munq.fluenttest2010\munq.fluenttest.unittests\bin\debug\munq.fluenttest.unittests.dll" id="979ced33-f10e-ed40-5f63-644b2293fabc">
      <Execution id="77ad7680-1098-458e-a6e7-0a159a2acc71" />
      <TestMethod codeBase="C:/codeplex/Munq/FluentTest/Munq.FluentTest2010/Munq.FluentTest.UnitTests/bin/Debug/Munq.FluentTest.UnitTests.DLL" adapterTypeName="Microsoft.VisualStudio.TestTools.TestTypes.Unit.UnitTestAdapter, Microsoft.VisualStudio.QualityTools.Tips.UnitTest.Adapter, Version=10.0.0.0, Culture=neutral, PublicKeyToken=b03f5f7f11d50a3a" className="Munq.FluentTest.UnitTests.IFluentTestObjectIsEqualTest, Munq.FluentTest.UnitTests, Version=1.0.0.0, Culture=neutral, PublicKeyToken=null" name="IsNotEqualPassesForNullTestAndNonNullCompareObjects" />
    </UnitTest>
    <UnitTest name="IsACollectionFailsForNotCollection" storage="c:\codeplex\munq\fluenttest\munq.fluenttest2010\munq.fluenttest.unittests\bin\debug\munq.fluenttest.unittests.dll" id="f166dd81-399c-e9a0-153f-69bff11a3964">
      <Execution id="c0d3cf40-0aa2-48f7-a2b5-92b7d1345ecd" />
      <TestMethod codeBase="C:/codeplex/Munq/FluentTest/Munq.FluentTest2010/Munq.FluentTest.UnitTests/bin/Debug/Munq.FluentTest.UnitTests.DLL" adapterTypeName="Microsoft.VisualStudio.TestTools.TestTypes.Unit.UnitTestAdapter, Microsoft.VisualStudio.QualityTools.Tips.UnitTest.Adapter, Version=10.0.0.0, Culture=neutral, PublicKeyToken=b03f5f7f11d50a3a" className="Munq.FluentTest.UnitTests.IFluentTestObjectIsStringOrCollectionTest, Munq.FluentTest.UnitTests, Version=1.0.0.0, Culture=neutral, PublicKeyToken=null" name="IsACollectionFailsForNotCollection" />
    </UnitTest>
    <UnitTest name="StringDoesNotStartWithPassesIfStringDoesNotStartWithStringToCompare" storage="c:\codeplex\munq\fluenttest\munq.fluenttest2010\munq.fluenttest.unittests\bin\debug\munq.fluenttest.unittests.dll" id="41975a43-3305-c850-d98d-6bc4ffa50f77">
      <Execution id="48b6a7cf-185f-439e-aa34-d28753233584" />
      <TestMethod codeBase="C:/codeplex/Munq/FluentTest/Munq.FluentTest2010/Munq.FluentTest.UnitTests/bin/Debug/Munq.FluentTest.UnitTests.DLL" adapterTypeName="Microsoft.VisualStudio.TestTools.TestTypes.Unit.UnitTestAdapter, Microsoft.VisualStudio.QualityTools.Tips.UnitTest.Adapter, Version=10.0.0.0, Culture=neutral, PublicKeyToken=b03f5f7f11d50a3a" className="Munq.FluentTest.UnitTests.IFluentTestStringStartsWithTest, Munq.FluentTest.UnitTests, Version=1.0.0.0, Culture=neutral, PublicKeyToken=null" name="StringDoesNotStartWithPassesIfStringDoesNotStartWithStringToCompare" />
    </UnitTest>
    <UnitTest name="IsNullPassesForNullObject" storage="c:\codeplex\munq\fluenttest\munq.fluenttest2010\munq.fluenttest.unittests\bin\debug\munq.fluenttest.unittests.dll" id="6c72e054-8c42-1f7b-1774-1d0d86994a03">
      <Execution id="5d8c4d2c-b4e2-47c0-a15a-015c6df42b8f" />
      <TestMethod codeBase="C:/codeplex/Munq/FluentTest/Munq.FluentTest2010/Munq.FluentTest.UnitTests/bin/Debug/Munq.FluentTest.UnitTests.DLL" adapterTypeName="Microsoft.VisualStudio.TestTools.TestTypes.Unit.UnitTestAdapter, Microsoft.VisualStudio.QualityTools.Tips.UnitTest.Adapter, Version=10.0.0.0, Culture=neutral, PublicKeyToken=b03f5f7f11d50a3a" className="Munq.FluentTest.UnitTests.IFluentTestCommonTest, Munq.FluentTest.UnitTests, Version=1.0.0.0, Culture=neutral, PublicKeyToken=null" name="IsNullPassesForNullObject" />
    </UnitTest>
    <UnitTest name="StringStartsWithFailsIfStringToCompareIsNull" storage="c:\codeplex\munq\fluenttest\munq.fluenttest2010\munq.fluenttest.unittests\bin\debug\munq.fluenttest.unittests.dll" id="ad89ec0d-bed2-98c0-585f-441531448ccf">
      <Execution id="e21ce7af-85ac-453f-8d9b-f9714d197f22" />
      <TestMethod codeBase="C:/codeplex/Munq/FluentTest/Munq.FluentTest2010/Munq.FluentTest.UnitTests/bin/Debug/Munq.FluentTest.UnitTests.DLL" adapterTypeName="Microsoft.VisualStudio.TestTools.TestTypes.Unit.UnitTestAdapter, Microsoft.VisualStudio.QualityTools.Tips.UnitTest.Adapter, Version=10.0.0.0, Culture=neutral, PublicKeyToken=b03f5f7f11d50a3a" className="Munq.FluentTest.UnitTests.IFluentTestStringStartsWithTest, Munq.FluentTest.UnitTests, Version=1.0.0.0, Culture=neutral, PublicKeyToken=null" name="StringStartsWithFailsIfStringToCompareIsNull" />
    </UnitTest>
    <UnitTest name="IsNotAnInstanceOfTypePassessForDifferentType" storage="c:\codeplex\munq\fluenttest\munq.fluenttest2010\munq.fluenttest.unittests\bin\debug\munq.fluenttest.unittests.dll" id="e38d70e6-3d9f-a774-6903-f4d916e97af7">
      <Execution id="c0cf434c-4d8a-4b24-b529-6053de537dae" />
      <TestMethod codeBase="C:/codeplex/Munq/FluentTest/Munq.FluentTest2010/Munq.FluentTest.UnitTests/bin/Debug/Munq.FluentTest.UnitTests.DLL" adapterTypeName="Microsoft.VisualStudio.TestTools.TestTypes.Unit.UnitTestAdapter, Microsoft.VisualStudio.QualityTools.Tips.UnitTest.Adapter, Version=10.0.0.0, Culture=neutral, PublicKeyToken=b03f5f7f11d50a3a" className="Munq.FluentTest.UnitTests.IFluentTestObjectIsInstanceOfTest, Munq.FluentTest.UnitTests, Version=1.0.0.0, Culture=neutral, PublicKeyToken=null" name="IsNotAnInstanceOfTypePassessForDifferentType" />
    </UnitTest>
    <UnitTest name="StringDoesNotStartWithFailsIfStringToCompareIsNull" storage="c:\codeplex\munq\fluenttest\munq.fluenttest2010\munq.fluenttest.unittests\bin\debug\munq.fluenttest.unittests.dll" id="509b077d-a6a7-fc02-5bff-7b9cebbbd2b2">
      <Execution id="dbdaa452-0b15-443d-8e54-e3e16a605703" />
      <TestMethod codeBase="C:/codeplex/Munq/FluentTest/Munq.FluentTest2010/Munq.FluentTest.UnitTests/bin/Debug/Munq.FluentTest.UnitTests.DLL" adapterTypeName="Microsoft.VisualStudio.TestTools.TestTypes.Unit.UnitTestAdapter, Microsoft.VisualStudio.QualityTools.Tips.UnitTest.Adapter, Version=10.0.0.0, Culture=neutral, PublicKeyToken=b03f5f7f11d50a3a" className="Munq.FluentTest.UnitTests.IFluentTestStringStartsWithTest, Munq.FluentTest.UnitTests, Version=1.0.0.0, Culture=neutral, PublicKeyToken=null" name="StringDoesNotStartWithFailsIfStringToCompareIsNull" />
    </UnitTest>
    <UnitTest name="StringStartsWithFailsIfDoesNotStartWithString" storage="c:\codeplex\munq\fluenttest\munq.fluenttest2010\munq.fluenttest.unittests\bin\debug\munq.fluenttest.unittests.dll" id="c89ed292-1699-5f98-80c0-cb764471e327">
      <Execution id="90e10965-4bfd-4f49-bd7a-9baa1510f913" />
      <TestMethod codeBase="C:/codeplex/Munq/FluentTest/Munq.FluentTest2010/Munq.FluentTest.UnitTests/bin/Debug/Munq.FluentTest.UnitTests.DLL" adapterTypeName="Microsoft.VisualStudio.TestTools.TestTypes.Unit.UnitTestAdapter, Microsoft.VisualStudio.QualityTools.Tips.UnitTest.Adapter, Version=10.0.0.0, Culture=neutral, PublicKeyToken=b03f5f7f11d50a3a" className="Munq.FluentTest.UnitTests.IFluentTestStringStartsWithTest, Munq.FluentTest.UnitTests, Version=1.0.0.0, Culture=neutral, PublicKeyToken=null" name="StringStartsWithFailsIfDoesNotStartWithString" />
    </UnitTest>
    <UnitTest name="StringIsNotEmptyFailsIfIsEmpty" storage="c:\codeplex\munq\fluenttest\munq.fluenttest2010\munq.fluenttest.unittests\bin\debug\munq.fluenttest.unittests.dll" id="4efdda0e-b511-fc18-a55f-1ab289a65a0e">
      <Execution id="d297acc5-2634-46c4-8e0a-36ce50daad19" />
      <TestMethod codeBase="C:/codeplex/Munq/FluentTest/Munq.FluentTest2010/Munq.FluentTest.UnitTests/bin/Debug/Munq.FluentTest.UnitTests.DLL" adapterTypeName="Microsoft.VisualStudio.TestTools.TestTypes.Unit.UnitTestAdapter, Microsoft.VisualStudio.QualityTools.Tips.UnitTest.Adapter, Version=10.0.0.0, Culture=neutral, PublicKeyToken=b03f5f7f11d50a3a" className="Munq.FluentTest.UnitTests.IFluentTestStringIsEmptyToTest, Munq.FluentTest.UnitTests, Version=1.0.0.0, Culture=neutral, PublicKeyToken=null" name="StringIsNotEmptyFailsIfIsEmpty" />
    </UnitTest>
    <UnitTest name="IsEqualToFailsIfCollectionToCompareIsNull" storage="c:\codeplex\munq\fluenttest\munq.fluenttest2010\munq.fluenttest.unittests\bin\debug\munq.fluenttest.unittests.dll" id="c0b8758a-00f8-2e71-22e1-a54c0e34c3eb">
      <Execution id="2ef22b35-1fb7-443f-8475-cf172ae34115" />
      <TestMethod codeBase="C:/codeplex/Munq/FluentTest/Munq.FluentTest2010/Munq.FluentTest.UnitTests/bin/Debug/Munq.FluentTest.UnitTests.DLL" adapterTypeName="Microsoft.VisualStudio.TestTools.TestTypes.Unit.UnitTestAdapter, Microsoft.VisualStudio.QualityTools.Tips.UnitTest.Adapter, Version=10.0.0.0, Culture=neutral, PublicKeyToken=b03f5f7f11d50a3a" className="Munq.FluentTest.UnitTests.IFluentTestCollectionIsEqualToTest, Munq.FluentTest.UnitTests, Version=1.0.0.0, Culture=neutral, PublicKeyToken=null" name="IsEqualToFailsIfCollectionToCompareIsNull" />
    </UnitTest>
    <UnitTest name="StringDoesNotStartWithFailsIfStringToCompareIsEmpty" storage="c:\codeplex\munq\fluenttest\munq.fluenttest2010\munq.fluenttest.unittests\bin\debug\munq.fluenttest.unittests.dll" id="f2618cd2-1cbb-1d7b-65e5-4b947b9fe0c0">
      <Execution id="18044f49-8bb1-40f3-b9f0-048e8e076bc3" />
      <TestMethod codeBase="C:/codeplex/Munq/FluentTest/Munq.FluentTest2010/Munq.FluentTest.UnitTests/bin/Debug/Munq.FluentTest.UnitTests.DLL" adapterTypeName="Microsoft.VisualStudio.TestTools.TestTypes.Unit.UnitTestAdapter, Microsoft.VisualStudio.QualityTools.Tips.UnitTest.Adapter, Version=10.0.0.0, Culture=neutral, PublicKeyToken=b03f5f7f11d50a3a" className="Munq.FluentTest.UnitTests.IFluentTestStringStartsWithTest, Munq.FluentTest.UnitTests, Version=1.0.0.0, Culture=neutral, PublicKeyToken=null" name="StringDoesNotStartWithFailsIfStringToCompareIsEmpty" />
    </UnitTest>
    <UnitTest name="IsEqualFailsForDifferentTestAndCompareObjects" storage="c:\codeplex\munq\fluenttest\munq.fluenttest2010\munq.fluenttest.unittests\bin\debug\munq.fluenttest.unittests.dll" id="dad984f6-5d2b-46bd-affa-d3af8dc65db1">
      <Execution id="d352bca2-06fe-4e45-98de-8bf0dd3667c0" />
      <TestMethod codeBase="C:/codeplex/Munq/FluentTest/Munq.FluentTest2010/Munq.FluentTest.UnitTests/bin/Debug/Munq.FluentTest.UnitTests.DLL" adapterTypeName="Microsoft.VisualStudio.TestTools.TestTypes.Unit.UnitTestAdapter, Microsoft.VisualStudio.QualityTools.Tips.UnitTest.Adapter, Version=10.0.0.0, Culture=neutral, PublicKeyToken=b03f5f7f11d50a3a" className="Munq.FluentTest.UnitTests.IFluentTestObjectIsEqualTest, Munq.FluentTest.UnitTests, Version=1.0.0.0, Culture=neutral, PublicKeyToken=null" name="IsEqualFailsForDifferentTestAndCompareObjects" />
    </UnitTest>
    <UnitTest name="IsTrueFailsForNonBool" storage="c:\codeplex\munq\fluenttest\munq.fluenttest2010\munq.fluenttest.unittests\bin\debug\munq.fluenttest.unittests.dll" id="98037ae4-2d1f-600a-b77b-1d5665246705">
      <Execution id="39b6054b-af10-435b-9550-101277634e76" />
      <TestMethod codeBase="C:/codeplex/Munq/FluentTest/Munq.FluentTest2010/Munq.FluentTest.UnitTests/bin/Debug/Munq.FluentTest.UnitTests.DLL" adapterTypeName="Microsoft.VisualStudio.TestTools.TestTypes.Unit.UnitTestAdapter, Microsoft.VisualStudio.QualityTools.Tips.UnitTest.Adapter, Version=10.0.0.0, Culture=neutral, PublicKeyToken=b03f5f7f11d50a3a" className="Munq.FluentTest.UnitTests.IFluentTestObjectIsTrueOrFalseTest, Munq.FluentTest.UnitTests, Version=1.0.0.0, Culture=neutral, PublicKeyToken=null" name="IsTrueFailsForNonBool" />
    </UnitTest>
    <UnitTest name="IsEqualFailsForNullTestAndNonNullCompareObjects" storage="c:\codeplex\munq\fluenttest\munq.fluenttest2010\munq.fluenttest.unittests\bin\debug\munq.fluenttest.unittests.dll" id="80b8d91d-ea96-12f1-5c16-49583da9652b">
      <Execution id="6dbf374e-482c-4881-ba3d-305c520c0c79" />
      <TestMethod codeBase="C:/codeplex/Munq/FluentTest/Munq.FluentTest2010/Munq.FluentTest.UnitTests/bin/Debug/Munq.FluentTest.UnitTests.DLL" adapterTypeName="Microsoft.VisualStudio.TestTools.TestTypes.Unit.UnitTestAdapter, Microsoft.VisualStudio.QualityTools.Tips.UnitTest.Adapter, Version=10.0.0.0, Culture=neutral, PublicKeyToken=b03f5f7f11d50a3a" className="Munq.FluentTest.UnitTests.IFluentTestObjectIsEqualTest, Munq.FluentTest.UnitTests, Version=1.0.0.0, Culture=neutral, PublicKeyToken=null" name="IsEqualFailsForNullTestAndNonNullCompareObjects" />
    </UnitTest>
    <UnitTest name="DoesNotContainPassesIfStringToCompareIsNull" storage="c:\codeplex\munq\fluenttest\munq.fluenttest2010\munq.fluenttest.unittests\bin\debug\munq.fluenttest.unittests.dll" id="fc0063b0-a0fd-143a-60e0-e44267fa1e66">
      <Execution id="d316360a-6e1c-4140-9759-51249ba46c69" />
      <TestMethod codeBase="C:/codeplex/Munq/FluentTest/Munq.FluentTest2010/Munq.FluentTest.UnitTests/bin/Debug/Munq.FluentTest.UnitTests.DLL" adapterTypeName="Microsoft.VisualStudio.TestTools.TestTypes.Unit.UnitTestAdapter, Microsoft.VisualStudio.QualityTools.Tips.UnitTest.Adapter, Version=10.0.0.0, Culture=neutral, PublicKeyToken=b03f5f7f11d50a3a" className="Munq.FluentTest.UnitTests.IFluentTestStringContainsTest, Munq.FluentTest.UnitTests, Version=1.0.0.0, Culture=neutral, PublicKeyToken=null" name="DoesNotContainPassesIfStringToCompareIsNull" />
    </UnitTest>
    <UnitTest name="IsAnInstanceOfTypeFailsIfDifferentType" storage="c:\codeplex\munq\fluenttest\munq.fluenttest2010\munq.fluenttest.unittests\bin\debug\munq.fluenttest.unittests.dll" id="afdd0ba6-859e-a16c-00d2-0357839e21d8">
      <Execution id="fb6f1ceb-1288-4c29-ae0d-78897c9eed5e" />
      <TestMethod codeBase="C:/codeplex/Munq/FluentTest/Munq.FluentTest2010/Munq.FluentTest.UnitTests/bin/Debug/Munq.FluentTest.UnitTests.DLL" adapterTypeName="Microsoft.VisualStudio.TestTools.TestTypes.Unit.UnitTestAdapter, Microsoft.VisualStudio.QualityTools.Tips.UnitTest.Adapter, Version=10.0.0.0, Culture=neutral, PublicKeyToken=b03f5f7f11d50a3a" className="Munq.FluentTest.UnitTests.IFluentTestCollectionIsAnInstanceOfTypeTest, Munq.FluentTest.UnitTests, Version=1.0.0.0, Culture=neutral, PublicKeyToken=null" name="IsAnInstanceOfTypeFailsIfDifferentType" />
    </UnitTest>
    <UnitTest name="IsEqualFailsForNonNullTestAndNullCompareObjects" storage="c:\codeplex\munq\fluenttest\munq.fluenttest2010\munq.fluenttest.unittests\bin\debug\munq.fluenttest.unittests.dll" id="86438a59-a53b-6da8-3b59-69e204b0e6dc">
      <Execution id="0f40981a-e066-4376-af34-83f410caf154" />
      <TestMethod codeBase="C:/codeplex/Munq/FluentTest/Munq.FluentTest2010/Munq.FluentTest.UnitTests/bin/Debug/Munq.FluentTest.UnitTests.DLL" adapterTypeName="Microsoft.VisualStudio.TestTools.TestTypes.Unit.UnitTestAdapter, Microsoft.VisualStudio.QualityTools.Tips.UnitTest.Adapter, Version=10.0.0.0, Culture=neutral, PublicKeyToken=b03f5f7f11d50a3a" className="Munq.FluentTest.UnitTests.IFluentTestObjectIsEqualTest, Munq.FluentTest.UnitTests, Version=1.0.0.0, Culture=neutral, PublicKeyToken=null" name="IsEqualFailsForNonNullTestAndNullCompareObjects" />
    </UnitTest>
    <UnitTest name="DoesNotMatchPassesForNonMatchingRegEx" storage="c:\codeplex\munq\fluenttest\munq.fluenttest2010\munq.fluenttest.unittests\bin\debug\munq.fluenttest.unittests.dll" id="146430f2-3a9b-1a16-46bb-60dc08488dc9">
      <Execution id="9dea560e-75be-40dc-aa32-dd54b733380b" />
      <TestMethod codeBase="C:/codeplex/Munq/FluentTest/Munq.FluentTest2010/Munq.FluentTest.UnitTests/bin/Debug/Munq.FluentTest.UnitTests.DLL" adapterTypeName="Microsoft.VisualStudio.TestTools.TestTypes.Unit.UnitTestAdapter, Microsoft.VisualStudio.QualityTools.Tips.UnitTest.Adapter, Version=10.0.0.0, Culture=neutral, PublicKeyToken=b03f5f7f11d50a3a" className="Munq.FluentTest.UnitTests.IFluentTestStringMatchesTest, Munq.FluentTest.UnitTests, Version=1.0.0.0, Culture=neutral, PublicKeyToken=null" name="DoesNotMatchPassesForNonMatchingRegEx" />
    </UnitTest>
    <UnitTest name="StringIsNotEqualToFailsIfStringToCompareIsNull" storage="c:\codeplex\munq\fluenttest\munq.fluenttest2010\munq.fluenttest.unittests\bin\debug\munq.fluenttest.unittests.dll" id="32522b3b-dabd-3ffa-38db-1066765c70dc">
      <Execution id="f700ed3d-2918-45d7-8af9-c6de4eda8156" />
      <TestMethod codeBase="C:/codeplex/Munq/FluentTest/Munq.FluentTest2010/Munq.FluentTest.UnitTests/bin/Debug/Munq.FluentTest.UnitTests.DLL" adapterTypeName="Microsoft.VisualStudio.TestTools.TestTypes.Unit.UnitTestAdapter, Microsoft.VisualStudio.QualityTools.Tips.UnitTest.Adapter, Version=10.0.0.0, Culture=neutral, PublicKeyToken=b03f5f7f11d50a3a" className="Munq.FluentTest.UnitTests.IFluentTestStringIsEqualToTest, Munq.FluentTest.UnitTests, Version=1.0.0.0, Culture=neutral, PublicKeyToken=null" name="StringIsNotEqualToFailsIfStringToCompareIsNull" />
    </UnitTest>
    <UnitTest name="IsNotNullFailsForNull" storage="c:\codeplex\munq\fluenttest\munq.fluenttest2010\munq.fluenttest.unittests\bin\debug\munq.fluenttest.unittests.dll" id="39e86774-8a09-ec76-0dac-30a35463ae8b">
      <Execution id="e4cb45a3-a972-4ca7-9208-a6dfb9aa1772" />
      <TestMethod codeBase="C:/codeplex/Munq/FluentTest/Munq.FluentTest2010/Munq.FluentTest.UnitTests/bin/Debug/Munq.FluentTest.UnitTests.DLL" adapterTypeName="Microsoft.VisualStudio.TestTools.TestTypes.Unit.UnitTestAdapter, Microsoft.VisualStudio.QualityTools.Tips.UnitTest.Adapter, Version=10.0.0.0, Culture=neutral, PublicKeyToken=b03f5f7f11d50a3a" className="Munq.FluentTest.UnitTests.IFluentTestObjectIsNotNullTest, Munq.FluentTest.UnitTests, Version=1.0.0.0, Culture=neutral, PublicKeyToken=null" name="IsNotNullFailsForNull" />
    </UnitTest>
    <UnitTest name="IsEqualPassesForEqualTestAndCompareObjects" storage="c:\codeplex\munq\fluenttest\munq.fluenttest2010\munq.fluenttest.unittests\bin\debug\munq.fluenttest.unittests.dll" id="dc0697b7-5c55-b411-f8b9-f13821119ab3">
      <Execution id="2ebd68b1-1b6e-46b6-bec2-56442fe8c4f0" />
      <TestMethod codeBase="C:/codeplex/Munq/FluentTest/Munq.FluentTest2010/Munq.FluentTest.UnitTests/bin/Debug/Munq.FluentTest.UnitTests.DLL" adapterTypeName="Microsoft.VisualStudio.TestTools.TestTypes.Unit.UnitTestAdapter, Microsoft.VisualStudio.QualityTools.Tips.UnitTest.Adapter, Version=10.0.0.0, Culture=neutral, PublicKeyToken=b03f5f7f11d50a3a" className="Munq.FluentTest.UnitTests.IFluentTestObjectIsEqualTest, Munq.FluentTest.UnitTests, Version=1.0.0.0, Culture=neutral, PublicKeyToken=null" name="IsEqualPassesForEqualTestAndCompareObjects" />
    </UnitTest>
    <UnitTest name="DoesNotMatchFailsForNullCompareRegEx" storage="c:\codeplex\munq\fluenttest\munq.fluenttest2010\munq.fluenttest.unittests\bin\debug\munq.fluenttest.unittests.dll" id="34da5364-8457-c63c-7e0e-0f53335a9130">
      <Execution id="34820000-764d-47f6-9774-cc1b385b6d89" />
      <TestMethod codeBase="C:/codeplex/Munq/FluentTest/Munq.FluentTest2010/Munq.FluentTest.UnitTests/bin/Debug/Munq.FluentTest.UnitTests.DLL" adapterTypeName="Microsoft.VisualStudio.TestTools.TestTypes.Unit.UnitTestAdapter, Microsoft.VisualStudio.QualityTools.Tips.UnitTest.Adapter, Version=10.0.0.0, Culture=neutral, PublicKeyToken=b03f5f7f11d50a3a" className="Munq.FluentTest.UnitTests.IFluentTestStringMatchesTest, Munq.FluentTest.UnitTests, Version=1.0.0.0, Culture=neutral, PublicKeyToken=null" name="DoesNotMatchFailsForNullCompareRegEx" />
    </UnitTest>
    <UnitTest name="IsAStringPassesForString" storage="c:\codeplex\munq\fluenttest\munq.fluenttest2010\munq.fluenttest.unittests\bin\debug\munq.fluenttest.unittests.dll" id="1015d8ee-752d-8ce9-4292-9cf12b1a37cc">
      <Execution id="acabab48-1177-4fd8-8dac-5cb1559e9189" />
      <TestMethod codeBase="C:/codeplex/Munq/FluentTest/Munq.FluentTest2010/Munq.FluentTest.UnitTests/bin/Debug/Munq.FluentTest.UnitTests.DLL" adapterTypeName="Microsoft.VisualStudio.TestTools.TestTypes.Unit.UnitTestAdapter, Microsoft.VisualStudio.QualityTools.Tips.UnitTest.Adapter, Version=10.0.0.0, Culture=neutral, PublicKeyToken=b03f5f7f11d50a3a" className="Munq.FluentTest.UnitTests.IFluentTestObjectIsStringOrCollectionTest, Munq.FluentTest.UnitTests, Version=1.0.0.0, Culture=neutral, PublicKeyToken=null" name="IsAStringPassesForString" />
    </UnitTest>
    <UnitTest name="IsAStringFailsForNonString" storage="c:\codeplex\munq\fluenttest\munq.fluenttest2010\munq.fluenttest.unittests\bin\debug\munq.fluenttest.unittests.dll" id="d166c49e-029f-4514-4269-24ad6e5f3074">
      <Execution id="a3be56b6-f628-4854-a2e2-fc36a864fb81" />
      <TestMethod codeBase="C:/codeplex/Munq/FluentTest/Munq.FluentTest2010/Munq.FluentTest.UnitTests/bin/Debug/Munq.FluentTest.UnitTests.DLL" adapterTypeName="Microsoft.VisualStudio.TestTools.TestTypes.Unit.UnitTestAdapter, Microsoft.VisualStudio.QualityTools.Tips.UnitTest.Adapter, Version=10.0.0.0, Culture=neutral, PublicKeyToken=b03f5f7f11d50a3a" className="Munq.FluentTest.UnitTests.IFluentTestObjectIsStringOrCollectionTest, Munq.FluentTest.UnitTests, Version=1.0.0.0, Culture=neutral, PublicKeyToken=null" name="IsAStringFailsForNonString" />
    </UnitTest>
    <UnitTest name="IsNotTheSameObjectPassesForDifferentTestAndCompareObjects" storage="c:\codeplex\munq\fluenttest\munq.fluenttest2010\munq.fluenttest.unittests\bin\debug\munq.fluenttest.unittests.dll" id="c0be272d-cd43-650e-86e0-d84d50bd7643">
      <Execution id="192ac48e-892d-4b59-b3dc-98e688842041" />
      <TestMethod codeBase="C:/codeplex/Munq/FluentTest/Munq.FluentTest2010/Munq.FluentTest.UnitTests/bin/Debug/Munq.FluentTest.UnitTests.DLL" adapterTypeName="Microsoft.VisualStudio.TestTools.TestTypes.Unit.UnitTestAdapter, Microsoft.VisualStudio.QualityTools.Tips.UnitTest.Adapter, Version=10.0.0.0, Culture=neutral, PublicKeyToken=b03f5f7f11d50a3a" className="Munq.FluentTest.UnitTests.IFluentTestObjectIsSameAsTest, Munq.FluentTest.UnitTests, Version=1.0.0.0, Culture=neutral, PublicKeyToken=null" name="IsNotTheSameObjectPassesForDifferentTestAndCompareObjects" />
    </UnitTest>
    <UnitTest name="MatchesPassesForMatchingRegEx" storage="c:\codeplex\munq\fluenttest\munq.fluenttest2010\munq.fluenttest.unittests\bin\debug\munq.fluenttest.unittests.dll" id="50295921-0fee-4c6c-ec72-7ada0611b4e9">
      <Execution id="d07274ff-2bf9-4664-8f7d-6b222551dce0" />
      <TestMethod codeBase="C:/codeplex/Munq/FluentTest/Munq.FluentTest2010/Munq.FluentTest.UnitTests/bin/Debug/Munq.FluentTest.UnitTests.DLL" adapterTypeName="Microsoft.VisualStudio.TestTools.TestTypes.Unit.UnitTestAdapter, Microsoft.VisualStudio.QualityTools.Tips.UnitTest.Adapter, Version=10.0.0.0, Culture=neutral, PublicKeyToken=b03f5f7f11d50a3a" className="Munq.FluentTest.UnitTests.IFluentTestStringMatchesTest, Munq.FluentTest.UnitTests, Version=1.0.0.0, Culture=neutral, PublicKeyToken=null" name="MatchesPassesForMatchingRegEx" />
    </UnitTest>
    <UnitTest name="DoesNotMatchFailsForMatchingRegEx" storage="c:\codeplex\munq\fluenttest\munq.fluenttest2010\munq.fluenttest.unittests\bin\debug\munq.fluenttest.unittests.dll" id="d1714117-6982-985c-9a68-a45e0baf80a8">
      <Execution id="9fcbe0aa-9035-4154-8441-0fba21020d4f" />
      <TestMethod codeBase="C:/codeplex/Munq/FluentTest/Munq.FluentTest2010/Munq.FluentTest.UnitTests/bin/Debug/Munq.FluentTest.UnitTests.DLL" adapterTypeName="Microsoft.VisualStudio.TestTools.TestTypes.Unit.UnitTestAdapter, Microsoft.VisualStudio.QualityTools.Tips.UnitTest.Adapter, Version=10.0.0.0, Culture=neutral, PublicKeyToken=b03f5f7f11d50a3a" className="Munq.FluentTest.UnitTests.IFluentTestStringMatchesTest, Munq.FluentTest.UnitTests, Version=1.0.0.0, Culture=neutral, PublicKeyToken=null" name="DoesNotMatchFailsForMatchingRegEx" />
    </UnitTest>
    <UnitTest name="IsTrueFailsForFalse" storage="c:\codeplex\munq\fluenttest\munq.fluenttest2010\munq.fluenttest.unittests\bin\debug\munq.fluenttest.unittests.dll" id="c7f7effa-dc69-0582-2389-c73c9f90c392">
      <Execution id="fc01b30f-4c74-4216-a5c1-1e8a97075a5f" />
      <TestMethod codeBase="C:/codeplex/Munq/FluentTest/Munq.FluentTest2010/Munq.FluentTest.UnitTests/bin/Debug/Munq.FluentTest.UnitTests.DLL" adapterTypeName="Microsoft.VisualStudio.TestTools.TestTypes.Unit.UnitTestAdapter, Microsoft.VisualStudio.QualityTools.Tips.UnitTest.Adapter, Version=10.0.0.0, Culture=neutral, PublicKeyToken=b03f5f7f11d50a3a" className="Munq.FluentTest.UnitTests.IFluentTestObjectIsTrueOrFalseTest, Munq.FluentTest.UnitTests, Version=1.0.0.0, Culture=neutral, PublicKeyToken=null" name="IsTrueFailsForFalse" />
    </UnitTest>
    <UnitTest name="IsNotEqualFailsForEqualTestAndCompareObjects" storage="c:\codeplex\munq\fluenttest\munq.fluenttest2010\munq.fluenttest.unittests\bin\debug\munq.fluenttest.unittests.dll" id="7fa9ff12-44e1-c2a8-7561-37439b89b14d">
      <Execution id="7a3d2d44-0036-4d06-b5ab-86e226b7ad86" />
      <TestMethod codeBase="C:/codeplex/Munq/FluentTest/Munq.FluentTest2010/Munq.FluentTest.UnitTests/bin/Debug/Munq.FluentTest.UnitTests.DLL" adapterTypeName="Microsoft.VisualStudio.TestTools.TestTypes.Unit.UnitTestAdapter, Microsoft.VisualStudio.QualityTools.Tips.UnitTest.Adapter, Version=10.0.0.0, Culture=neutral, PublicKeyToken=b03f5f7f11d50a3a" className="Munq.FluentTest.UnitTests.IFluentTestObjectIsEqualTest, Munq.FluentTest.UnitTests, Version=1.0.0.0, Culture=neutral, PublicKeyToken=null" name="IsNotEqualFailsForEqualTestAndCompareObjects" />
    </UnitTest>
    <UnitTest name="DoesNotContainFailsIfStringToCompareIsEmpty" storage="c:\codeplex\munq\fluenttest\munq.fluenttest2010\munq.fluenttest.unittests\bin\debug\munq.fluenttest.unittests.dll" id="ab3ce79d-13c7-0f7e-ef8a-be8254d3191c">
      <Execution id="e035be89-69a0-42c2-90b0-ec136c4132bf" />
      <TestMethod codeBase="C:/codeplex/Munq/FluentTest/Munq.FluentTest2010/Munq.FluentTest.UnitTests/bin/Debug/Munq.FluentTest.UnitTests.DLL" adapterTypeName="Microsoft.VisualStudio.TestTools.TestTypes.Unit.UnitTestAdapter, Microsoft.VisualStudio.QualityTools.Tips.UnitTest.Adapter, Version=10.0.0.0, Culture=neutral, PublicKeyToken=b03f5f7f11d50a3a" className="Munq.FluentTest.UnitTests.IFluentTestStringContainsTest, Munq.FluentTest.UnitTests, Version=1.0.0.0, Culture=neutral, PublicKeyToken=null" name="DoesNotContainFailsIfStringToCompareIsEmpty" />
    </UnitTest>
    <UnitTest name="StringDoesNotEndWithFailsIfStringToCompareIsEmpty" storage="c:\codeplex\munq\fluenttest\munq.fluenttest2010\munq.fluenttest.unittests\bin\debug\munq.fluenttest.unittests.dll" id="9e631207-9eac-6a3b-506b-34e5bacd4ce6">
      <Execution id="9a0cad51-bd3b-477a-874e-cc888719a3c8" />
      <TestMethod codeBase="C:/codeplex/Munq/FluentTest/Munq.FluentTest2010/Munq.FluentTest.UnitTests/bin/Debug/Munq.FluentTest.UnitTests.DLL" adapterTypeName="Microsoft.VisualStudio.TestTools.TestTypes.Unit.UnitTestAdapter, Microsoft.VisualStudio.QualityTools.Tips.UnitTest.Adapter, Version=10.0.0.0, Culture=neutral, PublicKeyToken=b03f5f7f11d50a3a" className="Munq.FluentTest.UnitTests.IFluentTestStringEndsWithTest, Munq.FluentTest.UnitTests, Version=1.0.0.0, Culture=neutral, PublicKeyToken=null" name="StringDoesNotEndWithFailsIfStringToCompareIsEmpty" />
    </UnitTest>
    <UnitTest name="StringEndsWithPassesIfStringEndsWithStringToCompare" storage="c:\codeplex\munq\fluenttest\munq.fluenttest2010\munq.fluenttest.unittests\bin\debug\munq.fluenttest.unittests.dll" id="f2a82eb7-150d-156d-d938-599bb438c83a">
      <Execution id="08bc7704-c40b-41ff-a8cb-3b08ae111f47" />
      <TestMethod codeBase="C:/codeplex/Munq/FluentTest/Munq.FluentTest2010/Munq.FluentTest.UnitTests/bin/Debug/Munq.FluentTest.UnitTests.DLL" adapterTypeName="Microsoft.VisualStudio.TestTools.TestTypes.Unit.UnitTestAdapter, Microsoft.VisualStudio.QualityTools.Tips.UnitTest.Adapter, Version=10.0.0.0, Culture=neutral, PublicKeyToken=b03f5f7f11d50a3a" className="Munq.FluentTest.UnitTests.IFluentTestStringEndsWithTest, Munq.FluentTest.UnitTests, Version=1.0.0.0, Culture=neutral, PublicKeyToken=null" name="StringEndsWithPassesIfStringEndsWithStringToCompare" />
    </UnitTest>
    <UnitTest name="StringDoesNotStartWithFailsIfStartsWithString" storage="c:\codeplex\munq\fluenttest\munq.fluenttest2010\munq.fluenttest.unittests\bin\debug\munq.fluenttest.unittests.dll" id="b166461a-58ca-2c71-35b2-b7200b7a7044">
      <Execution id="4b6ddf43-bf25-4dfb-9636-c42bfd103427" />
      <TestMethod codeBase="C:/codeplex/Munq/FluentTest/Munq.FluentTest2010/Munq.FluentTest.UnitTests/bin/Debug/Munq.FluentTest.UnitTests.DLL" adapterTypeName="Microsoft.VisualStudio.TestTools.TestTypes.Unit.UnitTestAdapter, Microsoft.VisualStudio.QualityTools.Tips.UnitTest.Adapter, Version=10.0.0.0, Culture=neutral, PublicKeyToken=b03f5f7f11d50a3a" className="Munq.FluentTest.UnitTests.IFluentTestStringStartsWithTest, Munq.FluentTest.UnitTests, Version=1.0.0.0, Culture=neutral, PublicKeyToken=null" name="StringDoesNotStartWithFailsIfStartsWithString" />
    </UnitTest>
    <UnitTest name="AllItemsAreInstancesOfTypePassesIfSpecifiedTypeIsNullAndAllItemsNull" storage="c:\codeplex\munq\fluenttest\munq.fluenttest2010\munq.fluenttest.unittests\bin\debug\munq.fluenttest.unittests.dll" id="26a024c9-5062-21c5-c134-7bfcea781980">
      <Execution id="8bec489e-1677-4b10-aa56-6c19067963d6" />
      <TestMethod codeBase="C:/codeplex/Munq/FluentTest/Munq.FluentTest2010/Munq.FluentTest.UnitTests/bin/Debug/Munq.FluentTest.UnitTests.DLL" adapterTypeName="Microsoft.VisualStudio.TestTools.TestTypes.Unit.UnitTestAdapter, Microsoft.VisualStudio.QualityTools.Tips.UnitTest.Adapter, Version=10.0.0.0, Culture=neutral, PublicKeyToken=b03f5f7f11d50a3a" className="Munq.FluentTest.UnitTests.IFluentTestCollectionAllItemsAreInstancesOfTypeTest, Munq.FluentTest.UnitTests, Version=1.0.0.0, Culture=neutral, PublicKeyToken=null" name="AllItemsAreInstancesOfTypePassesIfSpecifiedTypeIsNullAndAllItemsNull" />
    </UnitTest>
    <UnitTest name="StringIsEqualToFailsIfDoesIsEqualTotring" storage="c:\codeplex\munq\fluenttest\munq.fluenttest2010\munq.fluenttest.unittests\bin\debug\munq.fluenttest.unittests.dll" id="27dfb1e9-3d4b-6c0b-54c8-884ead110ac0">
      <Execution id="f5f45bbd-3353-4b31-825c-a0708cc95bc3" />
      <TestMethod codeBase="C:/codeplex/Munq/FluentTest/Munq.FluentTest2010/Munq.FluentTest.UnitTests/bin/Debug/Munq.FluentTest.UnitTests.DLL" adapterTypeName="Microsoft.VisualStudio.TestTools.TestTypes.Unit.UnitTestAdapter, Microsoft.VisualStudio.QualityTools.Tips.UnitTest.Adapter, Version=10.0.0.0, Culture=neutral, PublicKeyToken=b03f5f7f11d50a3a" className="Munq.FluentTest.UnitTests.IFluentTestStringIsEqualToTest, Munq.FluentTest.UnitTests, Version=1.0.0.0, Culture=neutral, PublicKeyToken=null" name="StringIsEqualToFailsIfDoesIsEqualTotring" />
    </UnitTest>
    <UnitTest name="StringIsEqualToPassesIfStringIsEqualToStringToCompare" storage="c:\codeplex\munq\fluenttest\munq.fluenttest2010\munq.fluenttest.unittests\bin\debug\munq.fluenttest.unittests.dll" id="02121f87-9e25-cd5a-bb4a-14ac090616c8">
      <Execution id="a437879c-0afb-4aa7-b02b-3daa9e4f4a2f" />
      <TestMethod codeBase="C:/codeplex/Munq/FluentTest/Munq.FluentTest2010/Munq.FluentTest.UnitTests/bin/Debug/Munq.FluentTest.UnitTests.DLL" adapterTypeName="Microsoft.VisualStudio.TestTools.TestTypes.Unit.UnitTestAdapter, Microsoft.VisualStudio.QualityTools.Tips.UnitTest.Adapter, Version=10.0.0.0, Culture=neutral, PublicKeyToken=b03f5f7f11d50a3a" className="Munq.FluentTest.UnitTests.IFluentTestStringIsEqualToTest, Munq.FluentTest.UnitTests, Version=1.0.0.0, Culture=neutral, PublicKeyToken=null" name="StringIsEqualToPassesIfStringIsEqualToStringToCompare" />
    </UnitTest>
    <UnitTest name="StringDoesNotEndWithPassesIfStringDoesNotEndWithStringToCompare" storage="c:\codeplex\munq\fluenttest\munq.fluenttest2010\munq.fluenttest.unittests\bin\debug\munq.fluenttest.unittests.dll" id="20ac32ed-f6a0-9c56-1418-80e41c4b5266">
      <Execution id="d7bd72f6-7d5e-452f-b43a-74bebe07ab96" />
      <TestMethod codeBase="C:/codeplex/Munq/FluentTest/Munq.FluentTest2010/Munq.FluentTest.UnitTests/bin/Debug/Munq.FluentTest.UnitTests.DLL" adapterTypeName="Microsoft.VisualStudio.TestTools.TestTypes.Unit.UnitTestAdapter, Microsoft.VisualStudio.QualityTools.Tips.UnitTest.Adapter, Version=10.0.0.0, Culture=neutral, PublicKeyToken=b03f5f7f11d50a3a" className="Munq.FluentTest.UnitTests.IFluentTestStringEndsWithTest, Munq.FluentTest.UnitTests, Version=1.0.0.0, Culture=neutral, PublicKeyToken=null" name="StringDoesNotEndWithPassesIfStringDoesNotEndWithStringToCompare" />
    </UnitTest>
    <UnitTest name="IsTrueFailsForNull" storage="c:\codeplex\munq\fluenttest\munq.fluenttest2010\munq.fluenttest.unittests\bin\debug\munq.fluenttest.unittests.dll" id="bb66cc73-998c-9993-1784-eafa6ea54bbf">
      <Execution id="2fef109b-87f3-43d0-9436-1edd571fffd3" />
      <TestMethod codeBase="C:/codeplex/Munq/FluentTest/Munq.FluentTest2010/Munq.FluentTest.UnitTests/bin/Debug/Munq.FluentTest.UnitTests.DLL" adapterTypeName="Microsoft.VisualStudio.TestTools.TestTypes.Unit.UnitTestAdapter, Microsoft.VisualStudio.QualityTools.Tips.UnitTest.Adapter, Version=10.0.0.0, Culture=neutral, PublicKeyToken=b03f5f7f11d50a3a" className="Munq.FluentTest.UnitTests.IFluentTestObjectIsTrueOrFalseTest, Munq.FluentTest.UnitTests, Version=1.0.0.0, Culture=neutral, PublicKeyToken=null" name="IsTrueFailsForNull" />
    </UnitTest>
    <UnitTest name="AllItemsNotNullPassedIfAllItemAreNotNull" storage="c:\codeplex\munq\fluenttest\munq.fluenttest2010\munq.fluenttest.unittests\bin\debug\munq.fluenttest.unittests.dll" id="31684495-68d4-298a-7f1f-7bd5ea26ff58">
      <Execution id="4caa9476-960f-45c3-9ba0-750cd019fef7" />
      <TestMethod codeBase="C:/codeplex/Munq/FluentTest/Munq.FluentTest2010/Munq.FluentTest.UnitTests/bin/Debug/Munq.FluentTest.UnitTests.DLL" adapterTypeName="Microsoft.VisualStudio.TestTools.TestTypes.Unit.UnitTestAdapter, Microsoft.VisualStudio.QualityTools.Tips.UnitTest.Adapter, Version=10.0.0.0, Culture=neutral, PublicKeyToken=b03f5f7f11d50a3a" className="Munq.FluentTest.UnitTests.IFluentTestCollectionAllItemsNotNullTest, Munq.FluentTest.UnitTests, Version=1.0.0.0, Culture=neutral, PublicKeyToken=null" name="AllItemsNotNullPassedIfAllItemAreNotNull" />
    </UnitTest>
    <UnitTest name="IsTheSameObjectFailsForDifferentTestAndCompareObjects" storage="c:\codeplex\munq\fluenttest\munq.fluenttest2010\munq.fluenttest.unittests\bin\debug\munq.fluenttest.unittests.dll" id="2181b46c-c2cf-0c6d-62d7-7d05d01d0305">
      <Execution id="069546f2-31e1-4968-832f-5d9e00868abc" />
      <TestMethod codeBase="C:/codeplex/Munq/FluentTest/Munq.FluentTest2010/Munq.FluentTest.UnitTests/bin/Debug/Munq.FluentTest.UnitTests.DLL" adapterTypeName="Microsoft.VisualStudio.TestTools.TestTypes.Unit.UnitTestAdapter, Microsoft.VisualStudio.QualityTools.Tips.UnitTest.Adapter, Version=10.0.0.0, Culture=neutral, PublicKeyToken=b03f5f7f11d50a3a" className="Munq.FluentTest.UnitTests.IFluentTestObjectIsSameAsTest, Munq.FluentTest.UnitTests, Version=1.0.0.0, Culture=neutral, PublicKeyToken=null" name="IsTheSameObjectFailsForDifferentTestAndCompareObjects" />
    </UnitTest>
    <UnitTest name="IsNotSameCollectionFailsIfNull" storage="c:\codeplex\munq\fluenttest\munq.fluenttest2010\munq.fluenttest.unittests\bin\debug\munq.fluenttest.unittests.dll" id="a2917aab-4dda-3106-6a96-58654a69e063">
      <Execution id="707f0361-0e04-4343-ac87-8540da50c6a1" />
      <TestMethod codeBase="C:/codeplex/Munq/FluentTest/Munq.FluentTest2010/Munq.FluentTest.UnitTests/bin/Debug/Munq.FluentTest.UnitTests.DLL" adapterTypeName="Microsoft.VisualStudio.TestTools.TestTypes.Unit.UnitTestAdapter, Microsoft.VisualStudio.QualityTools.Tips.UnitTest.Adapter, Version=10.0.0.0, Culture=neutral, PublicKeyToken=b03f5f7f11d50a3a" className="Munq.FluentTest.UnitTests.IFluentTestCollectionIsTheSameCollectionAsTest, Munq.FluentTest.UnitTests, Version=1.0.0.0, Culture=neutral, PublicKeyToken=null" name="IsNotSameCollectionFailsIfNull" />
    </UnitTest>
    <UnitTest name="AllItemsAreUniqueFailsIfAnyIsDuplicated" storage="c:\codeplex\munq\fluenttest\munq.fluenttest2010\munq.fluenttest.unittests\bin\debug\munq.fluenttest.unittests.dll" id="31155152-104d-c45e-6a0c-5205f3c571e4">
      <Execution id="ece828b6-b47d-42a0-b9b7-c4de6d25148c" />
      <TestMethod codeBase="C:/codeplex/Munq/FluentTest/Munq.FluentTest2010/Munq.FluentTest.UnitTests/bin/Debug/Munq.FluentTest.UnitTests.DLL" adapterTypeName="Microsoft.VisualStudio.TestTools.TestTypes.Unit.UnitTestAdapter, Microsoft.VisualStudio.QualityTools.Tips.UnitTest.Adapter, Version=10.0.0.0, Culture=neutral, PublicKeyToken=b03f5f7f11d50a3a" className="Munq.FluentTest.UnitTests.IFluentTestCollectionAllItemsAreUniqueTest, Munq.FluentTest.UnitTests, Version=1.0.0.0, Culture=neutral, PublicKeyToken=null" name="AllItemsAreUniqueFailsIfAnyIsDuplicated" />
    </UnitTest>
    <UnitTest name="IsEqualPassesForNullTestAndCompareObjects" storage="c:\codeplex\munq\fluenttest\munq.fluenttest2010\munq.fluenttest.unittests\bin\debug\munq.fluenttest.unittests.dll" id="2abf670b-254e-fa75-be66-a5f72d25015f">
      <Execution id="67fdac56-2105-4546-9bd8-807512b6d741" />
      <TestMethod codeBase="C:/codeplex/Munq/FluentTest/Munq.FluentTest2010/Munq.FluentTest.UnitTests/bin/Debug/Munq.FluentTest.UnitTests.DLL" adapterTypeName="Microsoft.VisualStudio.TestTools.TestTypes.Unit.UnitTestAdapter, Microsoft.VisualStudio.QualityTools.Tips.UnitTest.Adapter, Version=10.0.0.0, Culture=neutral, PublicKeyToken=b03f5f7f11d50a3a" className="Munq.FluentTest.UnitTests.IFluentTestObjectIsEqualTest, Munq.FluentTest.UnitTests, Version=1.0.0.0, Culture=neutral, PublicKeyToken=null" name="IsEqualPassesForNullTestAndCompareObjects" />
    </UnitTest>
    <UnitTest name="AllItemsAreUniquePassesIfAllItemsAreUnique" storage="c:\codeplex\munq\fluenttest\munq.fluenttest2010\munq.fluenttest.unittests\bin\debug\munq.fluenttest.unittests.dll" id="9591658b-83a4-8373-1a89-a3c1268223a8">
      <Execution id="06f04b4e-a920-41a4-931c-84d0c27b8a7a" />
      <TestMethod codeBase="C:/codeplex/Munq/FluentTest/Munq.FluentTest2010/Munq.FluentTest.UnitTests/bin/Debug/Munq.FluentTest.UnitTests.DLL" adapterTypeName="Microsoft.VisualStudio.TestTools.TestTypes.Unit.UnitTestAdapter, Microsoft.VisualStudio.QualityTools.Tips.UnitTest.Adapter, Version=10.0.0.0, Culture=neutral, PublicKeyToken=b03f5f7f11d50a3a" className="Munq.FluentTest.UnitTests.IFluentTestCollectionAllItemsAreUniqueTest, Munq.FluentTest.UnitTests, Version=1.0.0.0, Culture=neutral, PublicKeyToken=null" name="AllItemsAreUniquePassesIfAllItemsAreUnique" />
    </UnitTest>
    <UnitTest name="StringDoesNotEndWithFailsIfStringEndWithStringToCompare" storage="c:\codeplex\munq\fluenttest\munq.fluenttest2010\munq.fluenttest.unittests\bin\debug\munq.fluenttest.unittests.dll" id="dc92c4ff-bdc4-d68a-dbd9-3be00efad87e">
      <Execution id="17e33410-9258-4f57-8659-1e1442b2c33f" />
      <TestMethod codeBase="C:/codeplex/Munq/FluentTest/Munq.FluentTest2010/Munq.FluentTest.UnitTests/bin/Debug/Munq.FluentTest.UnitTests.DLL" adapterTypeName="Microsoft.VisualStudio.TestTools.TestTypes.Unit.UnitTestAdapter, Microsoft.VisualStudio.QualityTools.Tips.UnitTest.Adapter, Version=10.0.0.0, Culture=neutral, PublicKeyToken=b03f5f7f11d50a3a" className="Munq.FluentTest.UnitTests.IFluentTestStringEndsWithTest, Munq.FluentTest.UnitTests, Version=1.0.0.0, Culture=neutral, PublicKeyToken=null" name="StringDoesNotEndWithFailsIfStringEndWithStringToCompare" />
    </UnitTest>
    <UnitTest name="IsNotEqualToPassesIfDifferentLengths" storage="c:\codeplex\munq\fluenttest\munq.fluenttest2010\munq.fluenttest.unittests\bin\debug\munq.fluenttest.unittests.dll" id="28809476-1dc8-f55f-cb7e-e89fd9fb3f08">
      <Execution id="d2dbbb9c-783c-4dc7-9d22-980d3f1838ef" />
      <TestMethod codeBase="C:/codeplex/Munq/FluentTest/Munq.FluentTest2010/Munq.FluentTest.UnitTests/bin/Debug/Munq.FluentTest.UnitTests.DLL" adapterTypeName="Microsoft.VisualStudio.TestTools.TestTypes.Unit.UnitTestAdapter, Microsoft.VisualStudio.QualityTools.Tips.UnitTest.Adapter, Version=10.0.0.0, Culture=neutral, PublicKeyToken=b03f5f7f11d50a3a" className="Munq.FluentTest.UnitTests.IFluentTestCollectionIsEqualToTest, Munq.FluentTest.UnitTests, Version=1.0.0.0, Culture=neutral, PublicKeyToken=null" name="IsNotEqualToPassesIfDifferentLengths" />
    </UnitTest>
    <UnitTest name="StringDoesNotEndWithFailsIfStringToCompareIsNull" storage="c:\codeplex\munq\fluenttest\munq.fluenttest2010\munq.fluenttest.unittests\bin\debug\munq.fluenttest.unittests.dll" id="e0b3eaa1-8679-d784-0a29-5f15327642db">
      <Execution id="43a98dfc-1a11-4174-984d-a03a4441801c" />
      <TestMethod codeBase="C:/codeplex/Munq/FluentTest/Munq.FluentTest2010/Munq.FluentTest.UnitTests/bin/Debug/Munq.FluentTest.UnitTests.DLL" adapterTypeName="Microsoft.VisualStudio.TestTools.TestTypes.Unit.UnitTestAdapter, Microsoft.VisualStudio.QualityTools.Tips.UnitTest.Adapter, Version=10.0.0.0, Culture=neutral, PublicKeyToken=b03f5f7f11d50a3a" className="Munq.FluentTest.UnitTests.IFluentTestStringEndsWithTest, Munq.FluentTest.UnitTests, Version=1.0.0.0, Culture=neutral, PublicKeyToken=null" name="StringDoesNotEndWithFailsIfStringToCompareIsNull" />
    </UnitTest>
    <UnitTest name="IsNotEqualToPassesIfNotEqual" storage="c:\codeplex\munq\fluenttest\munq.fluenttest2010\munq.fluenttest.unittests\bin\debug\munq.fluenttest.unittests.dll" id="465731e9-efd1-185a-3cbc-3fdce5f76c41">
      <Execution id="8a15b238-ed5b-4ee8-90a6-b908bb88aad8" />
      <TestMethod codeBase="C:/codeplex/Munq/FluentTest/Munq.FluentTest2010/Munq.FluentTest.UnitTests/bin/Debug/Munq.FluentTest.UnitTests.DLL" adapterTypeName="Microsoft.VisualStudio.TestTools.TestTypes.Unit.UnitTestAdapter, Microsoft.VisualStudio.QualityTools.Tips.UnitTest.Adapter, Version=10.0.0.0, Culture=neutral, PublicKeyToken=b03f5f7f11d50a3a" className="Munq.FluentTest.UnitTests.IFluentTestCollectionIsEqualToTest, Munq.FluentTest.UnitTests, Version=1.0.0.0, Culture=neutral, PublicKeyToken=null" name="IsNotEqualToPassesIfNotEqual" />
    </UnitTest>
    <UnitTest name="IsNotAnInstanceOfTypeFailsForNull" storage="c:\codeplex\munq\fluenttest\munq.fluenttest2010\munq.fluenttest.unittests\bin\debug\munq.fluenttest.unittests.dll" id="196f25e1-40bf-7579-1360-45cb6bcf580d">
      <Execution id="f26e935c-6dae-4d26-b1ea-ecc4d4464fd7" />
      <TestMethod codeBase="C:/codeplex/Munq/FluentTest/Munq.FluentTest2010/Munq.FluentTest.UnitTests/bin/Debug/Munq.FluentTest.UnitTests.DLL" adapterTypeName="Microsoft.VisualStudio.TestTools.TestTypes.Unit.UnitTestAdapter, Microsoft.VisualStudio.QualityTools.Tips.UnitTest.Adapter, Version=10.0.0.0, Culture=neutral, PublicKeyToken=b03f5f7f11d50a3a" className="Munq.FluentTest.UnitTests.IFluentTestObjectIsInstanceOfTest, Munq.FluentTest.UnitTests, Version=1.0.0.0, Culture=neutral, PublicKeyToken=null" name="IsNotAnInstanceOfTypeFailsForNull" />
    </UnitTest>
  </TestDefinitions>
  <TestLists>
    <TestList name="Results Not in a List" id="8c84fa94-04c1-424b-9868-57a2d4851a1d" />
    <TestList name="All Loaded Results" id="19431567-8539-422a-85d7-44ee4e166bda" />
  </TestLists>
  <TestEntries>
    <TestEntry testId="02121f87-9e25-cd5a-bb4a-14ac090616c8" executionId="a437879c-0afb-4aa7-b02b-3daa9e4f4a2f" testListId="8c84fa94-04c1-424b-9868-57a2d4851a1d" />
    <TestEntry testId="0259f3a3-7a57-38b4-ff7d-81d9b3b3bfcd" executionId="6bbf4303-df50-446a-be14-e9d30b9faf5b" testListId="8c84fa94-04c1-424b-9868-57a2d4851a1d" />
    <TestEntry testId="04f8edff-83a1-0231-821e-36a420c4dc3f" executionId="b3a1a094-ea50-4ac2-b3e8-30d278bc42ba" testListId="8c84fa94-04c1-424b-9868-57a2d4851a1d" />
    <TestEntry testId="088b72a7-c4f5-7b28-9bc8-ffee502536c0" executionId="eee58e96-f5b2-40e0-a3e8-85f7aed8243b" testListId="8c84fa94-04c1-424b-9868-57a2d4851a1d" />
    <TestEntry testId="0c174ecc-4fc9-8561-130b-4df8e7d37d2c" executionId="3808ffb9-631d-43d4-93c2-8193de64f5f4" testListId="8c84fa94-04c1-424b-9868-57a2d4851a1d" />
    <TestEntry testId="1015d8ee-752d-8ce9-4292-9cf12b1a37cc" executionId="acabab48-1177-4fd8-8dac-5cb1559e9189" testListId="8c84fa94-04c1-424b-9868-57a2d4851a1d" />
    <TestEntry testId="10787121-b239-c3f0-43ac-f58a69eb769c" executionId="95d8775a-3d00-4712-99a5-3ddd81454a41" testListId="8c84fa94-04c1-424b-9868-57a2d4851a1d" />
    <TestEntry testId="146430f2-3a9b-1a16-46bb-60dc08488dc9" executionId="9dea560e-75be-40dc-aa32-dd54b733380b" testListId="8c84fa94-04c1-424b-9868-57a2d4851a1d" />
    <TestEntry testId="1584e88c-e31b-f7b2-2619-3466efa67043" executionId="93ffdd23-9050-4771-8145-b7b816c49979" testListId="8c84fa94-04c1-424b-9868-57a2d4851a1d" />
    <TestEntry testId="196f25e1-40bf-7579-1360-45cb6bcf580d" executionId="f26e935c-6dae-4d26-b1ea-ecc4d4464fd7" testListId="8c84fa94-04c1-424b-9868-57a2d4851a1d" />
    <TestEntry testId="198ae1fe-547f-0089-0f59-5a8860b540b3" executionId="9c8794d6-6fac-4169-b707-eb150d39a1d6" testListId="8c84fa94-04c1-424b-9868-57a2d4851a1d" />
    <TestEntry testId="1dc68f76-790f-99f2-3a30-a1059fffe2fa" executionId="e7862d85-30ea-4e79-b357-4881f3fe6161" testListId="8c84fa94-04c1-424b-9868-57a2d4851a1d" />
    <TestEntry testId="20ac32ed-f6a0-9c56-1418-80e41c4b5266" executionId="d7bd72f6-7d5e-452f-b43a-74bebe07ab96" testListId="8c84fa94-04c1-424b-9868-57a2d4851a1d" />
    <TestEntry testId="2181b46c-c2cf-0c6d-62d7-7d05d01d0305" executionId="069546f2-31e1-4968-832f-5d9e00868abc" testListId="8c84fa94-04c1-424b-9868-57a2d4851a1d" />
    <TestEntry testId="25f6ef46-737a-af76-471a-edd19a5497f5" executionId="5c2b0299-f62a-4b3a-af2d-2c7ae125878d" testListId="8c84fa94-04c1-424b-9868-57a2d4851a1d" />
    <TestEntry testId="266ff85a-1406-420b-75d7-66aa93e93681" executionId="0c283e51-7bdc-4023-9a3e-4a0351d29c8b" testListId="8c84fa94-04c1-424b-9868-57a2d4851a1d" />
    <TestEntry testId="26a024c9-5062-21c5-c134-7bfcea781980" executionId="8bec489e-1677-4b10-aa56-6c19067963d6" testListId="8c84fa94-04c1-424b-9868-57a2d4851a1d" />
    <TestEntry testId="27dfb1e9-3d4b-6c0b-54c8-884ead110ac0" executionId="f5f45bbd-3353-4b31-825c-a0708cc95bc3" testListId="8c84fa94-04c1-424b-9868-57a2d4851a1d" />
    <TestEntry testId="28809476-1dc8-f55f-cb7e-e89fd9fb3f08" executionId="d2dbbb9c-783c-4dc7-9d22-980d3f1838ef" testListId="8c84fa94-04c1-424b-9868-57a2d4851a1d" />
    <TestEntry testId="2abf670b-254e-fa75-be66-a5f72d25015f" executionId="67fdac56-2105-4546-9bd8-807512b6d741" testListId="8c84fa94-04c1-424b-9868-57a2d4851a1d" />
    <TestEntry testId="2c549a1f-f133-0354-8a67-e20431ecd10c" executionId="c196d462-8a8a-4b72-abcc-3a0874bd206a" testListId="8c84fa94-04c1-424b-9868-57a2d4851a1d" />
    <TestEntry testId="30e51f7e-f7e3-ed61-41c2-e96c0d534fa4" executionId="cd83e559-e740-4e50-91bb-88c23b0c2485" testListId="8c84fa94-04c1-424b-9868-57a2d4851a1d" />
    <TestEntry testId="31155152-104d-c45e-6a0c-5205f3c571e4" executionId="ece828b6-b47d-42a0-b9b7-c4de6d25148c" testListId="8c84fa94-04c1-424b-9868-57a2d4851a1d" />
    <TestEntry testId="31684495-68d4-298a-7f1f-7bd5ea26ff58" executionId="4caa9476-960f-45c3-9ba0-750cd019fef7" testListId="8c84fa94-04c1-424b-9868-57a2d4851a1d" />
    <TestEntry testId="32522b3b-dabd-3ffa-38db-1066765c70dc" executionId="f700ed3d-2918-45d7-8af9-c6de4eda8156" testListId="8c84fa94-04c1-424b-9868-57a2d4851a1d" />
    <TestEntry testId="34c5f54c-038c-10ae-4486-1e8606a0493e" executionId="5068f861-dfdb-4a95-96ec-12e4922098ac" testListId="8c84fa94-04c1-424b-9868-57a2d4851a1d" />
    <TestEntry testId="34da5364-8457-c63c-7e0e-0f53335a9130" executionId="34820000-764d-47f6-9774-cc1b385b6d89" testListId="8c84fa94-04c1-424b-9868-57a2d4851a1d" />
    <TestEntry testId="36403979-7aba-40a7-ad9f-0976853526dc" executionId="de5bb95e-cc77-4acb-a338-464b549990ca" testListId="8c84fa94-04c1-424b-9868-57a2d4851a1d" />
    <TestEntry testId="36e46140-6f7e-f3b2-240a-511b19b03a92" executionId="5515027a-a960-4590-a38e-8508335d1213" testListId="8c84fa94-04c1-424b-9868-57a2d4851a1d" />
    <TestEntry testId="39e86774-8a09-ec76-0dac-30a35463ae8b" executionId="e4cb45a3-a972-4ca7-9208-a6dfb9aa1772" testListId="8c84fa94-04c1-424b-9868-57a2d4851a1d" />
    <TestEntry testId="39eb5e28-993c-1f1f-a7e8-0983f8dd9d13" executionId="ecec003c-f344-4a49-a09a-3add32f1e9bf" testListId="8c84fa94-04c1-424b-9868-57a2d4851a1d" />
    <TestEntry testId="3a7cf35f-84bf-614a-98ac-b53d9a1e7d31" executionId="7234efea-5f2f-40f6-bfb5-bbdae1e21762" testListId="8c84fa94-04c1-424b-9868-57a2d4851a1d" />
    <TestEntry testId="41975a43-3305-c850-d98d-6bc4ffa50f77" executionId="48b6a7cf-185f-439e-aa34-d28753233584" testListId="8c84fa94-04c1-424b-9868-57a2d4851a1d" />
    <TestEntry testId="465731e9-efd1-185a-3cbc-3fdce5f76c41" executionId="8a15b238-ed5b-4ee8-90a6-b908bb88aad8" testListId="8c84fa94-04c1-424b-9868-57a2d4851a1d" />
    <TestEntry testId="47d5e35a-02b4-512a-4b28-8bdb730ec666" executionId="7b91ad49-31d5-455c-942f-f282ba0dd85f" testListId="8c84fa94-04c1-424b-9868-57a2d4851a1d" />
    <TestEntry testId="4efdda0e-b511-fc18-a55f-1ab289a65a0e" executionId="d297acc5-2634-46c4-8e0a-36ce50daad19" testListId="8c84fa94-04c1-424b-9868-57a2d4851a1d" />
    <TestEntry testId="50295921-0fee-4c6c-ec72-7ada0611b4e9" executionId="d07274ff-2bf9-4664-8f7d-6b222551dce0" testListId="8c84fa94-04c1-424b-9868-57a2d4851a1d" />
    <TestEntry testId="509b077d-a6a7-fc02-5bff-7b9cebbbd2b2" executionId="dbdaa452-0b15-443d-8e54-e3e16a605703" testListId="8c84fa94-04c1-424b-9868-57a2d4851a1d" />
    <TestEntry testId="51a38580-dad2-b784-5c41-d8fb9569df94" executionId="e85e35ab-4f7f-4d7a-9f06-e97e53ebddb4" testListId="8c84fa94-04c1-424b-9868-57a2d4851a1d" />
    <TestEntry testId="58ea9c4f-8436-a256-f611-66eea71beb13" executionId="a937d587-311b-40b6-8dd7-77de991a21c2" testListId="8c84fa94-04c1-424b-9868-57a2d4851a1d" />
    <TestEntry testId="5bb3c498-01e4-9662-2349-d713dd145b3b" executionId="86adccbd-a358-4b27-886d-cde9a66ac5f7" testListId="8c84fa94-04c1-424b-9868-57a2d4851a1d" />
    <TestEntry testId="5d180797-014d-3885-9d0c-01d79c47c65a" executionId="98bd2cd7-7436-4456-8965-c19b4309b075" testListId="8c84fa94-04c1-424b-9868-57a2d4851a1d" />
    <TestEntry testId="61c742e5-4374-3734-3185-d28c3ec066ea" executionId="14149962-44d2-4b55-b677-d692bda4f981" testListId="8c84fa94-04c1-424b-9868-57a2d4851a1d" />
    <TestEntry testId="66391062-df35-3367-6dc7-c5e4175c63a5" executionId="dd785943-dc40-4ccf-a425-cb4c8449b05b" testListId="8c84fa94-04c1-424b-9868-57a2d4851a1d" />
    <TestEntry testId="699c4aab-7bd6-46b5-0c74-a35a2b109bea" executionId="3ac2e18a-2c45-42a6-9296-93b07347fa9a" testListId="8c84fa94-04c1-424b-9868-57a2d4851a1d" />
    <TestEntry testId="6ac3788a-a309-e930-2e84-1b9d79af6182" executionId="d20fcdcb-7418-4c94-bb00-1928641f65e1" testListId="8c84fa94-04c1-424b-9868-57a2d4851a1d" />
    <TestEntry testId="6c0716d4-1a51-c796-f203-416a800f110a" executionId="5eb0237a-20a9-4243-a44e-568556448549" testListId="8c84fa94-04c1-424b-9868-57a2d4851a1d" />
    <TestEntry testId="6c72e054-8c42-1f7b-1774-1d0d86994a03" executionId="5d8c4d2c-b4e2-47c0-a15a-015c6df42b8f" testListId="8c84fa94-04c1-424b-9868-57a2d4851a1d" />
    <TestEntry testId="6e8fbcbf-2ee3-7d18-502e-6e849b91dfed" executionId="8055086f-7b70-4668-836e-070e78c20518" testListId="8c84fa94-04c1-424b-9868-57a2d4851a1d" />
    <TestEntry testId="6fe74ff2-ee3a-770a-2a7c-55fa41d17bfd" executionId="85194876-8ae2-4b5e-8d43-1d81b43d6dbb" testListId="8c84fa94-04c1-424b-9868-57a2d4851a1d" />
    <TestEntry testId="7358bb32-b42a-73a1-a497-df13b2d899e2" executionId="37340a11-5115-483f-8559-50dcfdd9d8f4" testListId="8c84fa94-04c1-424b-9868-57a2d4851a1d" />
    <TestEntry testId="75666f70-5b6f-954c-65d9-fdd85204cec3" executionId="e5fb6f88-5489-435a-b229-2d6bba39849e" testListId="8c84fa94-04c1-424b-9868-57a2d4851a1d" />
    <TestEntry testId="78646dcc-2fe3-e0f5-4f0f-c69719fa53e5" executionId="1ca7569c-240a-47b6-b9c6-6a667b1bbfc2" testListId="8c84fa94-04c1-424b-9868-57a2d4851a1d" />
    <TestEntry testId="79df3fcd-6813-d3cc-f65a-38973659582e" executionId="980e9fb6-1b86-4363-8159-c9b4e8fdae82" testListId="8c84fa94-04c1-424b-9868-57a2d4851a1d" />
    <TestEntry testId="7bf2d5f4-cc98-0008-8cf9-0b9d9ea5a3e9" executionId="57e85dad-7df1-40e2-9f42-d7846be56314" testListId="8c84fa94-04c1-424b-9868-57a2d4851a1d" />
    <TestEntry testId="7fa9ff12-44e1-c2a8-7561-37439b89b14d" executionId="7a3d2d44-0036-4d06-b5ab-86e226b7ad86" testListId="8c84fa94-04c1-424b-9868-57a2d4851a1d" />
    <TestEntry testId="80579bac-3102-2836-4386-fa6811259258" executionId="2e82a72b-fc24-43bd-a653-b305b1d31a3a" testListId="8c84fa94-04c1-424b-9868-57a2d4851a1d" />
    <TestEntry testId="80823a72-cb3f-896a-4440-dd0d1649bfdb" executionId="cc051a74-a9de-4dc2-9795-81ce949c6ede" testListId="8c84fa94-04c1-424b-9868-57a2d4851a1d" />
    <TestEntry testId="80b8d91d-ea96-12f1-5c16-49583da9652b" executionId="6dbf374e-482c-4881-ba3d-305c520c0c79" testListId="8c84fa94-04c1-424b-9868-57a2d4851a1d" />
    <TestEntry testId="8435e728-5e5c-5e9a-b303-a235194ffd1a" executionId="aebf32b3-eea5-4a70-bbca-d203116f8e84" testListId="8c84fa94-04c1-424b-9868-57a2d4851a1d" />
    <TestEntry testId="84a9bef3-40a2-df79-66c3-16a1e94f0208" executionId="d7b65b56-864b-4943-9f92-f6759f0e0986" testListId="8c84fa94-04c1-424b-9868-57a2d4851a1d" />
    <TestEntry testId="86068341-bdc9-d0f7-84ed-14179f58a418" executionId="913e5efb-a88b-44c9-9690-67b1ac958606" testListId="8c84fa94-04c1-424b-9868-57a2d4851a1d" />
    <TestEntry testId="86438a59-a53b-6da8-3b59-69e204b0e6dc" executionId="0f40981a-e066-4376-af34-83f410caf154" testListId="8c84fa94-04c1-424b-9868-57a2d4851a1d" />
    <TestEntry testId="94f34045-59d8-cc46-72c1-97dfc5551e87" executionId="d385a404-50fe-4cf5-ba1e-7ad7309fdce2" testListId="8c84fa94-04c1-424b-9868-57a2d4851a1d" />
    <TestEntry testId="9591658b-83a4-8373-1a89-a3c1268223a8" executionId="06f04b4e-a920-41a4-931c-84d0c27b8a7a" testListId="8c84fa94-04c1-424b-9868-57a2d4851a1d" />
    <TestEntry testId="971d38c2-8a7d-518d-3cb3-e78b37dee55b" executionId="807d4663-aa1f-47e6-9a61-c63524b1697f" testListId="8c84fa94-04c1-424b-9868-57a2d4851a1d" />
    <TestEntry testId="979ced33-f10e-ed40-5f63-644b2293fabc" executionId="77ad7680-1098-458e-a6e7-0a159a2acc71" testListId="8c84fa94-04c1-424b-9868-57a2d4851a1d" />
    <TestEntry testId="98037ae4-2d1f-600a-b77b-1d5665246705" executionId="39b6054b-af10-435b-9550-101277634e76" testListId="8c84fa94-04c1-424b-9868-57a2d4851a1d" />
    <TestEntry testId="9e631207-9eac-6a3b-506b-34e5bacd4ce6" executionId="9a0cad51-bd3b-477a-874e-cc888719a3c8" testListId="8c84fa94-04c1-424b-9868-57a2d4851a1d" />
    <TestEntry testId="a2917aab-4dda-3106-6a96-58654a69e063" executionId="707f0361-0e04-4343-ac87-8540da50c6a1" testListId="8c84fa94-04c1-424b-9868-57a2d4851a1d" />
    <TestEntry testId="a36ab6b9-be2d-4c3b-41cc-46bb62d4c502" executionId="2605b617-27cc-4a6b-9af5-69ec2da5c92b" testListId="8c84fa94-04c1-424b-9868-57a2d4851a1d" />
    <TestEntry testId="a4019a09-7f20-e2c6-ec89-545dce520c92" executionId="1aac0bb6-9f47-468c-9b5f-86a4868b7808" testListId="8c84fa94-04c1-424b-9868-57a2d4851a1d" />
    <TestEntry testId="ab3ce79d-13c7-0f7e-ef8a-be8254d3191c" executionId="e035be89-69a0-42c2-90b0-ec136c4132bf" testListId="8c84fa94-04c1-424b-9868-57a2d4851a1d" />
    <TestEntry testId="ab582c0d-aebb-1664-247b-08a74ec3ee9c" executionId="a80f3e2c-227b-4048-bc89-0e95b91d6185" testListId="8c84fa94-04c1-424b-9868-57a2d4851a1d" />
    <TestEntry testId="ad89ec0d-bed2-98c0-585f-441531448ccf" executionId="e21ce7af-85ac-453f-8d9b-f9714d197f22" testListId="8c84fa94-04c1-424b-9868-57a2d4851a1d" />
    <TestEntry testId="aed3d282-683d-7540-9df1-7cddb79743f3" executionId="053d3be8-ae5a-4e2b-9168-f98532486c96" testListId="8c84fa94-04c1-424b-9868-57a2d4851a1d" />
    <TestEntry testId="afdd0ba6-859e-a16c-00d2-0357839e21d8" executionId="fb6f1ceb-1288-4c29-ae0d-78897c9eed5e" testListId="8c84fa94-04c1-424b-9868-57a2d4851a1d" />
    <TestEntry testId="b080b34c-a604-2bc2-e4f6-b4fdae32e2f7" executionId="18757ce2-f1ae-43c7-9349-c54faacafc9d" testListId="8c84fa94-04c1-424b-9868-57a2d4851a1d" />
    <TestEntry testId="b166461a-58ca-2c71-35b2-b7200b7a7044" executionId="4b6ddf43-bf25-4dfb-9636-c42bfd103427" testListId="8c84fa94-04c1-424b-9868-57a2d4851a1d" />
    <TestEntry testId="b3f389ae-9508-6883-4c4c-0ad45b9c928d" executionId="f4fc77b3-6fe1-4948-b079-fb9780d7eb14" testListId="8c84fa94-04c1-424b-9868-57a2d4851a1d" />
    <TestEntry testId="b8c8a4a2-9cfb-eb95-e132-499d8e32c12e" executionId="19f44232-03c9-4c84-aa47-b2c055beb57d" testListId="8c84fa94-04c1-424b-9868-57a2d4851a1d" />
    <TestEntry testId="bb66cc73-998c-9993-1784-eafa6ea54bbf" executionId="2fef109b-87f3-43d0-9436-1edd571fffd3" testListId="8c84fa94-04c1-424b-9868-57a2d4851a1d" />
    <TestEntry testId="bc63fd6f-4eb8-b691-cbd2-d08e26cc06b9" executionId="93893ce2-4a0a-4427-ac60-e6e90b2ce56f" testListId="8c84fa94-04c1-424b-9868-57a2d4851a1d" />
    <TestEntry testId="be4e646a-1b49-6046-1438-86ee72a455e8" executionId="94ff4233-e1ec-4428-947a-f8df600fa578" testListId="8c84fa94-04c1-424b-9868-57a2d4851a1d" />
    <TestEntry testId="c030c84a-4186-0341-a56d-f1e475136445" executionId="72d9cb2b-0cda-432f-983d-b4fbc4dda8f6" testListId="8c84fa94-04c1-424b-9868-57a2d4851a1d" />
    <TestEntry testId="c0b8758a-00f8-2e71-22e1-a54c0e34c3eb" executionId="2ef22b35-1fb7-443f-8475-cf172ae34115" testListId="8c84fa94-04c1-424b-9868-57a2d4851a1d" />
    <TestEntry testId="c0be272d-cd43-650e-86e0-d84d50bd7643" executionId="192ac48e-892d-4b59-b3dc-98e688842041" testListId="8c84fa94-04c1-424b-9868-57a2d4851a1d" />
    <TestEntry testId="c5e9b16c-2a8b-9a6b-5901-f9639cb87528" executionId="d7010e37-89f2-4c29-814f-29761e3d8452" testListId="8c84fa94-04c1-424b-9868-57a2d4851a1d" />
    <TestEntry testId="c7f7effa-dc69-0582-2389-c73c9f90c392" executionId="fc01b30f-4c74-4216-a5c1-1e8a97075a5f" testListId="8c84fa94-04c1-424b-9868-57a2d4851a1d" />
    <TestEntry testId="c89ed292-1699-5f98-80c0-cb764471e327" executionId="90e10965-4bfd-4f49-bd7a-9baa1510f913" testListId="8c84fa94-04c1-424b-9868-57a2d4851a1d" />
    <TestEntry testId="cfbeb8df-8299-eb0c-266f-42cf08fad8a7" executionId="7e95ed8c-3cb9-4c77-88d6-3dd6c50f94d9" testListId="8c84fa94-04c1-424b-9868-57a2d4851a1d" />
    <TestEntry testId="d166c49e-029f-4514-4269-24ad6e5f3074" executionId="a3be56b6-f628-4854-a2e2-fc36a864fb81" testListId="8c84fa94-04c1-424b-9868-57a2d4851a1d" />
    <TestEntry testId="d1714117-6982-985c-9a68-a45e0baf80a8" executionId="9fcbe0aa-9035-4154-8441-0fba21020d4f" testListId="8c84fa94-04c1-424b-9868-57a2d4851a1d" />
    <TestEntry testId="d3482566-c651-53dd-37c6-1ff38a1db169" executionId="90a202e7-3680-42f2-8b60-5d683cf9a609" testListId="8c84fa94-04c1-424b-9868-57a2d4851a1d" />
    <TestEntry testId="dad984f6-5d2b-46bd-affa-d3af8dc65db1" executionId="d352bca2-06fe-4e45-98de-8bf0dd3667c0" testListId="8c84fa94-04c1-424b-9868-57a2d4851a1d" />
    <TestEntry testId="dc0697b7-5c55-b411-f8b9-f13821119ab3" executionId="2ebd68b1-1b6e-46b6-bec2-56442fe8c4f0" testListId="8c84fa94-04c1-424b-9868-57a2d4851a1d" />
    <TestEntry testId="dc92c4ff-bdc4-d68a-dbd9-3be00efad87e" executionId="17e33410-9258-4f57-8659-1e1442b2c33f" testListId="8c84fa94-04c1-424b-9868-57a2d4851a1d" />
    <TestEntry testId="de14c886-be14-4af1-2003-d534f6164232" executionId="d9043c40-c559-43f7-851d-200b99496ac6" testListId="8c84fa94-04c1-424b-9868-57a2d4851a1d" />
    <TestEntry testId="dfe19b6b-e295-64e3-e2ca-9e860c624db3" executionId="ec636f7e-a0ca-4518-9d18-88adc8b26042" testListId="8c84fa94-04c1-424b-9868-57a2d4851a1d" />
    <TestEntry testId="e0b3eaa1-8679-d784-0a29-5f15327642db" executionId="43a98dfc-1a11-4174-984d-a03a4441801c" testListId="8c84fa94-04c1-424b-9868-57a2d4851a1d" />
    <TestEntry testId="e1c40e94-4a52-146f-4925-91a837076a72" executionId="c4a964b5-b914-417b-aada-03ca6d896ec9" testListId="8c84fa94-04c1-424b-9868-57a2d4851a1d" />
    <TestEntry testId="e38d70e6-3d9f-a774-6903-f4d916e97af7" executionId="c0cf434c-4d8a-4b24-b529-6053de537dae" testListId="8c84fa94-04c1-424b-9868-57a2d4851a1d" />
    <TestEntry testId="e6df5389-0dc8-f658-d9ee-093be56d3e89" executionId="982c7571-0eba-49ef-b236-ed630d441f0f" testListId="8c84fa94-04c1-424b-9868-57a2d4851a1d" />
    <TestEntry testId="e96b542b-57bd-cdc2-c019-8042dad617ff" executionId="178ee40e-805b-4d8e-98f3-83c3a16cfa9e" testListId="8c84fa94-04c1-424b-9868-57a2d4851a1d" />
    <TestEntry testId="e98d3e5f-cfd8-c1c9-3983-85c486c452ab" executionId="d019dd25-16c8-4d62-abfa-3c5681bc4929" testListId="8c84fa94-04c1-424b-9868-57a2d4851a1d" />
    <TestEntry testId="e9c2e5dd-215c-edaf-9834-158d6b261ebf" executionId="3ba0e2f9-57a9-4cd3-be0d-f2029fa9bb11" testListId="8c84fa94-04c1-424b-9868-57a2d4851a1d" />
    <TestEntry testId="f166dd81-399c-e9a0-153f-69bff11a3964" executionId="c0d3cf40-0aa2-48f7-a2b5-92b7d1345ecd" testListId="8c84fa94-04c1-424b-9868-57a2d4851a1d" />
    <TestEntry testId="f1a062e9-3b08-e3c0-952b-fc0407372d0e" executionId="9a6b0080-db6e-4ee0-a9cc-347d156d9181" testListId="8c84fa94-04c1-424b-9868-57a2d4851a1d" />
    <TestEntry testId="f2618cd2-1cbb-1d7b-65e5-4b947b9fe0c0" executionId="18044f49-8bb1-40f3-b9f0-048e8e076bc3" testListId="8c84fa94-04c1-424b-9868-57a2d4851a1d" />
    <TestEntry testId="f2a82eb7-150d-156d-d938-599bb438c83a" executionId="08bc7704-c40b-41ff-a8cb-3b08ae111f47" testListId="8c84fa94-04c1-424b-9868-57a2d4851a1d" />
    <TestEntry testId="f4044646-c913-ce8c-3dbd-2659ae55010e" executionId="c4a26c08-2982-4806-84a6-b8169ade8295" testListId="8c84fa94-04c1-424b-9868-57a2d4851a1d" />
    <TestEntry testId="f790f12a-1b52-8f6e-792e-c2fa29cd9750" executionId="cea43e50-1d76-4eff-9127-e412bc662bef" testListId="8c84fa94-04c1-424b-9868-57a2d4851a1d" />
    <TestEntry testId="faa97d79-4094-68cb-f184-01091f585a97" executionId="01bf85eb-ea65-4828-a837-af49c9b839a8" testListId="8c84fa94-04c1-424b-9868-57a2d4851a1d" />
    <TestEntry testId="fc0063b0-a0fd-143a-60e0-e44267fa1e66" executionId="d316360a-6e1c-4140-9759-51249ba46c69" testListId="8c84fa94-04c1-424b-9868-57a2d4851a1d" />
    <TestEntry testId="fc8de784-e2f9-ece1-ef5a-5655411d1e23" executionId="67f11428-ba58-4a8f-812c-2a89a536cf78" testListId="8c84fa94-04c1-424b-9868-57a2d4851a1d" />
    <TestEntry testId="ff1cc429-afe5-6b8f-11b0-01895445ce43" executionId="ec0862b0-2297-4113-bfad-b1b170e33f9f" testListId="8c84fa94-04c1-424b-9868-57a2d4851a1d" />
  </TestEntries>
  <Results>
    <UnitTestResult executionId="a437879c-0afb-4aa7-b02b-3daa9e4f4a2f" testId="02121f87-9e25-cd5a-bb4a-14ac090616c8" testName="StringIsEqualToPassesIfStringIsEqualToStringToCompare" computerName="MATTHEW-PC" duration="00:00:00.0438677" startTime="2011-02-12T14:30:53.2205379-05:00" endTime="2011-02-12T14:30:53.6175606-05:00" testType="13cdc9d9-ddb5-4fa4-a97d-d965ccfc6d4b" outcome="Passed" testListId="8c84fa94-04c1-424b-9868-57a2d4851a1d" relativeResultsDirectory="a437879c-0afb-4aa7-b02b-3daa9e4f4a2f">
    </UnitTestResult>
    <UnitTestResult executionId="6bbf4303-df50-446a-be14-e9d30b9faf5b" testId="0259f3a3-7a57-38b4-ff7d-81d9b3b3bfcd" testName="IsTheSameObjectPassesForNullTestAndCompareObjects" computerName="MATTHEW-PC" duration="00:00:00.0049408" startTime="2011-02-12T14:30:53.6345616-05:00" endTime="2011-02-12T14:30:53.6455622-05:00" testType="13cdc9d9-ddb5-4fa4-a97d-d965ccfc6d4b" outcome="Passed" testListId="8c84fa94-04c1-424b-9868-57a2d4851a1d" relativeResultsDirectory="6bbf4303-df50-446a-be14-e9d30b9faf5b">
    </UnitTestResult>
    <UnitTestResult executionId="b3a1a094-ea50-4ac2-b3e8-30d278bc42ba" testId="04f8edff-83a1-0231-821e-36a420c4dc3f" testName="IsNotNullPassesFoNonNull" computerName="MATTHEW-PC" duration="00:00:00.0015997" startTime="2011-02-12T14:30:53.6515626-05:00" endTime="2011-02-12T14:30:53.6705637-05:00" testType="13cdc9d9-ddb5-4fa4-a97d-d965ccfc6d4b" outcome="Passed" testListId="8c84fa94-04c1-424b-9868-57a2d4851a1d" relativeResultsDirectory="b3a1a094-ea50-4ac2-b3e8-30d278bc42ba">
    </UnitTestResult>
    <UnitTestResult executionId="eee58e96-f5b2-40e0-a3e8-85f7aed8243b" testId="088b72a7-c4f5-7b28-9bc8-ffee502536c0" testName="AllItemsAreInstancesOfTypeFailsIfSpecifiedTypeIsNullAndAllItemsNotNull" computerName="MATTHEW-PC" duration="00:00:00.0149042" startTime="2011-02-12T14:30:53.6765640-05:00" endTime="2011-02-12T14:30:53.7085658-05:00" testType="13cdc9d9-ddb5-4fa4-a97d-d965ccfc6d4b" outcome="Passed" testListId="8c84fa94-04c1-424b-9868-57a2d4851a1d" relativeResultsDirectory="eee58e96-f5b2-40e0-a3e8-85f7aed8243b">
    </UnitTestResult>
    <UnitTestResult executionId="3808ffb9-631d-43d4-93c2-8193de64f5f4" testId="0c174ecc-4fc9-8561-130b-4df8e7d37d2c" testName="StringIsEmptyPassesIfStringIsEmpty" computerName="MATTHEW-PC" duration="00:00:00.0052571" startTime="2011-02-12T14:30:53.7145662-05:00" endTime="2011-02-12T14:30:53.7265669-05:00" testType="13cdc9d9-ddb5-4fa4-a97d-d965ccfc6d4b" outcome="Passed" testListId="8c84fa94-04c1-424b-9868-57a2d4851a1d" relativeResultsDirectory="3808ffb9-631d-43d4-93c2-8193de64f5f4">
    </UnitTestResult>
    <UnitTestResult executionId="acabab48-1177-4fd8-8dac-5cb1559e9189" testId="1015d8ee-752d-8ce9-4292-9cf12b1a37cc" testName="IsAStringPassesForString" computerName="MATTHEW-PC" duration="00:00:00.0010481" startTime="2011-02-12T14:30:53.7405677-05:00" endTime="2011-02-12T14:30:53.7495682-05:00" testType="13cdc9d9-ddb5-4fa4-a97d-d965ccfc6d4b" outcome="Passed" testListId="8c84fa94-04c1-424b-9868-57a2d4851a1d" relativeResultsDirectory="acabab48-1177-4fd8-8dac-5cb1559e9189">
    </UnitTestResult>
    <UnitTestResult executionId="95d8775a-3d00-4712-99a5-3ddd81454a41" testId="10787121-b239-c3f0-43ac-f58a69eb769c" testName="StringIsNotEmptyPassesIfStringIsNotEmpty" computerName="MATTHEW-PC" duration="00:00:00.0004361" startTime="2011-02-12T14:30:53.7535684-05:00" endTime="2011-02-12T14:30:53.7595688-05:00" testType="13cdc9d9-ddb5-4fa4-a97d-d965ccfc6d4b" outcome="Passed" testListId="8c84fa94-04c1-424b-9868-57a2d4851a1d" relativeResultsDirectory="95d8775a-3d00-4712-99a5-3ddd81454a41">
    </UnitTestResult>
    <UnitTestResult executionId="9dea560e-75be-40dc-aa32-dd54b733380b" testId="146430f2-3a9b-1a16-46bb-60dc08488dc9" testName="DoesNotMatchPassesForNonMatchingRegEx" computerName="MATTHEW-PC" duration="00:00:00.0006915" startTime="2011-02-12T14:30:53.7725695-05:00" endTime="2011-02-12T14:30:53.7815700-05:00" testType="13cdc9d9-ddb5-4fa4-a97d-d965ccfc6d4b" outcome="Passed" testListId="8c84fa94-04c1-424b-9868-57a2d4851a1d" relativeResultsDirectory="9dea560e-75be-40dc-aa32-dd54b733380b">
    </UnitTestResult>
    <UnitTestResult executionId="93ffdd23-9050-4771-8145-b7b816c49979" testId="1584e88c-e31b-f7b2-2619-3466efa67043" testName="StringEndsWithFailsIfStringToCompareIsNull" computerName="MATTHEW-PC" duration="00:00:00.0008482" startTime="2011-02-12T14:30:53.7855702-05:00" endTime="2011-02-12T14:30:53.7935707-05:00" testType="13cdc9d9-ddb5-4fa4-a97d-d965ccfc6d4b" outcome="Passed" testListId="8c84fa94-04c1-424b-9868-57a2d4851a1d" relativeResultsDirectory="93ffdd23-9050-4771-8145-b7b816c49979">
    </UnitTestResult>
    <UnitTestResult executionId="f26e935c-6dae-4d26-b1ea-ecc4d4464fd7" testId="196f25e1-40bf-7579-1360-45cb6bcf580d" testName="IsNotAnInstanceOfTypeFailsForNull" computerName="MATTHEW-PC" duration="00:00:00.0010980" startTime="2011-02-12T14:30:53.7975709-05:00" endTime="2011-02-12T14:30:53.8055714-05:00" testType="13cdc9d9-ddb5-4fa4-a97d-d965ccfc6d4b" outcome="Passed" testListId="8c84fa94-04c1-424b-9868-57a2d4851a1d" relativeResultsDirectory="f26e935c-6dae-4d26-b1ea-ecc4d4464fd7">
    </UnitTestResult>
    <UnitTestResult executionId="9c8794d6-6fac-4169-b707-eb150d39a1d6" testId="198ae1fe-547f-0089-0f59-5a8860b540b3" testName="StringEndsWithFailsIfDifferentString" computerName="MATTHEW-PC" duration="00:00:00.0008365" startTime="2011-02-12T14:30:53.8095716-05:00" endTime="2011-02-12T14:30:53.8165720-05:00" testType="13cdc9d9-ddb5-4fa4-a97d-d965ccfc6d4b" outcome="Passed" testListId="8c84fa94-04c1-424b-9868-57a2d4851a1d" relativeResultsDirectory="9c8794d6-6fac-4169-b707-eb150d39a1d6">
    </UnitTestResult>
    <UnitTestResult executionId="e7862d85-30ea-4e79-b357-4881f3fe6161" testId="1dc68f76-790f-99f2-3a30-a1059fffe2fa" testName="IsNotEqualToFailsIEqual" computerName="MATTHEW-PC" duration="00:00:00.0017850" startTime="2011-02-12T14:30:53.8215723-05:00" endTime="2011-02-12T14:30:53.8295728-05:00" testType="13cdc9d9-ddb5-4fa4-a97d-d965ccfc6d4b" outcome="Passed" testListId="8c84fa94-04c1-424b-9868-57a2d4851a1d" relativeResultsDirectory="e7862d85-30ea-4e79-b357-4881f3fe6161">
    </UnitTestResult>
    <UnitTestResult executionId="d7bd72f6-7d5e-452f-b43a-74bebe07ab96" testId="20ac32ed-f6a0-9c56-1418-80e41c4b5266" testName="StringDoesNotEndWithPassesIfStringDoesNotEndWithStringToCompare" computerName="MATTHEW-PC" duration="00:00:00.0004613" startTime="2011-02-12T14:30:53.8345731-05:00" endTime="2011-02-12T14:30:53.8405734-05:00" testType="13cdc9d9-ddb5-4fa4-a97d-d965ccfc6d4b" outcome="Passed" testListId="8c84fa94-04c1-424b-9868-57a2d4851a1d" relativeResultsDirectory="d7bd72f6-7d5e-452f-b43a-74bebe07ab96">
    </UnitTestResult>
    <UnitTestResult executionId="069546f2-31e1-4968-832f-5d9e00868abc" testId="2181b46c-c2cf-0c6d-62d7-7d05d01d0305" testName="IsTheSameObjectFailsForDifferentTestAndCompareObjects" computerName="MATTHEW-PC" duration="00:00:00.0017223" startTime="2011-02-12T14:30:53.8445736-05:00" endTime="2011-02-12T14:30:53.8615746-05:00" testType="13cdc9d9-ddb5-4fa4-a97d-d965ccfc6d4b" outcome="Passed" testListId="8c84fa94-04c1-424b-9868-57a2d4851a1d" relativeResultsDirectory="069546f2-31e1-4968-832f-5d9e00868abc">
    </UnitTestResult>
    <UnitTestResult executionId="5c2b0299-f62a-4b3a-af2d-2c7ae125878d" testId="25f6ef46-737a-af76-471a-edd19a5497f5" testName="IsNotEqualPassesForDifferentTestAndCompareObjects" computerName="MATTHEW-PC" duration="00:00:00.0006439" startTime="2011-02-12T14:30:53.8685750-05:00" endTime="2011-02-12T14:30:53.8755754-05:00" testType="13cdc9d9-ddb5-4fa4-a97d-d965ccfc6d4b" outcome="Passed" testListId="8c84fa94-04c1-424b-9868-57a2d4851a1d" relativeResultsDirectory="5c2b0299-f62a-4b3a-af2d-2c7ae125878d">
    </UnitTestResult>
    <UnitTestResult executionId="0c283e51-7bdc-4023-9a3e-4a0351d29c8b" testId="266ff85a-1406-420b-75d7-66aa93e93681" testName="IsNotEqualPFailsForNullTestAndCompareObjects" computerName="MATTHEW-PC" duration="00:00:00.0005481" startTime="2011-02-12T14:30:53.8805757-05:00" endTime="2011-02-12T14:30:53.8865760-05:00" testType="13cdc9d9-ddb5-4fa4-a97d-d965ccfc6d4b" outcome="Passed" testListId="8c84fa94-04c1-424b-9868-57a2d4851a1d" relativeResultsDirectory="0c283e51-7bdc-4023-9a3e-4a0351d29c8b">
    </UnitTestResult>
    <UnitTestResult executionId="8bec489e-1677-4b10-aa56-6c19067963d6" testId="26a024c9-5062-21c5-c134-7bfcea781980" testName="AllItemsAreInstancesOfTypePassesIfSpecifiedTypeIsNullAndAllItemsNull" computerName="MATTHEW-PC" duration="00:00:00.0003505" startTime="2011-02-12T14:30:53.8915763-05:00" endTime="2011-02-12T14:30:53.8975767-05:00" testType="13cdc9d9-ddb5-4fa4-a97d-d965ccfc6d4b" outcome="Passed" testListId="8c84fa94-04c1-424b-9868-57a2d4851a1d" relativeResultsDirectory="8bec489e-1677-4b10-aa56-6c19067963d6">
    </UnitTestResult>
    <UnitTestResult executionId="f5f45bbd-3353-4b31-825c-a0708cc95bc3" testId="27dfb1e9-3d4b-6c0b-54c8-884ead110ac0" testName="StringIsEqualToFailsIfDoesIsEqualTotring" computerName="MATTHEW-PC" duration="00:00:00.0005772" startTime="2011-02-12T14:30:53.9025769-05:00" endTime="2011-02-12T14:30:53.9095773-05:00" testType="13cdc9d9-ddb5-4fa4-a97d-d965ccfc6d4b" outcome="Passed" testListId="8c84fa94-04c1-424b-9868-57a2d4851a1d" relativeResultsDirectory="f5f45bbd-3353-4b31-825c-a0708cc95bc3">
    </UnitTestResult>
    <UnitTestResult executionId="d2dbbb9c-783c-4dc7-9d22-980d3f1838ef" testId="28809476-1dc8-f55f-cb7e-e89fd9fb3f08" testName="IsNotEqualToPassesIfDifferentLengths" computerName="MATTHEW-PC" duration="00:00:00.0006125" startTime="2011-02-12T14:30:53.9135776-05:00" endTime="2011-02-12T14:30:53.9215780-05:00" testType="13cdc9d9-ddb5-4fa4-a97d-d965ccfc6d4b" outcome="Passed" testListId="8c84fa94-04c1-424b-9868-57a2d4851a1d" relativeResultsDirectory="d2dbbb9c-783c-4dc7-9d22-980d3f1838ef">
    </UnitTestResult>
    <UnitTestResult executionId="67fdac56-2105-4546-9bd8-807512b6d741" testId="2abf670b-254e-fa75-be66-a5f72d25015f" testName="IsEqualPassesForNullTestAndCompareObjects" computerName="MATTHEW-PC" duration="00:00:00.0003869" startTime="2011-02-12T14:30:53.9255783-05:00" endTime="2011-02-12T14:30:53.9385790-05:00" testType="13cdc9d9-ddb5-4fa4-a97d-d965ccfc6d4b" outcome="Passed" testListId="8c84fa94-04c1-424b-9868-57a2d4851a1d" relativeResultsDirectory="67fdac56-2105-4546-9bd8-807512b6d741">
    </UnitTestResult>
    <UnitTestResult executionId="c196d462-8a8a-4b72-abcc-3a0874bd206a" testId="2c549a1f-f133-0354-8a67-e20431ecd10c" testName="ContainsPassesIfStringUnderTestContainsStringToCompare" computerName="MATTHEW-PC" duration="00:00:00.0003432" startTime="2011-02-12T14:30:53.9495796-05:00" endTime="2011-02-12T14:30:53.9615803-05:00" testType="13cdc9d9-ddb5-4fa4-a97d-d965ccfc6d4b" outcome="Passed" testListId="8c84fa94-04c1-424b-9868-57a2d4851a1d" relativeResultsDirectory="c196d462-8a8a-4b72-abcc-3a0874bd206a">
    </UnitTestResult>
    <UnitTestResult executionId="cd83e559-e740-4e50-91bb-88c23b0c2485" testId="30e51f7e-f7e3-ed61-41c2-e96c0d534fa4" testName="StringEndsWithPassesIfStringToCompareIsEmpty" computerName="MATTHEW-PC" duration="00:00:00.0048070" startTime="2011-02-12T14:30:53.9665806-05:00" endTime="2011-02-12T14:30:53.9805814-05:00" testType="13cdc9d9-ddb5-4fa4-a97d-d965ccfc6d4b" outcome="Passed" testListId="8c84fa94-04c1-424b-9868-57a2d4851a1d" relativeResultsDirectory="cd83e559-e740-4e50-91bb-88c23b0c2485">
    </UnitTestResult>
    <UnitTestResult executionId="ece828b6-b47d-42a0-b9b7-c4de6d25148c" testId="31155152-104d-c45e-6a0c-5205f3c571e4" testName="AllItemsAreUniqueFailsIfAnyIsDuplicated" computerName="MATTHEW-PC" duration="00:00:00.0014356" startTime="2011-02-12T14:30:54.0435850-05:00" endTime="2011-02-12T14:30:54.0515855-05:00" testType="13cdc9d9-ddb5-4fa4-a97d-d965ccfc6d4b" outcome="Passed" testListId="8c84fa94-04c1-424b-9868-57a2d4851a1d" relativeResultsDirectory="ece828b6-b47d-42a0-b9b7-c4de6d25148c">
    </UnitTestResult>
    <UnitTestResult executionId="4caa9476-960f-45c3-9ba0-750cd019fef7" testId="31684495-68d4-298a-7f1f-7bd5ea26ff58" testName="AllItemsNotNullPassedIfAllItemAreNotNull" computerName="MATTHEW-PC" duration="00:00:00.0008281" startTime="2011-02-12T14:30:54.0555857-05:00" endTime="2011-02-12T14:30:54.0635862-05:00" testType="13cdc9d9-ddb5-4fa4-a97d-d965ccfc6d4b" outcome="Passed" testListId="8c84fa94-04c1-424b-9868-57a2d4851a1d" relativeResultsDirectory="4caa9476-960f-45c3-9ba0-750cd019fef7">
    </UnitTestResult>
    <UnitTestResult executionId="f700ed3d-2918-45d7-8af9-c6de4eda8156" testId="32522b3b-dabd-3ffa-38db-1066765c70dc" testName="StringIsNotEqualToFailsIfStringToCompareIsNull" computerName="MATTHEW-PC" duration="00:00:00.0007357" startTime="2011-02-12T14:30:54.0675864-05:00" endTime="2011-02-12T14:30:54.0745868-05:00" testType="13cdc9d9-ddb5-4fa4-a97d-d965ccfc6d4b" outcome="Passed" testListId="8c84fa94-04c1-424b-9868-57a2d4851a1d" relativeResultsDirectory="f700ed3d-2918-45d7-8af9-c6de4eda8156">
    </UnitTestResult>
    <UnitTestResult executionId="5068f861-dfdb-4a95-96ec-12e4922098ac" testId="34c5f54c-038c-10ae-4486-1e8606a0493e" testName="StringStartsWithPassesIfStringStartsWithStringToCompare" computerName="MATTHEW-PC" duration="00:00:00.0005604" startTime="2011-02-12T14:30:54.0795871-05:00" endTime="2011-02-12T14:30:54.0855874-05:00" testType="13cdc9d9-ddb5-4fa4-a97d-d965ccfc6d4b" outcome="Passed" testListId="8c84fa94-04c1-424b-9868-57a2d4851a1d" relativeResultsDirectory="5068f861-dfdb-4a95-96ec-12e4922098ac">
    </UnitTestResult>
    <UnitTestResult executionId="34820000-764d-47f6-9774-cc1b385b6d89" testId="34da5364-8457-c63c-7e0e-0f53335a9130" testName="DoesNotMatchFailsForNullCompareRegEx" computerName="MATTHEW-PC" duration="00:00:00.0005436" startTime="2011-02-12T14:30:54.1235896-05:00" endTime="2011-02-12T14:30:54.1305900-05:00" testType="13cdc9d9-ddb5-4fa4-a97d-d965ccfc6d4b" outcome="Passed" testListId="8c84fa94-04c1-424b-9868-57a2d4851a1d" relativeResultsDirectory="34820000-764d-47f6-9774-cc1b385b6d89">
    </UnitTestResult>
    <UnitTestResult executionId="de5bb95e-cc77-4acb-a338-464b549990ca" testId="36403979-7aba-40a7-ad9f-0976853526dc" testName="ContainsPassesIfStringStringToCompareIsEmpty" computerName="MATTHEW-PC" duration="00:00:00.0002603" startTime="2011-02-12T14:30:54.1345902-05:00" endTime="2011-02-12T14:30:54.1435907-05:00" testType="13cdc9d9-ddb5-4fa4-a97d-d965ccfc6d4b" outcome="Passed" testListId="8c84fa94-04c1-424b-9868-57a2d4851a1d" relativeResultsDirectory="de5bb95e-cc77-4acb-a338-464b549990ca">
    </UnitTestResult>
    <UnitTestResult executionId="5515027a-a960-4590-a38e-8508335d1213" testId="36e46140-6f7e-f3b2-240a-511b19b03a92" testName="IsNotTheSameObjectPassesForNullTestAndNonNullCompareObjects" computerName="MATTHEW-PC" duration="00:00:00.0004081" startTime="2011-02-12T14:30:54.1475910-05:00" endTime="2011-02-12T14:30:54.1545914-05:00" testType="13cdc9d9-ddb5-4fa4-a97d-d965ccfc6d4b" outcome="Passed" testListId="8c84fa94-04c1-424b-9868-57a2d4851a1d" relativeResultsDirectory="5515027a-a960-4590-a38e-8508335d1213">
    </UnitTestResult>
    <UnitTestResult executionId="e4cb45a3-a972-4ca7-9208-a6dfb9aa1772" testId="39e86774-8a09-ec76-0dac-30a35463ae8b" testName="IsNotNullFailsForNull" computerName="MATTHEW-PC" duration="00:00:00.0005442" startTime="2011-02-12T14:30:54.1585916-05:00" endTime="2011-02-12T14:30:54.1655920-05:00" testType="13cdc9d9-ddb5-4fa4-a97d-d965ccfc6d4b" outcome="Passed" testListId="8c84fa94-04c1-424b-9868-57a2d4851a1d" relativeResultsDirectory="e4cb45a3-a972-4ca7-9208-a6dfb9aa1772">
    </UnitTestResult>
    <UnitTestResult executionId="ecec003c-f344-4a49-a09a-3add32f1e9bf" testId="39eb5e28-993c-1f1f-a7e8-0983f8dd9d13" testName="IsEqualToFailsIfDifferentContents" computerName="MATTHEW-PC" duration="00:00:00.0015062" startTime="2011-02-12T14:30:54.1695922-05:00" endTime="2011-02-12T14:30:54.1775927-05:00" testType="13cdc9d9-ddb5-4fa4-a97d-d965ccfc6d4b" outcome="Passed" testListId="8c84fa94-04c1-424b-9868-57a2d4851a1d" relativeResultsDirectory="ecec003c-f344-4a49-a09a-3add32f1e9bf">
    </UnitTestResult>
    <UnitTestResult executionId="7234efea-5f2f-40f6-bfb5-bbdae1e21762" testId="3a7cf35f-84bf-614a-98ac-b53d9a1e7d31" testName="StringIsNotEqualToPassesIfStringIsNotEqualToStringToCompare" computerName="MATTHEW-PC" duration="00:00:00.0005448" startTime="2011-02-12T14:30:54.1815929-05:00" endTime="2011-02-12T14:30:54.1885933-05:00" testType="13cdc9d9-ddb5-4fa4-a97d-d965ccfc6d4b" outcome="Passed" testListId="8c84fa94-04c1-424b-9868-57a2d4851a1d" relativeResultsDirectory="7234efea-5f2f-40f6-bfb5-bbdae1e21762">
    </UnitTestResult>
    <UnitTestResult executionId="48b6a7cf-185f-439e-aa34-d28753233584" testId="41975a43-3305-c850-d98d-6bc4ffa50f77" testName="StringDoesNotStartWithPassesIfStringDoesNotStartWithStringToCompare" computerName="MATTHEW-PC" duration="00:00:00.0004401" startTime="2011-02-12T14:30:54.1925935-05:00" endTime="2011-02-12T14:30:54.1995939-05:00" testType="13cdc9d9-ddb5-4fa4-a97d-d965ccfc6d4b" outcome="Passed" testListId="8c84fa94-04c1-424b-9868-57a2d4851a1d" relativeResultsDirectory="48b6a7cf-185f-439e-aa34-d28753233584">
    </UnitTestResult>
    <UnitTestResult executionId="8a15b238-ed5b-4ee8-90a6-b908bb88aad8" testId="465731e9-efd1-185a-3cbc-3fdce5f76c41" testName="IsNotEqualToPassesIfNotEqual" computerName="MATTHEW-PC" duration="00:00:00.0006142" startTime="2011-02-12T14:30:54.2025941-05:00" endTime="2011-02-12T14:30:54.2095945-05:00" testType="13cdc9d9-ddb5-4fa4-a97d-d965ccfc6d4b" outcome="Passed" testListId="8c84fa94-04c1-424b-9868-57a2d4851a1d" relativeResultsDirectory="8a15b238-ed5b-4ee8-90a6-b908bb88aad8">
    </UnitTestResult>
    <UnitTestResult executionId="7b91ad49-31d5-455c-942f-f282ba0dd85f" testId="47d5e35a-02b4-512a-4b28-8bdb730ec666" testName="IsTheSameObjectFailsForNonNullTestAndNullCompareObjects" computerName="MATTHEW-PC" duration="00:00:00.0049682" startTime="2011-02-12T14:30:54.2235953-05:00" endTime="2011-02-12T14:30:54.2455966-05:00" testType="13cdc9d9-ddb5-4fa4-a97d-d965ccfc6d4b" outcome="Passed" testListId="8c84fa94-04c1-424b-9868-57a2d4851a1d" relativeResultsDirectory="7b91ad49-31d5-455c-942f-f282ba0dd85f">
    </UnitTestResult>
    <UnitTestResult executionId="d297acc5-2634-46c4-8e0a-36ce50daad19" testId="4efdda0e-b511-fc18-a55f-1ab289a65a0e" testName="StringIsNotEmptyFailsIfIsEmpty" computerName="MATTHEW-PC" duration="00:00:00.0005599" startTime="2011-02-12T14:30:54.2515969-05:00" endTime="2011-02-12T14:30:54.2605974-05:00" testType="13cdc9d9-ddb5-4fa4-a97d-d965ccfc6d4b" outcome="Passed" testListId="8c84fa94-04c1-424b-9868-57a2d4851a1d" relativeResultsDirectory="d297acc5-2634-46c4-8e0a-36ce50daad19">
    </UnitTestResult>
    <UnitTestResult executionId="d07274ff-2bf9-4664-8f7d-6b222551dce0" testId="50295921-0fee-4c6c-ec72-7ada0611b4e9" testName="MatchesPassesForMatchingRegEx" computerName="MATTHEW-PC" duration="00:00:00.0005375" startTime="2011-02-12T14:30:54.2635976-05:00" endTime="2011-02-12T14:30:54.2715980-05:00" testType="13cdc9d9-ddb5-4fa4-a97d-d965ccfc6d4b" outcome="Passed" testListId="8c84fa94-04c1-424b-9868-57a2d4851a1d" relativeResultsDirectory="d07274ff-2bf9-4664-8f7d-6b222551dce0">
    </UnitTestResult>
    <UnitTestResult executionId="dbdaa452-0b15-443d-8e54-e3e16a605703" testId="509b077d-a6a7-fc02-5bff-7b9cebbbd2b2" testName="StringDoesNotStartWithFailsIfStringToCompareIsNull" computerName="MATTHEW-PC" duration="00:00:00.0005476" startTime="2011-02-12T14:30:54.2755983-05:00" endTime="2011-02-12T14:30:54.2825987-05:00" testType="13cdc9d9-ddb5-4fa4-a97d-d965ccfc6d4b" outcome="Passed" testListId="8c84fa94-04c1-424b-9868-57a2d4851a1d" relativeResultsDirectory="dbdaa452-0b15-443d-8e54-e3e16a605703">
    </UnitTestResult>
    <UnitTestResult executionId="e85e35ab-4f7f-4d7a-9f06-e97e53ebddb4" testId="51a38580-dad2-b784-5c41-d8fb9569df94" testName="StringIsEmptyFailsIfIsNotEmpty" computerName="MATTHEW-PC" duration="00:00:00.0005520" startTime="2011-02-12T14:30:54.2875990-05:00" endTime="2011-02-12T14:30:54.2935993-05:00" testType="13cdc9d9-ddb5-4fa4-a97d-d965ccfc6d4b" outcome="Passed" testListId="8c84fa94-04c1-424b-9868-57a2d4851a1d" relativeResultsDirectory="e85e35ab-4f7f-4d7a-9f06-e97e53ebddb4">
    </UnitTestResult>
    <UnitTestResult executionId="a937d587-311b-40b6-8dd7-77de991a21c2" testId="58ea9c4f-8436-a256-f611-66eea71beb13" testName="StringIsEqualToFailsIfStringToCompareIsNull" computerName="MATTHEW-PC" duration="00:00:00.0005548" startTime="2011-02-12T14:30:54.2985996-05:00" endTime="2011-02-12T14:30:54.3056000-05:00" testType="13cdc9d9-ddb5-4fa4-a97d-d965ccfc6d4b" outcome="Passed" testListId="8c84fa94-04c1-424b-9868-57a2d4851a1d" relativeResultsDirectory="a937d587-311b-40b6-8dd7-77de991a21c2">
    </UnitTestResult>
    <UnitTestResult executionId="86adccbd-a358-4b27-886d-cde9a66ac5f7" testId="5bb3c498-01e4-9662-2349-d713dd145b3b" testName="IsACollectionPassesForCollection" computerName="MATTHEW-PC" duration="00:00:00.0002659" startTime="2011-02-12T14:30:54.3096002-05:00" endTime="2011-02-12T14:30:54.3156006-05:00" testType="13cdc9d9-ddb5-4fa4-a97d-d965ccfc6d4b" outcome="Passed" testListId="8c84fa94-04c1-424b-9868-57a2d4851a1d" relativeResultsDirectory="86adccbd-a358-4b27-886d-cde9a66ac5f7">
    </UnitTestResult>
    <UnitTestResult executionId="98bd2cd7-7436-4456-8965-c19b4309b075" testId="5d180797-014d-3885-9d0c-01d79c47c65a" testName="IsAnInstanceOfTypeFailsIfNull" computerName="MATTHEW-PC" duration="00:00:00.0009759" startTime="2011-02-12T14:30:54.3286013-05:00" endTime="2011-02-12T14:30:54.3366018-05:00" testType="13cdc9d9-ddb5-4fa4-a97d-d965ccfc6d4b" outcome="Passed" testListId="8c84fa94-04c1-424b-9868-57a2d4851a1d" relativeResultsDirectory="98bd2cd7-7436-4456-8965-c19b4309b075">
    </UnitTestResult>
    <UnitTestResult executionId="14149962-44d2-4b55-b677-d692bda4f981" testId="61c742e5-4374-3734-3185-d28c3ec066ea" testName="IsNotTheSameObjectPassesForNonNullTestAndNullCompareObjects" computerName="MATTHEW-PC" duration="00:00:00.0002452" startTime="2011-02-12T14:30:54.3406020-05:00" endTime="2011-02-12T14:30:54.3466023-05:00" testType="13cdc9d9-ddb5-4fa4-a97d-d965ccfc6d4b" outcome="Passed" testListId="8c84fa94-04c1-424b-9868-57a2d4851a1d" relativeResultsDirectory="14149962-44d2-4b55-b677-d692bda4f981">
    </UnitTestResult>
    <UnitTestResult executionId="dd785943-dc40-4ccf-a425-cb4c8449b05b" testId="66391062-df35-3367-6dc7-c5e4175c63a5" testName="DoesNotContainPassesIfStringUnderTestDoesNotContainStringToCompare" computerName="MATTHEW-PC" duration="00:00:00.0004473" startTime="2011-02-12T14:30:54.3516026-05:00" endTime="2011-02-12T14:30:54.3576030-05:00" testType="13cdc9d9-ddb5-4fa4-a97d-d965ccfc6d4b" outcome="Passed" testListId="8c84fa94-04c1-424b-9868-57a2d4851a1d" relativeResultsDirectory="dd785943-dc40-4ccf-a425-cb4c8449b05b">
    </UnitTestResult>
    <UnitTestResult executionId="3ac2e18a-2c45-42a6-9296-93b07347fa9a" testId="699c4aab-7bd6-46b5-0c74-a35a2b109bea" testName="IsFalseFailsForNull" computerName="MATTHEW-PC" duration="00:00:00.0009233" startTime="2011-02-12T14:30:54.3626033-05:00" endTime="2011-02-12T14:30:54.3696037-05:00" testType="13cdc9d9-ddb5-4fa4-a97d-d965ccfc6d4b" outcome="Passed" testListId="8c84fa94-04c1-424b-9868-57a2d4851a1d" relativeResultsDirectory="3ac2e18a-2c45-42a6-9296-93b07347fa9a">
    </UnitTestResult>
    <UnitTestResult executionId="d20fcdcb-7418-4c94-bb00-1928641f65e1" testId="6ac3788a-a309-e930-2e84-1b9d79af6182" testName="IsSameCollectionPassesIfSameCollection" computerName="MATTHEW-PC" duration="00:00:00.0006013" startTime="2011-02-12T14:30:54.3746039-05:00" endTime="2011-02-12T14:30:54.3816043-05:00" testType="13cdc9d9-ddb5-4fa4-a97d-d965ccfc6d4b" outcome="Passed" testListId="8c84fa94-04c1-424b-9868-57a2d4851a1d" relativeResultsDirectory="d20fcdcb-7418-4c94-bb00-1928641f65e1">
    </UnitTestResult>
    <UnitTestResult executionId="5eb0237a-20a9-4243-a44e-568556448549" testId="6c0716d4-1a51-c796-f203-416a800f110a" testName="StringIsEqualToFailsIfStringToCompareIsEmpty" computerName="MATTHEW-PC" duration="00:00:00.0005649" startTime="2011-02-12T14:30:54.3866046-05:00" endTime="2011-02-12T14:30:54.3936050-05:00" testType="13cdc9d9-ddb5-4fa4-a97d-d965ccfc6d4b" outcome="Passed" testListId="8c84fa94-04c1-424b-9868-57a2d4851a1d" relativeResultsDirectory="5eb0237a-20a9-4243-a44e-568556448549">
    </UnitTestResult>
    <UnitTestResult executionId="5d8c4d2c-b4e2-47c0-a15a-015c6df42b8f" testId="6c72e054-8c42-1f7b-1774-1d0d86994a03" testName="IsNullPassesForNullObject" computerName="MATTHEW-PC" duration="00:00:00.0004216" startTime="2011-02-12T14:30:54.3976053-05:00" endTime="2011-02-12T14:30:54.4046057-05:00" testType="13cdc9d9-ddb5-4fa4-a97d-d965ccfc6d4b" outcome="Passed" testListId="8c84fa94-04c1-424b-9868-57a2d4851a1d" relativeResultsDirectory="5d8c4d2c-b4e2-47c0-a15a-015c6df42b8f">
    </UnitTestResult>
    <UnitTestResult executionId="8055086f-7b70-4668-836e-070e78c20518" testId="6e8fbcbf-2ee3-7d18-502e-6e849b91dfed" testName="IsFalseFailsForNonBool" computerName="MATTHEW-PC" duration="00:00:00.0006265" startTime="2011-02-12T14:30:54.4076058-05:00" endTime="2011-02-12T14:30:54.4156063-05:00" testType="13cdc9d9-ddb5-4fa4-a97d-d965ccfc6d4b" outcome="Passed" testListId="8c84fa94-04c1-424b-9868-57a2d4851a1d" relativeResultsDirectory="8055086f-7b70-4668-836e-070e78c20518">
    </UnitTestResult>
    <UnitTestResult executionId="85194876-8ae2-4b5e-8d43-1d81b43d6dbb" testId="6fe74ff2-ee3a-770a-2a7c-55fa41d17bfd" testName="IsSameCollectionFailsIfDifferent" computerName="MATTHEW-PC" duration="00:00:00.0007407" startTime="2011-02-12T14:30:54.4186065-05:00" endTime="2011-02-12T14:30:54.4256069-05:00" testType="13cdc9d9-ddb5-4fa4-a97d-d965ccfc6d4b" outcome="Passed" testListId="8c84fa94-04c1-424b-9868-57a2d4851a1d" relativeResultsDirectory="85194876-8ae2-4b5e-8d43-1d81b43d6dbb">
    </UnitTestResult>
    <UnitTestResult executionId="37340a11-5115-483f-8559-50dcfdd9d8f4" testId="7358bb32-b42a-73a1-a497-df13b2d899e2" testName="IsNotAnInstanceOfTypeFailsForSameType" computerName="MATTHEW-PC" duration="00:00:00.0006338" startTime="2011-02-12T14:30:54.4306071-05:00" endTime="2011-02-12T14:30:54.4376075-05:00" testType="13cdc9d9-ddb5-4fa4-a97d-d965ccfc6d4b" outcome="Passed" testListId="8c84fa94-04c1-424b-9868-57a2d4851a1d" relativeResultsDirectory="37340a11-5115-483f-8559-50dcfdd9d8f4">
    </UnitTestResult>
    <UnitTestResult executionId="e5fb6f88-5489-435a-b229-2d6bba39849e" testId="75666f70-5b6f-954c-65d9-fdd85204cec3" testName="IsNotAnInstanceOfTypeFailsIfDifferentType" computerName="MATTHEW-PC" duration="00:00:00.0009994" startTime="2011-02-12T14:30:54.4406077-05:00" endTime="2011-02-12T14:30:54.4526084-05:00" testType="13cdc9d9-ddb5-4fa4-a97d-d965ccfc6d4b" outcome="Passed" testListId="8c84fa94-04c1-424b-9868-57a2d4851a1d" relativeResultsDirectory="e5fb6f88-5489-435a-b229-2d6bba39849e">
    </UnitTestResult>
    <UnitTestResult executionId="1ca7569c-240a-47b6-b9c6-6a667b1bbfc2" testId="78646dcc-2fe3-e0f5-4f0f-c69719fa53e5" testName="IsNotAnInstanceOfTypePassesIfIsNotAnInstanceOf" computerName="MATTHEW-PC" duration="00:00:00.0003549" startTime="2011-02-12T14:30:54.4566086-05:00" endTime="2011-02-12T14:30:54.4626090-05:00" testType="13cdc9d9-ddb5-4fa4-a97d-d965ccfc6d4b" outcome="Passed" testListId="8c84fa94-04c1-424b-9868-57a2d4851a1d" relativeResultsDirectory="1ca7569c-240a-47b6-b9c6-6a667b1bbfc2">
    </UnitTestResult>
    <UnitTestResult executionId="980e9fb6-1b86-4363-8159-c9b4e8fdae82" testId="79df3fcd-6813-d3cc-f65a-38973659582e" testName="IsNotSameCollectionFailsIfSame" computerName="MATTHEW-PC" duration="00:00:00.0009378" startTime="2011-02-12T14:30:54.4676093-05:00" endTime="2011-02-12T14:30:54.4756097-05:00" testType="13cdc9d9-ddb5-4fa4-a97d-d965ccfc6d4b" outcome="Passed" testListId="8c84fa94-04c1-424b-9868-57a2d4851a1d" relativeResultsDirectory="980e9fb6-1b86-4363-8159-c9b4e8fdae82">
    </UnitTestResult>
    <UnitTestResult executionId="57e85dad-7df1-40e2-9f42-d7846be56314" testId="7bf2d5f4-cc98-0008-8cf9-0b9d9ea5a3e9" testName="MatchesFailsForNonMatchingRegEx" computerName="MATTHEW-PC" duration="00:00:00.0006411" startTime="2011-02-12T14:30:54.4796099-05:00" endTime="2011-02-12T14:30:54.4866103-05:00" testType="13cdc9d9-ddb5-4fa4-a97d-d965ccfc6d4b" outcome="Passed" testListId="8c84fa94-04c1-424b-9868-57a2d4851a1d" relativeResultsDirectory="57e85dad-7df1-40e2-9f42-d7846be56314">
    </UnitTestResult>
    <UnitTestResult executionId="7a3d2d44-0036-4d06-b5ab-86e226b7ad86" testId="7fa9ff12-44e1-c2a8-7561-37439b89b14d" testName="IsNotEqualFailsForEqualTestAndCompareObjects" computerName="MATTHEW-PC" duration="00:00:00.0005784" startTime="2011-02-12T14:30:54.4906106-05:00" endTime="2011-02-12T14:30:54.5016112-05:00" testType="13cdc9d9-ddb5-4fa4-a97d-d965ccfc6d4b" outcome="Passed" testListId="8c84fa94-04c1-424b-9868-57a2d4851a1d" relativeResultsDirectory="7a3d2d44-0036-4d06-b5ab-86e226b7ad86">
    </UnitTestResult>
    <UnitTestResult executionId="2e82a72b-fc24-43bd-a653-b305b1d31a3a" testId="80579bac-3102-2836-4386-fa6811259258" testName="IsEqualToFailsIfDifferentLengths" computerName="MATTHEW-PC" duration="00:00:00.0055942" startTime="2011-02-12T14:30:54.5076115-05:00" endTime="2011-02-12T14:30:54.5296128-05:00" testType="13cdc9d9-ddb5-4fa4-a97d-d965ccfc6d4b" outcome="Passed" testListId="8c84fa94-04c1-424b-9868-57a2d4851a1d" relativeResultsDirectory="2e82a72b-fc24-43bd-a653-b305b1d31a3a">
    </UnitTestResult>
    <UnitTestResult executionId="cc051a74-a9de-4dc2-9795-81ce949c6ede" testId="80823a72-cb3f-896a-4440-dd0d1649bfdb" testName="IsTheSameObjectFailsForNullTestAndNonNullCompareObjects" computerName="MATTHEW-PC" duration="00:00:00.0005627" startTime="2011-02-12T14:30:54.5386133-05:00" endTime="2011-02-12T14:30:54.5456137-05:00" testType="13cdc9d9-ddb5-4fa4-a97d-d965ccfc6d4b" outcome="Passed" testListId="8c84fa94-04c1-424b-9868-57a2d4851a1d" relativeResultsDirectory="cc051a74-a9de-4dc2-9795-81ce949c6ede">
    </UnitTestResult>
    <UnitTestResult executionId="6dbf374e-482c-4881-ba3d-305c520c0c79" testId="80b8d91d-ea96-12f1-5c16-49583da9652b" testName="IsEqualFailsForNullTestAndNonNullCompareObjects" computerName="MATTHEW-PC" duration="00:00:00.0005548" startTime="2011-02-12T14:30:54.5496140-05:00" endTime="2011-02-12T14:30:54.5566144-05:00" testType="13cdc9d9-ddb5-4fa4-a97d-d965ccfc6d4b" outcome="Passed" testListId="8c84fa94-04c1-424b-9868-57a2d4851a1d" relativeResultsDirectory="6dbf374e-482c-4881-ba3d-305c520c0c79">
    </UnitTestResult>
    <UnitTestResult executionId="aebf32b3-eea5-4a70-bbca-d203116f8e84" testId="8435e728-5e5c-5e9a-b303-a235194ffd1a" testName="IsTheSameObjectPassessFroSameNonNullTestAndCompareObjects" computerName="MATTHEW-PC" duration="00:00:00.0002738" startTime="2011-02-12T14:30:54.5616146-05:00" endTime="2011-02-12T14:30:54.5706152-05:00" testType="13cdc9d9-ddb5-4fa4-a97d-d965ccfc6d4b" outcome="Passed" testListId="8c84fa94-04c1-424b-9868-57a2d4851a1d" relativeResultsDirectory="aebf32b3-eea5-4a70-bbca-d203116f8e84">
    </UnitTestResult>
    <UnitTestResult executionId="d7b65b56-864b-4943-9f92-f6759f0e0986" testId="84a9bef3-40a2-df79-66c3-16a1e94f0208" testName="IsAnInstanceOfTypePassesIfIsAnInstanceOf" computerName="MATTHEW-PC" duration="00:00:00.0003415" startTime="2011-02-12T14:30:54.5756154-05:00" endTime="2011-02-12T14:30:54.5826158-05:00" testType="13cdc9d9-ddb5-4fa4-a97d-d965ccfc6d4b" outcome="Passed" testListId="8c84fa94-04c1-424b-9868-57a2d4851a1d" relativeResultsDirectory="d7b65b56-864b-4943-9f92-f6759f0e0986">
    </UnitTestResult>
    <UnitTestResult executionId="913e5efb-a88b-44c9-9690-67b1ac958606" testId="86068341-bdc9-d0f7-84ed-14179f58a418" testName="IsEqualToPassesIfEqual" computerName="MATTHEW-PC" duration="00:00:00.0006730" startTime="2011-02-12T14:30:54.5856160-05:00" endTime="2011-02-12T14:30:54.5936165-05:00" testType="13cdc9d9-ddb5-4fa4-a97d-d965ccfc6d4b" outcome="Passed" testListId="8c84fa94-04c1-424b-9868-57a2d4851a1d" relativeResultsDirectory="913e5efb-a88b-44c9-9690-67b1ac958606">
    </UnitTestResult>
    <UnitTestResult executionId="0f40981a-e066-4376-af34-83f410caf154" testId="86438a59-a53b-6da8-3b59-69e204b0e6dc" testName="IsEqualFailsForNonNullTestAndNullCompareObjects" computerName="MATTHEW-PC" duration="00:00:00.0005548" startTime="2011-02-12T14:30:54.5976167-05:00" endTime="2011-02-12T14:30:54.6046171-05:00" testType="13cdc9d9-ddb5-4fa4-a97d-d965ccfc6d4b" outcome="Passed" testListId="8c84fa94-04c1-424b-9868-57a2d4851a1d" relativeResultsDirectory="0f40981a-e066-4376-af34-83f410caf154">
    </UnitTestResult>
    <UnitTestResult executionId="d385a404-50fe-4cf5-ba1e-7ad7309fdce2" testId="94f34045-59d8-cc46-72c1-97dfc5551e87" testName="IsFalsePassesForFalse" computerName="MATTHEW-PC" duration="00:00:00.0002542" startTime="2011-02-12T14:30:54.6086173-05:00" endTime="2011-02-12T14:30:54.6146177-05:00" testType="13cdc9d9-ddb5-4fa4-a97d-d965ccfc6d4b" outcome="Passed" testListId="8c84fa94-04c1-424b-9868-57a2d4851a1d" relativeResultsDirectory="d385a404-50fe-4cf5-ba1e-7ad7309fdce2">
    </UnitTestResult>
    <UnitTestResult executionId="06f04b4e-a920-41a4-931c-84d0c27b8a7a" testId="9591658b-83a4-8373-1a89-a3c1268223a8" testName="AllItemsAreUniquePassesIfAllItemsAreUnique" computerName="MATTHEW-PC" duration="00:00:00.0004647" startTime="2011-02-12T14:30:54.6196180-05:00" endTime="2011-02-12T14:30:54.6266184-05:00" testType="13cdc9d9-ddb5-4fa4-a97d-d965ccfc6d4b" outcome="Passed" testListId="8c84fa94-04c1-424b-9868-57a2d4851a1d" relativeResultsDirectory="06f04b4e-a920-41a4-931c-84d0c27b8a7a">
    </UnitTestResult>
    <UnitTestResult executionId="807d4663-aa1f-47e6-9a61-c63524b1697f" testId="971d38c2-8a7d-518d-3cb3-e78b37dee55b" testName="IsAnInstanceOfTypeFailsForDifferentType" computerName="MATTHEW-PC" duration="00:00:00.0006769" startTime="2011-02-12T14:30:54.6306186-05:00" endTime="2011-02-12T14:30:54.6376190-05:00" testType="13cdc9d9-ddb5-4fa4-a97d-d965ccfc6d4b" outcome="Passed" testListId="8c84fa94-04c1-424b-9868-57a2d4851a1d" relativeResultsDirectory="807d4663-aa1f-47e6-9a61-c63524b1697f">
    </UnitTestResult>
    <UnitTestResult executionId="77ad7680-1098-458e-a6e7-0a159a2acc71" testId="979ced33-f10e-ed40-5f63-644b2293fabc" testName="IsNotEqualPassesForNullTestAndNonNullCompareObjects" computerName="MATTHEW-PC" duration="00:00:00.0002368" startTime="2011-02-12T14:30:54.6416192-05:00" endTime="2011-02-12T14:30:54.6486196-05:00" testType="13cdc9d9-ddb5-4fa4-a97d-d965ccfc6d4b" outcome="Passed" testListId="8c84fa94-04c1-424b-9868-57a2d4851a1d" relativeResultsDirectory="77ad7680-1098-458e-a6e7-0a159a2acc71">
    </UnitTestResult>
    <UnitTestResult executionId="39b6054b-af10-435b-9550-101277634e76" testId="98037ae4-2d1f-600a-b77b-1d5665246705" testName="IsTrueFailsForNonBool" computerName="MATTHEW-PC" duration="00:00:00.0009255" startTime="2011-02-12T14:30:54.6566201-05:00" endTime="2011-02-12T14:30:54.6656206-05:00" testType="13cdc9d9-ddb5-4fa4-a97d-d965ccfc6d4b" outcome="Passed" testListId="8c84fa94-04c1-424b-9868-57a2d4851a1d" relativeResultsDirectory="39b6054b-af10-435b-9550-101277634e76">
    </UnitTestResult>
    <UnitTestResult executionId="9a0cad51-bd3b-477a-874e-cc888719a3c8" testId="9e631207-9eac-6a3b-506b-34e5bacd4ce6" testName="StringDoesNotEndWithFailsIfStringToCompareIsEmpty" computerName="MATTHEW-PC" duration="00:00:00.0005666" startTime="2011-02-12T14:30:54.6696208-05:00" endTime="2011-02-12T14:30:54.6776213-05:00" testType="13cdc9d9-ddb5-4fa4-a97d-d965ccfc6d4b" outcome="Passed" testListId="8c84fa94-04c1-424b-9868-57a2d4851a1d" relativeResultsDirectory="9a0cad51-bd3b-477a-874e-cc888719a3c8">
    </UnitTestResult>
    <UnitTestResult executionId="707f0361-0e04-4343-ac87-8540da50c6a1" testId="a2917aab-4dda-3106-6a96-58654a69e063" testName="IsNotSameCollectionFailsIfNull" computerName="MATTHEW-PC" duration="00:00:00.0008242" startTime="2011-02-12T14:30:54.6816215-05:00" endTime="2011-02-12T14:30:54.6926221-05:00" testType="13cdc9d9-ddb5-4fa4-a97d-d965ccfc6d4b" outcome="Passed" testListId="8c84fa94-04c1-424b-9868-57a2d4851a1d" relativeResultsDirectory="707f0361-0e04-4343-ac87-8540da50c6a1">
    </UnitTestResult>
    <UnitTestResult executionId="2605b617-27cc-4a6b-9af5-69ec2da5c92b" testId="a36ab6b9-be2d-4c3b-41cc-46bb62d4c502" testName="StringIsNotEqualToPassesIfStringToCompareIsEmpty" computerName="MATTHEW-PC" duration="00:00:00.0002480" startTime="2011-02-12T14:30:54.6966224-05:00" endTime="2011-02-12T14:30:54.7036228-05:00" testType="13cdc9d9-ddb5-4fa4-a97d-d965ccfc6d4b" outcome="Passed" testListId="8c84fa94-04c1-424b-9868-57a2d4851a1d" relativeResultsDirectory="2605b617-27cc-4a6b-9af5-69ec2da5c92b">
    </UnitTestResult>
    <UnitTestResult executionId="1aac0bb6-9f47-468c-9b5f-86a4868b7808" testId="a4019a09-7f20-e2c6-ec89-545dce520c92" testName="IsNotAnInstanceOfTypeFailsIfNull" computerName="MATTHEW-PC" duration="00:00:00.0006898" startTime="2011-02-12T14:30:54.7086230-05:00" endTime="2011-02-12T14:30:54.7156234-05:00" testType="13cdc9d9-ddb5-4fa4-a97d-d965ccfc6d4b" outcome="Passed" testListId="8c84fa94-04c1-424b-9868-57a2d4851a1d" relativeResultsDirectory="1aac0bb6-9f47-468c-9b5f-86a4868b7808">
    </UnitTestResult>
    <UnitTestResult executionId="e035be89-69a0-42c2-90b0-ec136c4132bf" testId="ab3ce79d-13c7-0f7e-ef8a-be8254d3191c" testName="DoesNotContainFailsIfStringToCompareIsEmpty" computerName="MATTHEW-PC" duration="00:00:00.0005711" startTime="2011-02-12T14:30:54.7206237-05:00" endTime="2011-02-12T14:30:54.7276241-05:00" testType="13cdc9d9-ddb5-4fa4-a97d-d965ccfc6d4b" outcome="Passed" testListId="8c84fa94-04c1-424b-9868-57a2d4851a1d" relativeResultsDirectory="e035be89-69a0-42c2-90b0-ec136c4132bf">
    </UnitTestResult>
    <UnitTestResult executionId="a80f3e2c-227b-4048-bc89-0e95b91d6185" testId="ab582c0d-aebb-1664-247b-08a74ec3ee9c" testName="Inconclusive" computerName="MATTHEW-PC" duration="00:00:00.0010773" startTime="2011-02-12T14:30:54.7316244-05:00" endTime="2011-02-12T14:30:54.7386248-05:00" testType="13cdc9d9-ddb5-4fa4-a97d-d965ccfc6d4b" outcome="Passed" testListId="8c84fa94-04c1-424b-9868-57a2d4851a1d" relativeResultsDirectory="a80f3e2c-227b-4048-bc89-0e95b91d6185">
    </UnitTestResult>
    <UnitTestResult executionId="e21ce7af-85ac-453f-8d9b-f9714d197f22" testId="ad89ec0d-bed2-98c0-585f-441531448ccf" testName="StringStartsWithFailsIfStringToCompareIsNull" computerName="MATTHEW-PC" duration="00:00:00.0005476" startTime="2011-02-12T14:30:54.7426250-05:00" endTime="2011-02-12T14:30:54.7496254-05:00" testType="13cdc9d9-ddb5-4fa4-a97d-d965ccfc6d4b" outcome="Passed" testListId="8c84fa94-04c1-424b-9868-57a2d4851a1d" relativeResultsDirectory="e21ce7af-85ac-453f-8d9b-f9714d197f22">
    </UnitTestResult>
    <UnitTestResult executionId="053d3be8-ae5a-4e2b-9168-f98532486c96" testId="aed3d282-683d-7540-9df1-7cddb79743f3" testName="IsNotTheSameObjectPassesForNullTestAndCompareObjects" computerName="MATTHEW-PC" duration="00:00:00.0008774" startTime="2011-02-12T14:30:54.7926278-05:00" endTime="2011-02-12T14:30:54.7996283-05:00" testType="13cdc9d9-ddb5-4fa4-a97d-d965ccfc6d4b" outcome="Passed" testListId="8c84fa94-04c1-424b-9868-57a2d4851a1d" relativeResultsDirectory="053d3be8-ae5a-4e2b-9168-f98532486c96">
    </UnitTestResult>
    <UnitTestResult executionId="fb6f1ceb-1288-4c29-ae0d-78897c9eed5e" testId="afdd0ba6-859e-a16c-00d2-0357839e21d8" testName="IsAnInstanceOfTypeFailsIfDifferentType" computerName="MATTHEW-PC" duration="00:00:00.0007570" startTime="2011-02-12T14:30:54.8036285-05:00" endTime="2011-02-12T14:30:54.8136291-05:00" testType="13cdc9d9-ddb5-4fa4-a97d-d965ccfc6d4b" outcome="Passed" testListId="8c84fa94-04c1-424b-9868-57a2d4851a1d" relativeResultsDirectory="fb6f1ceb-1288-4c29-ae0d-78897c9eed5e">
    </UnitTestResult>
    <UnitTestResult executionId="18757ce2-f1ae-43c7-9349-c54faacafc9d" testId="b080b34c-a604-2bc2-e4f6-b4fdae32e2f7" testName="ContainsFailsIfStringToCompareIsNull" computerName="MATTHEW-PC" duration="00:00:00.0005644" startTime="2011-02-12T14:30:54.8166292-05:00" endTime="2011-02-12T14:30:54.8246297-05:00" testType="13cdc9d9-ddb5-4fa4-a97d-d965ccfc6d4b" outcome="Passed" testListId="8c84fa94-04c1-424b-9868-57a2d4851a1d" relativeResultsDirectory="18757ce2-f1ae-43c7-9349-c54faacafc9d">
    </UnitTestResult>
    <UnitTestResult executionId="4b6ddf43-bf25-4dfb-9636-c42bfd103427" testId="b166461a-58ca-2c71-35b2-b7200b7a7044" testName="StringDoesNotStartWithFailsIfStartsWithString" computerName="MATTHEW-PC" duration="00:00:00.0005806" startTime="2011-02-12T14:30:54.8286299-05:00" endTime="2011-02-12T14:30:54.8366304-05:00" testType="13cdc9d9-ddb5-4fa4-a97d-d965ccfc6d4b" outcome="Passed" testListId="8c84fa94-04c1-424b-9868-57a2d4851a1d" relativeResultsDirectory="4b6ddf43-bf25-4dfb-9636-c42bfd103427">
    </UnitTestResult>
    <UnitTestResult executionId="f4fc77b3-6fe1-4948-b079-fb9780d7eb14" testId="b3f389ae-9508-6883-4c4c-0ad45b9c928d" testName="IsAStringFailsForNull" computerName="MATTHEW-PC" duration="00:00:00.0005324" startTime="2011-02-12T14:30:54.8406306-05:00" endTime="2011-02-12T14:30:54.8476310-05:00" testType="13cdc9d9-ddb5-4fa4-a97d-d965ccfc6d4b" outcome="Passed" testListId="8c84fa94-04c1-424b-9868-57a2d4851a1d" relativeResultsDirectory="f4fc77b3-6fe1-4948-b079-fb9780d7eb14">
    </UnitTestResult>
    <UnitTestResult executionId="19f44232-03c9-4c84-aa47-b2c055beb57d" testId="b8c8a4a2-9cfb-eb95-e132-499d8e32c12e" testName="IsAnInstanceOfTypeFailsForNull" computerName="MATTHEW-PC" duration="00:00:00.0005733" startTime="2011-02-12T14:30:54.8516312-05:00" endTime="2011-02-12T14:30:54.8586316-05:00" testType="13cdc9d9-ddb5-4fa4-a97d-d965ccfc6d4b" outcome="Passed" testListId="8c84fa94-04c1-424b-9868-57a2d4851a1d" relativeResultsDirectory="19f44232-03c9-4c84-aa47-b2c055beb57d">
    </UnitTestResult>
    <UnitTestResult executionId="2fef109b-87f3-43d0-9436-1edd571fffd3" testId="bb66cc73-998c-9993-1784-eafa6ea54bbf" testName="IsTrueFailsForNull" computerName="MATTHEW-PC" duration="00:00:00.0005364" startTime="2011-02-12T14:30:54.8636319-05:00" endTime="2011-02-12T14:30:54.8706323-05:00" testType="13cdc9d9-ddb5-4fa4-a97d-d965ccfc6d4b" outcome="Passed" testListId="8c84fa94-04c1-424b-9868-57a2d4851a1d" relativeResultsDirectory="2fef109b-87f3-43d0-9436-1edd571fffd3">
    </UnitTestResult>
    <UnitTestResult executionId="93893ce2-4a0a-4427-ac60-e6e90b2ce56f" testId="bc63fd6f-4eb8-b691-cbd2-d08e26cc06b9" testName="IsNullFailsForNonNullObject" computerName="MATTHEW-PC" duration="00:00:00.0005442" startTime="2011-02-12T14:30:54.8746325-05:00" endTime="2011-02-12T14:30:54.8816329-05:00" testType="13cdc9d9-ddb5-4fa4-a97d-d965ccfc6d4b" outcome="Passed" testListId="8c84fa94-04c1-424b-9868-57a2d4851a1d" relativeResultsDirectory="93893ce2-4a0a-4427-ac60-e6e90b2ce56f">
    </UnitTestResult>
    <UnitTestResult executionId="94ff4233-e1ec-4428-947a-f8df600fa578" testId="be4e646a-1b49-6046-1438-86ee72a455e8" testName="IsSameCollectionFailsIfNull" computerName="MATTHEW-PC" duration="00:00:00.0007043" startTime="2011-02-12T14:30:54.8846331-05:00" endTime="2011-02-12T14:30:54.8926336-05:00" testType="13cdc9d9-ddb5-4fa4-a97d-d965ccfc6d4b" outcome="Passed" testListId="8c84fa94-04c1-424b-9868-57a2d4851a1d" relativeResultsDirectory="94ff4233-e1ec-4428-947a-f8df600fa578">
    </UnitTestResult>
    <UnitTestResult executionId="72d9cb2b-0cda-432f-983d-b4fbc4dda8f6" testId="c030c84a-4186-0341-a56d-f1e475136445" testName="IsNotEqualToFailsIfCollectionToCompareIsNull" computerName="MATTHEW-PC" duration="00:00:00.0009037" startTime="2011-02-12T14:30:54.8966338-05:00" endTime="2011-02-12T14:30:54.9056343-05:00" testType="13cdc9d9-ddb5-4fa4-a97d-d965ccfc6d4b" outcome="Passed" testListId="8c84fa94-04c1-424b-9868-57a2d4851a1d" relativeResultsDirectory="72d9cb2b-0cda-432f-983d-b4fbc4dda8f6">
    </UnitTestResult>
    <UnitTestResult executionId="2ef22b35-1fb7-443f-8475-cf172ae34115" testId="c0b8758a-00f8-2e71-22e1-a54c0e34c3eb" testName="IsEqualToFailsIfCollectionToCompareIsNull" computerName="MATTHEW-PC" duration="00:00:00.0009031" startTime="2011-02-12T14:30:54.9106346-05:00" endTime="2011-02-12T14:30:54.9176350-05:00" testType="13cdc9d9-ddb5-4fa4-a97d-d965ccfc6d4b" outcome="Passed" testListId="8c84fa94-04c1-424b-9868-57a2d4851a1d" relativeResultsDirectory="2ef22b35-1fb7-443f-8475-cf172ae34115">
    </UnitTestResult>
    <UnitTestResult executionId="192ac48e-892d-4b59-b3dc-98e688842041" testId="c0be272d-cd43-650e-86e0-d84d50bd7643" testName="IsNotTheSameObjectPassesForDifferentTestAndCompareObjects" computerName="MATTHEW-PC" duration="00:00:00.0002486" startTime="2011-02-12T14:30:54.9216352-05:00" endTime="2011-02-12T14:30:54.9286356-05:00" testType="13cdc9d9-ddb5-4fa4-a97d-d965ccfc6d4b" outcome="Passed" testListId="8c84fa94-04c1-424b-9868-57a2d4851a1d" relativeResultsDirectory="192ac48e-892d-4b59-b3dc-98e688842041">
    </UnitTestResult>
    <UnitTestResult executionId="d7010e37-89f2-4c29-814f-29761e3d8452" testId="c5e9b16c-2a8b-9a6b-5901-f9639cb87528" testName="AllItemsAreInstancesOfTypeFailsIfAnyItemIsNotOfSpecifiedType" computerName="MATTHEW-PC" duration="00:00:00.0018460" startTime="2011-02-12T14:30:54.9336359-05:00" endTime="2011-02-12T14:30:54.9426364-05:00" testType="13cdc9d9-ddb5-4fa4-a97d-d965ccfc6d4b" outcome="Passed" testListId="8c84fa94-04c1-424b-9868-57a2d4851a1d" relativeResultsDirectory="d7010e37-89f2-4c29-814f-29761e3d8452">
    </UnitTestResult>
    <UnitTestResult executionId="fc01b30f-4c74-4216-a5c1-1e8a97075a5f" testId="c7f7effa-dc69-0582-2389-c73c9f90c392" testName="IsTrueFailsForFalse" computerName="MATTHEW-PC" duration="00:00:00.0005414" startTime="2011-02-12T14:30:54.9506369-05:00" endTime="2011-02-12T14:30:54.9606375-05:00" testType="13cdc9d9-ddb5-4fa4-a97d-d965ccfc6d4b" outcome="Passed" testListId="8c84fa94-04c1-424b-9868-57a2d4851a1d" relativeResultsDirectory="fc01b30f-4c74-4216-a5c1-1e8a97075a5f">
    </UnitTestResult>
    <UnitTestResult executionId="90e10965-4bfd-4f49-bd7a-9baa1510f913" testId="c89ed292-1699-5f98-80c0-cb764471e327" testName="StringStartsWithFailsIfDoesNotStartWithString" computerName="MATTHEW-PC" duration="00:00:00.0005627" startTime="2011-02-12T14:30:54.9646377-05:00" endTime="2011-02-12T14:30:54.9716381-05:00" testType="13cdc9d9-ddb5-4fa4-a97d-d965ccfc6d4b" outcome="Passed" testListId="8c84fa94-04c1-424b-9868-57a2d4851a1d" relativeResultsDirectory="90e10965-4bfd-4f49-bd7a-9baa1510f913">
    </UnitTestResult>
    <UnitTestResult executionId="7e95ed8c-3cb9-4c77-88d6-3dd6c50f94d9" testId="cfbeb8df-8299-eb0c-266f-42cf08fad8a7" testName="IsNotEqualPassessForNonNullTestAndNullCompareObjects" computerName="MATTHEW-PC" duration="00:00:00.0002424" startTime="2011-02-12T14:30:54.9756383-05:00" endTime="2011-02-12T14:30:54.9826387-05:00" testType="13cdc9d9-ddb5-4fa4-a97d-d965ccfc6d4b" outcome="Passed" testListId="8c84fa94-04c1-424b-9868-57a2d4851a1d" relativeResultsDirectory="7e95ed8c-3cb9-4c77-88d6-3dd6c50f94d9">
    </UnitTestResult>
    <UnitTestResult executionId="a3be56b6-f628-4854-a2e2-fc36a864fb81" testId="d166c49e-029f-4514-4269-24ad6e5f3074" testName="IsAStringFailsForNonString" computerName="MATTHEW-PC" duration="00:00:00.0005828" startTime="2011-02-12T14:30:54.9866389-05:00" endTime="2011-02-12T14:30:54.9966395-05:00" testType="13cdc9d9-ddb5-4fa4-a97d-d965ccfc6d4b" outcome="Passed" testListId="8c84fa94-04c1-424b-9868-57a2d4851a1d" relativeResultsDirectory="a3be56b6-f628-4854-a2e2-fc36a864fb81">
    </UnitTestResult>
    <UnitTestResult executionId="9fcbe0aa-9035-4154-8441-0fba21020d4f" testId="d1714117-6982-985c-9a68-a45e0baf80a8" testName="DoesNotMatchFailsForMatchingRegEx" computerName="MATTHEW-PC" duration="00:00:00.0007794" startTime="2011-02-12T14:30:55.0026399-05:00" endTime="2011-02-12T14:30:55.0216409-05:00" testType="13cdc9d9-ddb5-4fa4-a97d-d965ccfc6d4b" outcome="Passed" testListId="8c84fa94-04c1-424b-9868-57a2d4851a1d" relativeResultsDirectory="9fcbe0aa-9035-4154-8441-0fba21020d4f">
    </UnitTestResult>
    <UnitTestResult executionId="90a202e7-3680-42f2-8b60-5d683cf9a609" testId="d3482566-c651-53dd-37c6-1ff38a1db169" testName="StringStartsWithPassesIfStringToCompareIsEmpty" computerName="MATTHEW-PC" duration="00:00:00.0002547" startTime="2011-02-12T14:30:55.0266412-05:00" endTime="2011-02-12T14:30:55.0326416-05:00" testType="13cdc9d9-ddb5-4fa4-a97d-d965ccfc6d4b" outcome="Passed" testListId="8c84fa94-04c1-424b-9868-57a2d4851a1d" relativeResultsDirectory="90a202e7-3680-42f2-8b60-5d683cf9a609">
    </UnitTestResult>
    <UnitTestResult executionId="d352bca2-06fe-4e45-98de-8bf0dd3667c0" testId="dad984f6-5d2b-46bd-affa-d3af8dc65db1" testName="IsEqualFailsForDifferentTestAndCompareObjects" computerName="MATTHEW-PC" duration="00:00:00.0007878" startTime="2011-02-12T14:30:55.0376419-05:00" endTime="2011-02-12T14:30:55.0466424-05:00" testType="13cdc9d9-ddb5-4fa4-a97d-d965ccfc6d4b" outcome="Passed" testListId="8c84fa94-04c1-424b-9868-57a2d4851a1d" relativeResultsDirectory="d352bca2-06fe-4e45-98de-8bf0dd3667c0">
    </UnitTestResult>
    <UnitTestResult executionId="2ebd68b1-1b6e-46b6-bec2-56442fe8c4f0" testId="dc0697b7-5c55-b411-f8b9-f13821119ab3" testName="IsEqualPassesForEqualTestAndCompareObjects" computerName="MATTHEW-PC" duration="00:00:00.0009703" startTime="2011-02-12T14:30:55.0626433-05:00" endTime="2011-02-12T14:30:55.0726439-05:00" testType="13cdc9d9-ddb5-4fa4-a97d-d965ccfc6d4b" outcome="Passed" testListId="8c84fa94-04c1-424b-9868-57a2d4851a1d" relativeResultsDirectory="2ebd68b1-1b6e-46b6-bec2-56442fe8c4f0">
    </UnitTestResult>
    <UnitTestResult executionId="17e33410-9258-4f57-8659-1e1442b2c33f" testId="dc92c4ff-bdc4-d68a-dbd9-3be00efad87e" testName="StringDoesNotEndWithFailsIfStringEndWithStringToCompare" computerName="MATTHEW-PC" duration="00:00:00.0062969" startTime="2011-02-12T14:30:55.0766441-05:00" endTime="2011-02-12T14:30:55.0956452-05:00" testType="13cdc9d9-ddb5-4fa4-a97d-d965ccfc6d4b" outcome="Passed" testListId="8c84fa94-04c1-424b-9868-57a2d4851a1d" relativeResultsDirectory="17e33410-9258-4f57-8659-1e1442b2c33f">
    </UnitTestResult>
    <UnitTestResult executionId="d9043c40-c559-43f7-851d-200b99496ac6" testId="de14c886-be14-4af1-2003-d534f6164232" testName="ContainsFailsIfStringUnderTestDoesNotContainStringToCompare" computerName="MATTHEW-PC" duration="00:00:00.0005834" startTime="2011-02-12T14:30:55.0996454-05:00" endTime="2011-02-12T14:30:55.1076459-05:00" testType="13cdc9d9-ddb5-4fa4-a97d-d965ccfc6d4b" outcome="Passed" testListId="8c84fa94-04c1-424b-9868-57a2d4851a1d" relativeResultsDirectory="d9043c40-c559-43f7-851d-200b99496ac6">
    </UnitTestResult>
    <UnitTestResult executionId="ec636f7e-a0ca-4518-9d18-88adc8b26042" testId="dfe19b6b-e295-64e3-e2ca-9e860c624db3" testName="DoesNotContainFailsIfStringUnderTestContainsStringToCompare" computerName="MATTHEW-PC" duration="00:00:00.0005856" startTime="2011-02-12T14:30:55.1126462-05:00" endTime="2011-02-12T14:30:55.1236468-05:00" testType="13cdc9d9-ddb5-4fa4-a97d-d965ccfc6d4b" outcome="Passed" testListId="8c84fa94-04c1-424b-9868-57a2d4851a1d" relativeResultsDirectory="ec636f7e-a0ca-4518-9d18-88adc8b26042">
    </UnitTestResult>
    <UnitTestResult executionId="43a98dfc-1a11-4174-984d-a03a4441801c" testId="e0b3eaa1-8679-d784-0a29-5f15327642db" testName="StringDoesNotEndWithFailsIfStringToCompareIsNull" computerName="MATTHEW-PC" duration="00:00:00.0005380" startTime="2011-02-12T14:30:55.1286471-05:00" endTime="2011-02-12T14:30:55.1356475-05:00" testType="13cdc9d9-ddb5-4fa4-a97d-d965ccfc6d4b" outcome="Passed" testListId="8c84fa94-04c1-424b-9868-57a2d4851a1d" relativeResultsDirectory="43a98dfc-1a11-4174-984d-a03a4441801c">
    </UnitTestResult>
    <UnitTestResult executionId="c4a964b5-b914-417b-aada-03ca6d896ec9" testId="e1c40e94-4a52-146f-4925-91a837076a72" testName="AllItemsAreInstancesOfTypePassedIfAllItemAreOfSpecifiedType" computerName="MATTHEW-PC" duration="00:00:00.0003902" startTime="2011-02-12T14:30:55.1416478-05:00" endTime="2011-02-12T14:30:55.1476482-05:00" testType="13cdc9d9-ddb5-4fa4-a97d-d965ccfc6d4b" outcome="Passed" testListId="8c84fa94-04c1-424b-9868-57a2d4851a1d" relativeResultsDirectory="c4a964b5-b914-417b-aada-03ca6d896ec9">
    </UnitTestResult>
    <UnitTestResult executionId="c0cf434c-4d8a-4b24-b529-6053de537dae" testId="e38d70e6-3d9f-a774-6903-f4d916e97af7" testName="IsNotAnInstanceOfTypePassessForDifferentType" computerName="MATTHEW-PC" duration="00:00:00.0002738" startTime="2011-02-12T14:30:55.1516484-05:00" endTime="2011-02-12T14:30:55.1586488-05:00" testType="13cdc9d9-ddb5-4fa4-a97d-d965ccfc6d4b" outcome="Passed" testListId="8c84fa94-04c1-424b-9868-57a2d4851a1d" relativeResultsDirectory="c0cf434c-4d8a-4b24-b529-6053de537dae">
    </UnitTestResult>
    <UnitTestResult executionId="982c7571-0eba-49ef-b236-ed630d441f0f" testId="e6df5389-0dc8-f658-d9ee-093be56d3e89" testName="IsNotSameCollectionPassesIfDifferent" computerName="MATTHEW-PC" duration="00:00:00.0003527" startTime="2011-02-12T14:30:55.1626490-05:00" endTime="2011-02-12T14:30:55.1696494-05:00" testType="13cdc9d9-ddb5-4fa4-a97d-d965ccfc6d4b" outcome="Passed" testListId="8c84fa94-04c1-424b-9868-57a2d4851a1d" relativeResultsDirectory="982c7571-0eba-49ef-b236-ed630d441f0f">
    </UnitTestResult>
    <UnitTestResult executionId="178ee40e-805b-4d8e-98f3-83c3a16cfa9e" testId="e96b542b-57bd-cdc2-c019-8042dad617ff" testName="IsNotTheSameObjectFailsForSameNonNullTestAndCompareObjects" computerName="MATTHEW-PC" duration="00:00:00.0006551" startTime="2011-02-12T14:30:55.1746497-05:00" endTime="2011-02-12T14:30:55.1806500-05:00" testType="13cdc9d9-ddb5-4fa4-a97d-d965ccfc6d4b" outcome="Passed" testListId="8c84fa94-04c1-424b-9868-57a2d4851a1d" relativeResultsDirectory="178ee40e-805b-4d8e-98f3-83c3a16cfa9e">
    </UnitTestResult>
    <UnitTestResult executionId="d019dd25-16c8-4d62-abfa-3c5681bc4929" testId="e98d3e5f-cfd8-c1c9-3983-85c486c452ab" testName="IsAnInstanceOfTypePassesForSameType" computerName="MATTHEW-PC" duration="00:00:00.0002721" startTime="2011-02-12T14:30:55.1856503-05:00" endTime="2011-02-12T14:30:55.1926507-05:00" testType="13cdc9d9-ddb5-4fa4-a97d-d965ccfc6d4b" outcome="Passed" testListId="8c84fa94-04c1-424b-9868-57a2d4851a1d" relativeResultsDirectory="d019dd25-16c8-4d62-abfa-3c5681bc4929">
    </UnitTestResult>
    <UnitTestResult executionId="3ba0e2f9-57a9-4cd3-be0d-f2029fa9bb11" testId="e9c2e5dd-215c-edaf-9834-158d6b261ebf" testName="AllItemsNotNullFailsIfAnyItemIsNull" computerName="MATTHEW-PC" duration="00:00:00.0007503" startTime="2011-02-12T14:30:55.1966510-05:00" endTime="2011-02-12T14:30:55.2046514-05:00" testType="13cdc9d9-ddb5-4fa4-a97d-d965ccfc6d4b" outcome="Passed" testListId="8c84fa94-04c1-424b-9868-57a2d4851a1d" relativeResultsDirectory="3ba0e2f9-57a9-4cd3-be0d-f2029fa9bb11">
    </UnitTestResult>
    <UnitTestResult executionId="c0d3cf40-0aa2-48f7-a2b5-92b7d1345ecd" testId="f166dd81-399c-e9a0-153f-69bff11a3964" testName="IsACollectionFailsForNotCollection" computerName="MATTHEW-PC" duration="00:00:00.0013427" startTime="2011-02-12T14:30:55.2096517-05:00" endTime="2011-02-12T14:30:55.2176522-05:00" testType="13cdc9d9-ddb5-4fa4-a97d-d965ccfc6d4b" outcome="Passed" testListId="8c84fa94-04c1-424b-9868-57a2d4851a1d" relativeResultsDirectory="c0d3cf40-0aa2-48f7-a2b5-92b7d1345ecd">
    </UnitTestResult>
    <UnitTestResult executionId="9a6b0080-db6e-4ee0-a9cc-347d156d9181" testId="f1a062e9-3b08-e3c0-952b-fc0407372d0e" testName="Fail" computerName="MATTHEW-PC" duration="00:00:00.0006859" startTime="2011-02-12T14:30:55.2216524-05:00" endTime="2011-02-12T14:30:55.2286528-05:00" testType="13cdc9d9-ddb5-4fa4-a97d-d965ccfc6d4b" outcome="Passed" testListId="8c84fa94-04c1-424b-9868-57a2d4851a1d" relativeResultsDirectory="9a6b0080-db6e-4ee0-a9cc-347d156d9181">
    </UnitTestResult>
    <UnitTestResult executionId="18044f49-8bb1-40f3-b9f0-048e8e076bc3" testId="f2618cd2-1cbb-1d7b-65e5-4b947b9fe0c0" testName="StringDoesNotStartWithFailsIfStringToCompareIsEmpty" computerName="MATTHEW-PC" duration="00:00:00.0005526" startTime="2011-02-12T14:30:55.2326530-05:00" endTime="2011-02-12T14:30:55.2396534-05:00" testType="13cdc9d9-ddb5-4fa4-a97d-d965ccfc6d4b" outcome="Passed" testListId="8c84fa94-04c1-424b-9868-57a2d4851a1d" relativeResultsDirectory="18044f49-8bb1-40f3-b9f0-048e8e076bc3">
    </UnitTestResult>
    <UnitTestResult executionId="08bc7704-c40b-41ff-a8cb-3b08ae111f47" testId="f2a82eb7-150d-156d-d938-599bb438c83a" testName="StringEndsWithPassesIfStringEndsWithStringToCompare" computerName="MATTHEW-PC" duration="00:00:00.0002402" startTime="2011-02-12T14:30:55.2446537-05:00" endTime="2011-02-12T14:30:55.2506540-05:00" testType="13cdc9d9-ddb5-4fa4-a97d-d965ccfc6d4b" outcome="Passed" testListId="8c84fa94-04c1-424b-9868-57a2d4851a1d" relativeResultsDirectory="08bc7704-c40b-41ff-a8cb-3b08ae111f47">
    </UnitTestResult>
    <UnitTestResult executionId="c4a26c08-2982-4806-84a6-b8169ade8295" testId="f4044646-c913-ce8c-3dbd-2659ae55010e" testName="MatchesFailsForNullCompareRegEx" computerName="MATTHEW-PC" duration="00:00:00.0005431" startTime="2011-02-12T14:30:55.2546543-05:00" endTime="2011-02-12T14:30:55.2616547-05:00" testType="13cdc9d9-ddb5-4fa4-a97d-d965ccfc6d4b" outcome="Passed" testListId="8c84fa94-04c1-424b-9868-57a2d4851a1d" relativeResultsDirectory="c4a26c08-2982-4806-84a6-b8169ade8295">
    </UnitTestResult>
    <UnitTestResult executionId="cea43e50-1d76-4eff-9127-e412bc662bef" testId="f790f12a-1b52-8f6e-792e-c2fa29cd9750" testName="IsACollectionFailsForNull" computerName="MATTHEW-PC" duration="00:00:00.0005397" startTime="2011-02-12T14:30:55.2656549-05:00" endTime="2011-02-12T14:30:55.2726553-05:00" testType="13cdc9d9-ddb5-4fa4-a97d-d965ccfc6d4b" outcome="Passed" testListId="8c84fa94-04c1-424b-9868-57a2d4851a1d" relativeResultsDirectory="cea43e50-1d76-4eff-9127-e412bc662bef">
    </UnitTestResult>
    <UnitTestResult executionId="01bf85eb-ea65-4828-a837-af49c9b839a8" testId="faa97d79-4094-68cb-f184-01091f585a97" testName="IsFalseFailsForTrue" computerName="MATTHEW-PC" duration="00:00:00.0005470" startTime="2011-02-12T14:30:55.3116575-05:00" endTime="2011-02-12T14:30:55.3176579-05:00" testType="13cdc9d9-ddb5-4fa4-a97d-d965ccfc6d4b" outcome="Passed" testListId="8c84fa94-04c1-424b-9868-57a2d4851a1d" relativeResultsDirectory="01bf85eb-ea65-4828-a837-af49c9b839a8">
    </UnitTestResult>
    <UnitTestResult executionId="d316360a-6e1c-4140-9759-51249ba46c69" testId="fc0063b0-a0fd-143a-60e0-e44267fa1e66" testName="DoesNotContainPassesIfStringToCompareIsNull" computerName="MATTHEW-PC" duration="00:00:00.0005408" startTime="2011-02-12T14:30:55.3226582-05:00" endTime="2011-02-12T14:30:55.3306586-05:00" testType="13cdc9d9-ddb5-4fa4-a97d-d965ccfc6d4b" outcome="Passed" testListId="8c84fa94-04c1-424b-9868-57a2d4851a1d" relativeResultsDirectory="d316360a-6e1c-4140-9759-51249ba46c69">
    </UnitTestResult>
    <UnitTestResult executionId="67f11428-ba58-4a8f-812c-2a89a536cf78" testId="fc8de784-e2f9-ece1-ef5a-5655411d1e23" testName="StringIsNotEqualToFailsIfDoesIsEqualTotring" computerName="MATTHEW-PC" duration="00:00:00.0063305" startTime="2011-02-12T14:30:55.3356589-05:00" endTime="2011-02-12T14:30:55.3516598-05:00" testType="13cdc9d9-ddb5-4fa4-a97d-d965ccfc6d4b" outcome="Passed" testListId="8c84fa94-04c1-424b-9868-57a2d4851a1d" relativeResultsDirectory="67f11428-ba58-4a8f-812c-2a89a536cf78">
    </UnitTestResult>
    <UnitTestResult executionId="ec0862b0-2297-4113-bfad-b1b170e33f9f" testId="ff1cc429-afe5-6b8f-11b0-01895445ce43" testName="IsTruePassesForTrue" computerName="MATTHEW-PC" duration="00:00:00.0010722" startTime="2011-02-12T14:30:55.3666607-05:00" endTime="2011-02-12T14:30:55.3766613-05:00" testType="13cdc9d9-ddb5-4fa4-a97d-d965ccfc6d4b" outcome="Passed" testListId="8c84fa94-04c1-424b-9868-57a2d4851a1d" relativeResultsDirectory="ec0862b0-2297-4113-bfad-b1b170e33f9f">
    </UnitTestResult>
  </Results>
</TestRun>